2022-06-07 22:41:47,612:INFO:Creating occupants based on data from data/dorn ...
2022-06-07 22:41:48,145:INFO:Creating zones ...
2022-06-07 22:41:48,158:INFO:Environment created!
2022-06-07 22:41:49,227:INFO:Cumulated reward: 0
2022-06-09 10:15:00,111:INFO:Creating occupants based on data from data/dorn ...
2022-06-09 10:15:00,663:INFO:Creating zones ...
2022-06-09 10:15:00,674:INFO:Environment created!
2022-06-09 10:15:01,609:INFO:Cumulated reward: 0
2022-06-29 21:59:31,825:INFO:Creating occupants based on data from data/dorn ...
2022-06-29 21:59:32,319:INFO:Creating zones ...
2022-06-29 21:59:32,332:INFO:Environment created!
2022-06-29 21:59:33,090:INFO:Cumulated reward: 0
2022-06-29 21:59:44,126:INFO:Creating occupants based on data from data/dorn ...
2022-06-29 21:59:44,560:INFO:Creating zones ...
2022-06-29 21:59:44,569:INFO:Environment created!
2022-06-29 21:59:45,383:INFO:Cumulated reward: 0
2022-06-29 21:59:56,098:INFO:Creating occupants based on data from data/dorn ...
2022-06-29 21:59:56,558:INFO:Creating zones ...
2022-06-29 21:59:56,567:INFO:Environment created!
2022-06-29 21:59:57,810:INFO:Cumulated reward: 0
2022-06-29 22:00:09,417:INFO:Creating occupants based on data from data/dorn ...
2022-06-29 22:00:09,918:INFO:Creating zones ...
2022-06-29 22:00:09,929:INFO:Environment created!
2022-06-29 22:00:10,773:INFO:Cumulated reward: 0
2022-06-29 22:00:21,541:INFO:Creating occupants based on data from data/dorn ...
2022-06-29 22:00:22,035:INFO:Creating zones ...
2022-06-29 22:00:22,046:INFO:Environment created!
2022-06-29 22:00:22,946:INFO:Cumulated reward: 0
2022-06-29 22:00:34,488:INFO:Creating occupants based on data from data/dorn ...
2022-06-29 22:00:34,965:INFO:Creating zones ...
2022-06-29 22:00:34,977:INFO:Environment created!
2022-06-29 22:00:35,985:INFO:Cumulated reward: 0
2022-06-29 22:00:47,314:INFO:Creating occupants based on data from data/dorn ...
2022-06-29 22:00:47,819:INFO:Creating zones ...
2022-06-29 22:00:47,831:INFO:Environment created!
2022-06-29 22:00:48,582:INFO:Cumulated reward: 0
2022-06-29 22:00:59,352:INFO:Creating occupants based on data from data/dorn ...
2022-06-29 22:00:59,839:INFO:Creating zones ...
2022-06-29 22:00:59,849:INFO:Environment created!
2022-06-29 22:01:00,832:INFO:Cumulated reward: 0
2022-06-29 22:01:11,955:INFO:Creating occupants based on data from data/dorn ...
2022-06-29 22:01:12,402:INFO:Creating zones ...
2022-06-29 22:01:12,411:INFO:Environment created!
2022-06-29 22:01:13,426:INFO:Cumulated reward: 0
2022-06-29 22:01:24,236:INFO:Creating occupants based on data from data/dorn ...
2022-06-29 22:01:24,685:INFO:Creating zones ...
2022-06-29 22:01:24,694:INFO:Environment created!
2022-06-29 22:01:25,812:INFO:Cumulated reward: 0
2022-06-29 22:01:36,817:INFO:Creating occupants based on data from data/dorn ...
2022-06-29 22:01:37,259:INFO:Creating zones ...
2022-06-29 22:01:37,268:INFO:Environment created!
2022-06-29 22:01:38,267:INFO:Cumulated reward: 0
2022-06-29 22:01:48,680:INFO:Creating occupants based on data from data/dorn ...
2022-06-29 22:01:49,115:INFO:Creating zones ...
2022-06-29 22:01:49,127:INFO:Environment created!
2022-06-29 22:01:50,159:INFO:Cumulated reward: 0
2022-06-29 22:02:00,815:INFO:Creating occupants based on data from data/dorn ...
2022-06-29 22:02:01,272:INFO:Creating zones ...
2022-06-29 22:02:01,283:INFO:Environment created!
2022-06-29 22:02:02,419:INFO:Cumulated reward: 0
2022-06-29 22:02:13,907:INFO:Creating occupants based on data from data/dorn ...
2022-06-29 22:02:14,362:INFO:Creating zones ...
2022-06-29 22:02:14,372:INFO:Environment created!
2022-06-29 22:02:15,275:INFO:Cumulated reward: 0
2022-06-29 22:02:25,912:INFO:Creating occupants based on data from data/dorn ...
2022-06-29 22:02:26,362:INFO:Creating zones ...
2022-06-29 22:02:26,373:INFO:Environment created!
2022-06-29 22:02:27,277:INFO:Cumulated reward: 0
2022-06-29 22:02:37,977:INFO:Creating occupants based on data from data/dorn ...
2022-06-29 22:02:38,412:INFO:Creating zones ...
2022-06-29 22:02:38,425:INFO:Environment created!
2022-06-29 22:02:39,276:INFO:Cumulated reward: 0
2022-06-29 22:02:49,862:INFO:Creating occupants based on data from data/dorn ...
2022-06-29 22:02:50,320:INFO:Creating zones ...
2022-06-29 22:02:50,332:INFO:Environment created!
2022-06-29 22:02:51,122:INFO:Cumulated reward: 0
2022-06-29 22:03:01,896:INFO:Creating occupants based on data from data/dorn ...
2022-06-29 22:03:02,342:INFO:Creating zones ...
2022-06-29 22:03:02,351:INFO:Environment created!
2022-06-29 22:03:03,159:INFO:Cumulated reward: 0
2022-06-29 22:03:14,010:INFO:Creating occupants based on data from data/dorn ...
2022-06-29 22:03:14,462:INFO:Creating zones ...
2022-06-29 22:03:14,472:INFO:Environment created!
2022-06-29 22:03:15,509:INFO:Cumulated reward: 0
2022-06-29 22:03:26,873:INFO:Creating occupants based on data from data/dorn ...
2022-06-29 22:03:27,359:INFO:Creating zones ...
2022-06-29 22:03:27,370:INFO:Environment created!
2022-06-29 22:03:28,188:INFO:Cumulated reward: 0
2022-06-29 22:03:40,599:INFO:Creating occupants based on data from data/dorn ...
2022-06-29 22:03:41,183:INFO:Creating zones ...
2022-06-29 22:03:41,194:INFO:Environment created!
2022-06-29 22:03:42,186:INFO:Cumulated reward: 0
2022-06-29 22:03:54,566:INFO:Creating occupants based on data from data/dorn ...
2022-06-29 22:03:55,104:INFO:Creating zones ...
2022-06-29 22:03:55,116:INFO:Environment created!
2022-06-29 22:03:55,940:INFO:Cumulated reward: 0
2022-06-29 22:04:10,148:INFO:Creating occupants based on data from data/dorn ...
2022-06-29 22:04:10,770:INFO:Creating zones ...
2022-06-29 22:04:10,784:INFO:Environment created!
2022-06-29 22:04:11,703:INFO:Cumulated reward: 0
2022-06-29 22:04:26,166:INFO:Creating occupants based on data from data/dorn ...
2022-06-29 22:04:26,813:INFO:Creating zones ...
2022-06-29 22:04:26,826:INFO:Environment created!
2022-06-29 22:04:28,093:INFO:Cumulated reward: 0
2022-06-29 22:04:42,562:INFO:Creating occupants based on data from data/dorn ...
2022-06-29 22:04:43,147:INFO:Creating zones ...
2022-06-29 22:04:43,160:INFO:Environment created!
2022-06-29 22:04:44,382:INFO:Cumulated reward: 0
2022-06-29 22:04:58,031:INFO:Creating occupants based on data from data/dorn ...
2022-06-29 22:04:58,593:INFO:Creating zones ...
2022-06-29 22:04:58,607:INFO:Environment created!
2022-06-29 22:04:59,811:INFO:Cumulated reward: 0
2022-06-29 22:05:13,350:INFO:Creating occupants based on data from data/dorn ...
2022-06-29 22:05:13,884:INFO:Creating zones ...
2022-06-29 22:05:13,897:INFO:Environment created!
2022-06-29 22:05:14,897:INFO:Cumulated reward: 0
2022-06-29 22:05:28,387:INFO:Creating occupants based on data from data/dorn ...
2022-06-29 22:05:28,950:INFO:Creating zones ...
2022-06-29 22:05:28,963:INFO:Environment created!
2022-06-29 22:05:29,985:INFO:Cumulated reward: 0
2022-06-29 22:05:43,099:INFO:Creating occupants based on data from data/dorn ...
2022-06-29 22:05:43,651:INFO:Creating zones ...
2022-06-29 22:05:43,663:INFO:Environment created!
2022-06-29 22:05:44,832:INFO:Cumulated reward: 0
2022-06-29 22:05:57,509:INFO:Creating occupants based on data from data/dorn ...
2022-06-29 22:05:58,004:INFO:Creating zones ...
2022-06-29 22:05:58,015:INFO:Environment created!
2022-06-29 22:05:59,052:INFO:Cumulated reward: 0
2022-07-04 18:19:14,949:INFO:Creating occupants based on data from data/dorn ...
2022-07-04 18:19:15,545:INFO:Creating zones ...
2022-07-04 18:19:15,553:INFO:Environment created!
2022-07-04 18:19:16,629:INFO:Cumulated reward: 0
2022-07-04 18:19:31,433:INFO:Creating occupants based on data from data/dorn ...
2022-07-04 18:19:32,074:INFO:Creating zones ...
2022-07-04 18:19:32,084:INFO:Environment created!
2022-07-04 18:19:33,781:INFO:Cumulated reward: 0
2022-07-04 18:19:50,605:INFO:Creating occupants based on data from data/dorn ...
2022-07-04 18:19:51,346:INFO:Creating zones ...
2022-07-04 18:19:51,356:INFO:Environment created!
2022-07-04 18:19:52,644:INFO:Cumulated reward: 0
2022-07-04 18:20:09,263:INFO:Creating occupants based on data from data/dorn ...
2022-07-04 18:20:09,952:INFO:Creating zones ...
2022-07-04 18:20:09,962:INFO:Environment created!
2022-07-04 18:20:11,251:INFO:Cumulated reward: 0
2022-07-04 18:20:29,004:INFO:Creating occupants based on data from data/dorn ...
2022-07-04 18:20:29,849:INFO:Creating zones ...
2022-07-04 18:20:29,861:INFO:Environment created!
2022-07-04 18:20:31,471:INFO:Cumulated reward: 0
2022-07-04 18:20:52,458:INFO:Creating occupants based on data from data/dorn ...
2022-07-04 18:20:53,369:INFO:Creating zones ...
2022-07-04 18:20:53,383:INFO:Environment created!
2022-07-04 18:20:55,413:INFO:Cumulated reward: 0
2022-07-04 18:21:17,996:INFO:Creating occupants based on data from data/dorn ...
2022-07-04 18:21:18,898:INFO:Creating zones ...
2022-07-04 18:21:18,911:INFO:Environment created!
2022-07-04 18:21:20,427:INFO:Cumulated reward: 0
2022-07-04 18:21:41,648:INFO:Creating occupants based on data from data/dorn ...
2022-07-04 18:21:42,558:INFO:Creating zones ...
2022-07-04 18:21:42,571:INFO:Environment created!
2022-07-04 18:21:44,414:INFO:Cumulated reward: 0
2022-07-04 18:22:04,391:INFO:Creating occupants based on data from data/dorn ...
2022-07-04 18:22:05,221:INFO:Creating zones ...
2022-07-04 18:22:05,234:INFO:Environment created!
2022-07-04 18:22:06,825:INFO:Cumulated reward: 0
2022-07-04 18:22:26,097:INFO:Creating occupants based on data from data/dorn ...
2022-07-04 18:22:26,915:INFO:Creating zones ...
2022-07-04 18:22:26,927:INFO:Environment created!
2022-07-04 18:22:28,484:INFO:Cumulated reward: 0
2022-07-04 18:22:48,139:INFO:Creating occupants based on data from data/dorn ...
2022-07-04 18:22:48,890:INFO:Creating zones ...
2022-07-04 18:22:48,902:INFO:Environment created!
2022-07-04 18:22:50,460:INFO:Cumulated reward: 0
2022-07-04 18:23:06,758:INFO:Creating occupants based on data from data/dorn ...
2022-07-04 18:23:07,359:INFO:Creating zones ...
2022-07-04 18:23:07,368:INFO:Environment created!
2022-07-04 18:23:08,328:INFO:Cumulated reward: 0
2022-07-04 18:23:22,028:INFO:Creating occupants based on data from data/dorn ...
2022-07-04 18:23:22,556:INFO:Creating zones ...
2022-07-04 18:23:22,564:INFO:Environment created!
2022-07-04 18:23:23,702:INFO:Cumulated reward: 0
2022-07-04 18:23:36,259:INFO:Creating occupants based on data from data/dorn ...
2022-07-04 18:23:36,767:INFO:Creating zones ...
2022-07-04 18:23:36,775:INFO:Environment created!
2022-07-04 18:23:37,913:INFO:Cumulated reward: 0
2022-07-04 18:23:50,042:INFO:Creating occupants based on data from data/dorn ...
2022-07-04 18:23:50,552:INFO:Creating zones ...
2022-07-04 18:23:50,559:INFO:Environment created!
2022-07-04 18:23:51,525:INFO:Cumulated reward: 0
2022-07-04 18:24:03,885:INFO:Creating occupants based on data from data/dorn ...
2022-07-04 18:24:04,399:INFO:Creating zones ...
2022-07-04 18:24:04,406:INFO:Environment created!
2022-07-04 18:24:05,286:INFO:Cumulated reward: 0
2022-07-04 18:24:17,847:INFO:Creating occupants based on data from data/dorn ...
2022-07-04 18:24:18,385:INFO:Creating zones ...
2022-07-04 18:24:18,393:INFO:Environment created!
2022-07-04 18:24:19,425:INFO:Cumulated reward: 0
2022-07-04 18:24:32,897:INFO:Creating occupants based on data from data/dorn ...
2022-07-04 18:24:33,461:INFO:Creating zones ...
2022-07-04 18:24:33,470:INFO:Environment created!
2022-07-04 18:24:34,797:INFO:Cumulated reward: 0
2022-07-04 18:24:48,553:INFO:Creating occupants based on data from data/dorn ...
2022-07-04 18:24:49,151:INFO:Creating zones ...
2022-07-04 18:24:49,159:INFO:Environment created!
2022-07-04 18:24:50,148:INFO:Cumulated reward: 0
2022-07-04 18:25:04,717:INFO:Creating occupants based on data from data/dorn ...
2022-07-04 18:25:05,307:INFO:Creating zones ...
2022-07-04 18:25:05,315:INFO:Environment created!
2022-07-04 18:25:06,476:INFO:Cumulated reward: 0
2022-07-04 18:25:20,318:INFO:Creating occupants based on data from data/dorn ...
2022-07-04 18:25:20,860:INFO:Creating zones ...
2022-07-04 18:25:20,868:INFO:Environment created!
2022-07-04 18:25:21,696:INFO:Cumulated reward: 0
2022-07-04 18:25:34,191:INFO:Creating occupants based on data from data/dorn ...
2022-07-04 18:25:34,700:INFO:Creating zones ...
2022-07-04 18:25:34,708:INFO:Environment created!
2022-07-04 18:25:35,479:INFO:Cumulated reward: 0
2022-07-04 18:25:47,380:INFO:Creating occupants based on data from data/dorn ...
2022-07-04 18:25:47,868:INFO:Creating zones ...
2022-07-04 18:25:47,875:INFO:Environment created!
2022-07-04 18:25:48,913:INFO:Cumulated reward: 0
2022-07-04 18:26:00,770:INFO:Creating occupants based on data from data/dorn ...
2022-07-04 18:26:01,259:INFO:Creating zones ...
2022-07-04 18:26:01,266:INFO:Environment created!
2022-07-04 18:26:02,068:INFO:Cumulated reward: 0
2022-07-04 18:26:15,233:INFO:Creating occupants based on data from data/dorn ...
2022-07-04 18:26:15,798:INFO:Creating zones ...
2022-07-04 18:26:15,806:INFO:Environment created!
2022-07-04 18:26:16,734:INFO:Cumulated reward: 0
2022-07-04 18:26:30,312:INFO:Creating occupants based on data from data/dorn ...
2022-07-04 18:26:30,881:INFO:Creating zones ...
2022-07-04 18:26:30,890:INFO:Environment created!
2022-07-04 18:26:32,593:INFO:Cumulated reward: 0
2022-07-04 18:26:46,471:INFO:Creating occupants based on data from data/dorn ...
2022-07-04 18:26:47,062:INFO:Creating zones ...
2022-07-04 18:26:47,071:INFO:Environment created!
2022-07-04 18:26:48,224:INFO:Cumulated reward: 0
2022-07-04 18:27:02,299:INFO:Creating occupants based on data from data/dorn ...
2022-07-04 18:27:02,869:INFO:Creating zones ...
2022-07-04 18:27:02,878:INFO:Environment created!
2022-07-04 18:27:03,996:INFO:Cumulated reward: 0
2022-07-04 18:27:17,229:INFO:Creating occupants based on data from data/dorn ...
2022-07-04 18:27:17,806:INFO:Creating zones ...
2022-07-04 18:27:17,814:INFO:Environment created!
2022-07-04 18:27:18,986:INFO:Cumulated reward: 0
2022-07-04 18:27:32,408:INFO:Creating occupants based on data from data/dorn ...
2022-07-04 18:27:32,971:INFO:Creating zones ...
2022-07-04 18:27:32,979:INFO:Environment created!
2022-07-04 18:27:34,157:INFO:Cumulated reward: 0
2022-07-04 19:13:11,040:INFO:Creating occupants based on data from data/dorn ...
2022-07-04 19:13:11,612:INFO:Creating zones ...
2022-07-04 19:13:11,619:INFO:Environment created!
2022-07-04 19:13:12,485:INFO:Cumulated reward: 0
2022-07-04 19:13:22,810:INFO:Creating occupants based on data from data/dorn ...
2022-07-04 19:13:23,254:INFO:Creating zones ...
2022-07-04 19:13:23,260:INFO:Environment created!
2022-07-04 19:13:24,035:INFO:Cumulated reward: 0
2022-07-04 19:13:34,518:INFO:Creating occupants based on data from data/dorn ...
2022-07-04 19:13:34,957:INFO:Creating zones ...
2022-07-04 19:13:34,965:INFO:Environment created!
2022-07-04 19:13:35,935:INFO:Cumulated reward: 0
2022-07-04 19:13:46,151:INFO:Creating occupants based on data from data/dorn ...
2022-07-04 19:13:46,583:INFO:Creating zones ...
2022-07-04 19:13:46,589:INFO:Environment created!
2022-07-04 19:13:47,410:INFO:Cumulated reward: 0
2022-07-04 19:13:57,705:INFO:Creating occupants based on data from data/dorn ...
2022-07-04 19:13:58,131:INFO:Creating zones ...
2022-07-04 19:13:58,137:INFO:Environment created!
2022-07-04 19:13:58,868:INFO:Cumulated reward: 0
2022-07-04 19:14:09,250:INFO:Creating occupants based on data from data/dorn ...
2022-07-04 19:14:09,680:INFO:Creating zones ...
2022-07-04 19:14:09,687:INFO:Environment created!
2022-07-04 19:14:10,658:INFO:Cumulated reward: 0
2022-07-04 19:14:20,979:INFO:Creating occupants based on data from data/dorn ...
2022-07-04 19:14:21,409:INFO:Creating zones ...
2022-07-04 19:14:21,416:INFO:Environment created!
2022-07-04 19:14:22,450:INFO:Cumulated reward: 0
2022-07-04 19:14:32,852:INFO:Creating occupants based on data from data/dorn ...
2022-07-04 19:14:33,282:INFO:Creating zones ...
2022-07-04 19:14:33,289:INFO:Environment created!
2022-07-04 19:14:34,233:INFO:Cumulated reward: 0
2022-07-04 19:14:44,726:INFO:Creating occupants based on data from data/dorn ...
2022-07-04 19:14:45,159:INFO:Creating zones ...
2022-07-04 19:14:45,165:INFO:Environment created!
2022-07-04 19:14:46,038:INFO:Cumulated reward: 0
2022-07-04 19:14:56,755:INFO:Creating occupants based on data from data/dorn ...
2022-07-04 19:14:57,181:INFO:Creating zones ...
2022-07-04 19:14:57,189:INFO:Environment created!
2022-07-04 19:14:58,093:INFO:Cumulated reward: 0
2022-07-04 19:15:08,275:INFO:Creating occupants based on data from data/dorn ...
2022-07-04 19:15:08,704:INFO:Creating zones ...
2022-07-04 19:15:08,710:INFO:Environment created!
2022-07-04 19:15:09,764:INFO:Cumulated reward: 0
2022-07-04 19:15:19,861:INFO:Creating occupants based on data from data/dorn ...
2022-07-04 19:15:20,290:INFO:Creating zones ...
2022-07-04 19:15:20,297:INFO:Environment created!
2022-07-04 19:15:21,167:INFO:Cumulated reward: 0
2022-07-04 19:15:31,712:INFO:Creating occupants based on data from data/dorn ...
2022-07-04 19:15:32,143:INFO:Creating zones ...
2022-07-04 19:15:32,150:INFO:Environment created!
2022-07-04 19:15:33,283:INFO:Cumulated reward: 0
2022-07-04 19:15:43,571:INFO:Creating occupants based on data from data/dorn ...
2022-07-04 19:15:43,991:INFO:Creating zones ...
2022-07-04 19:15:43,998:INFO:Environment created!
2022-07-04 19:15:44,880:INFO:Cumulated reward: 0
2022-07-04 19:15:55,311:INFO:Creating occupants based on data from data/dorn ...
2022-07-04 19:15:55,740:INFO:Creating zones ...
2022-07-04 19:15:55,748:INFO:Environment created!
2022-07-04 19:15:56,618:INFO:Cumulated reward: 0
2022-07-04 19:16:06,581:INFO:Creating occupants based on data from data/dorn ...
2022-07-04 19:16:07,005:INFO:Creating zones ...
2022-07-04 19:16:07,012:INFO:Environment created!
2022-07-04 19:16:08,311:INFO:Cumulated reward: 0
2022-07-04 19:16:18,804:INFO:Creating occupants based on data from data/dorn ...
2022-07-04 19:16:19,234:INFO:Creating zones ...
2022-07-04 19:16:19,241:INFO:Environment created!
2022-07-04 19:16:20,169:INFO:Cumulated reward: 0
2022-07-04 19:16:30,863:INFO:Creating occupants based on data from data/dorn ...
2022-07-04 19:16:31,289:INFO:Creating zones ...
2022-07-04 19:16:31,296:INFO:Environment created!
2022-07-04 19:16:32,288:INFO:Cumulated reward: 0
2022-07-04 19:16:42,850:INFO:Creating occupants based on data from data/dorn ...
2022-07-04 19:16:43,276:INFO:Creating zones ...
2022-07-04 19:16:43,283:INFO:Environment created!
2022-07-04 19:16:43,992:INFO:Cumulated reward: 0
2022-07-04 19:16:54,477:INFO:Creating occupants based on data from data/dorn ...
2022-07-04 19:16:54,905:INFO:Creating zones ...
2022-07-04 19:16:54,911:INFO:Environment created!
2022-07-04 19:16:55,595:INFO:Cumulated reward: 0
2022-07-04 19:17:06,014:INFO:Creating occupants based on data from data/dorn ...
2022-07-04 19:17:06,437:INFO:Creating zones ...
2022-07-04 19:17:06,445:INFO:Environment created!
2022-07-04 19:17:07,281:INFO:Cumulated reward: 0
2022-07-04 19:17:17,500:INFO:Creating occupants based on data from data/dorn ...
2022-07-04 19:17:17,925:INFO:Creating zones ...
2022-07-04 19:17:17,932:INFO:Environment created!
2022-07-04 19:17:18,941:INFO:Cumulated reward: 0
2022-07-04 19:17:29,698:INFO:Creating occupants based on data from data/dorn ...
2022-07-04 19:17:30,148:INFO:Creating zones ...
2022-07-04 19:17:30,155:INFO:Environment created!
2022-07-04 19:17:31,062:INFO:Cumulated reward: 0
2022-07-04 19:17:41,415:INFO:Creating occupants based on data from data/dorn ...
2022-07-04 19:17:41,834:INFO:Creating zones ...
2022-07-04 19:17:41,840:INFO:Environment created!
2022-07-04 19:17:42,711:INFO:Cumulated reward: 0
2022-07-04 19:17:52,538:INFO:Creating occupants based on data from data/dorn ...
2022-07-04 19:17:52,950:INFO:Creating zones ...
2022-07-04 19:17:52,957:INFO:Environment created!
2022-07-04 19:17:53,826:INFO:Cumulated reward: 0
2022-07-04 19:18:03,915:INFO:Creating occupants based on data from data/dorn ...
2022-07-04 19:18:04,332:INFO:Creating zones ...
2022-07-04 19:18:04,339:INFO:Environment created!
2022-07-04 19:18:05,128:INFO:Cumulated reward: 0
2022-07-04 19:18:15,088:INFO:Creating occupants based on data from data/dorn ...
2022-07-04 19:18:15,503:INFO:Creating zones ...
2022-07-04 19:18:15,510:INFO:Environment created!
2022-07-04 19:18:16,502:INFO:Cumulated reward: 0
2022-07-04 19:18:26,192:INFO:Creating occupants based on data from data/dorn ...
2022-07-04 19:18:26,612:INFO:Creating zones ...
2022-07-04 19:18:26,619:INFO:Environment created!
2022-07-04 19:18:27,592:INFO:Cumulated reward: 0
2022-07-04 19:18:37,714:INFO:Creating occupants based on data from data/dorn ...
2022-07-04 19:18:38,130:INFO:Creating zones ...
2022-07-04 19:18:38,137:INFO:Environment created!
2022-07-04 19:18:38,935:INFO:Cumulated reward: 0
2022-07-04 19:18:49,106:INFO:Creating occupants based on data from data/dorn ...
2022-07-04 19:18:49,515:INFO:Creating zones ...
2022-07-04 19:18:49,521:INFO:Environment created!
2022-07-04 19:18:50,485:INFO:Cumulated reward: 0
2022-07-05 15:03:43,484:INFO:Creating occupants based on data from data/dorn ...
2022-07-05 15:03:43,934:INFO:Creating zones ...
2022-07-05 15:03:43,941:INFO:Environment created!
2022-07-05 15:03:45,032:INFO:Cumulated reward: 0
2022-07-05 15:03:56,983:INFO:Creating occupants based on data from data/dorn ...
2022-07-05 15:03:57,450:INFO:Creating zones ...
2022-07-05 15:03:57,457:INFO:Environment created!
2022-07-05 15:03:58,373:INFO:Cumulated reward: 0
2022-07-05 15:04:10,212:INFO:Creating occupants based on data from data/dorn ...
2022-07-05 15:04:10,670:INFO:Creating zones ...
2022-07-05 15:04:10,677:INFO:Environment created!
2022-07-05 15:04:11,496:INFO:Cumulated reward: 0
2022-07-05 15:04:22,770:INFO:Creating occupants based on data from data/dorn ...
2022-07-05 15:04:23,222:INFO:Creating zones ...
2022-07-05 15:04:23,230:INFO:Environment created!
2022-07-05 15:04:24,365:INFO:Cumulated reward: 0
2022-07-05 15:04:35,453:INFO:Creating occupants based on data from data/dorn ...
2022-07-05 15:04:35,902:INFO:Creating zones ...
2022-07-05 15:04:35,909:INFO:Environment created!
2022-07-05 15:04:36,898:INFO:Cumulated reward: 0
2022-07-05 15:04:48,432:INFO:Creating occupants based on data from data/dorn ...
2022-07-05 15:04:48,887:INFO:Creating zones ...
2022-07-05 15:04:48,894:INFO:Environment created!
2022-07-05 15:04:49,909:INFO:Cumulated reward: 0
2022-07-05 15:05:01,401:INFO:Creating occupants based on data from data/dorn ...
2022-07-05 15:05:01,943:INFO:Creating zones ...
2022-07-05 15:05:01,951:INFO:Environment created!
2022-07-05 15:05:03,107:INFO:Cumulated reward: 0
2022-07-05 15:05:14,303:INFO:Creating occupants based on data from data/dorn ...
2022-07-05 15:05:14,758:INFO:Creating zones ...
2022-07-05 15:05:14,766:INFO:Environment created!
2022-07-05 15:05:15,829:INFO:Cumulated reward: 0
2022-07-05 15:05:27,698:INFO:Creating occupants based on data from data/dorn ...
2022-07-05 15:05:28,154:INFO:Creating zones ...
2022-07-05 15:05:28,161:INFO:Environment created!
2022-07-05 15:05:29,021:INFO:Cumulated reward: 0
2022-07-05 15:05:40,617:INFO:Creating occupants based on data from data/dorn ...
2022-07-05 15:05:41,083:INFO:Creating zones ...
2022-07-05 15:05:41,091:INFO:Environment created!
2022-07-05 15:05:42,325:INFO:Cumulated reward: 0
2022-07-05 15:05:53,437:INFO:Creating occupants based on data from data/dorn ...
2022-07-05 15:05:53,874:INFO:Creating zones ...
2022-07-05 15:05:53,881:INFO:Environment created!
2022-07-05 15:05:54,980:INFO:Cumulated reward: 0
2022-07-05 15:06:05,688:INFO:Creating occupants based on data from data/dorn ...
2022-07-05 15:06:06,100:INFO:Creating zones ...
2022-07-05 15:06:06,106:INFO:Environment created!
2022-07-05 15:06:07,033:INFO:Cumulated reward: 0
2022-07-05 15:06:17,073:INFO:Creating occupants based on data from data/dorn ...
2022-07-05 15:06:17,469:INFO:Creating zones ...
2022-07-05 15:06:17,477:INFO:Environment created!
2022-07-05 15:06:18,614:INFO:Cumulated reward: 0
2022-07-05 15:06:28,783:INFO:Creating occupants based on data from data/dorn ...
2022-07-05 15:06:29,200:INFO:Creating zones ...
2022-07-05 15:06:29,208:INFO:Environment created!
2022-07-05 15:06:30,241:INFO:Cumulated reward: 0
2022-07-05 15:06:40,394:INFO:Creating occupants based on data from data/dorn ...
2022-07-05 15:06:40,795:INFO:Creating zones ...
2022-07-05 15:06:40,802:INFO:Environment created!
2022-07-05 15:06:41,884:INFO:Cumulated reward: 0
2022-07-05 15:06:52,097:INFO:Creating occupants based on data from data/dorn ...
2022-07-05 15:06:52,499:INFO:Creating zones ...
2022-07-05 15:06:52,506:INFO:Environment created!
2022-07-05 15:06:53,367:INFO:Cumulated reward: 0
2022-07-05 15:07:03,675:INFO:Creating occupants based on data from data/dorn ...
2022-07-05 15:07:04,093:INFO:Creating zones ...
2022-07-05 15:07:04,101:INFO:Environment created!
2022-07-05 15:07:05,179:INFO:Cumulated reward: 0
2022-07-05 15:07:15,742:INFO:Creating occupants based on data from data/dorn ...
2022-07-05 15:07:16,165:INFO:Creating zones ...
2022-07-05 15:07:16,173:INFO:Environment created!
2022-07-05 15:07:17,110:INFO:Cumulated reward: 0
2022-07-05 15:07:28,011:INFO:Creating occupants based on data from data/dorn ...
2022-07-05 15:07:28,432:INFO:Creating zones ...
2022-07-05 15:07:28,439:INFO:Environment created!
2022-07-05 15:07:29,353:INFO:Cumulated reward: 0
2022-07-05 15:07:40,156:INFO:Creating occupants based on data from data/dorn ...
2022-07-05 15:07:40,588:INFO:Creating zones ...
2022-07-05 15:07:40,595:INFO:Environment created!
2022-07-05 15:07:41,581:INFO:Cumulated reward: 0
2022-07-05 15:07:52,275:INFO:Creating occupants based on data from data/dorn ...
2022-07-05 15:07:52,731:INFO:Creating zones ...
2022-07-05 15:07:52,738:INFO:Environment created!
2022-07-05 15:07:53,710:INFO:Cumulated reward: 0
2022-07-05 15:08:04,213:INFO:Creating occupants based on data from data/dorn ...
2022-07-05 15:08:04,633:INFO:Creating zones ...
2022-07-05 15:08:04,640:INFO:Environment created!
2022-07-05 15:08:05,533:INFO:Cumulated reward: 0
2022-07-05 15:08:16,170:INFO:Creating occupants based on data from data/dorn ...
2022-07-05 15:08:16,587:INFO:Creating zones ...
2022-07-05 15:08:16,594:INFO:Environment created!
2022-07-05 15:08:17,774:INFO:Cumulated reward: 0
2022-07-05 15:08:28,006:INFO:Creating occupants based on data from data/dorn ...
2022-07-05 15:08:28,439:INFO:Creating zones ...
2022-07-05 15:08:28,446:INFO:Environment created!
2022-07-05 15:08:29,286:INFO:Cumulated reward: 0
2022-07-05 15:08:40,147:INFO:Creating occupants based on data from data/dorn ...
2022-07-05 15:08:40,570:INFO:Creating zones ...
2022-07-05 15:08:40,577:INFO:Environment created!
2022-07-05 15:08:41,575:INFO:Cumulated reward: 0
2022-07-05 15:08:52,240:INFO:Creating occupants based on data from data/dorn ...
2022-07-05 15:08:52,661:INFO:Creating zones ...
2022-07-05 15:08:52,668:INFO:Environment created!
2022-07-05 15:08:53,570:INFO:Cumulated reward: 0
2022-07-05 15:09:04,033:INFO:Creating occupants based on data from data/dorn ...
2022-07-05 15:09:04,454:INFO:Creating zones ...
2022-07-05 15:09:04,461:INFO:Environment created!
2022-07-05 15:09:05,420:INFO:Cumulated reward: 0
2022-07-05 15:09:15,532:INFO:Creating occupants based on data from data/dorn ...
2022-07-05 15:09:15,934:INFO:Creating zones ...
2022-07-05 15:09:15,941:INFO:Environment created!
2022-07-05 15:09:16,783:INFO:Cumulated reward: 0
2022-07-05 15:09:27,214:INFO:Creating occupants based on data from data/dorn ...
2022-07-05 15:09:27,648:INFO:Creating zones ...
2022-07-05 15:09:27,655:INFO:Environment created!
2022-07-05 15:09:28,658:INFO:Cumulated reward: 0
2022-07-05 15:09:39,315:INFO:Creating occupants based on data from data/dorn ...
2022-07-05 15:09:39,721:INFO:Creating zones ...
2022-07-05 15:09:39,729:INFO:Environment created!
2022-07-05 15:09:41,002:INFO:Cumulated reward: 0
2022-07-08 18:21:54,556:INFO:Creating occupants based on data from data/dorn ...
2022-07-08 18:21:55,019:INFO:Creating zones ...
2022-07-08 18:21:55,025:INFO:Environment created!
2022-07-08 18:21:55,846:INFO:Cumulated reward: 0
2022-07-08 18:22:07,519:INFO:Creating occupants based on data from data/dorn ...
2022-07-08 18:22:07,977:INFO:Creating zones ...
2022-07-08 18:22:07,984:INFO:Environment created!
2022-07-08 18:22:08,788:INFO:Cumulated reward: 0
2022-07-08 18:22:20,864:INFO:Creating occupants based on data from data/dorn ...
2022-07-08 18:22:21,329:INFO:Creating zones ...
2022-07-08 18:22:21,336:INFO:Environment created!
2022-07-08 18:22:22,566:INFO:Cumulated reward: 0
2022-07-08 18:22:34,631:INFO:Creating occupants based on data from data/dorn ...
2022-07-08 18:22:35,123:INFO:Creating zones ...
2022-07-08 18:22:35,131:INFO:Environment created!
2022-07-08 18:22:36,449:INFO:Cumulated reward: 0
2022-07-08 18:22:48,846:INFO:Creating occupants based on data from data/dorn ...
2022-07-08 18:22:49,339:INFO:Creating zones ...
2022-07-08 18:22:49,347:INFO:Environment created!
2022-07-08 18:22:50,365:INFO:Cumulated reward: 0
2022-07-08 18:23:02,600:INFO:Creating occupants based on data from data/dorn ...
2022-07-08 18:23:03,088:INFO:Creating zones ...
2022-07-08 18:23:03,096:INFO:Environment created!
2022-07-08 18:23:04,156:INFO:Cumulated reward: 0
2022-07-08 18:23:16,564:INFO:Creating occupants based on data from data/dorn ...
2022-07-08 18:23:17,055:INFO:Creating zones ...
2022-07-08 18:23:17,063:INFO:Environment created!
2022-07-08 18:23:18,072:INFO:Cumulated reward: 0
2022-07-08 18:23:30,593:INFO:Creating occupants based on data from data/dorn ...
2022-07-08 18:23:31,085:INFO:Creating zones ...
2022-07-08 18:23:31,092:INFO:Environment created!
2022-07-08 18:23:32,140:INFO:Cumulated reward: 0
2022-07-08 18:23:44,842:INFO:Creating occupants based on data from data/dorn ...
2022-07-08 18:23:45,334:INFO:Creating zones ...
2022-07-08 18:23:45,342:INFO:Environment created!
2022-07-08 18:23:46,464:INFO:Cumulated reward: 0
2022-07-08 18:23:58,420:INFO:Creating occupants based on data from data/dorn ...
2022-07-08 18:23:58,888:INFO:Creating zones ...
2022-07-08 18:23:58,895:INFO:Environment created!
2022-07-08 18:23:59,972:INFO:Cumulated reward: 0
2022-07-08 18:24:11,939:INFO:Creating occupants based on data from data/dorn ...
2022-07-08 18:24:12,417:INFO:Creating zones ...
2022-07-08 18:24:12,423:INFO:Environment created!
2022-07-08 18:24:13,381:INFO:Cumulated reward: 0
2022-07-08 18:24:25,374:INFO:Creating occupants based on data from data/dorn ...
2022-07-08 18:24:25,851:INFO:Creating zones ...
2022-07-08 18:24:25,859:INFO:Environment created!
2022-07-08 18:24:26,735:INFO:Cumulated reward: 0
2022-07-08 18:24:39,250:INFO:Creating occupants based on data from data/dorn ...
2022-07-08 18:24:39,749:INFO:Creating zones ...
2022-07-08 18:24:39,757:INFO:Environment created!
2022-07-08 18:24:40,951:INFO:Cumulated reward: 0
2022-07-08 18:24:54,174:INFO:Creating occupants based on data from data/dorn ...
2022-07-08 18:24:54,677:INFO:Creating zones ...
2022-07-08 18:24:54,685:INFO:Environment created!
2022-07-08 18:24:55,504:INFO:Cumulated reward: 0
2022-07-08 18:25:08,369:INFO:Creating occupants based on data from data/dorn ...
2022-07-08 18:25:08,874:INFO:Creating zones ...
2022-07-08 18:25:08,883:INFO:Environment created!
2022-07-08 18:25:10,075:INFO:Cumulated reward: 0
2022-07-08 18:25:21,999:INFO:Creating occupants based on data from data/dorn ...
2022-07-08 18:25:22,491:INFO:Creating zones ...
2022-07-08 18:25:22,499:INFO:Environment created!
2022-07-08 18:25:23,593:INFO:Cumulated reward: 0
2022-07-08 18:25:35,985:INFO:Creating occupants based on data from data/dorn ...
2022-07-08 18:25:36,482:INFO:Creating zones ...
2022-07-08 18:25:36,489:INFO:Environment created!
2022-07-08 18:25:37,852:INFO:Cumulated reward: 0
2022-07-08 18:25:50,718:INFO:Creating occupants based on data from data/dorn ...
2022-07-08 18:25:51,238:INFO:Creating zones ...
2022-07-08 18:25:51,246:INFO:Environment created!
2022-07-08 18:25:52,656:INFO:Cumulated reward: 0
2022-07-08 18:26:05,680:INFO:Creating occupants based on data from data/dorn ...
2022-07-08 18:26:06,204:INFO:Creating zones ...
2022-07-08 18:26:06,211:INFO:Environment created!
2022-07-08 18:26:07,727:INFO:Cumulated reward: 0
2022-07-08 18:26:20,857:INFO:Creating occupants based on data from data/dorn ...
2022-07-08 18:26:21,368:INFO:Creating zones ...
2022-07-08 18:26:21,377:INFO:Environment created!
2022-07-08 18:26:22,514:INFO:Cumulated reward: 0
2022-07-08 18:26:35,225:INFO:Creating occupants based on data from data/dorn ...
2022-07-08 18:26:35,745:INFO:Creating zones ...
2022-07-08 18:26:35,753:INFO:Environment created!
2022-07-08 18:26:36,934:INFO:Cumulated reward: 0
2022-07-08 18:26:50,265:INFO:Creating occupants based on data from data/dorn ...
2022-07-08 18:26:50,788:INFO:Creating zones ...
2022-07-08 18:26:50,796:INFO:Environment created!
2022-07-08 18:26:51,971:INFO:Cumulated reward: 0
2022-07-08 18:27:05,425:INFO:Creating occupants based on data from data/dorn ...
2022-07-08 18:27:05,975:INFO:Creating zones ...
2022-07-08 18:27:05,984:INFO:Environment created!
2022-07-08 18:27:07,113:INFO:Cumulated reward: 0
2022-07-08 18:27:20,201:INFO:Creating occupants based on data from data/dorn ...
2022-07-08 18:27:20,726:INFO:Creating zones ...
2022-07-08 18:27:20,735:INFO:Environment created!
2022-07-08 18:27:21,624:INFO:Cumulated reward: 0
2022-07-08 18:27:34,757:INFO:Creating occupants based on data from data/dorn ...
2022-07-08 18:27:35,273:INFO:Creating zones ...
2022-07-08 18:27:35,281:INFO:Environment created!
2022-07-08 18:27:36,446:INFO:Cumulated reward: 0
2022-07-08 18:27:49,131:INFO:Creating occupants based on data from data/dorn ...
2022-07-08 18:27:49,633:INFO:Creating zones ...
2022-07-08 18:27:49,641:INFO:Environment created!
2022-07-08 18:27:50,715:INFO:Cumulated reward: 0
2022-07-08 18:28:03,105:INFO:Creating occupants based on data from data/dorn ...
2022-07-08 18:28:03,605:INFO:Creating zones ...
2022-07-08 18:28:03,613:INFO:Environment created!
2022-07-08 18:28:04,643:INFO:Cumulated reward: 0
2022-07-08 18:28:17,123:INFO:Creating occupants based on data from data/dorn ...
2022-07-08 18:28:17,619:INFO:Creating zones ...
2022-07-08 18:28:17,627:INFO:Environment created!
2022-07-08 18:28:18,815:INFO:Cumulated reward: 0
2022-07-08 18:28:31,258:INFO:Creating occupants based on data from data/dorn ...
2022-07-08 18:28:31,744:INFO:Creating zones ...
2022-07-08 18:28:31,751:INFO:Environment created!
2022-07-08 18:28:32,793:INFO:Cumulated reward: 0
2022-07-08 18:28:45,955:INFO:Creating occupants based on data from data/dorn ...
2022-07-08 18:28:46,474:INFO:Creating zones ...
2022-07-08 18:28:46,482:INFO:Environment created!
2022-07-08 18:28:47,825:INFO:Cumulated reward: 0
2022-07-09 00:16:00,968:INFO:Creating occupants based on data from data/dorn ...
2022-07-09 00:16:01,797:INFO:Creating zones ...
2022-07-09 00:16:01,811:INFO:Environment created!
2022-07-09 00:16:03,236:INFO:Cumulated reward: 0
2022-07-09 00:16:24,700:INFO:Creating occupants based on data from data/dorn ...
2022-07-09 00:16:25,588:INFO:Creating zones ...
2022-07-09 00:16:25,603:INFO:Environment created!
2022-07-09 00:16:27,719:INFO:Cumulated reward: 0
2022-07-09 00:16:49,590:INFO:Creating occupants based on data from data/dorn ...
2022-07-09 00:16:50,468:INFO:Creating zones ...
2022-07-09 00:16:50,482:INFO:Environment created!
2022-07-09 00:16:52,857:INFO:Cumulated reward: 0
2022-07-09 00:17:16,966:INFO:Creating occupants based on data from data/dorn ...
2022-07-09 00:17:17,955:INFO:Creating zones ...
2022-07-09 00:17:17,970:INFO:Environment created!
2022-07-09 00:17:20,252:INFO:Cumulated reward: 0
2022-07-09 00:17:47,518:INFO:Creating occupants based on data from data/dorn ...
2022-07-09 00:17:48,581:INFO:Creating zones ...
2022-07-09 00:17:48,595:INFO:Environment created!
2022-07-09 00:17:51,284:INFO:Cumulated reward: 0
2022-07-09 00:18:19,108:INFO:Creating occupants based on data from data/dorn ...
2022-07-09 00:18:20,245:INFO:Creating zones ...
2022-07-09 00:18:20,259:INFO:Environment created!
2022-07-09 00:18:22,684:INFO:Cumulated reward: 0
2022-07-09 00:18:55,334:INFO:Creating occupants based on data from data/dorn ...
2022-07-09 00:18:56,939:INFO:Creating zones ...
2022-07-09 00:18:56,961:INFO:Environment created!
2022-07-09 00:19:00,117:INFO:Cumulated reward: 0
2022-07-09 00:19:41,874:INFO:Creating occupants based on data from data/dorn ...
2022-07-09 00:19:43,145:INFO:Creating zones ...
2022-07-09 00:19:43,164:INFO:Environment created!
2022-07-09 00:19:46,564:INFO:Cumulated reward: 0
2022-07-09 00:20:16,046:INFO:Creating occupants based on data from data/dorn ...
2022-07-09 00:20:16,985:INFO:Creating zones ...
2022-07-09 00:20:17,000:INFO:Environment created!
2022-07-09 00:20:19,587:INFO:Cumulated reward: 0
2022-07-09 00:20:41,984:INFO:Creating occupants based on data from data/dorn ...
2022-07-09 00:20:42,710:INFO:Creating zones ...
2022-07-09 00:20:42,721:INFO:Environment created!
2022-07-09 00:20:44,526:INFO:Cumulated reward: 0
2022-07-09 00:21:00,683:INFO:Creating occupants based on data from data/dorn ...
2022-07-09 00:21:01,259:INFO:Creating zones ...
2022-07-09 00:21:01,268:INFO:Environment created!
2022-07-09 00:21:02,843:INFO:Cumulated reward: 0
2022-07-09 00:21:16,360:INFO:Creating occupants based on data from data/dorn ...
2022-07-09 00:21:16,879:INFO:Creating zones ...
2022-07-09 00:21:16,888:INFO:Environment created!
2022-07-09 00:21:18,291:INFO:Cumulated reward: 0
2022-07-09 00:21:31,185:INFO:Creating occupants based on data from data/dorn ...
2022-07-09 00:21:31,687:INFO:Creating zones ...
2022-07-09 00:21:31,695:INFO:Environment created!
2022-07-09 00:21:32,487:INFO:Cumulated reward: 0
2022-07-09 00:21:44,848:INFO:Creating occupants based on data from data/dorn ...
2022-07-09 00:21:45,330:INFO:Creating zones ...
2022-07-09 00:21:45,338:INFO:Environment created!
2022-07-09 00:21:46,221:INFO:Cumulated reward: 0
2022-07-09 00:21:58,591:INFO:Creating occupants based on data from data/dorn ...
2022-07-09 00:21:59,089:INFO:Creating zones ...
2022-07-09 00:21:59,097:INFO:Environment created!
2022-07-09 00:22:00,185:INFO:Cumulated reward: 0
2022-07-09 00:22:13,118:INFO:Creating occupants based on data from data/dorn ...
2022-07-09 00:22:13,631:INFO:Creating zones ...
2022-07-09 00:22:13,639:INFO:Environment created!
2022-07-09 00:22:14,722:INFO:Cumulated reward: 0
2022-07-09 00:22:27,618:INFO:Creating occupants based on data from data/dorn ...
2022-07-09 00:22:28,137:INFO:Creating zones ...
2022-07-09 00:22:28,145:INFO:Environment created!
2022-07-09 00:22:29,442:INFO:Cumulated reward: 0
2022-07-09 00:22:42,665:INFO:Creating occupants based on data from data/dorn ...
2022-07-09 00:22:43,178:INFO:Creating zones ...
2022-07-09 00:22:43,186:INFO:Environment created!
2022-07-09 00:22:44,358:INFO:Cumulated reward: 0
2022-07-09 00:22:57,370:INFO:Creating occupants based on data from data/dorn ...
2022-07-09 00:22:57,871:INFO:Creating zones ...
2022-07-09 00:22:57,879:INFO:Environment created!
2022-07-09 00:22:59,136:INFO:Cumulated reward: 0
2022-07-09 00:23:12,337:INFO:Creating occupants based on data from data/dorn ...
2022-07-09 00:23:12,839:INFO:Creating zones ...
2022-07-09 00:23:12,847:INFO:Environment created!
2022-07-09 00:23:14,053:INFO:Cumulated reward: 0
2022-07-09 00:23:26,564:INFO:Creating occupants based on data from data/dorn ...
2022-07-09 00:23:27,066:INFO:Creating zones ...
2022-07-09 00:23:27,074:INFO:Environment created!
2022-07-09 00:23:28,314:INFO:Cumulated reward: 0
2022-07-09 00:23:41,002:INFO:Creating occupants based on data from data/dorn ...
2022-07-09 00:23:41,496:INFO:Creating zones ...
2022-07-09 00:23:41,504:INFO:Environment created!
2022-07-09 00:23:42,439:INFO:Cumulated reward: 0
2022-07-09 00:23:55,181:INFO:Creating occupants based on data from data/dorn ...
2022-07-09 00:23:55,678:INFO:Creating zones ...
2022-07-09 00:23:55,686:INFO:Environment created!
2022-07-09 00:23:56,723:INFO:Cumulated reward: 0
2022-07-09 00:24:09,558:INFO:Creating occupants based on data from data/dorn ...
2022-07-09 00:24:10,046:INFO:Creating zones ...
2022-07-09 00:24:10,054:INFO:Environment created!
2022-07-09 00:24:11,235:INFO:Cumulated reward: 0
2022-07-09 00:24:23,903:INFO:Creating occupants based on data from data/dorn ...
2022-07-09 00:24:24,409:INFO:Creating zones ...
2022-07-09 00:24:24,416:INFO:Environment created!
2022-07-09 00:24:25,259:INFO:Cumulated reward: 0
2022-07-09 00:24:37,682:INFO:Creating occupants based on data from data/dorn ...
2022-07-09 00:24:38,174:INFO:Creating zones ...
2022-07-09 00:24:38,182:INFO:Environment created!
2022-07-09 00:24:38,966:INFO:Cumulated reward: 0
2022-07-09 00:24:51,038:INFO:Creating occupants based on data from data/dorn ...
2022-07-09 00:24:51,520:INFO:Creating zones ...
2022-07-09 00:24:51,527:INFO:Environment created!
2022-07-09 00:24:52,628:INFO:Cumulated reward: 0
2022-07-09 00:25:05,077:INFO:Creating occupants based on data from data/dorn ...
2022-07-09 00:25:05,574:INFO:Creating zones ...
2022-07-09 00:25:05,583:INFO:Environment created!
2022-07-09 00:25:07,016:INFO:Cumulated reward: 0
2022-07-09 00:25:19,427:INFO:Creating occupants based on data from data/dorn ...
2022-07-09 00:25:19,931:INFO:Creating zones ...
2022-07-09 00:25:19,939:INFO:Environment created!
2022-07-09 00:25:21,092:INFO:Cumulated reward: 0
2022-07-09 00:25:33,809:INFO:Creating occupants based on data from data/dorn ...
2022-07-09 00:25:34,318:INFO:Creating zones ...
2022-07-09 00:25:34,326:INFO:Environment created!
2022-07-09 00:25:35,337:INFO:Cumulated reward: 0
2022-07-12 10:04:48,436:INFO:Creating occupants based on data from data/dorn ...
2022-07-12 10:04:48,894:INFO:Creating zones ...
2022-07-12 10:04:48,900:INFO:Environment created!
2022-07-12 10:04:49,464:INFO:Cumulated reward: 0
2022-07-12 10:05:00,324:INFO:Creating occupants based on data from data/dorn ...
2022-07-12 10:05:00,761:INFO:Creating zones ...
2022-07-12 10:05:00,769:INFO:Environment created!
2022-07-12 10:05:01,940:INFO:Cumulated reward: 0
2022-07-12 10:05:13,364:INFO:Creating occupants based on data from data/dorn ...
2022-07-12 10:05:13,802:INFO:Creating zones ...
2022-07-12 10:05:13,810:INFO:Environment created!
2022-07-12 10:05:14,669:INFO:Cumulated reward: 0
2022-07-12 10:05:25,964:INFO:Creating occupants based on data from data/dorn ...
2022-07-12 10:05:26,406:INFO:Creating zones ...
2022-07-12 10:05:26,416:INFO:Environment created!
2022-07-12 10:05:27,283:INFO:Cumulated reward: 0
2022-07-12 10:05:38,529:INFO:Creating occupants based on data from data/dorn ...
2022-07-12 10:05:38,975:INFO:Creating zones ...
2022-07-12 10:05:38,982:INFO:Environment created!
2022-07-12 10:05:39,948:INFO:Cumulated reward: 0
2022-07-12 10:05:51,131:INFO:Creating occupants based on data from data/dorn ...
2022-07-12 10:05:51,577:INFO:Creating zones ...
2022-07-12 10:05:51,585:INFO:Environment created!
2022-07-12 10:05:52,458:INFO:Cumulated reward: 0
2022-07-12 10:06:04,181:INFO:Creating occupants based on data from data/dorn ...
2022-07-12 10:06:04,622:INFO:Creating zones ...
2022-07-12 10:06:04,630:INFO:Environment created!
2022-07-12 10:06:05,759:INFO:Cumulated reward: 0
2022-07-12 10:06:17,172:INFO:Creating occupants based on data from data/dorn ...
2022-07-12 10:06:17,626:INFO:Creating zones ...
2022-07-12 10:06:17,635:INFO:Environment created!
2022-07-12 10:06:18,822:INFO:Cumulated reward: 0
2022-07-12 10:06:30,616:INFO:Creating occupants based on data from data/dorn ...
2022-07-12 10:06:31,100:INFO:Creating zones ...
2022-07-12 10:06:31,108:INFO:Environment created!
2022-07-12 10:06:32,274:INFO:Cumulated reward: 0
2022-07-12 10:06:43,499:INFO:Creating occupants based on data from data/dorn ...
2022-07-12 10:06:43,995:INFO:Creating zones ...
2022-07-12 10:06:44,002:INFO:Environment created!
2022-07-12 10:06:44,985:INFO:Cumulated reward: 0
2022-07-12 10:06:56,566:INFO:Creating occupants based on data from data/dorn ...
2022-07-12 10:06:57,019:INFO:Creating zones ...
2022-07-12 10:06:57,027:INFO:Environment created!
2022-07-12 10:06:58,013:INFO:Cumulated reward: 0
2022-07-12 10:07:09,312:INFO:Creating occupants based on data from data/dorn ...
2022-07-12 10:07:09,760:INFO:Creating zones ...
2022-07-12 10:07:09,767:INFO:Environment created!
2022-07-12 10:07:10,671:INFO:Cumulated reward: 0
2022-07-12 10:07:21,843:INFO:Creating occupants based on data from data/dorn ...
2022-07-12 10:07:22,289:INFO:Creating zones ...
2022-07-12 10:07:22,296:INFO:Environment created!
2022-07-12 10:07:23,281:INFO:Cumulated reward: 0
2022-07-12 10:07:34,848:INFO:Creating occupants based on data from data/dorn ...
2022-07-12 10:07:35,283:INFO:Creating zones ...
2022-07-12 10:07:35,290:INFO:Environment created!
2022-07-12 10:07:36,323:INFO:Cumulated reward: 0
2022-07-12 10:07:47,757:INFO:Creating occupants based on data from data/dorn ...
2022-07-12 10:07:48,245:INFO:Creating zones ...
2022-07-12 10:07:48,251:INFO:Environment created!
2022-07-12 10:07:49,228:INFO:Cumulated reward: 0
2022-07-12 10:08:00,853:INFO:Creating occupants based on data from data/dorn ...
2022-07-12 10:08:01,307:INFO:Creating zones ...
2022-07-12 10:08:01,314:INFO:Environment created!
2022-07-12 10:08:02,347:INFO:Cumulated reward: 0
2022-07-12 10:08:13,475:INFO:Creating occupants based on data from data/dorn ...
2022-07-12 10:08:13,899:INFO:Creating zones ...
2022-07-12 10:08:13,906:INFO:Environment created!
2022-07-12 10:08:14,962:INFO:Cumulated reward: 0
2022-07-12 10:08:25,867:INFO:Creating occupants based on data from data/dorn ...
2022-07-12 10:08:26,288:INFO:Creating zones ...
2022-07-12 10:08:26,296:INFO:Environment created!
2022-07-12 10:08:27,484:INFO:Cumulated reward: 0
2022-07-12 10:08:38,788:INFO:Creating occupants based on data from data/dorn ...
2022-07-12 10:08:39,240:INFO:Creating zones ...
2022-07-12 10:08:39,247:INFO:Environment created!
2022-07-12 10:08:40,441:INFO:Cumulated reward: 0
2022-07-12 10:08:51,250:INFO:Creating occupants based on data from data/dorn ...
2022-07-12 10:08:51,683:INFO:Creating zones ...
2022-07-12 10:08:51,690:INFO:Environment created!
2022-07-12 10:08:52,886:INFO:Cumulated reward: 0
2022-07-12 10:09:04,393:INFO:Creating occupants based on data from data/dorn ...
2022-07-12 10:09:04,920:INFO:Creating zones ...
2022-07-12 10:09:04,928:INFO:Environment created!
2022-07-12 10:09:05,898:INFO:Cumulated reward: 0
2022-07-12 10:09:17,468:INFO:Creating occupants based on data from data/dorn ...
2022-07-12 10:09:17,929:INFO:Creating zones ...
2022-07-12 10:09:17,936:INFO:Environment created!
2022-07-12 10:09:19,062:INFO:Cumulated reward: 0
2022-07-12 10:09:30,128:INFO:Creating occupants based on data from data/dorn ...
2022-07-12 10:09:30,564:INFO:Creating zones ...
2022-07-12 10:09:30,571:INFO:Environment created!
2022-07-12 10:09:31,625:INFO:Cumulated reward: 0
2022-07-12 10:09:42,870:INFO:Creating occupants based on data from data/dorn ...
2022-07-12 10:09:43,318:INFO:Creating zones ...
2022-07-12 10:09:43,325:INFO:Environment created!
2022-07-12 10:09:44,275:INFO:Cumulated reward: 0
2022-07-12 10:09:55,299:INFO:Creating occupants based on data from data/dorn ...
2022-07-12 10:09:55,737:INFO:Creating zones ...
2022-07-12 10:09:55,744:INFO:Environment created!
2022-07-12 10:09:56,818:INFO:Cumulated reward: 0
2022-07-12 10:10:08,173:INFO:Creating occupants based on data from data/dorn ...
2022-07-12 10:10:08,606:INFO:Creating zones ...
2022-07-12 10:10:08,614:INFO:Environment created!
2022-07-12 10:10:09,757:INFO:Cumulated reward: 0
2022-07-12 10:10:20,974:INFO:Creating occupants based on data from data/dorn ...
2022-07-12 10:10:21,420:INFO:Creating zones ...
2022-07-12 10:10:21,427:INFO:Environment created!
2022-07-12 10:10:22,340:INFO:Cumulated reward: 0
2022-07-12 10:10:33,281:INFO:Creating occupants based on data from data/dorn ...
2022-07-12 10:10:33,723:INFO:Creating zones ...
2022-07-12 10:10:33,729:INFO:Environment created!
2022-07-12 10:10:34,979:INFO:Cumulated reward: 0
2022-07-12 10:10:46,577:INFO:Creating occupants based on data from data/dorn ...
2022-07-12 10:10:47,026:INFO:Creating zones ...
2022-07-12 10:10:47,033:INFO:Environment created!
2022-07-12 10:10:48,116:INFO:Cumulated reward: 0
2022-07-12 10:10:59,896:INFO:Creating occupants based on data from data/dorn ...
2022-07-12 10:11:00,337:INFO:Creating zones ...
2022-07-12 10:11:00,344:INFO:Environment created!
2022-07-12 10:11:01,479:INFO:Cumulated reward: 0
