2022-06-07 22:41:52,017:INFO:Creating occupants based on data from data/dorn ...
2022-06-07 22:41:52,554:INFO:Creating zones ...
2022-06-07 22:41:52,563:INFO:Environment created!
2022-06-07 22:41:53,617:INFO:Cumulated reward: 0
2022-06-09 10:15:04,403:INFO:Creating occupants based on data from data/dorn ...
2022-06-09 10:15:04,926:INFO:Creating zones ...
2022-06-09 10:15:04,937:INFO:Environment created!
2022-06-09 10:15:05,872:INFO:Cumulated reward: 0
2022-06-29 21:59:35,881:INFO:Creating occupants based on data from data/dorn ...
2022-06-29 21:59:36,355:INFO:Creating zones ...
2022-06-29 21:59:36,365:INFO:Environment created!
2022-06-29 21:59:37,617:INFO:Cumulated reward: 0
2022-06-29 21:59:48,065:INFO:Creating occupants based on data from data/dorn ...
2022-06-29 21:59:48,527:INFO:Creating zones ...
2022-06-29 21:59:48,536:INFO:Environment created!
2022-06-29 21:59:49,578:INFO:Cumulated reward: 0
2022-06-29 22:00:00,677:INFO:Creating occupants based on data from data/dorn ...
2022-06-29 22:00:01,145:INFO:Creating zones ...
2022-06-29 22:00:01,156:INFO:Environment created!
2022-06-29 22:00:02,141:INFO:Cumulated reward: 0
2022-06-29 22:00:13,510:INFO:Creating occupants based on data from data/dorn ...
2022-06-29 22:00:13,983:INFO:Creating zones ...
2022-06-29 22:00:13,992:INFO:Environment created!
2022-06-29 22:00:14,870:INFO:Cumulated reward: 0
2022-06-29 22:00:25,683:INFO:Creating occupants based on data from data/dorn ...
2022-06-29 22:00:26,147:INFO:Creating zones ...
2022-06-29 22:00:26,157:INFO:Environment created!
2022-06-29 22:00:27,228:INFO:Cumulated reward: 0
2022-06-29 22:00:38,755:INFO:Creating occupants based on data from data/dorn ...
2022-06-29 22:00:39,253:INFO:Creating zones ...
2022-06-29 22:00:39,267:INFO:Environment created!
2022-06-29 22:00:40,244:INFO:Cumulated reward: 0
2022-06-29 22:00:51,331:INFO:Creating occupants based on data from data/dorn ...
2022-06-29 22:00:51,798:INFO:Creating zones ...
2022-06-29 22:00:51,809:INFO:Environment created!
2022-06-29 22:00:52,624:INFO:Cumulated reward: 0
2022-06-29 22:01:03,725:INFO:Creating occupants based on data from data/dorn ...
2022-06-29 22:01:04,201:INFO:Creating zones ...
2022-06-29 22:01:04,214:INFO:Environment created!
2022-06-29 22:01:04,987:INFO:Cumulated reward: 0
2022-06-29 22:01:16,173:INFO:Creating occupants based on data from data/dorn ...
2022-06-29 22:01:16,643:INFO:Creating zones ...
2022-06-29 22:01:16,652:INFO:Environment created!
2022-06-29 22:01:17,610:INFO:Cumulated reward: 0
2022-06-29 22:01:28,423:INFO:Creating occupants based on data from data/dorn ...
2022-06-29 22:01:28,867:INFO:Creating zones ...
2022-06-29 22:01:28,876:INFO:Environment created!
2022-06-29 22:01:29,945:INFO:Cumulated reward: 0
2022-06-29 22:01:40,847:INFO:Creating occupants based on data from data/dorn ...
2022-06-29 22:01:41,279:INFO:Creating zones ...
2022-06-29 22:01:41,288:INFO:Environment created!
2022-06-29 22:01:42,085:INFO:Cumulated reward: 0
2022-06-29 22:01:52,745:INFO:Creating occupants based on data from data/dorn ...
2022-06-29 22:01:53,190:INFO:Creating zones ...
2022-06-29 22:01:53,199:INFO:Environment created!
2022-06-29 22:01:54,145:INFO:Cumulated reward: 0
2022-06-29 22:02:05,346:INFO:Creating occupants based on data from data/dorn ...
2022-06-29 22:02:05,838:INFO:Creating zones ...
2022-06-29 22:02:05,849:INFO:Environment created!
2022-06-29 22:02:06,832:INFO:Cumulated reward: 0
2022-06-29 22:02:17,864:INFO:Creating occupants based on data from data/dorn ...
2022-06-29 22:02:18,302:INFO:Creating zones ...
2022-06-29 22:02:18,311:INFO:Environment created!
2022-06-29 22:02:19,289:INFO:Cumulated reward: 0
2022-06-29 22:02:29,855:INFO:Creating occupants based on data from data/dorn ...
2022-06-29 22:02:30,307:INFO:Creating zones ...
2022-06-29 22:02:30,315:INFO:Environment created!
2022-06-29 22:02:31,456:INFO:Cumulated reward: 0
2022-06-29 22:02:41,862:INFO:Creating occupants based on data from data/dorn ...
2022-06-29 22:02:42,300:INFO:Creating zones ...
2022-06-29 22:02:42,310:INFO:Environment created!
2022-06-29 22:02:43,157:INFO:Cumulated reward: 0
2022-06-29 22:02:53,689:INFO:Creating occupants based on data from data/dorn ...
2022-06-29 22:02:54,125:INFO:Creating zones ...
2022-06-29 22:02:54,134:INFO:Environment created!
2022-06-29 22:02:55,173:INFO:Cumulated reward: 0
2022-06-29 22:03:05,743:INFO:Creating occupants based on data from data/dorn ...
2022-06-29 22:03:06,183:INFO:Creating zones ...
2022-06-29 22:03:06,192:INFO:Environment created!
2022-06-29 22:03:07,148:INFO:Cumulated reward: 0
2022-06-29 22:03:18,199:INFO:Creating occupants based on data from data/dorn ...
2022-06-29 22:03:18,648:INFO:Creating zones ...
2022-06-29 22:03:18,658:INFO:Environment created!
2022-06-29 22:03:19,688:INFO:Cumulated reward: 0
2022-06-29 22:03:31,181:INFO:Creating occupants based on data from data/dorn ...
2022-06-29 22:03:31,690:INFO:Creating zones ...
2022-06-29 22:03:31,701:INFO:Environment created!
2022-06-29 22:03:32,803:INFO:Cumulated reward: 0
2022-06-29 22:03:45,033:INFO:Creating occupants based on data from data/dorn ...
2022-06-29 22:03:45,536:INFO:Creating zones ...
2022-06-29 22:03:45,545:INFO:Environment created!
2022-06-29 22:03:46,465:INFO:Cumulated reward: 0
2022-06-29 22:03:59,304:INFO:Creating occupants based on data from data/dorn ...
2022-06-29 22:03:59,880:INFO:Creating zones ...
2022-06-29 22:03:59,892:INFO:Environment created!
2022-06-29 22:04:01,013:INFO:Cumulated reward: 0
2022-06-29 22:04:15,312:INFO:Creating occupants based on data from data/dorn ...
2022-06-29 22:04:15,932:INFO:Creating zones ...
2022-06-29 22:04:15,945:INFO:Environment created!
2022-06-29 22:04:17,093:INFO:Cumulated reward: 0
2022-06-29 22:04:31,559:INFO:Creating occupants based on data from data/dorn ...
2022-06-29 22:04:32,142:INFO:Creating zones ...
2022-06-29 22:04:32,153:INFO:Environment created!
2022-06-29 22:04:33,593:INFO:Cumulated reward: 0
2022-06-29 22:04:47,754:INFO:Creating occupants based on data from data/dorn ...
2022-06-29 22:04:48,321:INFO:Creating zones ...
2022-06-29 22:04:48,333:INFO:Environment created!
2022-06-29 22:04:49,237:INFO:Cumulated reward: 0
2022-06-29 22:05:03,169:INFO:Creating occupants based on data from data/dorn ...
2022-06-29 22:05:03,767:INFO:Creating zones ...
2022-06-29 22:05:03,779:INFO:Environment created!
2022-06-29 22:05:05,134:INFO:Cumulated reward: 0
2022-06-29 22:05:18,202:INFO:Creating occupants based on data from data/dorn ...
2022-06-29 22:05:18,749:INFO:Creating zones ...
2022-06-29 22:05:18,759:INFO:Environment created!
2022-06-29 22:05:19,966:INFO:Cumulated reward: 0
2022-06-29 22:05:33,409:INFO:Creating occupants based on data from data/dorn ...
2022-06-29 22:05:33,957:INFO:Creating zones ...
2022-06-29 22:05:33,969:INFO:Environment created!
2022-06-29 22:05:34,949:INFO:Cumulated reward: 0
2022-06-29 22:05:48,061:INFO:Creating occupants based on data from data/dorn ...
2022-06-29 22:05:48,635:INFO:Creating zones ...
2022-06-29 22:05:48,651:INFO:Environment created!
2022-06-29 22:05:49,800:INFO:Cumulated reward: 0
2022-06-29 22:06:01,945:INFO:Creating occupants based on data from data/dorn ...
2022-06-29 22:06:02,423:INFO:Creating zones ...
2022-06-29 22:06:02,432:INFO:Environment created!
2022-06-29 22:06:03,165:INFO:Cumulated reward: 0
2022-07-04 18:19:20,051:INFO:Creating occupants based on data from data/dorn ...
2022-07-04 18:19:20,628:INFO:Creating zones ...
2022-07-04 18:19:20,635:INFO:Environment created!
2022-07-04 18:19:21,893:INFO:Cumulated reward: 0
2022-07-04 18:19:37,699:INFO:Creating occupants based on data from data/dorn ...
2022-07-04 18:19:38,364:INFO:Creating zones ...
2022-07-04 18:19:38,372:INFO:Environment created!
2022-07-04 18:19:39,938:INFO:Cumulated reward: 0
2022-07-04 18:19:56,903:INFO:Creating occupants based on data from data/dorn ...
2022-07-04 18:19:57,622:INFO:Creating zones ...
2022-07-04 18:19:57,631:INFO:Environment created!
2022-07-04 18:19:58,870:INFO:Cumulated reward: 0
2022-07-04 18:20:15,364:INFO:Creating occupants based on data from data/dorn ...
2022-07-04 18:20:16,083:INFO:Creating zones ...
2022-07-04 18:20:16,092:INFO:Environment created!
2022-07-04 18:20:17,106:INFO:Cumulated reward: 0
2022-07-04 18:20:36,420:INFO:Creating occupants based on data from data/dorn ...
2022-07-04 18:20:37,265:INFO:Creating zones ...
2022-07-04 18:20:37,277:INFO:Environment created!
2022-07-04 18:20:38,993:INFO:Cumulated reward: 0
2022-07-04 18:21:00,887:INFO:Creating occupants based on data from data/dorn ...
2022-07-04 18:21:01,805:INFO:Creating zones ...
2022-07-04 18:21:01,816:INFO:Environment created!
2022-07-04 18:21:03,948:INFO:Cumulated reward: 0
2022-07-04 18:21:25,669:INFO:Creating occupants based on data from data/dorn ...
2022-07-04 18:21:26,571:INFO:Creating zones ...
2022-07-04 18:21:26,583:INFO:Environment created!
2022-07-04 18:21:28,422:INFO:Cumulated reward: 0
2022-07-04 18:21:49,467:INFO:Creating occupants based on data from data/dorn ...
2022-07-04 18:21:50,304:INFO:Creating zones ...
2022-07-04 18:21:50,314:INFO:Environment created!
2022-07-04 18:21:52,032:INFO:Cumulated reward: 0
2022-07-04 18:22:11,487:INFO:Creating occupants based on data from data/dorn ...
2022-07-04 18:22:12,278:INFO:Creating zones ...
2022-07-04 18:22:12,288:INFO:Environment created!
2022-07-04 18:22:14,172:INFO:Cumulated reward: 0
2022-07-04 18:22:33,349:INFO:Creating occupants based on data from data/dorn ...
2022-07-04 18:22:34,178:INFO:Creating zones ...
2022-07-04 18:22:34,187:INFO:Environment created!
2022-07-04 18:22:36,113:INFO:Cumulated reward: 0
2022-07-04 18:22:54,816:INFO:Creating occupants based on data from data/dorn ...
2022-07-04 18:22:55,537:INFO:Creating zones ...
2022-07-04 18:22:55,546:INFO:Environment created!
2022-07-04 18:22:56,947:INFO:Cumulated reward: 0
2022-07-04 18:23:11,740:INFO:Creating occupants based on data from data/dorn ...
2022-07-04 18:23:12,303:INFO:Creating zones ...
2022-07-04 18:23:12,310:INFO:Environment created!
2022-07-04 18:23:13,792:INFO:Cumulated reward: 0
2022-07-04 18:23:26,940:INFO:Creating occupants based on data from data/dorn ...
2022-07-04 18:23:27,473:INFO:Creating zones ...
2022-07-04 18:23:27,480:INFO:Environment created!
2022-07-04 18:23:28,524:INFO:Cumulated reward: 0
2022-07-04 18:23:40,910:INFO:Creating occupants based on data from data/dorn ...
2022-07-04 18:23:41,410:INFO:Creating zones ...
2022-07-04 18:23:41,416:INFO:Environment created!
2022-07-04 18:23:42,410:INFO:Cumulated reward: 0
2022-07-04 18:23:54,517:INFO:Creating occupants based on data from data/dorn ...
2022-07-04 18:23:55,021:INFO:Creating zones ...
2022-07-04 18:23:55,027:INFO:Environment created!
2022-07-04 18:23:56,155:INFO:Cumulated reward: 0
2022-07-04 18:24:08,296:INFO:Creating occupants based on data from data/dorn ...
2022-07-04 18:24:08,794:INFO:Creating zones ...
2022-07-04 18:24:08,800:INFO:Environment created!
2022-07-04 18:24:09,884:INFO:Cumulated reward: 0
2022-07-04 18:24:22,578:INFO:Creating occupants based on data from data/dorn ...
2022-07-04 18:24:23,110:INFO:Creating zones ...
2022-07-04 18:24:23,117:INFO:Environment created!
2022-07-04 18:24:24,236:INFO:Cumulated reward: 0
2022-07-04 18:24:38,147:INFO:Creating occupants based on data from data/dorn ...
2022-07-04 18:24:38,719:INFO:Creating zones ...
2022-07-04 18:24:38,726:INFO:Environment created!
2022-07-04 18:24:39,843:INFO:Cumulated reward: 0
2022-07-04 18:24:53,659:INFO:Creating occupants based on data from data/dorn ...
2022-07-04 18:24:54,248:INFO:Creating zones ...
2022-07-04 18:24:54,256:INFO:Environment created!
2022-07-04 18:24:55,755:INFO:Cumulated reward: 0
2022-07-04 18:25:09,958:INFO:Creating occupants based on data from data/dorn ...
2022-07-04 18:25:10,555:INFO:Creating zones ...
2022-07-04 18:25:10,562:INFO:Environment created!
2022-07-04 18:25:11,795:INFO:Cumulated reward: 0
2022-07-04 18:25:24,930:INFO:Creating occupants based on data from data/dorn ...
2022-07-04 18:25:25,470:INFO:Creating zones ...
2022-07-04 18:25:25,477:INFO:Environment created!
2022-07-04 18:25:26,403:INFO:Cumulated reward: 0
2022-07-04 18:25:38,499:INFO:Creating occupants based on data from data/dorn ...
2022-07-04 18:25:38,987:INFO:Creating zones ...
2022-07-04 18:25:38,993:INFO:Environment created!
2022-07-04 18:25:40,002:INFO:Cumulated reward: 0
2022-07-04 18:25:51,840:INFO:Creating occupants based on data from data/dorn ...
2022-07-04 18:25:52,334:INFO:Creating zones ...
2022-07-04 18:25:52,340:INFO:Environment created!
2022-07-04 18:25:53,342:INFO:Cumulated reward: 0
2022-07-04 18:26:05,145:INFO:Creating occupants based on data from data/dorn ...
2022-07-04 18:26:05,675:INFO:Creating zones ...
2022-07-04 18:26:05,681:INFO:Environment created!
2022-07-04 18:26:06,735:INFO:Cumulated reward: 0
2022-07-04 18:26:20,082:INFO:Creating occupants based on data from data/dorn ...
2022-07-04 18:26:20,652:INFO:Creating zones ...
2022-07-04 18:26:20,659:INFO:Environment created!
2022-07-04 18:26:21,681:INFO:Cumulated reward: 0
2022-07-04 18:26:36,067:INFO:Creating occupants based on data from data/dorn ...
2022-07-04 18:26:36,661:INFO:Creating zones ...
2022-07-04 18:26:36,668:INFO:Environment created!
2022-07-04 18:26:37,638:INFO:Cumulated reward: 0
2022-07-04 18:26:51,708:INFO:Creating occupants based on data from data/dorn ...
2022-07-04 18:26:52,303:INFO:Creating zones ...
2022-07-04 18:26:52,310:INFO:Environment created!
2022-07-04 18:26:53,362:INFO:Cumulated reward: 0
2022-07-04 18:27:07,378:INFO:Creating occupants based on data from data/dorn ...
2022-07-04 18:27:07,952:INFO:Creating zones ...
2022-07-04 18:27:07,959:INFO:Environment created!
2022-07-04 18:27:08,833:INFO:Cumulated reward: 0
2022-07-04 18:27:22,345:INFO:Creating occupants based on data from data/dorn ...
2022-07-04 18:27:22,919:INFO:Creating zones ...
2022-07-04 18:27:22,926:INFO:Environment created!
2022-07-04 18:27:23,802:INFO:Cumulated reward: 0
2022-07-04 18:27:37,583:INFO:Creating occupants based on data from data/dorn ...
2022-07-04 18:27:38,157:INFO:Creating zones ...
2022-07-04 18:27:38,164:INFO:Environment created!
2022-07-04 18:27:39,400:INFO:Cumulated reward: 0
2022-07-04 19:13:15,069:INFO:Creating occupants based on data from data/dorn ...
2022-07-04 19:13:15,499:INFO:Creating zones ...
2022-07-04 19:13:15,505:INFO:Environment created!
2022-07-04 19:13:16,516:INFO:Cumulated reward: 0
2022-07-04 19:13:26,592:INFO:Creating occupants based on data from data/dorn ...
2022-07-04 19:13:27,022:INFO:Creating zones ...
2022-07-04 19:13:27,028:INFO:Environment created!
2022-07-04 19:13:27,979:INFO:Cumulated reward: 0
2022-07-04 19:13:38,440:INFO:Creating occupants based on data from data/dorn ...
2022-07-04 19:13:38,874:INFO:Creating zones ...
2022-07-04 19:13:38,880:INFO:Environment created!
2022-07-04 19:13:39,593:INFO:Cumulated reward: 0
2022-07-04 19:13:49,921:INFO:Creating occupants based on data from data/dorn ...
2022-07-04 19:13:50,346:INFO:Creating zones ...
2022-07-04 19:13:50,353:INFO:Environment created!
2022-07-04 19:13:51,236:INFO:Cumulated reward: 0
2022-07-04 19:14:01,374:INFO:Creating occupants based on data from data/dorn ...
2022-07-04 19:14:01,806:INFO:Creating zones ...
2022-07-04 19:14:01,811:INFO:Environment created!
2022-07-04 19:14:02,948:INFO:Cumulated reward: 0
2022-07-04 19:14:13,143:INFO:Creating occupants based on data from data/dorn ...
2022-07-04 19:14:13,575:INFO:Creating zones ...
2022-07-04 19:14:13,581:INFO:Environment created!
2022-07-04 19:14:14,255:INFO:Cumulated reward: 0
2022-07-04 19:14:24,999:INFO:Creating occupants based on data from data/dorn ...
2022-07-04 19:14:25,436:INFO:Creating zones ...
2022-07-04 19:14:25,442:INFO:Environment created!
2022-07-04 19:14:26,308:INFO:Cumulated reward: 0
2022-07-04 19:14:36,774:INFO:Creating occupants based on data from data/dorn ...
2022-07-04 19:14:37,206:INFO:Creating zones ...
2022-07-04 19:14:37,211:INFO:Environment created!
2022-07-04 19:14:38,039:INFO:Cumulated reward: 0
2022-07-04 19:14:48,567:INFO:Creating occupants based on data from data/dorn ...
2022-07-04 19:14:48,996:INFO:Creating zones ...
2022-07-04 19:14:49,003:INFO:Environment created!
2022-07-04 19:14:50,112:INFO:Cumulated reward: 0
2022-07-04 19:15:00,624:INFO:Creating occupants based on data from data/dorn ...
2022-07-04 19:15:01,063:INFO:Creating zones ...
2022-07-04 19:15:01,069:INFO:Environment created!
2022-07-04 19:15:01,843:INFO:Cumulated reward: 0
2022-07-04 19:15:12,255:INFO:Creating occupants based on data from data/dorn ...
2022-07-04 19:15:12,681:INFO:Creating zones ...
2022-07-04 19:15:12,687:INFO:Environment created!
2022-07-04 19:15:13,422:INFO:Cumulated reward: 0
2022-07-04 19:15:23,654:INFO:Creating occupants based on data from data/dorn ...
2022-07-04 19:15:24,076:INFO:Creating zones ...
2022-07-04 19:15:24,082:INFO:Environment created!
2022-07-04 19:15:25,022:INFO:Cumulated reward: 0
2022-07-04 19:15:35,792:INFO:Creating occupants based on data from data/dorn ...
2022-07-04 19:15:36,221:INFO:Creating zones ...
2022-07-04 19:15:36,226:INFO:Environment created!
2022-07-04 19:15:37,148:INFO:Cumulated reward: 0
2022-07-04 19:15:47,379:INFO:Creating occupants based on data from data/dorn ...
2022-07-04 19:15:47,815:INFO:Creating zones ...
2022-07-04 19:15:47,821:INFO:Environment created!
2022-07-04 19:15:48,845:INFO:Cumulated reward: 0
2022-07-04 19:15:59,099:INFO:Creating occupants based on data from data/dorn ...
2022-07-04 19:15:59,535:INFO:Creating zones ...
2022-07-04 19:15:59,541:INFO:Environment created!
2022-07-04 19:16:00,293:INFO:Cumulated reward: 0
2022-07-04 19:16:10,816:INFO:Creating occupants based on data from data/dorn ...
2022-07-04 19:16:11,245:INFO:Creating zones ...
2022-07-04 19:16:11,251:INFO:Environment created!
2022-07-04 19:16:12,228:INFO:Cumulated reward: 0
2022-07-04 19:16:22,708:INFO:Creating occupants based on data from data/dorn ...
2022-07-04 19:16:23,148:INFO:Creating zones ...
2022-07-04 19:16:23,154:INFO:Environment created!
2022-07-04 19:16:24,075:INFO:Cumulated reward: 0
2022-07-04 19:16:34,834:INFO:Creating occupants based on data from data/dorn ...
2022-07-04 19:16:35,265:INFO:Creating zones ...
2022-07-04 19:16:35,272:INFO:Environment created!
2022-07-04 19:16:36,244:INFO:Cumulated reward: 0
2022-07-04 19:16:46,521:INFO:Creating occupants based on data from data/dorn ...
2022-07-04 19:16:46,957:INFO:Creating zones ...
2022-07-04 19:16:46,963:INFO:Environment created!
2022-07-04 19:16:47,944:INFO:Cumulated reward: 0
2022-07-04 19:16:58,098:INFO:Creating occupants based on data from data/dorn ...
2022-07-04 19:16:58,524:INFO:Creating zones ...
2022-07-04 19:16:58,531:INFO:Environment created!
2022-07-04 19:16:59,476:INFO:Cumulated reward: 0
2022-07-04 19:17:09,784:INFO:Creating occupants based on data from data/dorn ...
2022-07-04 19:17:10,208:INFO:Creating zones ...
2022-07-04 19:17:10,214:INFO:Environment created!
2022-07-04 19:17:11,055:INFO:Cumulated reward: 0
2022-07-04 19:17:21,457:INFO:Creating occupants based on data from data/dorn ...
2022-07-04 19:17:21,880:INFO:Creating zones ...
2022-07-04 19:17:21,886:INFO:Environment created!
2022-07-04 19:17:22,966:INFO:Cumulated reward: 0
2022-07-04 19:17:33,537:INFO:Creating occupants based on data from data/dorn ...
2022-07-04 19:17:33,961:INFO:Creating zones ...
2022-07-04 19:17:33,967:INFO:Environment created!
2022-07-04 19:17:35,080:INFO:Cumulated reward: 0
2022-07-04 19:17:45,155:INFO:Creating occupants based on data from data/dorn ...
2022-07-04 19:17:45,573:INFO:Creating zones ...
2022-07-04 19:17:45,579:INFO:Environment created!
2022-07-04 19:17:46,433:INFO:Cumulated reward: 0
2022-07-04 19:17:56,213:INFO:Creating occupants based on data from data/dorn ...
2022-07-04 19:17:56,628:INFO:Creating zones ...
2022-07-04 19:17:56,634:INFO:Environment created!
2022-07-04 19:17:57,606:INFO:Cumulated reward: 0
2022-07-04 19:18:07,542:INFO:Creating occupants based on data from data/dorn ...
2022-07-04 19:18:07,950:INFO:Creating zones ...
2022-07-04 19:18:07,956:INFO:Environment created!
2022-07-04 19:18:08,795:INFO:Cumulated reward: 0
2022-07-04 19:18:18,869:INFO:Creating occupants based on data from data/dorn ...
2022-07-04 19:18:19,274:INFO:Creating zones ...
2022-07-04 19:18:19,282:INFO:Environment created!
2022-07-04 19:18:20,058:INFO:Cumulated reward: 0
2022-07-04 19:18:29,980:INFO:Creating occupants based on data from data/dorn ...
2022-07-04 19:18:30,393:INFO:Creating zones ...
2022-07-04 19:18:30,399:INFO:Environment created!
2022-07-04 19:18:31,255:INFO:Cumulated reward: 0
2022-07-04 19:18:41,319:INFO:Creating occupants based on data from data/dorn ...
2022-07-04 19:18:41,730:INFO:Creating zones ...
2022-07-04 19:18:41,736:INFO:Environment created!
2022-07-04 19:18:42,779:INFO:Cumulated reward: 0
2022-07-04 19:18:52,876:INFO:Creating occupants based on data from data/dorn ...
2022-07-04 19:18:53,290:INFO:Creating zones ...
2022-07-04 19:18:53,296:INFO:Environment created!
2022-07-04 19:18:54,294:INFO:Cumulated reward: 0
2022-07-05 15:03:47,894:INFO:Creating occupants based on data from data/dorn ...
2022-07-05 15:03:48,339:INFO:Creating zones ...
2022-07-05 15:03:48,346:INFO:Environment created!
2022-07-05 15:03:49,609:INFO:Cumulated reward: 0
2022-07-05 15:04:01,351:INFO:Creating occupants based on data from data/dorn ...
2022-07-05 15:04:01,801:INFO:Creating zones ...
2022-07-05 15:04:01,806:INFO:Environment created!
2022-07-05 15:04:02,838:INFO:Cumulated reward: 0
2022-07-05 15:04:14,315:INFO:Creating occupants based on data from data/dorn ...
2022-07-05 15:04:14,774:INFO:Creating zones ...
2022-07-05 15:04:14,781:INFO:Environment created!
2022-07-05 15:04:15,597:INFO:Cumulated reward: 0
2022-07-05 15:04:27,189:INFO:Creating occupants based on data from data/dorn ...
2022-07-05 15:04:27,648:INFO:Creating zones ...
2022-07-05 15:04:27,653:INFO:Environment created!
2022-07-05 15:04:28,351:INFO:Cumulated reward: 0
2022-07-05 15:04:39,714:INFO:Creating occupants based on data from data/dorn ...
2022-07-05 15:04:40,167:INFO:Creating zones ...
2022-07-05 15:04:40,173:INFO:Environment created!
2022-07-05 15:04:41,202:INFO:Cumulated reward: 0
2022-07-05 15:04:52,771:INFO:Creating occupants based on data from data/dorn ...
2022-07-05 15:04:53,220:INFO:Creating zones ...
2022-07-05 15:04:53,227:INFO:Environment created!
2022-07-05 15:04:54,051:INFO:Cumulated reward: 0
2022-07-05 15:05:05,936:INFO:Creating occupants based on data from data/dorn ...
2022-07-05 15:05:06,391:INFO:Creating zones ...
2022-07-05 15:05:06,397:INFO:Environment created!
2022-07-05 15:05:07,236:INFO:Cumulated reward: 0
2022-07-05 15:05:18,689:INFO:Creating occupants based on data from data/dorn ...
2022-07-05 15:05:19,158:INFO:Creating zones ...
2022-07-05 15:05:19,165:INFO:Environment created!
2022-07-05 15:05:20,316:INFO:Cumulated reward: 0
2022-07-05 15:05:31,876:INFO:Creating occupants based on data from data/dorn ...
2022-07-05 15:05:32,338:INFO:Creating zones ...
2022-07-05 15:05:32,344:INFO:Environment created!
2022-07-05 15:05:33,350:INFO:Cumulated reward: 0
2022-07-05 15:05:45,231:INFO:Creating occupants based on data from data/dorn ...
2022-07-05 15:05:45,667:INFO:Creating zones ...
2022-07-05 15:05:45,674:INFO:Environment created!
2022-07-05 15:05:46,620:INFO:Cumulated reward: 0
2022-07-05 15:05:57,485:INFO:Creating occupants based on data from data/dorn ...
2022-07-05 15:05:57,894:INFO:Creating zones ...
2022-07-05 15:05:57,901:INFO:Environment created!
2022-07-05 15:05:58,883:INFO:Cumulated reward: 0
2022-07-05 15:06:09,519:INFO:Creating occupants based on data from data/dorn ...
2022-07-05 15:06:09,938:INFO:Creating zones ...
2022-07-05 15:06:09,944:INFO:Environment created!
2022-07-05 15:06:10,865:INFO:Cumulated reward: 0
2022-07-05 15:06:21,086:INFO:Creating occupants based on data from data/dorn ...
2022-07-05 15:06:21,485:INFO:Creating zones ...
2022-07-05 15:06:21,491:INFO:Environment created!
2022-07-05 15:06:22,465:INFO:Cumulated reward: 0
2022-07-05 15:06:32,634:INFO:Creating occupants based on data from data/dorn ...
2022-07-05 15:06:33,034:INFO:Creating zones ...
2022-07-05 15:06:33,041:INFO:Environment created!
2022-07-05 15:06:33,815:INFO:Cumulated reward: 0
2022-07-05 15:06:44,371:INFO:Creating occupants based on data from data/dorn ...
2022-07-05 15:06:44,777:INFO:Creating zones ...
2022-07-05 15:06:44,785:INFO:Environment created!
2022-07-05 15:06:45,655:INFO:Cumulated reward: 0
2022-07-05 15:06:55,850:INFO:Creating occupants based on data from data/dorn ...
2022-07-05 15:06:56,272:INFO:Creating zones ...
2022-07-05 15:06:56,278:INFO:Environment created!
2022-07-05 15:06:57,293:INFO:Cumulated reward: 0
2022-07-05 15:07:07,715:INFO:Creating occupants based on data from data/dorn ...
2022-07-05 15:07:08,125:INFO:Creating zones ...
2022-07-05 15:07:08,132:INFO:Environment created!
2022-07-05 15:07:09,026:INFO:Cumulated reward: 0
2022-07-05 15:07:19,668:INFO:Creating occupants based on data from data/dorn ...
2022-07-05 15:07:20,088:INFO:Creating zones ...
2022-07-05 15:07:20,094:INFO:Environment created!
2022-07-05 15:07:21,221:INFO:Cumulated reward: 0
2022-07-05 15:07:32,023:INFO:Creating occupants based on data from data/dorn ...
2022-07-05 15:07:32,467:INFO:Creating zones ...
2022-07-05 15:07:32,473:INFO:Environment created!
2022-07-05 15:07:33,484:INFO:Cumulated reward: 0
2022-07-05 15:07:44,102:INFO:Creating occupants based on data from data/dorn ...
2022-07-05 15:07:44,509:INFO:Creating zones ...
2022-07-05 15:07:44,516:INFO:Environment created!
2022-07-05 15:07:45,439:INFO:Cumulated reward: 0
2022-07-05 15:07:56,258:INFO:Creating occupants based on data from data/dorn ...
2022-07-05 15:07:56,670:INFO:Creating zones ...
2022-07-05 15:07:56,676:INFO:Environment created!
2022-07-05 15:07:57,615:INFO:Cumulated reward: 0
2022-07-05 15:08:08,092:INFO:Creating occupants based on data from data/dorn ...
2022-07-05 15:08:08,504:INFO:Creating zones ...
2022-07-05 15:08:08,511:INFO:Environment created!
2022-07-05 15:08:09,280:INFO:Cumulated reward: 0
2022-07-05 15:08:20,287:INFO:Creating occupants based on data from data/dorn ...
2022-07-05 15:08:20,706:INFO:Creating zones ...
2022-07-05 15:08:20,711:INFO:Environment created!
2022-07-05 15:08:21,490:INFO:Cumulated reward: 0
2022-07-05 15:08:31,805:INFO:Creating occupants based on data from data/dorn ...
2022-07-05 15:08:32,222:INFO:Creating zones ...
2022-07-05 15:08:32,228:INFO:Environment created!
2022-07-05 15:08:33,220:INFO:Cumulated reward: 0
2022-07-05 15:08:44,112:INFO:Creating occupants based on data from data/dorn ...
2022-07-05 15:08:44,527:INFO:Creating zones ...
2022-07-05 15:08:44,533:INFO:Environment created!
2022-07-05 15:08:45,496:INFO:Cumulated reward: 0
2022-07-05 15:08:56,049:INFO:Creating occupants based on data from data/dorn ...
2022-07-05 15:08:56,451:INFO:Creating zones ...
2022-07-05 15:08:56,457:INFO:Environment created!
2022-07-05 15:08:57,475:INFO:Cumulated reward: 0
2022-07-05 15:09:07,998:INFO:Creating occupants based on data from data/dorn ...
2022-07-05 15:09:08,424:INFO:Creating zones ...
2022-07-05 15:09:08,429:INFO:Environment created!
2022-07-05 15:09:09,161:INFO:Cumulated reward: 0
2022-07-05 15:09:19,274:INFO:Creating occupants based on data from data/dorn ...
2022-07-05 15:09:19,680:INFO:Creating zones ...
2022-07-05 15:09:19,686:INFO:Environment created!
2022-07-05 15:09:20,611:INFO:Cumulated reward: 0
2022-07-05 15:09:31,145:INFO:Creating occupants based on data from data/dorn ...
2022-07-05 15:09:31,552:INFO:Creating zones ...
2022-07-05 15:09:31,558:INFO:Environment created!
2022-07-05 15:09:32,632:INFO:Cumulated reward: 0
2022-07-05 15:09:43,551:INFO:Creating occupants based on data from data/dorn ...
2022-07-05 15:09:43,963:INFO:Creating zones ...
2022-07-05 15:09:43,969:INFO:Environment created!
2022-07-05 15:09:44,812:INFO:Cumulated reward: 0
2022-07-08 18:21:58,607:INFO:Creating occupants based on data from data/dorn ...
2022-07-08 18:21:59,058:INFO:Creating zones ...
2022-07-08 18:21:59,064:INFO:Environment created!
2022-07-08 18:22:00,228:INFO:Cumulated reward: 0
2022-07-08 18:22:11,556:INFO:Creating occupants based on data from data/dorn ...
2022-07-08 18:22:12,007:INFO:Creating zones ...
2022-07-08 18:22:12,013:INFO:Environment created!
2022-07-08 18:22:13,210:INFO:Cumulated reward: 0
2022-07-08 18:22:25,410:INFO:Creating occupants based on data from data/dorn ...
2022-07-08 18:22:25,871:INFO:Creating zones ...
2022-07-08 18:22:25,877:INFO:Environment created!
2022-07-08 18:22:26,835:INFO:Cumulated reward: 0
2022-07-08 18:22:39,462:INFO:Creating occupants based on data from data/dorn ...
2022-07-08 18:22:39,956:INFO:Creating zones ...
2022-07-08 18:22:39,963:INFO:Environment created!
2022-07-08 18:22:40,892:INFO:Cumulated reward: 0
2022-07-08 18:22:53,358:INFO:Creating occupants based on data from data/dorn ...
2022-07-08 18:22:53,848:INFO:Creating zones ...
2022-07-08 18:22:53,854:INFO:Environment created!
2022-07-08 18:22:54,983:INFO:Cumulated reward: 0
2022-07-08 18:23:07,174:INFO:Creating occupants based on data from data/dorn ...
2022-07-08 18:23:07,662:INFO:Creating zones ...
2022-07-08 18:23:07,669:INFO:Environment created!
2022-07-08 18:23:08,669:INFO:Cumulated reward: 0
2022-07-08 18:23:21,058:INFO:Creating occupants based on data from data/dorn ...
2022-07-08 18:23:21,541:INFO:Creating zones ...
2022-07-08 18:23:21,547:INFO:Environment created!
2022-07-08 18:23:22,839:INFO:Cumulated reward: 0
2022-07-08 18:23:35,135:INFO:Creating occupants based on data from data/dorn ...
2022-07-08 18:23:35,619:INFO:Creating zones ...
2022-07-08 18:23:35,626:INFO:Environment created!
2022-07-08 18:23:36,866:INFO:Cumulated reward: 0
2022-07-08 18:23:49,450:INFO:Creating occupants based on data from data/dorn ...
2022-07-08 18:23:49,937:INFO:Creating zones ...
2022-07-08 18:23:49,944:INFO:Environment created!
2022-07-08 18:23:50,893:INFO:Cumulated reward: 0
2022-07-08 18:24:02,900:INFO:Creating occupants based on data from data/dorn ...
2022-07-08 18:24:03,374:INFO:Creating zones ...
2022-07-08 18:24:03,380:INFO:Environment created!
2022-07-08 18:24:04,463:INFO:Cumulated reward: 0
2022-07-08 18:24:16,288:INFO:Creating occupants based on data from data/dorn ...
2022-07-08 18:24:16,764:INFO:Creating zones ...
2022-07-08 18:24:16,771:INFO:Environment created!
2022-07-08 18:24:17,995:INFO:Cumulated reward: 0
2022-07-08 18:24:29,685:INFO:Creating occupants based on data from data/dorn ...
2022-07-08 18:24:30,183:INFO:Creating zones ...
2022-07-08 18:24:30,190:INFO:Environment created!
2022-07-08 18:24:31,150:INFO:Cumulated reward: 0
2022-07-08 18:24:44,030:INFO:Creating occupants based on data from data/dorn ...
2022-07-08 18:24:44,535:INFO:Creating zones ...
2022-07-08 18:24:44,541:INFO:Environment created!
2022-07-08 18:24:46,063:INFO:Cumulated reward: 0
2022-07-08 18:24:58,650:INFO:Creating occupants based on data from data/dorn ...
2022-07-08 18:24:59,161:INFO:Creating zones ...
2022-07-08 18:24:59,168:INFO:Environment created!
2022-07-08 18:25:00,358:INFO:Cumulated reward: 0
2022-07-08 18:25:13,154:INFO:Creating occupants based on data from data/dorn ...
2022-07-08 18:25:13,653:INFO:Creating zones ...
2022-07-08 18:25:13,659:INFO:Environment created!
2022-07-08 18:25:14,361:INFO:Cumulated reward: 0
2022-07-08 18:25:26,585:INFO:Creating occupants based on data from data/dorn ...
2022-07-08 18:25:27,081:INFO:Creating zones ...
2022-07-08 18:25:27,088:INFO:Environment created!
2022-07-08 18:25:28,209:INFO:Cumulated reward: 0
2022-07-08 18:25:40,930:INFO:Creating occupants based on data from data/dorn ...
2022-07-08 18:25:41,433:INFO:Creating zones ...
2022-07-08 18:25:41,440:INFO:Environment created!
2022-07-08 18:25:42,562:INFO:Cumulated reward: 0
2022-07-08 18:25:55,778:INFO:Creating occupants based on data from data/dorn ...
2022-07-08 18:25:56,288:INFO:Creating zones ...
2022-07-08 18:25:56,296:INFO:Environment created!
2022-07-08 18:25:57,542:INFO:Cumulated reward: 0
2022-07-08 18:26:10,901:INFO:Creating occupants based on data from data/dorn ...
2022-07-08 18:26:11,453:INFO:Creating zones ...
2022-07-08 18:26:11,460:INFO:Environment created!
2022-07-08 18:26:12,704:INFO:Cumulated reward: 0
2022-07-08 18:26:25,620:INFO:Creating occupants based on data from data/dorn ...
2022-07-08 18:26:26,120:INFO:Creating zones ...
2022-07-08 18:26:26,127:INFO:Environment created!
2022-07-08 18:26:27,248:INFO:Cumulated reward: 0
2022-07-08 18:26:40,033:INFO:Creating occupants based on data from data/dorn ...
2022-07-08 18:26:40,553:INFO:Creating zones ...
2022-07-08 18:26:40,560:INFO:Environment created!
2022-07-08 18:26:41,879:INFO:Cumulated reward: 0
2022-07-08 18:26:55,173:INFO:Creating occupants based on data from data/dorn ...
2022-07-08 18:26:55,707:INFO:Creating zones ...
2022-07-08 18:26:55,715:INFO:Environment created!
2022-07-08 18:26:56,834:INFO:Cumulated reward: 0
2022-07-08 18:27:10,413:INFO:Creating occupants based on data from data/dorn ...
2022-07-08 18:27:10,954:INFO:Creating zones ...
2022-07-08 18:27:10,962:INFO:Environment created!
2022-07-08 18:27:11,960:INFO:Cumulated reward: 0
2022-07-08 18:27:24,735:INFO:Creating occupants based on data from data/dorn ...
2022-07-08 18:27:25,251:INFO:Creating zones ...
2022-07-08 18:27:25,259:INFO:Environment created!
2022-07-08 18:27:26,748:INFO:Cumulated reward: 0
2022-07-08 18:27:39,521:INFO:Creating occupants based on data from data/dorn ...
2022-07-08 18:27:40,024:INFO:Creating zones ...
2022-07-08 18:27:40,031:INFO:Environment created!
2022-07-08 18:27:41,201:INFO:Cumulated reward: 0
2022-07-08 18:27:53,779:INFO:Creating occupants based on data from data/dorn ...
2022-07-08 18:27:54,285:INFO:Creating zones ...
2022-07-08 18:27:54,293:INFO:Environment created!
2022-07-08 18:27:55,330:INFO:Cumulated reward: 0
2022-07-08 18:28:07,690:INFO:Creating occupants based on data from data/dorn ...
2022-07-08 18:28:08,197:INFO:Creating zones ...
2022-07-08 18:28:08,205:INFO:Environment created!
2022-07-08 18:28:09,248:INFO:Cumulated reward: 0
2022-07-08 18:28:21,804:INFO:Creating occupants based on data from data/dorn ...
2022-07-08 18:28:22,309:INFO:Creating zones ...
2022-07-08 18:28:22,316:INFO:Environment created!
2022-07-08 18:28:23,462:INFO:Cumulated reward: 0
2022-07-08 18:28:35,942:INFO:Creating occupants based on data from data/dorn ...
2022-07-08 18:28:36,472:INFO:Creating zones ...
2022-07-08 18:28:36,479:INFO:Environment created!
2022-07-08 18:28:37,702:INFO:Cumulated reward: 0
2022-07-08 18:28:51,021:INFO:Creating occupants based on data from data/dorn ...
2022-07-08 18:28:51,556:INFO:Creating zones ...
2022-07-08 18:28:51,564:INFO:Environment created!
2022-07-08 18:28:52,852:INFO:Cumulated reward: 0
2022-07-09 00:16:08,367:INFO:Creating occupants based on data from data/dorn ...
2022-07-09 00:16:09,209:INFO:Creating zones ...
2022-07-09 00:16:09,219:INFO:Environment created!
2022-07-09 00:16:11,494:INFO:Cumulated reward: 0
2022-07-09 00:16:33,005:INFO:Creating occupants based on data from data/dorn ...
2022-07-09 00:16:33,848:INFO:Creating zones ...
2022-07-09 00:16:33,860:INFO:Environment created!
2022-07-09 00:16:35,798:INFO:Cumulated reward: 0
2022-07-09 00:16:58,392:INFO:Creating occupants based on data from data/dorn ...
2022-07-09 00:16:59,319:INFO:Creating zones ...
2022-07-09 00:16:59,331:INFO:Environment created!
2022-07-09 00:17:01,595:INFO:Cumulated reward: 0
2022-07-09 00:17:26,697:INFO:Creating occupants based on data from data/dorn ...
2022-07-09 00:17:27,817:INFO:Creating zones ...
2022-07-09 00:17:27,833:INFO:Environment created!
2022-07-09 00:17:30,101:INFO:Cumulated reward: 0
2022-07-09 00:17:57,506:INFO:Creating occupants based on data from data/dorn ...
2022-07-09 00:17:58,527:INFO:Creating zones ...
2022-07-09 00:17:58,539:INFO:Environment created!
2022-07-09 00:18:01,298:INFO:Cumulated reward: 0
2022-07-09 00:18:29,746:INFO:Creating occupants based on data from data/dorn ...
2022-07-09 00:18:30,859:INFO:Creating zones ...
2022-07-09 00:18:30,871:INFO:Environment created!
2022-07-09 00:18:33,940:INFO:Cumulated reward: 0
2022-07-09 00:19:11,235:INFO:Creating occupants based on data from data/dorn ...
2022-07-09 00:19:13,041:INFO:Creating zones ...
2022-07-09 00:19:13,059:INFO:Environment created!
2022-07-09 00:19:17,001:INFO:Cumulated reward: 0
2022-07-09 00:19:54,438:INFO:Creating occupants based on data from data/dorn ...
2022-07-09 00:19:55,548:INFO:Creating zones ...
2022-07-09 00:19:55,563:INFO:Environment created!
2022-07-09 00:19:58,689:INFO:Cumulated reward: 0
2022-07-09 00:20:25,475:INFO:Creating occupants based on data from data/dorn ...
2022-07-09 00:20:26,476:INFO:Creating zones ...
2022-07-09 00:20:26,489:INFO:Environment created!
2022-07-09 00:20:28,746:INFO:Cumulated reward: 0
2022-07-09 00:20:48,875:INFO:Creating occupants based on data from data/dorn ...
2022-07-09 00:20:49,575:INFO:Creating zones ...
2022-07-09 00:20:49,584:INFO:Environment created!
2022-07-09 00:20:51,013:INFO:Cumulated reward: 0
2022-07-09 00:21:06,292:INFO:Creating occupants based on data from data/dorn ...
2022-07-09 00:21:06,847:INFO:Creating zones ...
2022-07-09 00:21:06,855:INFO:Environment created!
2022-07-09 00:21:08,168:INFO:Cumulated reward: 0
2022-07-09 00:21:21,458:INFO:Creating occupants based on data from data/dorn ...
2022-07-09 00:21:21,975:INFO:Creating zones ...
2022-07-09 00:21:21,982:INFO:Environment created!
2022-07-09 00:21:23,211:INFO:Cumulated reward: 0
2022-07-09 00:21:35,561:INFO:Creating occupants based on data from data/dorn ...
2022-07-09 00:21:36,062:INFO:Creating zones ...
2022-07-09 00:21:36,069:INFO:Environment created!
2022-07-09 00:21:37,106:INFO:Cumulated reward: 0
2022-07-09 00:21:49,133:INFO:Creating occupants based on data from data/dorn ...
2022-07-09 00:21:49,612:INFO:Creating zones ...
2022-07-09 00:21:49,618:INFO:Environment created!
2022-07-09 00:21:50,847:INFO:Cumulated reward: 0
2022-07-09 00:22:03,269:INFO:Creating occupants based on data from data/dorn ...
2022-07-09 00:22:03,765:INFO:Creating zones ...
2022-07-09 00:22:03,772:INFO:Environment created!
2022-07-09 00:22:04,848:INFO:Cumulated reward: 0
2022-07-09 00:22:17,874:INFO:Creating occupants based on data from data/dorn ...
2022-07-09 00:22:18,386:INFO:Creating zones ...
2022-07-09 00:22:18,393:INFO:Environment created!
2022-07-09 00:22:19,341:INFO:Cumulated reward: 0
2022-07-09 00:22:32,607:INFO:Creating occupants based on data from data/dorn ...
2022-07-09 00:22:33,129:INFO:Creating zones ...
2022-07-09 00:22:33,137:INFO:Environment created!
2022-07-09 00:22:34,431:INFO:Cumulated reward: 0
2022-07-09 00:22:47,534:INFO:Creating occupants based on data from data/dorn ...
2022-07-09 00:22:48,056:INFO:Creating zones ...
2022-07-09 00:22:48,062:INFO:Environment created!
2022-07-09 00:22:49,157:INFO:Cumulated reward: 0
2022-07-09 00:23:02,173:INFO:Creating occupants based on data from data/dorn ...
2022-07-09 00:23:02,669:INFO:Creating zones ...
2022-07-09 00:23:02,676:INFO:Environment created!
2022-07-09 00:23:03,970:INFO:Cumulated reward: 0
2022-07-09 00:23:17,148:INFO:Creating occupants based on data from data/dorn ...
2022-07-09 00:23:17,651:INFO:Creating zones ...
2022-07-09 00:23:17,657:INFO:Environment created!
2022-07-09 00:23:18,850:INFO:Cumulated reward: 0
2022-07-09 00:23:31,413:INFO:Creating occupants based on data from data/dorn ...
2022-07-09 00:23:31,904:INFO:Creating zones ...
2022-07-09 00:23:31,911:INFO:Environment created!
2022-07-09 00:23:32,929:INFO:Cumulated reward: 0
2022-07-09 00:23:45,506:INFO:Creating occupants based on data from data/dorn ...
2022-07-09 00:23:46,018:INFO:Creating zones ...
2022-07-09 00:23:46,024:INFO:Environment created!
2022-07-09 00:23:47,307:INFO:Cumulated reward: 0
2022-07-09 00:23:59,829:INFO:Creating occupants based on data from data/dorn ...
2022-07-09 00:24:00,329:INFO:Creating zones ...
2022-07-09 00:24:00,336:INFO:Environment created!
2022-07-09 00:24:01,623:INFO:Cumulated reward: 0
2022-07-09 00:24:14,287:INFO:Creating occupants based on data from data/dorn ...
2022-07-09 00:24:14,783:INFO:Creating zones ...
2022-07-09 00:24:14,790:INFO:Environment created!
2022-07-09 00:24:16,166:INFO:Cumulated reward: 0
2022-07-09 00:24:28,338:INFO:Creating occupants based on data from data/dorn ...
2022-07-09 00:24:28,844:INFO:Creating zones ...
2022-07-09 00:24:28,850:INFO:Environment created!
2022-07-09 00:24:29,856:INFO:Cumulated reward: 0
2022-07-09 00:24:41,943:INFO:Creating occupants based on data from data/dorn ...
2022-07-09 00:24:42,424:INFO:Creating zones ...
2022-07-09 00:24:42,431:INFO:Environment created!
2022-07-09 00:24:43,422:INFO:Cumulated reward: 0
2022-07-09 00:24:55,553:INFO:Creating occupants based on data from data/dorn ...
2022-07-09 00:24:56,039:INFO:Creating zones ...
2022-07-09 00:24:56,046:INFO:Environment created!
2022-07-09 00:24:57,179:INFO:Cumulated reward: 0
2022-07-09 00:25:10,032:INFO:Creating occupants based on data from data/dorn ...
2022-07-09 00:25:10,522:INFO:Creating zones ...
2022-07-09 00:25:10,529:INFO:Environment created!
2022-07-09 00:25:11,724:INFO:Cumulated reward: 0
2022-07-09 00:25:24,166:INFO:Creating occupants based on data from data/dorn ...
2022-07-09 00:25:24,662:INFO:Creating zones ...
2022-07-09 00:25:24,669:INFO:Environment created!
2022-07-09 00:25:25,804:INFO:Cumulated reward: 0
2022-07-09 00:25:38,435:INFO:Creating occupants based on data from data/dorn ...
2022-07-09 00:25:38,941:INFO:Creating zones ...
2022-07-09 00:25:38,948:INFO:Environment created!
2022-07-09 00:25:39,857:INFO:Cumulated reward: 0
2022-07-12 10:04:52,111:INFO:Creating occupants based on data from data/dorn ...
2022-07-12 10:04:52,548:INFO:Creating zones ...
2022-07-12 10:04:52,555:INFO:Environment created!
2022-07-12 10:04:53,427:INFO:Cumulated reward: 0
2022-07-12 10:05:04,616:INFO:Creating occupants based on data from data/dorn ...
2022-07-12 10:05:05,052:INFO:Creating zones ...
2022-07-12 10:05:05,058:INFO:Environment created!
2022-07-12 10:05:05,912:INFO:Cumulated reward: 0
2022-07-12 10:05:17,424:INFO:Creating occupants based on data from data/dorn ...
2022-07-12 10:05:17,860:INFO:Creating zones ...
2022-07-12 10:05:17,866:INFO:Environment created!
2022-07-12 10:05:18,820:INFO:Cumulated reward: 0
2022-07-12 10:05:30,036:INFO:Creating occupants based on data from data/dorn ...
2022-07-12 10:05:30,482:INFO:Creating zones ...
2022-07-12 10:05:30,489:INFO:Environment created!
2022-07-12 10:05:31,571:INFO:Cumulated reward: 0
2022-07-12 10:05:42,660:INFO:Creating occupants based on data from data/dorn ...
2022-07-12 10:05:43,119:INFO:Creating zones ...
2022-07-12 10:05:43,144:INFO:Environment created!
2022-07-12 10:05:44,159:INFO:Cumulated reward: 0
2022-07-12 10:05:55,276:INFO:Creating occupants based on data from data/dorn ...
2022-07-12 10:05:55,734:INFO:Creating zones ...
2022-07-12 10:05:55,740:INFO:Environment created!
2022-07-12 10:05:56,948:INFO:Cumulated reward: 0
2022-07-12 10:06:08,489:INFO:Creating occupants based on data from data/dorn ...
2022-07-12 10:06:08,947:INFO:Creating zones ...
2022-07-12 10:06:08,953:INFO:Environment created!
2022-07-12 10:06:09,890:INFO:Cumulated reward: 0
2022-07-12 10:06:21,585:INFO:Creating occupants based on data from data/dorn ...
2022-07-12 10:06:22,027:INFO:Creating zones ...
2022-07-12 10:06:22,033:INFO:Environment created!
2022-07-12 10:06:23,168:INFO:Cumulated reward: 0
2022-07-12 10:06:35,091:INFO:Creating occupants based on data from data/dorn ...
2022-07-12 10:06:35,546:INFO:Creating zones ...
2022-07-12 10:06:35,553:INFO:Environment created!
2022-07-12 10:06:36,440:INFO:Cumulated reward: 0
2022-07-12 10:06:47,804:INFO:Creating occupants based on data from data/dorn ...
2022-07-12 10:06:48,260:INFO:Creating zones ...
2022-07-12 10:06:48,266:INFO:Environment created!
2022-07-12 10:06:49,336:INFO:Cumulated reward: 0
2022-07-12 10:07:00,778:INFO:Creating occupants based on data from data/dorn ...
2022-07-12 10:07:01,233:INFO:Creating zones ...
2022-07-12 10:07:01,240:INFO:Environment created!
2022-07-12 10:07:02,104:INFO:Cumulated reward: 0
2022-07-12 10:07:13,435:INFO:Creating occupants based on data from data/dorn ...
2022-07-12 10:07:13,887:INFO:Creating zones ...
2022-07-12 10:07:13,893:INFO:Environment created!
2022-07-12 10:07:14,816:INFO:Cumulated reward: 0
2022-07-12 10:07:26,022:INFO:Creating occupants based on data from data/dorn ...
2022-07-12 10:07:26,472:INFO:Creating zones ...
2022-07-12 10:07:26,479:INFO:Environment created!
2022-07-12 10:07:27,816:INFO:Cumulated reward: 0
2022-07-12 10:07:39,051:INFO:Creating occupants based on data from data/dorn ...
2022-07-12 10:07:39,494:INFO:Creating zones ...
2022-07-12 10:07:39,500:INFO:Environment created!
2022-07-12 10:07:40,626:INFO:Cumulated reward: 0
2022-07-12 10:07:51,976:INFO:Creating occupants based on data from data/dorn ...
2022-07-12 10:07:52,416:INFO:Creating zones ...
2022-07-12 10:07:52,422:INFO:Environment created!
2022-07-12 10:07:53,510:INFO:Cumulated reward: 0
2022-07-12 10:08:05,072:INFO:Creating occupants based on data from data/dorn ...
2022-07-12 10:08:05,509:INFO:Creating zones ...
2022-07-12 10:08:05,515:INFO:Environment created!
2022-07-12 10:08:06,501:INFO:Cumulated reward: 0
2022-07-12 10:08:17,579:INFO:Creating occupants based on data from data/dorn ...
2022-07-12 10:08:18,005:INFO:Creating zones ...
2022-07-12 10:08:18,011:INFO:Environment created!
2022-07-12 10:08:18,973:INFO:Cumulated reward: 0
2022-07-12 10:08:30,308:INFO:Creating occupants based on data from data/dorn ...
2022-07-12 10:08:30,752:INFO:Creating zones ...
2022-07-12 10:08:30,758:INFO:Environment created!
2022-07-12 10:08:31,669:INFO:Cumulated reward: 0
2022-07-12 10:08:43,111:INFO:Creating occupants based on data from data/dorn ...
2022-07-12 10:08:43,539:INFO:Creating zones ...
2022-07-12 10:08:43,545:INFO:Environment created!
2022-07-12 10:08:44,471:INFO:Cumulated reward: 0
2022-07-12 10:08:55,632:INFO:Creating occupants based on data from data/dorn ...
2022-07-12 10:08:56,066:INFO:Creating zones ...
2022-07-12 10:08:56,072:INFO:Environment created!
2022-07-12 10:08:57,167:INFO:Cumulated reward: 0
2022-07-12 10:09:08,879:INFO:Creating occupants based on data from data/dorn ...
2022-07-12 10:09:09,347:INFO:Creating zones ...
2022-07-12 10:09:09,354:INFO:Environment created!
2022-07-12 10:09:10,124:INFO:Cumulated reward: 0
2022-07-12 10:09:21,880:INFO:Creating occupants based on data from data/dorn ...
2022-07-12 10:09:22,333:INFO:Creating zones ...
2022-07-12 10:09:22,339:INFO:Environment created!
2022-07-12 10:09:23,145:INFO:Cumulated reward: 0
2022-07-12 10:09:34,320:INFO:Creating occupants based on data from data/dorn ...
2022-07-12 10:09:34,761:INFO:Creating zones ...
2022-07-12 10:09:34,767:INFO:Environment created!
2022-07-12 10:09:35,780:INFO:Cumulated reward: 0
2022-07-12 10:09:46,984:INFO:Creating occupants based on data from data/dorn ...
2022-07-12 10:09:47,413:INFO:Creating zones ...
2022-07-12 10:09:47,420:INFO:Environment created!
2022-07-12 10:09:48,201:INFO:Cumulated reward: 0
2022-07-12 10:09:59,470:INFO:Creating occupants based on data from data/dorn ...
2022-07-12 10:09:59,906:INFO:Creating zones ...
2022-07-12 10:09:59,912:INFO:Environment created!
2022-07-12 10:10:00,900:INFO:Cumulated reward: 0
2022-07-12 10:10:12,533:INFO:Creating occupants based on data from data/dorn ...
2022-07-12 10:10:12,971:INFO:Creating zones ...
2022-07-12 10:10:12,977:INFO:Environment created!
2022-07-12 10:10:13,982:INFO:Cumulated reward: 0
2022-07-12 10:10:25,041:INFO:Creating occupants based on data from data/dorn ...
2022-07-12 10:10:25,474:INFO:Creating zones ...
2022-07-12 10:10:25,480:INFO:Environment created!
2022-07-12 10:10:26,432:INFO:Cumulated reward: 0
2022-07-12 10:10:37,762:INFO:Creating occupants based on data from data/dorn ...
2022-07-12 10:10:38,223:INFO:Creating zones ...
2022-07-12 10:10:38,229:INFO:Environment created!
2022-07-12 10:10:39,336:INFO:Cumulated reward: 0
2022-07-12 10:10:50,873:INFO:Creating occupants based on data from data/dorn ...
2022-07-12 10:10:51,314:INFO:Creating zones ...
2022-07-12 10:10:51,320:INFO:Environment created!
2022-07-12 10:10:52,443:INFO:Cumulated reward: 0
2022-07-12 10:11:04,200:INFO:Creating occupants based on data from data/dorn ...
2022-07-12 10:11:04,643:INFO:Creating zones ...
2022-07-12 10:11:04,649:INFO:Environment created!
2022-07-12 10:11:05,531:INFO:Cumulated reward: 0
