2022-04-11 16:44:21,877:INFO:Creating occupants based on data from data/dorn ...
2022-04-11 16:44:22,197:INFO:Creating zones ...
2022-04-11 16:44:22,223:INFO:Environment created!
2022-04-11 16:44:39,539:INFO:Cumulated reward: 0
2022-05-11 17:49:26,359:INFO:Creating occupants based on data from data/dorn ...
2022-05-11 17:49:26,959:INFO:Creating zones ...
2022-05-11 17:49:26,980:INFO:Environment created!
2022-05-11 17:49:29,072:INFO:Cumulated reward: 0
2022-06-07 15:44:04,899:INFO:Creating occupants based on data from data/dorn ...
2022-06-07 15:44:05,402:INFO:Creating zones ...
2022-06-07 15:44:05,418:INFO:Environment created!
2022-06-07 15:44:06,624:INFO:Cumulated reward: 0
2022-06-07 17:53:45,176:INFO:Creating occupants based on data from data/dorn ...
2022-06-07 17:53:45,700:INFO:Creating zones ...
2022-06-07 17:53:45,720:INFO:Environment created!
2022-06-07 17:53:47,324:INFO:Cumulated reward: 0
2022-06-07 18:18:26,249:INFO:Creating occupants based on data from data/dorn ...
2022-06-07 18:18:26,772:INFO:Creating zones ...
2022-06-07 18:18:26,792:INFO:Environment created!
2022-06-07 18:18:28,179:INFO:Cumulated reward: 0
2022-06-07 19:27:47,139:INFO:Creating occupants based on data from data/dorn ...
2022-06-07 19:27:47,600:INFO:Creating zones ...
2022-06-07 19:27:47,617:INFO:Environment created!
2022-06-07 19:27:49,380:INFO:Cumulated reward: 0
2022-06-07 22:40:21,544:INFO:Creating occupants based on data from data/dorn ...
2022-06-07 22:40:22,064:INFO:Creating zones ...
2022-06-07 22:40:22,084:INFO:Environment created!
2022-06-07 22:40:24,055:INFO:Cumulated reward: 0
2022-06-07 22:41:39,975:INFO:Creating occupants based on data from data/dorn ...
2022-06-07 22:41:40,507:INFO:Creating zones ...
2022-06-07 22:41:40,526:INFO:Environment created!
2022-06-07 22:41:42,327:INFO:Cumulated reward: 0
2022-06-09 10:13:43,869:INFO:Creating occupants based on data from data/dorn ...
2022-06-09 10:13:44,377:INFO:Creating zones ...
2022-06-09 10:13:44,395:INFO:Environment created!
2022-06-09 10:13:45,602:INFO:Cumulated reward: 0
2022-06-29 21:51:00,925:INFO:Creating occupants based on data from data/dorn ...
2022-06-29 21:51:01,407:INFO:Creating zones ...
2022-06-29 21:51:01,425:INFO:Environment created!
2022-06-29 21:51:02,844:INFO:Cumulated reward: 0
2022-06-29 21:51:14,951:INFO:Creating occupants based on data from data/dorn ...
2022-06-29 21:51:15,486:INFO:Creating zones ...
2022-06-29 21:51:15,507:INFO:Environment created!
2022-06-29 21:51:16,400:INFO:Cumulated reward: 0
2022-06-29 21:51:27,453:INFO:Creating occupants based on data from data/dorn ...
2022-06-29 21:51:27,901:INFO:Creating zones ...
2022-06-29 21:51:27,920:INFO:Environment created!
2022-06-29 21:51:28,785:INFO:Cumulated reward: 0
2022-06-29 21:51:40,212:INFO:Creating occupants based on data from data/dorn ...
2022-06-29 21:51:40,811:INFO:Creating zones ...
2022-06-29 21:51:40,833:INFO:Environment created!
2022-06-29 21:51:41,893:INFO:Cumulated reward: 0
2022-06-29 21:51:53,267:INFO:Creating occupants based on data from data/dorn ...
2022-06-29 21:51:53,727:INFO:Creating zones ...
2022-06-29 21:51:53,746:INFO:Environment created!
2022-06-29 21:51:54,862:INFO:Cumulated reward: 0
2022-06-29 21:52:05,699:INFO:Creating occupants based on data from data/dorn ...
2022-06-29 21:52:06,138:INFO:Creating zones ...
2022-06-29 21:52:06,156:INFO:Environment created!
2022-06-29 21:52:07,371:INFO:Cumulated reward: 0
2022-06-29 21:52:18,132:INFO:Creating occupants based on data from data/dorn ...
2022-06-29 21:52:18,563:INFO:Creating zones ...
2022-06-29 21:52:18,580:INFO:Environment created!
2022-06-29 21:52:19,644:INFO:Cumulated reward: 0
2022-06-29 21:52:30,039:INFO:Creating occupants based on data from data/dorn ...
2022-06-29 21:52:30,517:INFO:Creating zones ...
2022-06-29 21:52:30,539:INFO:Environment created!
2022-06-29 21:52:31,587:INFO:Cumulated reward: 0
2022-06-29 21:52:43,298:INFO:Creating occupants based on data from data/dorn ...
2022-06-29 21:52:43,749:INFO:Creating zones ...
2022-06-29 21:52:43,769:INFO:Environment created!
2022-06-29 21:52:44,771:INFO:Cumulated reward: 0
2022-06-29 21:52:56,386:INFO:Creating occupants based on data from data/dorn ...
2022-06-29 21:52:56,943:INFO:Creating zones ...
2022-06-29 21:52:56,967:INFO:Environment created!
2022-06-29 21:52:58,039:INFO:Cumulated reward: 0
2022-06-29 21:53:09,120:INFO:Creating occupants based on data from data/dorn ...
2022-06-29 21:53:09,599:INFO:Creating zones ...
2022-06-29 21:53:09,619:INFO:Environment created!
2022-06-29 21:53:10,837:INFO:Cumulated reward: 0
2022-06-29 21:53:22,094:INFO:Creating occupants based on data from data/dorn ...
2022-06-29 21:53:22,655:INFO:Creating zones ...
2022-06-29 21:53:22,675:INFO:Environment created!
2022-06-29 21:53:23,897:INFO:Cumulated reward: 0
2022-06-29 21:53:35,323:INFO:Creating occupants based on data from data/dorn ...
2022-06-29 21:53:35,780:INFO:Creating zones ...
2022-06-29 21:53:35,799:INFO:Environment created!
2022-06-29 21:53:36,887:INFO:Cumulated reward: 0
2022-06-29 21:53:47,747:INFO:Creating occupants based on data from data/dorn ...
2022-06-29 21:53:48,196:INFO:Creating zones ...
2022-06-29 21:53:48,217:INFO:Environment created!
2022-06-29 21:53:49,271:INFO:Cumulated reward: 0
2022-06-29 21:53:59,880:INFO:Creating occupants based on data from data/dorn ...
2022-06-29 21:54:00,331:INFO:Creating zones ...
2022-06-29 21:54:00,350:INFO:Environment created!
2022-06-29 21:54:01,375:INFO:Cumulated reward: 0
2022-06-29 21:54:12,019:INFO:Creating occupants based on data from data/dorn ...
2022-06-29 21:54:12,470:INFO:Creating zones ...
2022-06-29 21:54:12,491:INFO:Environment created!
2022-06-29 21:54:13,476:INFO:Cumulated reward: 0
2022-06-29 21:54:24,448:INFO:Creating occupants based on data from data/dorn ...
2022-06-29 21:54:24,919:INFO:Creating zones ...
2022-06-29 21:54:24,939:INFO:Environment created!
2022-06-29 21:54:26,061:INFO:Cumulated reward: 0
2022-06-29 21:54:37,043:INFO:Creating occupants based on data from data/dorn ...
2022-06-29 21:54:37,497:INFO:Creating zones ...
2022-06-29 21:54:37,519:INFO:Environment created!
2022-06-29 21:54:38,370:INFO:Cumulated reward: 0
2022-06-29 21:54:48,848:INFO:Creating occupants based on data from data/dorn ...
2022-06-29 21:54:49,298:INFO:Creating zones ...
2022-06-29 21:54:49,315:INFO:Environment created!
2022-06-29 21:54:50,521:INFO:Cumulated reward: 0
2022-06-29 21:55:01,323:INFO:Creating occupants based on data from data/dorn ...
2022-06-29 21:55:01,781:INFO:Creating zones ...
2022-06-29 21:55:01,800:INFO:Environment created!
2022-06-29 21:55:02,773:INFO:Cumulated reward: 0
2022-06-29 21:55:13,696:INFO:Creating occupants based on data from data/dorn ...
2022-06-29 21:55:14,146:INFO:Creating zones ...
2022-06-29 21:55:14,166:INFO:Environment created!
2022-06-29 21:55:15,108:INFO:Cumulated reward: 0
2022-06-29 21:55:25,820:INFO:Creating occupants based on data from data/dorn ...
2022-06-29 21:55:26,434:INFO:Creating zones ...
2022-06-29 21:55:26,452:INFO:Environment created!
2022-06-29 21:55:27,642:INFO:Cumulated reward: 0
2022-06-29 21:55:39,069:INFO:Creating occupants based on data from data/dorn ...
2022-06-29 21:55:39,513:INFO:Creating zones ...
2022-06-29 21:55:39,531:INFO:Environment created!
2022-06-29 21:55:40,676:INFO:Cumulated reward: 0
2022-06-29 21:55:51,356:INFO:Creating occupants based on data from data/dorn ...
2022-06-29 21:55:51,814:INFO:Creating zones ...
2022-06-29 21:55:51,831:INFO:Environment created!
2022-06-29 21:55:52,894:INFO:Cumulated reward: 0
2022-06-29 21:56:03,340:INFO:Creating occupants based on data from data/dorn ...
2022-06-29 21:56:03,787:INFO:Creating zones ...
2022-06-29 21:56:03,804:INFO:Environment created!
2022-06-29 21:56:04,758:INFO:Cumulated reward: 0
2022-06-29 21:56:15,801:INFO:Creating occupants based on data from data/dorn ...
2022-06-29 21:56:16,246:INFO:Creating zones ...
2022-06-29 21:56:16,266:INFO:Environment created!
2022-06-29 21:56:17,294:INFO:Cumulated reward: 0
2022-06-29 21:56:27,548:INFO:Creating occupants based on data from data/dorn ...
2022-06-29 21:56:27,982:INFO:Creating zones ...
2022-06-29 21:56:27,999:INFO:Environment created!
2022-06-29 21:56:29,021:INFO:Cumulated reward: 0
2022-06-29 21:56:39,170:INFO:Creating occupants based on data from data/dorn ...
2022-06-29 21:56:39,618:INFO:Creating zones ...
2022-06-29 21:56:39,635:INFO:Environment created!
2022-06-29 21:56:40,636:INFO:Cumulated reward: 0
2022-06-29 21:56:51,460:INFO:Creating occupants based on data from data/dorn ...
2022-06-29 21:56:51,916:INFO:Creating zones ...
2022-06-29 21:56:51,933:INFO:Environment created!
2022-06-29 21:56:53,129:INFO:Cumulated reward: 0
2022-06-29 21:57:03,701:INFO:Creating occupants based on data from data/dorn ...
2022-06-29 21:57:04,129:INFO:Creating zones ...
2022-06-29 21:57:04,149:INFO:Environment created!
2022-06-29 21:57:05,125:INFO:Cumulated reward: 0
2022-07-04 18:07:37,737:INFO:Creating occupants based on data from data/dorn ...
2022-07-04 18:07:38,359:INFO:Creating zones ...
2022-07-04 18:07:38,375:INFO:Environment created!
2022-07-04 18:07:39,499:INFO:Cumulated reward: 0
2022-07-04 18:07:54,272:INFO:Creating occupants based on data from data/dorn ...
2022-07-04 18:07:54,894:INFO:Creating zones ...
2022-07-04 18:07:54,909:INFO:Environment created!
2022-07-04 18:07:56,447:INFO:Cumulated reward: 0
2022-07-04 18:08:12,362:INFO:Creating occupants based on data from data/dorn ...
2022-07-04 18:08:13,210:INFO:Creating zones ...
2022-07-04 18:08:13,229:INFO:Environment created!
2022-07-04 18:08:15,184:INFO:Cumulated reward: 0
2022-07-04 18:08:33,314:INFO:Creating occupants based on data from data/dorn ...
2022-07-04 18:08:34,087:INFO:Creating zones ...
2022-07-04 18:08:34,107:INFO:Environment created!
2022-07-04 18:08:36,068:INFO:Cumulated reward: 0
2022-07-04 18:08:55,840:INFO:Creating occupants based on data from data/dorn ...
2022-07-04 18:08:56,659:INFO:Creating zones ...
2022-07-04 18:08:56,680:INFO:Environment created!
2022-07-04 18:08:58,404:INFO:Cumulated reward: 0
2022-07-04 18:09:18,291:INFO:Creating occupants based on data from data/dorn ...
2022-07-04 18:09:19,137:INFO:Creating zones ...
2022-07-04 18:09:19,159:INFO:Environment created!
2022-07-04 18:09:21,166:INFO:Cumulated reward: 0
2022-07-04 18:09:40,985:INFO:Creating occupants based on data from data/dorn ...
2022-07-04 18:09:41,770:INFO:Creating zones ...
2022-07-04 18:09:41,789:INFO:Environment created!
2022-07-04 18:09:43,655:INFO:Cumulated reward: 0
2022-07-04 18:10:03,640:INFO:Creating occupants based on data from data/dorn ...
2022-07-04 18:10:04,603:INFO:Creating zones ...
2022-07-04 18:10:04,626:INFO:Environment created!
2022-07-04 18:10:06,747:INFO:Cumulated reward: 0
2022-07-04 18:10:29,855:INFO:Creating occupants based on data from data/dorn ...
2022-07-04 18:10:30,990:INFO:Creating zones ...
2022-07-04 18:10:31,020:INFO:Environment created!
2022-07-04 18:10:33,365:INFO:Cumulated reward: 0
2022-07-04 18:10:58,037:INFO:Creating occupants based on data from data/dorn ...
2022-07-04 18:10:59,057:INFO:Creating zones ...
2022-07-04 18:10:59,082:INFO:Environment created!
2022-07-04 18:11:01,929:INFO:Cumulated reward: 0
2022-07-04 18:11:26,732:INFO:Creating occupants based on data from data/dorn ...
2022-07-04 18:11:27,794:INFO:Creating zones ...
2022-07-04 18:11:27,818:INFO:Environment created!
2022-07-04 18:11:30,054:INFO:Cumulated reward: 0
2022-07-04 18:11:55,616:INFO:Creating occupants based on data from data/dorn ...
2022-07-04 18:11:56,607:INFO:Creating zones ...
2022-07-04 18:11:56,632:INFO:Environment created!
2022-07-04 18:11:59,546:INFO:Cumulated reward: 0
2022-07-04 18:12:26,237:INFO:Creating occupants based on data from data/dorn ...
2022-07-04 18:12:27,400:INFO:Creating zones ...
2022-07-04 18:12:27,427:INFO:Environment created!
2022-07-04 18:12:29,685:INFO:Cumulated reward: 0
2022-07-04 18:12:55,937:INFO:Creating occupants based on data from data/dorn ...
2022-07-04 18:12:57,010:INFO:Creating zones ...
2022-07-04 18:12:57,035:INFO:Environment created!
2022-07-04 18:12:59,352:INFO:Cumulated reward: 0
2022-07-04 18:13:27,449:INFO:Creating occupants based on data from data/dorn ...
2022-07-04 18:13:28,603:INFO:Creating zones ...
2022-07-04 18:13:28,632:INFO:Environment created!
2022-07-04 18:13:31,385:INFO:Cumulated reward: 0
2022-07-04 18:13:58,859:INFO:Creating occupants based on data from data/dorn ...
2022-07-04 18:13:59,967:INFO:Creating zones ...
2022-07-04 18:13:59,994:INFO:Environment created!
2022-07-04 18:14:02,561:INFO:Cumulated reward: 0
2022-07-04 18:14:27,505:INFO:Creating occupants based on data from data/dorn ...
2022-07-04 18:14:28,438:INFO:Creating zones ...
2022-07-04 18:14:28,462:INFO:Environment created!
2022-07-04 18:14:30,970:INFO:Cumulated reward: 0
2022-07-04 18:14:53,313:INFO:Creating occupants based on data from data/dorn ...
2022-07-04 18:14:54,169:INFO:Creating zones ...
2022-07-04 18:14:54,192:INFO:Environment created!
2022-07-04 18:14:56,112:INFO:Cumulated reward: 0
2022-07-04 18:15:15,551:INFO:Creating occupants based on data from data/dorn ...
2022-07-04 18:15:16,317:INFO:Creating zones ...
2022-07-04 18:15:16,336:INFO:Environment created!
2022-07-04 18:15:17,986:INFO:Cumulated reward: 0
2022-07-04 18:15:34,665:INFO:Creating occupants based on data from data/dorn ...
2022-07-04 18:15:35,319:INFO:Creating zones ...
2022-07-04 18:15:35,335:INFO:Environment created!
2022-07-04 18:15:36,767:INFO:Cumulated reward: 0
2022-07-04 18:15:52,134:INFO:Creating occupants based on data from data/dorn ...
2022-07-04 18:15:52,768:INFO:Creating zones ...
2022-07-04 18:15:52,785:INFO:Environment created!
2022-07-04 18:15:54,573:INFO:Cumulated reward: 0
2022-07-04 18:16:09,306:INFO:Creating occupants based on data from data/dorn ...
2022-07-04 18:16:09,889:INFO:Creating zones ...
2022-07-04 18:16:09,903:INFO:Environment created!
2022-07-04 18:16:11,406:INFO:Cumulated reward: 0
2022-07-04 18:16:25,508:INFO:Creating occupants based on data from data/dorn ...
2022-07-04 18:16:26,150:INFO:Creating zones ...
2022-07-04 18:16:26,166:INFO:Environment created!
2022-07-04 18:16:27,393:INFO:Cumulated reward: 0
2022-07-04 18:16:43,884:INFO:Creating occupants based on data from data/dorn ...
2022-07-04 18:16:44,539:INFO:Creating zones ...
2022-07-04 18:16:44,555:INFO:Environment created!
2022-07-04 18:16:46,020:INFO:Cumulated reward: 0
2022-07-04 18:17:01,968:INFO:Creating occupants based on data from data/dorn ...
2022-07-04 18:17:02,583:INFO:Creating zones ...
2022-07-04 18:17:02,600:INFO:Environment created!
2022-07-04 18:17:03,989:INFO:Cumulated reward: 0
2022-07-04 18:17:18,727:INFO:Creating occupants based on data from data/dorn ...
2022-07-04 18:17:19,422:INFO:Creating zones ...
2022-07-04 18:17:19,440:INFO:Environment created!
2022-07-04 18:17:20,741:INFO:Cumulated reward: 0
2022-07-04 18:17:36,313:INFO:Creating occupants based on data from data/dorn ...
2022-07-04 18:17:37,002:INFO:Creating zones ...
2022-07-04 18:17:37,018:INFO:Environment created!
2022-07-04 18:17:38,541:INFO:Cumulated reward: 0
2022-07-04 18:17:54,308:INFO:Creating occupants based on data from data/dorn ...
2022-07-04 18:17:54,961:INFO:Creating zones ...
2022-07-04 18:17:54,978:INFO:Environment created!
2022-07-04 18:17:56,644:INFO:Cumulated reward: 0
2022-07-04 18:18:11,541:INFO:Creating occupants based on data from data/dorn ...
2022-07-04 18:18:12,150:INFO:Creating zones ...
2022-07-04 18:18:12,165:INFO:Environment created!
2022-07-04 18:18:13,584:INFO:Cumulated reward: 0
2022-07-04 18:18:27,824:INFO:Creating occupants based on data from data/dorn ...
2022-07-04 18:18:28,421:INFO:Creating zones ...
2022-07-04 18:18:28,436:INFO:Environment created!
2022-07-04 18:18:29,621:INFO:Cumulated reward: 0
2022-07-04 19:07:16,599:INFO:Creating occupants based on data from data/dorn ...
2022-07-04 19:07:17,033:INFO:Creating zones ...
2022-07-04 19:07:17,045:INFO:Environment created!
2022-07-04 19:07:17,987:INFO:Cumulated reward: 0
2022-07-04 19:07:28,383:INFO:Creating occupants based on data from data/dorn ...
2022-07-04 19:07:28,817:INFO:Creating zones ...
2022-07-04 19:07:28,828:INFO:Environment created!
2022-07-04 19:07:29,890:INFO:Cumulated reward: 0
2022-07-04 19:07:40,627:INFO:Creating occupants based on data from data/dorn ...
2022-07-04 19:07:41,057:INFO:Creating zones ...
2022-07-04 19:07:41,069:INFO:Environment created!
2022-07-04 19:07:42,187:INFO:Cumulated reward: 0
2022-07-04 19:07:53,008:INFO:Creating occupants based on data from data/dorn ...
2022-07-04 19:07:53,448:INFO:Creating zones ...
2022-07-04 19:07:53,460:INFO:Environment created!
2022-07-04 19:07:54,469:INFO:Cumulated reward: 0
2022-07-04 19:08:05,092:INFO:Creating occupants based on data from data/dorn ...
2022-07-04 19:08:05,535:INFO:Creating zones ...
2022-07-04 19:08:05,546:INFO:Environment created!
2022-07-04 19:08:06,511:INFO:Cumulated reward: 0
2022-07-04 19:08:17,181:INFO:Creating occupants based on data from data/dorn ...
2022-07-04 19:08:17,613:INFO:Creating zones ...
2022-07-04 19:08:17,624:INFO:Environment created!
2022-07-04 19:08:18,551:INFO:Cumulated reward: 0
2022-07-04 19:08:28,729:INFO:Creating occupants based on data from data/dorn ...
2022-07-04 19:08:29,176:INFO:Creating zones ...
2022-07-04 19:08:29,188:INFO:Environment created!
2022-07-04 19:08:30,530:INFO:Cumulated reward: 0
2022-07-04 19:08:43,055:INFO:Creating occupants based on data from data/dorn ...
2022-07-04 19:08:43,548:INFO:Creating zones ...
2022-07-04 19:08:43,560:INFO:Environment created!
2022-07-04 19:08:44,743:INFO:Cumulated reward: 0
2022-07-04 19:08:56,838:INFO:Creating occupants based on data from data/dorn ...
2022-07-04 19:08:57,320:INFO:Creating zones ...
2022-07-04 19:08:57,333:INFO:Environment created!
2022-07-04 19:08:58,358:INFO:Cumulated reward: 0
2022-07-04 19:09:09,380:INFO:Creating occupants based on data from data/dorn ...
2022-07-04 19:09:09,844:INFO:Creating zones ...
2022-07-04 19:09:09,856:INFO:Environment created!
2022-07-04 19:09:11,266:INFO:Cumulated reward: 0
2022-07-04 19:09:22,042:INFO:Creating occupants based on data from data/dorn ...
2022-07-04 19:09:22,484:INFO:Creating zones ...
2022-07-04 19:09:22,495:INFO:Environment created!
2022-07-04 19:09:23,399:INFO:Cumulated reward: 0
2022-07-04 19:09:33,969:INFO:Creating occupants based on data from data/dorn ...
2022-07-04 19:09:34,410:INFO:Creating zones ...
2022-07-04 19:09:34,421:INFO:Environment created!
2022-07-04 19:09:35,247:INFO:Cumulated reward: 0
2022-07-04 19:09:45,986:INFO:Creating occupants based on data from data/dorn ...
2022-07-04 19:09:46,416:INFO:Creating zones ...
2022-07-04 19:09:46,427:INFO:Environment created!
2022-07-04 19:09:47,521:INFO:Cumulated reward: 0
2022-07-04 19:09:58,082:INFO:Creating occupants based on data from data/dorn ...
2022-07-04 19:09:58,511:INFO:Creating zones ...
2022-07-04 19:09:58,524:INFO:Environment created!
2022-07-04 19:09:59,532:INFO:Cumulated reward: 0
2022-07-04 19:10:10,144:INFO:Creating occupants based on data from data/dorn ...
2022-07-04 19:10:10,584:INFO:Creating zones ...
2022-07-04 19:10:10,596:INFO:Environment created!
2022-07-04 19:10:11,771:INFO:Cumulated reward: 0
2022-07-04 19:10:21,898:INFO:Creating occupants based on data from data/dorn ...
2022-07-04 19:10:22,329:INFO:Creating zones ...
2022-07-04 19:10:22,341:INFO:Environment created!
2022-07-04 19:10:23,181:INFO:Cumulated reward: 0
2022-07-04 19:10:33,657:INFO:Creating occupants based on data from data/dorn ...
2022-07-04 19:10:34,081:INFO:Creating zones ...
2022-07-04 19:10:34,092:INFO:Environment created!
2022-07-04 19:10:35,190:INFO:Cumulated reward: 0
2022-07-04 19:10:45,527:INFO:Creating occupants based on data from data/dorn ...
2022-07-04 19:10:45,959:INFO:Creating zones ...
2022-07-04 19:10:45,971:INFO:Environment created!
2022-07-04 19:10:46,734:INFO:Cumulated reward: 0
2022-07-04 19:10:57,198:INFO:Creating occupants based on data from data/dorn ...
2022-07-04 19:10:57,637:INFO:Creating zones ...
2022-07-04 19:10:57,649:INFO:Environment created!
2022-07-04 19:10:58,654:INFO:Cumulated reward: 0
2022-07-04 19:11:09,229:INFO:Creating occupants based on data from data/dorn ...
2022-07-04 19:11:09,662:INFO:Creating zones ...
2022-07-04 19:11:09,674:INFO:Environment created!
2022-07-04 19:11:10,577:INFO:Cumulated reward: 0
2022-07-04 19:11:21,198:INFO:Creating occupants based on data from data/dorn ...
2022-07-04 19:11:21,626:INFO:Creating zones ...
2022-07-04 19:11:21,637:INFO:Environment created!
2022-07-04 19:11:22,731:INFO:Cumulated reward: 0
2022-07-04 19:11:33,324:INFO:Creating occupants based on data from data/dorn ...
2022-07-04 19:11:33,755:INFO:Creating zones ...
2022-07-04 19:11:33,766:INFO:Environment created!
2022-07-04 19:11:34,774:INFO:Cumulated reward: 0
2022-07-04 19:11:45,069:INFO:Creating occupants based on data from data/dorn ...
2022-07-04 19:11:45,606:INFO:Creating zones ...
2022-07-04 19:11:45,618:INFO:Environment created!
2022-07-04 19:11:46,543:INFO:Cumulated reward: 0
2022-07-04 19:11:56,737:INFO:Creating occupants based on data from data/dorn ...
2022-07-04 19:11:57,164:INFO:Creating zones ...
2022-07-04 19:11:57,175:INFO:Environment created!
2022-07-04 19:11:58,154:INFO:Cumulated reward: 0
2022-07-04 19:12:08,677:INFO:Creating occupants based on data from data/dorn ...
2022-07-04 19:12:09,108:INFO:Creating zones ...
2022-07-04 19:12:09,119:INFO:Environment created!
2022-07-04 19:12:09,962:INFO:Cumulated reward: 0
2022-07-04 19:12:20,368:INFO:Creating occupants based on data from data/dorn ...
2022-07-04 19:12:20,794:INFO:Creating zones ...
2022-07-04 19:12:20,806:INFO:Environment created!
2022-07-04 19:12:21,715:INFO:Cumulated reward: 0
2022-07-04 19:12:31,888:INFO:Creating occupants based on data from data/dorn ...
2022-07-04 19:12:32,318:INFO:Creating zones ...
2022-07-04 19:12:32,329:INFO:Environment created!
2022-07-04 19:12:33,319:INFO:Cumulated reward: 0
2022-07-04 19:12:43,598:INFO:Creating occupants based on data from data/dorn ...
2022-07-04 19:12:44,022:INFO:Creating zones ...
2022-07-04 19:12:44,034:INFO:Environment created!
2022-07-04 19:12:44,988:INFO:Cumulated reward: 0
2022-07-04 19:12:55,411:INFO:Creating occupants based on data from data/dorn ...
2022-07-04 19:12:55,847:INFO:Creating zones ...
2022-07-04 19:12:55,858:INFO:Environment created!
2022-07-04 19:12:56,925:INFO:Cumulated reward: 0
2022-07-04 19:13:07,014:INFO:Creating occupants based on data from data/dorn ...
2022-07-04 19:13:07,444:INFO:Creating zones ...
2022-07-04 19:13:07,456:INFO:Environment created!
2022-07-04 19:13:08,494:INFO:Cumulated reward: 0
2022-07-05 14:57:31,913:INFO:Creating occupants based on data from data/dorn ...
2022-07-05 14:57:32,345:INFO:Creating zones ...
2022-07-05 14:57:32,356:INFO:Environment created!
2022-07-05 14:57:33,517:INFO:Cumulated reward: 0
2022-07-05 14:57:44,683:INFO:Creating occupants based on data from data/dorn ...
2022-07-05 14:57:45,122:INFO:Creating zones ...
2022-07-05 14:57:45,133:INFO:Environment created!
2022-07-05 14:57:46,178:INFO:Cumulated reward: 0
2022-07-05 14:57:57,108:INFO:Creating occupants based on data from data/dorn ...
2022-07-05 14:57:57,550:INFO:Creating zones ...
2022-07-05 14:57:57,563:INFO:Environment created!
2022-07-05 14:57:58,319:INFO:Cumulated reward: 0
2022-07-05 14:58:09,215:INFO:Creating occupants based on data from data/dorn ...
2022-07-05 14:58:09,663:INFO:Creating zones ...
2022-07-05 14:58:09,674:INFO:Environment created!
2022-07-05 14:58:10,654:INFO:Cumulated reward: 0
2022-07-05 14:58:21,349:INFO:Creating occupants based on data from data/dorn ...
2022-07-05 14:58:21,791:INFO:Creating zones ...
2022-07-05 14:58:21,802:INFO:Environment created!
2022-07-05 14:58:22,716:INFO:Cumulated reward: 0
2022-07-05 14:58:33,359:INFO:Creating occupants based on data from data/dorn ...
2022-07-05 14:58:33,795:INFO:Creating zones ...
2022-07-05 14:58:33,806:INFO:Environment created!
2022-07-05 14:58:34,706:INFO:Cumulated reward: 0
2022-07-05 14:58:45,633:INFO:Creating occupants based on data from data/dorn ...
2022-07-05 14:58:46,068:INFO:Creating zones ...
2022-07-05 14:58:46,080:INFO:Environment created!
2022-07-05 14:58:47,214:INFO:Cumulated reward: 0
2022-07-05 14:58:57,917:INFO:Creating occupants based on data from data/dorn ...
2022-07-05 14:58:58,388:INFO:Creating zones ...
2022-07-05 14:58:58,404:INFO:Environment created!
2022-07-05 14:58:59,293:INFO:Cumulated reward: 0
2022-07-05 14:59:10,798:INFO:Creating occupants based on data from data/dorn ...
2022-07-05 14:59:11,248:INFO:Creating zones ...
2022-07-05 14:59:11,259:INFO:Environment created!
2022-07-05 14:59:12,326:INFO:Cumulated reward: 0
2022-07-05 14:59:23,340:INFO:Creating occupants based on data from data/dorn ...
2022-07-05 14:59:23,792:INFO:Creating zones ...
2022-07-05 14:59:23,802:INFO:Environment created!
2022-07-05 14:59:24,724:INFO:Cumulated reward: 0
2022-07-05 14:59:35,756:INFO:Creating occupants based on data from data/dorn ...
2022-07-05 14:59:36,198:INFO:Creating zones ...
2022-07-05 14:59:36,209:INFO:Environment created!
2022-07-05 14:59:37,269:INFO:Cumulated reward: 0
2022-07-05 14:59:48,373:INFO:Creating occupants based on data from data/dorn ...
2022-07-05 14:59:48,813:INFO:Creating zones ...
2022-07-05 14:59:48,824:INFO:Environment created!
2022-07-05 14:59:49,642:INFO:Cumulated reward: 0
2022-07-05 15:00:00,569:INFO:Creating occupants based on data from data/dorn ...
2022-07-05 15:00:01,022:INFO:Creating zones ...
2022-07-05 15:00:01,033:INFO:Environment created!
2022-07-05 15:00:02,046:INFO:Cumulated reward: 0
2022-07-05 15:00:13,025:INFO:Creating occupants based on data from data/dorn ...
2022-07-05 15:00:13,455:INFO:Creating zones ...
2022-07-05 15:00:13,468:INFO:Environment created!
2022-07-05 15:00:14,410:INFO:Cumulated reward: 0
2022-07-05 15:00:25,181:INFO:Creating occupants based on data from data/dorn ...
2022-07-05 15:00:25,627:INFO:Creating zones ...
2022-07-05 15:00:25,637:INFO:Environment created!
2022-07-05 15:00:26,571:INFO:Cumulated reward: 0
2022-07-05 15:00:37,743:INFO:Creating occupants based on data from data/dorn ...
2022-07-05 15:00:38,198:INFO:Creating zones ...
2022-07-05 15:00:38,209:INFO:Environment created!
2022-07-05 15:00:39,329:INFO:Cumulated reward: 0
2022-07-05 15:00:50,471:INFO:Creating occupants based on data from data/dorn ...
2022-07-05 15:00:50,920:INFO:Creating zones ...
2022-07-05 15:00:50,932:INFO:Environment created!
2022-07-05 15:00:51,946:INFO:Cumulated reward: 0
2022-07-05 15:01:03,278:INFO:Creating occupants based on data from data/dorn ...
2022-07-05 15:01:03,736:INFO:Creating zones ...
2022-07-05 15:01:03,748:INFO:Environment created!
2022-07-05 15:01:04,742:INFO:Cumulated reward: 0
2022-07-05 15:01:16,891:INFO:Creating occupants based on data from data/dorn ...
2022-07-05 15:01:17,394:INFO:Creating zones ...
2022-07-05 15:01:17,406:INFO:Environment created!
2022-07-05 15:01:18,701:INFO:Cumulated reward: 0
2022-07-05 15:01:30,371:INFO:Creating occupants based on data from data/dorn ...
2022-07-05 15:01:30,827:INFO:Creating zones ...
2022-07-05 15:01:30,838:INFO:Environment created!
2022-07-05 15:01:31,811:INFO:Cumulated reward: 0
2022-07-05 15:01:42,940:INFO:Creating occupants based on data from data/dorn ...
2022-07-05 15:01:43,394:INFO:Creating zones ...
2022-07-05 15:01:43,405:INFO:Environment created!
2022-07-05 15:01:44,374:INFO:Cumulated reward: 0
2022-07-05 15:01:55,347:INFO:Creating occupants based on data from data/dorn ...
2022-07-05 15:01:55,788:INFO:Creating zones ...
2022-07-05 15:01:55,800:INFO:Environment created!
2022-07-05 15:01:56,816:INFO:Cumulated reward: 0
2022-07-05 15:02:08,347:INFO:Creating occupants based on data from data/dorn ...
2022-07-05 15:02:08,793:INFO:Creating zones ...
2022-07-05 15:02:08,804:INFO:Environment created!
2022-07-05 15:02:09,887:INFO:Cumulated reward: 0
2022-07-05 15:02:21,106:INFO:Creating occupants based on data from data/dorn ...
2022-07-05 15:02:21,550:INFO:Creating zones ...
2022-07-05 15:02:21,560:INFO:Environment created!
2022-07-05 15:02:22,470:INFO:Cumulated reward: 0
2022-07-05 15:02:33,866:INFO:Creating occupants based on data from data/dorn ...
2022-07-05 15:02:34,326:INFO:Creating zones ...
2022-07-05 15:02:34,337:INFO:Environment created!
2022-07-05 15:02:35,283:INFO:Cumulated reward: 0
2022-07-05 15:02:46,641:INFO:Creating occupants based on data from data/dorn ...
2022-07-05 15:02:47,125:INFO:Creating zones ...
2022-07-05 15:02:47,137:INFO:Environment created!
2022-07-05 15:02:48,390:INFO:Cumulated reward: 0
2022-07-05 15:03:00,258:INFO:Creating occupants based on data from data/dorn ...
2022-07-05 15:03:00,745:INFO:Creating zones ...
2022-07-05 15:03:00,757:INFO:Environment created!
2022-07-05 15:03:01,799:INFO:Cumulated reward: 0
2022-07-05 15:03:13,260:INFO:Creating occupants based on data from data/dorn ...
2022-07-05 15:03:13,717:INFO:Creating zones ...
2022-07-05 15:03:13,729:INFO:Environment created!
2022-07-05 15:03:14,577:INFO:Cumulated reward: 0
2022-07-05 15:03:26,222:INFO:Creating occupants based on data from data/dorn ...
2022-07-05 15:03:26,687:INFO:Creating zones ...
2022-07-05 15:03:26,700:INFO:Environment created!
2022-07-05 15:03:27,573:INFO:Cumulated reward: 0
2022-07-05 15:03:38,945:INFO:Creating occupants based on data from data/dorn ...
2022-07-05 15:03:39,411:INFO:Creating zones ...
2022-07-05 15:03:39,422:INFO:Environment created!
2022-07-05 15:03:40,660:INFO:Cumulated reward: 0
2022-07-08 18:15:04,322:INFO:Creating occupants based on data from data/dorn ...
2022-07-08 18:15:04,762:INFO:Creating zones ...
2022-07-08 18:15:04,774:INFO:Environment created!
2022-07-08 18:15:05,875:INFO:Cumulated reward: 0
2022-07-08 18:15:17,272:INFO:Creating occupants based on data from data/dorn ...
2022-07-08 18:15:17,726:INFO:Creating zones ...
2022-07-08 18:15:17,738:INFO:Environment created!
2022-07-08 18:15:18,763:INFO:Cumulated reward: 0
2022-07-08 18:15:29,565:INFO:Creating occupants based on data from data/dorn ...
2022-07-08 18:15:30,004:INFO:Creating zones ...
2022-07-08 18:15:30,015:INFO:Environment created!
2022-07-08 18:15:31,080:INFO:Cumulated reward: 0
2022-07-08 18:15:41,851:INFO:Creating occupants based on data from data/dorn ...
2022-07-08 18:15:42,293:INFO:Creating zones ...
2022-07-08 18:15:42,306:INFO:Environment created!
2022-07-08 18:15:43,313:INFO:Cumulated reward: 0
2022-07-08 18:15:54,921:INFO:Creating occupants based on data from data/dorn ...
2022-07-08 18:15:55,416:INFO:Creating zones ...
2022-07-08 18:15:55,428:INFO:Environment created!
2022-07-08 18:15:56,490:INFO:Cumulated reward: 0
2022-07-08 18:16:08,864:INFO:Creating occupants based on data from data/dorn ...
2022-07-08 18:16:09,358:INFO:Creating zones ...
2022-07-08 18:16:09,372:INFO:Environment created!
2022-07-08 18:16:10,490:INFO:Cumulated reward: 0
2022-07-08 18:16:22,177:INFO:Creating occupants based on data from data/dorn ...
2022-07-08 18:16:22,617:INFO:Creating zones ...
2022-07-08 18:16:22,628:INFO:Environment created!
2022-07-08 18:16:23,738:INFO:Cumulated reward: 0
2022-07-08 18:16:34,719:INFO:Creating occupants based on data from data/dorn ...
2022-07-08 18:16:35,156:INFO:Creating zones ...
2022-07-08 18:16:35,169:INFO:Environment created!
2022-07-08 18:16:36,217:INFO:Cumulated reward: 0
2022-07-08 18:16:47,017:INFO:Creating occupants based on data from data/dorn ...
2022-07-08 18:16:47,443:INFO:Creating zones ...
2022-07-08 18:16:47,455:INFO:Environment created!
2022-07-08 18:16:48,599:INFO:Cumulated reward: 0
2022-07-08 18:16:59,423:INFO:Creating occupants based on data from data/dorn ...
2022-07-08 18:16:59,857:INFO:Creating zones ...
2022-07-08 18:16:59,869:INFO:Environment created!
2022-07-08 18:17:00,862:INFO:Cumulated reward: 0
2022-07-08 18:17:11,916:INFO:Creating occupants based on data from data/dorn ...
2022-07-08 18:17:12,349:INFO:Creating zones ...
2022-07-08 18:17:12,361:INFO:Environment created!
2022-07-08 18:17:13,453:INFO:Cumulated reward: 0
2022-07-08 18:17:24,508:INFO:Creating occupants based on data from data/dorn ...
2022-07-08 18:17:24,946:INFO:Creating zones ...
2022-07-08 18:17:24,957:INFO:Environment created!
2022-07-08 18:17:26,173:INFO:Cumulated reward: 0
2022-07-08 18:17:37,520:INFO:Creating occupants based on data from data/dorn ...
2022-07-08 18:17:37,965:INFO:Creating zones ...
2022-07-08 18:17:37,977:INFO:Environment created!
2022-07-08 18:17:39,005:INFO:Cumulated reward: 0
2022-07-08 18:17:50,599:INFO:Creating occupants based on data from data/dorn ...
2022-07-08 18:17:51,050:INFO:Creating zones ...
2022-07-08 18:17:51,062:INFO:Environment created!
2022-07-08 18:17:52,219:INFO:Cumulated reward: 0
2022-07-08 18:18:03,552:INFO:Creating occupants based on data from data/dorn ...
2022-07-08 18:18:03,993:INFO:Creating zones ...
2022-07-08 18:18:04,005:INFO:Environment created!
2022-07-08 18:18:05,100:INFO:Cumulated reward: 0
2022-07-08 18:18:15,826:INFO:Creating occupants based on data from data/dorn ...
2022-07-08 18:18:16,273:INFO:Creating zones ...
2022-07-08 18:18:16,285:INFO:Environment created!
2022-07-08 18:18:17,386:INFO:Cumulated reward: 0
2022-07-08 18:18:29,514:INFO:Creating occupants based on data from data/dorn ...
2022-07-08 18:18:30,033:INFO:Creating zones ...
2022-07-08 18:18:30,046:INFO:Environment created!
2022-07-08 18:18:31,111:INFO:Cumulated reward: 0
2022-07-08 18:18:45,256:INFO:Creating occupants based on data from data/dorn ...
2022-07-08 18:18:45,842:INFO:Creating zones ...
2022-07-08 18:18:45,856:INFO:Environment created!
2022-07-08 18:18:47,328:INFO:Cumulated reward: 0
2022-07-08 18:19:02,078:INFO:Creating occupants based on data from data/dorn ...
2022-07-08 18:19:02,704:INFO:Creating zones ...
2022-07-08 18:19:02,721:INFO:Environment created!
2022-07-08 18:19:04,208:INFO:Cumulated reward: 0
2022-07-08 18:19:20,618:INFO:Creating occupants based on data from data/dorn ...
2022-07-08 18:19:21,212:INFO:Creating zones ...
2022-07-08 18:19:21,227:INFO:Environment created!
2022-07-08 18:19:23,030:INFO:Cumulated reward: 0
2022-07-08 18:19:36,988:INFO:Creating occupants based on data from data/dorn ...
2022-07-08 18:19:37,486:INFO:Creating zones ...
2022-07-08 18:19:37,499:INFO:Environment created!
2022-07-08 18:19:38,882:INFO:Cumulated reward: 0
2022-07-08 18:19:50,893:INFO:Creating occupants based on data from data/dorn ...
2022-07-08 18:19:51,354:INFO:Creating zones ...
2022-07-08 18:19:51,366:INFO:Environment created!
2022-07-08 18:19:52,419:INFO:Cumulated reward: 0
2022-07-08 18:20:03,947:INFO:Creating occupants based on data from data/dorn ...
2022-07-08 18:20:04,396:INFO:Creating zones ...
2022-07-08 18:20:04,408:INFO:Environment created!
2022-07-08 18:20:05,833:INFO:Cumulated reward: 0
2022-07-08 18:20:19,109:INFO:Creating occupants based on data from data/dorn ...
2022-07-08 18:20:19,757:INFO:Creating zones ...
2022-07-08 18:20:19,771:INFO:Environment created!
2022-07-08 18:20:21,017:INFO:Cumulated reward: 0
2022-07-08 18:20:35,926:INFO:Creating occupants based on data from data/dorn ...
2022-07-08 18:20:36,529:INFO:Creating zones ...
2022-07-08 18:20:36,545:INFO:Environment created!
2022-07-08 18:20:38,123:INFO:Cumulated reward: 0
2022-07-08 18:20:53,862:INFO:Creating occupants based on data from data/dorn ...
2022-07-08 18:20:54,436:INFO:Creating zones ...
2022-07-08 18:20:54,450:INFO:Environment created!
2022-07-08 18:20:55,796:INFO:Cumulated reward: 0
2022-07-08 18:21:09,171:INFO:Creating occupants based on data from data/dorn ...
2022-07-08 18:21:09,682:INFO:Creating zones ...
2022-07-08 18:21:09,695:INFO:Environment created!
2022-07-08 18:21:11,313:INFO:Cumulated reward: 0
2022-07-08 18:21:23,558:INFO:Creating occupants based on data from data/dorn ...
2022-07-08 18:21:24,030:INFO:Creating zones ...
2022-07-08 18:21:24,041:INFO:Environment created!
2022-07-08 18:21:25,201:INFO:Cumulated reward: 0
2022-07-08 18:21:37,352:INFO:Creating occupants based on data from data/dorn ...
2022-07-08 18:21:37,804:INFO:Creating zones ...
2022-07-08 18:21:37,815:INFO:Environment created!
2022-07-08 18:21:38,977:INFO:Cumulated reward: 0
2022-07-08 18:21:50,200:INFO:Creating occupants based on data from data/dorn ...
2022-07-08 18:21:50,649:INFO:Creating zones ...
2022-07-08 18:21:50,660:INFO:Environment created!
2022-07-08 18:21:51,768:INFO:Cumulated reward: 0
2022-07-09 00:01:32,527:INFO:Creating occupants based on data from data/dorn ...
2022-07-09 00:01:33,948:INFO:Creating zones ...
2022-07-09 00:01:33,987:INFO:Environment created!
2022-07-09 00:01:37,820:INFO:Cumulated reward: 0
2022-07-09 00:02:22,601:INFO:Creating occupants based on data from data/dorn ...
2022-07-09 00:02:24,144:INFO:Creating zones ...
2022-07-09 00:02:24,181:INFO:Environment created!
2022-07-09 00:02:28,707:INFO:Cumulated reward: 0
2022-07-09 00:03:02,313:INFO:Creating occupants based on data from data/dorn ...
2022-07-09 00:03:03,426:INFO:Creating zones ...
2022-07-09 00:03:03,456:INFO:Environment created!
2022-07-09 00:03:06,696:INFO:Cumulated reward: 0
2022-07-09 00:03:31,132:INFO:Creating occupants based on data from data/dorn ...
2022-07-09 00:03:31,984:INFO:Creating zones ...
2022-07-09 00:03:32,008:INFO:Environment created!
2022-07-09 00:03:34,032:INFO:Cumulated reward: 0
2022-07-09 00:03:55,448:INFO:Creating occupants based on data from data/dorn ...
2022-07-09 00:03:56,347:INFO:Creating zones ...
2022-07-09 00:03:56,370:INFO:Environment created!
2022-07-09 00:03:58,552:INFO:Cumulated reward: 0
2022-07-09 00:04:26,425:INFO:Creating occupants based on data from data/dorn ...
2022-07-09 00:04:27,850:INFO:Creating zones ...
2022-07-09 00:04:27,884:INFO:Environment created!
2022-07-09 00:04:30,661:INFO:Cumulated reward: 0
2022-07-09 00:05:04,410:INFO:Creating occupants based on data from data/dorn ...
2022-07-09 00:05:05,976:INFO:Creating zones ...
2022-07-09 00:05:06,009:INFO:Environment created!
2022-07-09 00:05:09,200:INFO:Cumulated reward: 0
2022-07-09 00:05:43,382:INFO:Creating occupants based on data from data/dorn ...
2022-07-09 00:05:44,714:INFO:Creating zones ...
2022-07-09 00:05:44,746:INFO:Environment created!
2022-07-09 00:05:48,032:INFO:Cumulated reward: 0
2022-07-09 00:06:14,672:INFO:Creating occupants based on data from data/dorn ...
2022-07-09 00:06:15,557:INFO:Creating zones ...
2022-07-09 00:06:15,581:INFO:Environment created!
2022-07-09 00:06:17,635:INFO:Cumulated reward: 0
2022-07-09 00:06:38,446:INFO:Creating occupants based on data from data/dorn ...
2022-07-09 00:06:39,299:INFO:Creating zones ...
2022-07-09 00:06:39,321:INFO:Environment created!
2022-07-09 00:06:41,758:INFO:Cumulated reward: 0
2022-07-09 00:07:02,758:INFO:Creating occupants based on data from data/dorn ...
2022-07-09 00:07:03,619:INFO:Creating zones ...
2022-07-09 00:07:03,641:INFO:Environment created!
2022-07-09 00:07:06,003:INFO:Cumulated reward: 0
2022-07-09 00:07:30,915:INFO:Creating occupants based on data from data/dorn ...
2022-07-09 00:07:31,929:INFO:Creating zones ...
2022-07-09 00:07:31,953:INFO:Environment created!
2022-07-09 00:07:34,793:INFO:Cumulated reward: 0
2022-07-09 00:08:04,653:INFO:Creating occupants based on data from data/dorn ...
2022-07-09 00:08:05,833:INFO:Creating zones ...
2022-07-09 00:08:05,860:INFO:Environment created!
2022-07-09 00:08:09,081:INFO:Cumulated reward: 0
2022-07-09 00:08:36,176:INFO:Creating occupants based on data from data/dorn ...
2022-07-09 00:08:37,117:INFO:Creating zones ...
2022-07-09 00:08:37,140:INFO:Environment created!
2022-07-09 00:08:39,925:INFO:Cumulated reward: 0
2022-07-09 00:09:04,389:INFO:Creating occupants based on data from data/dorn ...
2022-07-09 00:09:05,361:INFO:Creating zones ...
2022-07-09 00:09:05,386:INFO:Environment created!
2022-07-09 00:09:08,023:INFO:Cumulated reward: 0
2022-07-09 00:09:30,255:INFO:Creating occupants based on data from data/dorn ...
2022-07-09 00:09:31,155:INFO:Creating zones ...
2022-07-09 00:09:31,175:INFO:Environment created!
2022-07-09 00:09:33,211:INFO:Cumulated reward: 0
2022-07-09 00:09:54,523:INFO:Creating occupants based on data from data/dorn ...
2022-07-09 00:09:55,358:INFO:Creating zones ...
2022-07-09 00:09:55,378:INFO:Environment created!
2022-07-09 00:09:57,268:INFO:Cumulated reward: 0
2022-07-09 00:10:20,005:INFO:Creating occupants based on data from data/dorn ...
2022-07-09 00:10:20,921:INFO:Creating zones ...
2022-07-09 00:10:20,943:INFO:Environment created!
2022-07-09 00:10:23,071:INFO:Cumulated reward: 0
2022-07-09 00:10:45,805:INFO:Creating occupants based on data from data/dorn ...
2022-07-09 00:10:46,701:INFO:Creating zones ...
2022-07-09 00:10:46,724:INFO:Environment created!
2022-07-09 00:10:49,208:INFO:Cumulated reward: 0
2022-07-09 00:11:11,440:INFO:Creating occupants based on data from data/dorn ...
2022-07-09 00:11:12,330:INFO:Creating zones ...
2022-07-09 00:11:12,353:INFO:Environment created!
2022-07-09 00:11:14,465:INFO:Cumulated reward: 0
2022-07-09 00:11:37,447:INFO:Creating occupants based on data from data/dorn ...
2022-07-09 00:11:38,394:INFO:Creating zones ...
2022-07-09 00:11:38,418:INFO:Environment created!
2022-07-09 00:11:40,713:INFO:Cumulated reward: 0
2022-07-09 00:12:04,382:INFO:Creating occupants based on data from data/dorn ...
2022-07-09 00:12:05,229:INFO:Creating zones ...
2022-07-09 00:12:05,250:INFO:Environment created!
2022-07-09 00:12:07,255:INFO:Cumulated reward: 0
2022-07-09 00:12:27,361:INFO:Creating occupants based on data from data/dorn ...
2022-07-09 00:12:28,285:INFO:Creating zones ...
2022-07-09 00:12:28,307:INFO:Environment created!
2022-07-09 00:12:30,409:INFO:Cumulated reward: 0
2022-07-09 00:12:56,922:INFO:Creating occupants based on data from data/dorn ...
2022-07-09 00:12:58,027:INFO:Creating zones ...
2022-07-09 00:12:58,056:INFO:Environment created!
2022-07-09 00:13:01,150:INFO:Cumulated reward: 0
2022-07-09 00:13:32,532:INFO:Creating occupants based on data from data/dorn ...
2022-07-09 00:13:33,780:INFO:Creating zones ...
2022-07-09 00:13:33,811:INFO:Environment created!
2022-07-09 00:13:36,739:INFO:Cumulated reward: 0
2022-07-09 00:14:06,421:INFO:Creating occupants based on data from data/dorn ...
2022-07-09 00:14:07,457:INFO:Creating zones ...
2022-07-09 00:14:07,481:INFO:Environment created!
2022-07-09 00:14:10,176:INFO:Cumulated reward: 0
2022-07-09 00:14:36,808:INFO:Creating occupants based on data from data/dorn ...
2022-07-09 00:14:37,765:INFO:Creating zones ...
2022-07-09 00:14:37,791:INFO:Environment created!
2022-07-09 00:14:40,672:INFO:Cumulated reward: 0
2022-07-09 00:15:03,672:INFO:Creating occupants based on data from data/dorn ...
2022-07-09 00:15:04,571:INFO:Creating zones ...
2022-07-09 00:15:04,597:INFO:Environment created!
2022-07-09 00:15:06,920:INFO:Cumulated reward: 0
2022-07-09 00:15:28,598:INFO:Creating occupants based on data from data/dorn ...
2022-07-09 00:15:29,419:INFO:Creating zones ...
2022-07-09 00:15:29,439:INFO:Environment created!
2022-07-09 00:15:31,713:INFO:Cumulated reward: 0
2022-07-09 00:15:52,611:INFO:Creating occupants based on data from data/dorn ...
2022-07-09 00:15:53,467:INFO:Creating zones ...
2022-07-09 00:15:53,489:INFO:Environment created!
2022-07-09 00:15:55,837:INFO:Cumulated reward: 0
2022-07-12 09:58:37,883:INFO:Creating occupants based on data from data/dorn ...
2022-07-12 09:58:38,322:INFO:Creating zones ...
2022-07-12 09:58:38,333:INFO:Environment created!
2022-07-12 09:58:39,380:INFO:Cumulated reward: 0
2022-07-12 09:58:50,354:INFO:Creating occupants based on data from data/dorn ...
2022-07-12 09:58:50,793:INFO:Creating zones ...
2022-07-12 09:58:50,804:INFO:Environment created!
2022-07-12 09:58:52,008:INFO:Cumulated reward: 0
2022-07-12 09:59:03,026:INFO:Creating occupants based on data from data/dorn ...
2022-07-12 09:59:03,458:INFO:Creating zones ...
2022-07-12 09:59:03,471:INFO:Environment created!
2022-07-12 09:59:04,516:INFO:Cumulated reward: 0
2022-07-12 09:59:15,691:INFO:Creating occupants based on data from data/dorn ...
2022-07-12 09:59:16,126:INFO:Creating zones ...
2022-07-12 09:59:16,136:INFO:Environment created!
2022-07-12 09:59:17,365:INFO:Cumulated reward: 0
2022-07-12 09:59:28,808:INFO:Creating occupants based on data from data/dorn ...
2022-07-12 09:59:29,248:INFO:Creating zones ...
2022-07-12 09:59:29,261:INFO:Environment created!
2022-07-12 09:59:30,420:INFO:Cumulated reward: 0
2022-07-12 09:59:41,434:INFO:Creating occupants based on data from data/dorn ...
2022-07-12 09:59:41,866:INFO:Creating zones ...
2022-07-12 09:59:41,880:INFO:Environment created!
2022-07-12 09:59:42,699:INFO:Cumulated reward: 0
2022-07-12 09:59:53,385:INFO:Creating occupants based on data from data/dorn ...
2022-07-12 09:59:53,821:INFO:Creating zones ...
2022-07-12 09:59:53,832:INFO:Environment created!
2022-07-12 09:59:54,861:INFO:Cumulated reward: 0
2022-07-12 10:00:05,601:INFO:Creating occupants based on data from data/dorn ...
2022-07-12 10:00:06,033:INFO:Creating zones ...
2022-07-12 10:00:06,046:INFO:Environment created!
2022-07-12 10:00:07,332:INFO:Cumulated reward: 0
2022-07-12 10:00:18,166:INFO:Creating occupants based on data from data/dorn ...
2022-07-12 10:00:18,595:INFO:Creating zones ...
2022-07-12 10:00:18,607:INFO:Environment created!
2022-07-12 10:00:19,673:INFO:Cumulated reward: 0
2022-07-12 10:00:30,603:INFO:Creating occupants based on data from data/dorn ...
2022-07-12 10:00:31,084:INFO:Creating zones ...
2022-07-12 10:00:31,097:INFO:Environment created!
2022-07-12 10:00:32,317:INFO:Cumulated reward: 0
2022-07-12 10:00:43,680:INFO:Creating occupants based on data from data/dorn ...
2022-07-12 10:00:44,114:INFO:Creating zones ...
2022-07-12 10:00:44,126:INFO:Environment created!
2022-07-12 10:00:45,428:INFO:Cumulated reward: 0
2022-07-12 10:00:56,511:INFO:Creating occupants based on data from data/dorn ...
2022-07-12 10:00:56,955:INFO:Creating zones ...
2022-07-12 10:00:56,967:INFO:Environment created!
2022-07-12 10:00:58,255:INFO:Cumulated reward: 0
2022-07-12 10:01:09,653:INFO:Creating occupants based on data from data/dorn ...
2022-07-12 10:01:10,098:INFO:Creating zones ...
2022-07-12 10:01:10,108:INFO:Environment created!
2022-07-12 10:01:11,200:INFO:Cumulated reward: 0
2022-07-12 10:01:22,461:INFO:Creating occupants based on data from data/dorn ...
2022-07-12 10:01:22,902:INFO:Creating zones ...
2022-07-12 10:01:22,913:INFO:Environment created!
2022-07-12 10:01:24,067:INFO:Cumulated reward: 0
2022-07-12 10:01:35,281:INFO:Creating occupants based on data from data/dorn ...
2022-07-12 10:01:35,730:INFO:Creating zones ...
2022-07-12 10:01:35,741:INFO:Environment created!
2022-07-12 10:01:36,748:INFO:Cumulated reward: 0
2022-07-12 10:01:48,033:INFO:Creating occupants based on data from data/dorn ...
2022-07-12 10:01:48,472:INFO:Creating zones ...
2022-07-12 10:01:48,483:INFO:Environment created!
2022-07-12 10:01:49,575:INFO:Cumulated reward: 0
2022-07-12 10:02:00,800:INFO:Creating occupants based on data from data/dorn ...
2022-07-12 10:02:01,237:INFO:Creating zones ...
2022-07-12 10:02:01,248:INFO:Environment created!
2022-07-12 10:02:02,302:INFO:Cumulated reward: 0
2022-07-12 10:02:13,704:INFO:Creating occupants based on data from data/dorn ...
2022-07-12 10:02:14,146:INFO:Creating zones ...
2022-07-12 10:02:14,157:INFO:Environment created!
2022-07-12 10:02:15,186:INFO:Cumulated reward: 0
2022-07-12 10:02:26,625:INFO:Creating occupants based on data from data/dorn ...
2022-07-12 10:02:27,066:INFO:Creating zones ...
2022-07-12 10:02:27,078:INFO:Environment created!
2022-07-12 10:02:28,219:INFO:Cumulated reward: 0
2022-07-12 10:02:39,348:INFO:Creating occupants based on data from data/dorn ...
2022-07-12 10:02:39,781:INFO:Creating zones ...
2022-07-12 10:02:39,793:INFO:Environment created!
2022-07-12 10:02:40,941:INFO:Cumulated reward: 0
2022-07-12 10:02:52,472:INFO:Creating occupants based on data from data/dorn ...
2022-07-12 10:02:52,910:INFO:Creating zones ...
2022-07-12 10:02:52,921:INFO:Environment created!
2022-07-12 10:02:53,989:INFO:Cumulated reward: 0
2022-07-12 10:03:05,150:INFO:Creating occupants based on data from data/dorn ...
2022-07-12 10:03:05,584:INFO:Creating zones ...
2022-07-12 10:03:05,597:INFO:Environment created!
2022-07-12 10:03:06,702:INFO:Cumulated reward: 0
2022-07-12 10:03:18,022:INFO:Creating occupants based on data from data/dorn ...
2022-07-12 10:03:18,455:INFO:Creating zones ...
2022-07-12 10:03:18,466:INFO:Environment created!
2022-07-12 10:03:19,591:INFO:Cumulated reward: 0
2022-07-12 10:03:30,070:INFO:Creating occupants based on data from data/dorn ...
2022-07-12 10:03:30,499:INFO:Creating zones ...
2022-07-12 10:03:30,510:INFO:Environment created!
2022-07-12 10:03:31,622:INFO:Cumulated reward: 0
2022-07-12 10:03:42,506:INFO:Creating occupants based on data from data/dorn ...
2022-07-12 10:03:42,934:INFO:Creating zones ...
2022-07-12 10:03:42,947:INFO:Environment created!
2022-07-12 10:03:44,051:INFO:Cumulated reward: 0
2022-07-12 10:03:54,917:INFO:Creating occupants based on data from data/dorn ...
2022-07-12 10:03:55,349:INFO:Creating zones ...
2022-07-12 10:03:55,361:INFO:Environment created!
2022-07-12 10:03:56,381:INFO:Cumulated reward: 0
2022-07-12 10:04:07,652:INFO:Creating occupants based on data from data/dorn ...
2022-07-12 10:04:08,091:INFO:Creating zones ...
2022-07-12 10:04:08,103:INFO:Environment created!
2022-07-12 10:04:09,233:INFO:Cumulated reward: 0
2022-07-12 10:04:19,711:INFO:Creating occupants based on data from data/dorn ...
2022-07-12 10:04:20,138:INFO:Creating zones ...
2022-07-12 10:04:20,150:INFO:Environment created!
2022-07-12 10:04:21,345:INFO:Cumulated reward: 0
2022-07-12 10:04:31,943:INFO:Creating occupants based on data from data/dorn ...
2022-07-12 10:04:32,377:INFO:Creating zones ...
2022-07-12 10:04:32,389:INFO:Environment created!
2022-07-12 10:04:33,415:INFO:Cumulated reward: 0
2022-07-12 10:04:44,286:INFO:Creating occupants based on data from data/dorn ...
2022-07-12 10:04:44,721:INFO:Creating zones ...
2022-07-12 10:04:44,732:INFO:Environment created!
2022-07-12 10:04:45,738:INFO:Cumulated reward: 0
