2022-04-11 16:44:50,374:INFO:Creating occupants based on data from data/dorn ...
2022-04-11 16:44:50,699:INFO:Creating zones ...
2022-04-11 16:44:50,716:INFO:Environment created!
2022-04-11 16:44:59,482:INFO:Cumulated reward: 0
2022-05-11 17:49:46,276:INFO:Creating occupants based on data from data/dorn ...
2022-05-11 17:49:46,935:INFO:Creating zones ...
2022-05-11 17:49:46,948:INFO:Environment created!
2022-05-11 17:49:48,011:INFO:Cumulated reward: 0
2022-06-07 15:46:38,881:INFO:Creating occupants based on data from data/dorn ...
2022-06-07 15:46:39,443:INFO:Creating zones ...
2022-06-07 15:46:39,452:INFO:Environment created!
2022-06-07 15:46:40,438:INFO:Cumulated reward: 0
2022-06-07 19:28:32,312:INFO:Creating occupants based on data from data/dorn ...
2022-06-07 19:28:32,834:INFO:Creating zones ...
2022-06-07 19:28:32,845:INFO:Environment created!
2022-06-07 19:28:33,462:INFO:Cumulated reward: 0
2022-06-09 10:17:46,865:INFO:Creating occupants based on data from data/dorn ...
2022-06-09 10:17:47,528:INFO:Creating zones ...
2022-06-09 10:17:47,541:INFO:Environment created!
2022-06-09 10:17:48,633:INFO:Cumulated reward: 0
2022-06-29 22:06:54,933:INFO:Creating occupants based on data from data/dorn ...
2022-06-29 22:06:55,478:INFO:Creating zones ...
2022-06-29 22:06:55,492:INFO:Environment created!
2022-06-29 22:06:56,383:INFO:Cumulated reward: 0
2022-06-29 22:07:07,519:INFO:Creating occupants based on data from data/dorn ...
2022-06-29 22:07:08,035:INFO:Creating zones ...
2022-06-29 22:07:08,047:INFO:Environment created!
2022-06-29 22:07:09,162:INFO:Cumulated reward: 0
2022-06-29 22:07:20,459:INFO:Creating occupants based on data from data/dorn ...
2022-06-29 22:07:20,953:INFO:Creating zones ...
2022-06-29 22:07:20,966:INFO:Environment created!
2022-06-29 22:07:21,750:INFO:Cumulated reward: 0
2022-06-29 22:07:32,713:INFO:Creating occupants based on data from data/dorn ...
2022-06-29 22:07:33,219:INFO:Creating zones ...
2022-06-29 22:07:33,230:INFO:Environment created!
2022-06-29 22:07:34,153:INFO:Cumulated reward: 0
2022-06-29 22:07:45,598:INFO:Creating occupants based on data from data/dorn ...
2022-06-29 22:07:46,097:INFO:Creating zones ...
2022-06-29 22:07:46,109:INFO:Environment created!
2022-06-29 22:07:47,042:INFO:Cumulated reward: 0
2022-06-29 22:07:58,507:INFO:Creating occupants based on data from data/dorn ...
2022-06-29 22:07:58,997:INFO:Creating zones ...
2022-06-29 22:07:59,010:INFO:Environment created!
2022-06-29 22:07:59,833:INFO:Cumulated reward: 0
2022-06-29 22:08:11,152:INFO:Creating occupants based on data from data/dorn ...
2022-06-29 22:08:11,657:INFO:Creating zones ...
2022-06-29 22:08:11,670:INFO:Environment created!
2022-06-29 22:08:12,788:INFO:Cumulated reward: 0
2022-06-29 22:08:23,847:INFO:Creating occupants based on data from data/dorn ...
2022-06-29 22:08:24,341:INFO:Creating zones ...
2022-06-29 22:08:24,353:INFO:Environment created!
2022-06-29 22:08:25,178:INFO:Cumulated reward: 0
2022-06-29 22:08:36,589:INFO:Creating occupants based on data from data/dorn ...
2022-06-29 22:08:37,076:INFO:Creating zones ...
2022-06-29 22:08:37,089:INFO:Environment created!
2022-06-29 22:08:38,063:INFO:Cumulated reward: 0
2022-06-29 22:08:49,410:INFO:Creating occupants based on data from data/dorn ...
2022-06-29 22:08:49,923:INFO:Creating zones ...
2022-06-29 22:08:49,934:INFO:Environment created!
2022-06-29 22:08:50,891:INFO:Cumulated reward: 0
2022-06-29 22:09:02,503:INFO:Creating occupants based on data from data/dorn ...
2022-06-29 22:09:03,085:INFO:Creating zones ...
2022-06-29 22:09:03,101:INFO:Environment created!
2022-06-29 22:09:03,895:INFO:Cumulated reward: 0
2022-06-29 22:09:16,022:INFO:Creating occupants based on data from data/dorn ...
2022-06-29 22:09:16,576:INFO:Creating zones ...
2022-06-29 22:09:16,588:INFO:Environment created!
2022-06-29 22:09:17,463:INFO:Cumulated reward: 0
2022-06-29 22:09:30,053:INFO:Creating occupants based on data from data/dorn ...
2022-06-29 22:09:30,608:INFO:Creating zones ...
2022-06-29 22:09:30,622:INFO:Environment created!
2022-06-29 22:09:31,662:INFO:Cumulated reward: 0
2022-06-29 22:09:44,106:INFO:Creating occupants based on data from data/dorn ...
2022-06-29 22:09:44,639:INFO:Creating zones ...
2022-06-29 22:09:44,649:INFO:Environment created!
2022-06-29 22:09:45,501:INFO:Cumulated reward: 0
2022-06-29 22:09:57,538:INFO:Creating occupants based on data from data/dorn ...
2022-06-29 22:09:58,052:INFO:Creating zones ...
2022-06-29 22:09:58,065:INFO:Environment created!
2022-06-29 22:09:59,043:INFO:Cumulated reward: 0
2022-06-29 22:10:11,770:INFO:Creating occupants based on data from data/dorn ...
2022-06-29 22:10:12,317:INFO:Creating zones ...
2022-06-29 22:10:12,329:INFO:Environment created!
2022-06-29 22:10:13,249:INFO:Cumulated reward: 0
2022-06-29 22:10:24,974:INFO:Creating occupants based on data from data/dorn ...
2022-06-29 22:10:25,498:INFO:Creating zones ...
2022-06-29 22:10:25,510:INFO:Environment created!
2022-06-29 22:10:26,458:INFO:Cumulated reward: 0
2022-06-29 22:10:38,828:INFO:Creating occupants based on data from data/dorn ...
2022-06-29 22:10:39,427:INFO:Creating zones ...
2022-06-29 22:10:39,442:INFO:Environment created!
2022-06-29 22:10:40,373:INFO:Cumulated reward: 0
2022-06-29 22:10:55,410:INFO:Creating occupants based on data from data/dorn ...
2022-06-29 22:10:56,093:INFO:Creating zones ...
2022-06-29 22:10:56,108:INFO:Environment created!
2022-06-29 22:10:57,301:INFO:Cumulated reward: 0
2022-06-29 22:11:12,429:INFO:Creating occupants based on data from data/dorn ...
2022-06-29 22:11:13,032:INFO:Creating zones ...
2022-06-29 22:11:13,047:INFO:Environment created!
2022-06-29 22:11:14,140:INFO:Cumulated reward: 0
2022-06-29 22:11:26,106:INFO:Creating occupants based on data from data/dorn ...
2022-06-29 22:11:26,601:INFO:Creating zones ...
2022-06-29 22:11:26,612:INFO:Environment created!
2022-06-29 22:11:27,632:INFO:Cumulated reward: 0
2022-06-29 22:11:38,595:INFO:Creating occupants based on data from data/dorn ...
2022-06-29 22:11:39,083:INFO:Creating zones ...
2022-06-29 22:11:39,097:INFO:Environment created!
2022-06-29 22:11:40,019:INFO:Cumulated reward: 0
2022-06-29 22:11:51,237:INFO:Creating occupants based on data from data/dorn ...
2022-06-29 22:11:51,724:INFO:Creating zones ...
2022-06-29 22:11:51,734:INFO:Environment created!
2022-06-29 22:11:52,790:INFO:Cumulated reward: 0
2022-06-29 22:12:04,052:INFO:Creating occupants based on data from data/dorn ...
2022-06-29 22:12:04,538:INFO:Creating zones ...
2022-06-29 22:12:04,549:INFO:Environment created!
2022-06-29 22:12:05,800:INFO:Cumulated reward: 0
2022-06-29 22:12:16,976:INFO:Creating occupants based on data from data/dorn ...
2022-06-29 22:12:17,465:INFO:Creating zones ...
2022-06-29 22:12:17,477:INFO:Environment created!
2022-06-29 22:12:18,449:INFO:Cumulated reward: 0
2022-06-29 22:12:29,226:INFO:Creating occupants based on data from data/dorn ...
2022-06-29 22:12:29,722:INFO:Creating zones ...
2022-06-29 22:12:29,733:INFO:Environment created!
2022-06-29 22:12:30,502:INFO:Cumulated reward: 0
2022-06-29 22:12:41,541:INFO:Creating occupants based on data from data/dorn ...
2022-06-29 22:12:42,024:INFO:Creating zones ...
2022-06-29 22:12:42,035:INFO:Environment created!
2022-06-29 22:12:43,074:INFO:Cumulated reward: 0
2022-06-29 22:12:54,379:INFO:Creating occupants based on data from data/dorn ...
2022-06-29 22:12:54,869:INFO:Creating zones ...
2022-06-29 22:12:54,881:INFO:Environment created!
2022-06-29 22:12:55,832:INFO:Cumulated reward: 0
2022-06-29 22:13:07,501:INFO:Creating occupants based on data from data/dorn ...
2022-06-29 22:13:08,022:INFO:Creating zones ...
2022-06-29 22:13:08,033:INFO:Environment created!
2022-06-29 22:13:08,912:INFO:Cumulated reward: 0
2022-06-29 22:13:20,850:INFO:Creating occupants based on data from data/dorn ...
2022-06-29 22:13:21,349:INFO:Creating zones ...
2022-06-29 22:13:21,361:INFO:Environment created!
2022-06-29 22:13:22,190:INFO:Cumulated reward: 0
2022-07-04 18:30:04,679:INFO:Creating occupants based on data from data/dorn ...
2022-07-04 18:30:05,198:INFO:Creating zones ...
2022-07-04 18:30:05,206:INFO:Environment created!
2022-07-04 18:30:05,949:INFO:Cumulated reward: 0
2022-07-04 18:30:17,171:INFO:Creating occupants based on data from data/dorn ...
2022-07-04 18:30:17,672:INFO:Creating zones ...
2022-07-04 18:30:17,680:INFO:Environment created!
2022-07-04 18:30:18,599:INFO:Cumulated reward: 0
2022-07-04 18:30:30,504:INFO:Creating occupants based on data from data/dorn ...
2022-07-04 18:30:31,073:INFO:Creating zones ...
2022-07-04 18:30:31,081:INFO:Environment created!
2022-07-04 18:30:32,349:INFO:Cumulated reward: 0
2022-07-04 18:30:46,746:INFO:Creating occupants based on data from data/dorn ...
2022-07-04 18:30:47,394:INFO:Creating zones ...
2022-07-04 18:30:47,402:INFO:Environment created!
2022-07-04 18:30:48,319:INFO:Cumulated reward: 0
2022-07-04 18:31:03,306:INFO:Creating occupants based on data from data/dorn ...
2022-07-04 18:31:03,954:INFO:Creating zones ...
2022-07-04 18:31:03,964:INFO:Environment created!
2022-07-04 18:31:05,267:INFO:Cumulated reward: 0
2022-07-04 18:31:20,164:INFO:Creating occupants based on data from data/dorn ...
2022-07-04 18:31:20,819:INFO:Creating zones ...
2022-07-04 18:31:20,828:INFO:Environment created!
2022-07-04 18:31:22,229:INFO:Cumulated reward: 0
2022-07-04 18:31:36,958:INFO:Creating occupants based on data from data/dorn ...
2022-07-04 18:31:37,585:INFO:Creating zones ...
2022-07-04 18:31:37,594:INFO:Environment created!
2022-07-04 18:31:38,939:INFO:Cumulated reward: 0
2022-07-04 18:31:53,027:INFO:Creating occupants based on data from data/dorn ...
2022-07-04 18:31:53,643:INFO:Creating zones ...
2022-07-04 18:31:53,652:INFO:Environment created!
2022-07-04 18:31:54,811:INFO:Cumulated reward: 0
2022-07-04 18:32:08,390:INFO:Creating occupants based on data from data/dorn ...
2022-07-04 18:32:08,992:INFO:Creating zones ...
2022-07-04 18:32:09,000:INFO:Environment created!
2022-07-04 18:32:10,274:INFO:Cumulated reward: 0
2022-07-04 18:32:24,282:INFO:Creating occupants based on data from data/dorn ...
2022-07-04 18:32:24,944:INFO:Creating zones ...
2022-07-04 18:32:24,953:INFO:Environment created!
2022-07-04 18:32:26,204:INFO:Cumulated reward: 0
2022-07-04 18:32:40,985:INFO:Creating occupants based on data from data/dorn ...
2022-07-04 18:32:41,662:INFO:Creating zones ...
2022-07-04 18:32:41,671:INFO:Environment created!
2022-07-04 18:32:43,071:INFO:Cumulated reward: 0
2022-07-04 18:32:58,745:INFO:Creating occupants based on data from data/dorn ...
2022-07-04 18:32:59,445:INFO:Creating zones ...
2022-07-04 18:32:59,455:INFO:Environment created!
2022-07-04 18:33:00,834:INFO:Cumulated reward: 0
2022-07-04 18:33:17,190:INFO:Creating occupants based on data from data/dorn ...
2022-07-04 18:33:17,890:INFO:Creating zones ...
2022-07-04 18:33:17,900:INFO:Environment created!
2022-07-04 18:33:19,104:INFO:Cumulated reward: 0
2022-07-04 18:33:35,372:INFO:Creating occupants based on data from data/dorn ...
2022-07-04 18:33:36,134:INFO:Creating zones ...
2022-07-04 18:33:36,143:INFO:Environment created!
2022-07-04 18:33:37,610:INFO:Cumulated reward: 0
2022-07-04 18:33:53,789:INFO:Creating occupants based on data from data/dorn ...
2022-07-04 18:33:54,546:INFO:Creating zones ...
2022-07-04 18:33:54,556:INFO:Environment created!
2022-07-04 18:33:56,194:INFO:Cumulated reward: 0
2022-07-04 18:34:14,266:INFO:Creating occupants based on data from data/dorn ...
2022-07-04 18:34:15,073:INFO:Creating zones ...
2022-07-04 18:34:15,084:INFO:Environment created!
2022-07-04 18:34:16,766:INFO:Cumulated reward: 0
2022-07-04 18:34:34,717:INFO:Creating occupants based on data from data/dorn ...
2022-07-04 18:34:35,522:INFO:Creating zones ...
2022-07-04 18:34:35,533:INFO:Environment created!
2022-07-04 18:34:36,672:INFO:Cumulated reward: 0
2022-07-04 18:34:54,648:INFO:Creating occupants based on data from data/dorn ...
2022-07-04 18:34:55,439:INFO:Creating zones ...
2022-07-04 18:34:55,451:INFO:Environment created!
2022-07-04 18:34:56,888:INFO:Cumulated reward: 0
2022-07-04 18:35:14,121:INFO:Creating occupants based on data from data/dorn ...
2022-07-04 18:35:14,905:INFO:Creating zones ...
2022-07-04 18:35:14,917:INFO:Environment created!
2022-07-04 18:35:16,764:INFO:Cumulated reward: 0
2022-07-04 18:35:33,994:INFO:Creating occupants based on data from data/dorn ...
2022-07-04 18:35:34,634:INFO:Creating zones ...
2022-07-04 18:35:34,643:INFO:Environment created!
2022-07-04 18:35:35,851:INFO:Cumulated reward: 0
2022-07-04 18:35:50,107:INFO:Creating occupants based on data from data/dorn ...
2022-07-04 18:35:50,708:INFO:Creating zones ...
2022-07-04 18:35:50,717:INFO:Environment created!
2022-07-04 18:35:52,115:INFO:Cumulated reward: 0
2022-07-04 18:36:05,366:INFO:Creating occupants based on data from data/dorn ...
2022-07-04 18:36:05,954:INFO:Creating zones ...
2022-07-04 18:36:05,961:INFO:Environment created!
2022-07-04 18:36:07,058:INFO:Cumulated reward: 0
2022-07-04 18:36:21,074:INFO:Creating occupants based on data from data/dorn ...
2022-07-04 18:36:21,723:INFO:Creating zones ...
2022-07-04 18:36:21,733:INFO:Environment created!
2022-07-04 18:36:22,634:INFO:Cumulated reward: 0
2022-07-04 18:36:37,245:INFO:Creating occupants based on data from data/dorn ...
2022-07-04 18:36:37,896:INFO:Creating zones ...
2022-07-04 18:36:37,906:INFO:Environment created!
2022-07-04 18:36:39,349:INFO:Cumulated reward: 0
2022-07-04 18:36:54,031:INFO:Creating occupants based on data from data/dorn ...
2022-07-04 18:36:54,609:INFO:Creating zones ...
2022-07-04 18:36:54,618:INFO:Environment created!
2022-07-04 18:36:55,858:INFO:Cumulated reward: 0
2022-07-04 18:37:09,966:INFO:Creating occupants based on data from data/dorn ...
2022-07-04 18:37:10,583:INFO:Creating zones ...
2022-07-04 18:37:10,592:INFO:Environment created!
2022-07-04 18:37:11,717:INFO:Cumulated reward: 0
2022-07-04 18:37:25,111:INFO:Creating occupants based on data from data/dorn ...
2022-07-04 18:37:25,691:INFO:Creating zones ...
2022-07-04 18:37:25,700:INFO:Environment created!
2022-07-04 18:37:26,900:INFO:Cumulated reward: 0
2022-07-04 18:37:40,262:INFO:Creating occupants based on data from data/dorn ...
2022-07-04 18:37:40,805:INFO:Creating zones ...
2022-07-04 18:37:40,814:INFO:Environment created!
2022-07-04 18:37:41,913:INFO:Cumulated reward: 0
2022-07-04 18:37:54,184:INFO:Creating occupants based on data from data/dorn ...
2022-07-04 18:37:54,692:INFO:Creating zones ...
2022-07-04 18:37:54,701:INFO:Environment created!
2022-07-04 18:37:55,881:INFO:Cumulated reward: 0
2022-07-04 18:38:07,634:INFO:Creating occupants based on data from data/dorn ...
2022-07-04 18:38:08,143:INFO:Creating zones ...
2022-07-04 18:38:08,150:INFO:Environment created!
2022-07-04 18:38:09,112:INFO:Cumulated reward: 0
2022-07-04 19:19:00,626:INFO:Creating occupants based on data from data/dorn ...
2022-07-04 19:19:01,068:INFO:Creating zones ...
2022-07-04 19:19:01,075:INFO:Environment created!
2022-07-04 19:19:01,968:INFO:Cumulated reward: 0
2022-07-04 19:19:12,368:INFO:Creating occupants based on data from data/dorn ...
2022-07-04 19:19:12,809:INFO:Creating zones ...
2022-07-04 19:19:12,816:INFO:Environment created!
2022-07-04 19:19:13,571:INFO:Cumulated reward: 0
2022-07-04 19:19:24,000:INFO:Creating occupants based on data from data/dorn ...
2022-07-04 19:19:24,443:INFO:Creating zones ...
2022-07-04 19:19:24,450:INFO:Environment created!
2022-07-04 19:19:25,041:INFO:Cumulated reward: 0
2022-07-04 19:19:35,041:INFO:Creating occupants based on data from data/dorn ...
2022-07-04 19:19:35,491:INFO:Creating zones ...
2022-07-04 19:19:35,498:INFO:Environment created!
2022-07-04 19:19:36,479:INFO:Cumulated reward: 0
2022-07-04 19:19:46,316:INFO:Creating occupants based on data from data/dorn ...
2022-07-04 19:19:46,750:INFO:Creating zones ...
2022-07-04 19:19:46,757:INFO:Environment created!
2022-07-04 19:19:47,816:INFO:Cumulated reward: 0
2022-07-04 19:19:58,424:INFO:Creating occupants based on data from data/dorn ...
2022-07-04 19:19:58,878:INFO:Creating zones ...
2022-07-04 19:19:58,886:INFO:Environment created!
2022-07-04 19:19:59,758:INFO:Cumulated reward: 0
2022-07-04 19:20:09,987:INFO:Creating occupants based on data from data/dorn ...
2022-07-04 19:20:10,438:INFO:Creating zones ...
2022-07-04 19:20:10,447:INFO:Environment created!
2022-07-04 19:20:11,334:INFO:Cumulated reward: 0
2022-07-04 19:20:21,506:INFO:Creating occupants based on data from data/dorn ...
2022-07-04 19:20:21,964:INFO:Creating zones ...
2022-07-04 19:20:21,971:INFO:Environment created!
2022-07-04 19:20:23,018:INFO:Cumulated reward: 0
2022-07-04 19:20:33,079:INFO:Creating occupants based on data from data/dorn ...
2022-07-04 19:20:33,523:INFO:Creating zones ...
2022-07-04 19:20:33,532:INFO:Environment created!
2022-07-04 19:20:34,352:INFO:Cumulated reward: 0
2022-07-04 19:20:44,092:INFO:Creating occupants based on data from data/dorn ...
2022-07-04 19:20:44,532:INFO:Creating zones ...
2022-07-04 19:20:44,540:INFO:Environment created!
2022-07-04 19:20:45,444:INFO:Cumulated reward: 0
2022-07-04 19:20:55,594:INFO:Creating occupants based on data from data/dorn ...
2022-07-04 19:20:56,040:INFO:Creating zones ...
2022-07-04 19:20:56,048:INFO:Environment created!
2022-07-04 19:20:57,076:INFO:Cumulated reward: 0
2022-07-04 19:21:06,752:INFO:Creating occupants based on data from data/dorn ...
2022-07-04 19:21:07,189:INFO:Creating zones ...
2022-07-04 19:21:07,196:INFO:Environment created!
2022-07-04 19:21:08,534:INFO:Cumulated reward: 0
2022-07-04 19:21:18,718:INFO:Creating occupants based on data from data/dorn ...
2022-07-04 19:21:19,159:INFO:Creating zones ...
2022-07-04 19:21:19,167:INFO:Environment created!
2022-07-04 19:21:19,881:INFO:Cumulated reward: 0
2022-07-04 19:21:29,907:INFO:Creating occupants based on data from data/dorn ...
2022-07-04 19:21:30,396:INFO:Creating zones ...
2022-07-04 19:21:30,405:INFO:Environment created!
2022-07-04 19:21:31,512:INFO:Cumulated reward: 0
2022-07-04 19:21:42,054:INFO:Creating occupants based on data from data/dorn ...
2022-07-04 19:21:42,505:INFO:Creating zones ...
2022-07-04 19:21:42,512:INFO:Environment created!
2022-07-04 19:21:43,314:INFO:Cumulated reward: 0
2022-07-04 19:21:53,505:INFO:Creating occupants based on data from data/dorn ...
2022-07-04 19:21:53,951:INFO:Creating zones ...
2022-07-04 19:21:53,958:INFO:Environment created!
2022-07-04 19:21:54,936:INFO:Cumulated reward: 0
2022-07-04 19:22:04,788:INFO:Creating occupants based on data from data/dorn ...
2022-07-04 19:22:05,235:INFO:Creating zones ...
2022-07-04 19:22:05,243:INFO:Environment created!
2022-07-04 19:22:06,401:INFO:Cumulated reward: 0
2022-07-04 19:22:16,875:INFO:Creating occupants based on data from data/dorn ...
2022-07-04 19:22:17,324:INFO:Creating zones ...
2022-07-04 19:22:17,332:INFO:Environment created!
2022-07-04 19:22:18,163:INFO:Cumulated reward: 0
2022-07-04 19:22:28,736:INFO:Creating occupants based on data from data/dorn ...
2022-07-04 19:22:29,188:INFO:Creating zones ...
2022-07-04 19:22:29,195:INFO:Environment created!
2022-07-04 19:22:30,130:INFO:Cumulated reward: 0
2022-07-04 19:22:40,068:INFO:Creating occupants based on data from data/dorn ...
2022-07-04 19:22:40,508:INFO:Creating zones ...
2022-07-04 19:22:40,516:INFO:Environment created!
2022-07-04 19:22:41,665:INFO:Cumulated reward: 0
2022-07-04 19:22:51,712:INFO:Creating occupants based on data from data/dorn ...
2022-07-04 19:22:52,148:INFO:Creating zones ...
2022-07-04 19:22:52,156:INFO:Environment created!
2022-07-04 19:22:52,896:INFO:Cumulated reward: 0
2022-07-04 19:23:02,735:INFO:Creating occupants based on data from data/dorn ...
2022-07-04 19:23:03,179:INFO:Creating zones ...
2022-07-04 19:23:03,186:INFO:Environment created!
2022-07-04 19:23:04,177:INFO:Cumulated reward: 0
2022-07-04 19:23:14,114:INFO:Creating occupants based on data from data/dorn ...
2022-07-04 19:23:14,564:INFO:Creating zones ...
2022-07-04 19:23:14,571:INFO:Environment created!
2022-07-04 19:23:15,512:INFO:Cumulated reward: 0
2022-07-04 19:23:25,391:INFO:Creating occupants based on data from data/dorn ...
2022-07-04 19:23:25,844:INFO:Creating zones ...
2022-07-04 19:23:25,851:INFO:Environment created!
2022-07-04 19:23:26,776:INFO:Cumulated reward: 0
2022-07-04 19:23:36,808:INFO:Creating occupants based on data from data/dorn ...
2022-07-04 19:23:37,259:INFO:Creating zones ...
2022-07-04 19:23:37,266:INFO:Environment created!
2022-07-04 19:23:38,161:INFO:Cumulated reward: 0
2022-07-04 19:23:48,313:INFO:Creating occupants based on data from data/dorn ...
2022-07-04 19:23:48,758:INFO:Creating zones ...
2022-07-04 19:23:48,765:INFO:Environment created!
2022-07-04 19:23:49,702:INFO:Cumulated reward: 0
2022-07-04 19:23:59,889:INFO:Creating occupants based on data from data/dorn ...
2022-07-04 19:24:00,341:INFO:Creating zones ...
2022-07-04 19:24:00,347:INFO:Environment created!
2022-07-04 19:24:01,129:INFO:Cumulated reward: 0
2022-07-04 19:24:11,048:INFO:Creating occupants based on data from data/dorn ...
2022-07-04 19:24:11,494:INFO:Creating zones ...
2022-07-04 19:24:11,502:INFO:Environment created!
2022-07-04 19:24:12,157:INFO:Cumulated reward: 0
2022-07-04 19:24:22,454:INFO:Creating occupants based on data from data/dorn ...
2022-07-04 19:24:22,897:INFO:Creating zones ...
2022-07-04 19:24:22,905:INFO:Environment created!
2022-07-04 19:24:24,134:INFO:Cumulated reward: 0
2022-07-04 19:24:34,232:INFO:Creating occupants based on data from data/dorn ...
2022-07-04 19:24:34,671:INFO:Creating zones ...
2022-07-04 19:24:34,678:INFO:Environment created!
2022-07-04 19:24:35,543:INFO:Cumulated reward: 0
2022-07-05 15:09:51,070:INFO:Creating occupants based on data from data/dorn ...
2022-07-05 15:09:51,510:INFO:Creating zones ...
2022-07-05 15:09:51,518:INFO:Environment created!
2022-07-05 15:09:52,615:INFO:Cumulated reward: 0
2022-07-05 15:10:03,066:INFO:Creating occupants based on data from data/dorn ...
2022-07-05 15:10:03,508:INFO:Creating zones ...
2022-07-05 15:10:03,515:INFO:Environment created!
2022-07-05 15:10:04,403:INFO:Cumulated reward: 0
2022-07-05 15:10:15,093:INFO:Creating occupants based on data from data/dorn ...
2022-07-05 15:10:15,570:INFO:Creating zones ...
2022-07-05 15:10:15,577:INFO:Environment created!
2022-07-05 15:10:16,312:INFO:Cumulated reward: 0
2022-07-05 15:10:27,385:INFO:Creating occupants based on data from data/dorn ...
2022-07-05 15:10:27,885:INFO:Creating zones ...
2022-07-05 15:10:27,893:INFO:Environment created!
2022-07-05 15:10:28,958:INFO:Cumulated reward: 0
2022-07-05 15:10:40,104:INFO:Creating occupants based on data from data/dorn ...
2022-07-05 15:10:40,562:INFO:Creating zones ...
2022-07-05 15:10:40,569:INFO:Environment created!
2022-07-05 15:10:41,601:INFO:Cumulated reward: 0
2022-07-05 15:10:52,650:INFO:Creating occupants based on data from data/dorn ...
2022-07-05 15:10:53,121:INFO:Creating zones ...
2022-07-05 15:10:53,129:INFO:Environment created!
2022-07-05 15:10:54,191:INFO:Cumulated reward: 0
2022-07-05 15:11:04,739:INFO:Creating occupants based on data from data/dorn ...
2022-07-05 15:11:05,186:INFO:Creating zones ...
2022-07-05 15:11:05,193:INFO:Environment created!
2022-07-05 15:11:06,465:INFO:Cumulated reward: 0
2022-07-05 15:11:17,349:INFO:Creating occupants based on data from data/dorn ...
2022-07-05 15:11:17,803:INFO:Creating zones ...
2022-07-05 15:11:17,810:INFO:Environment created!
2022-07-05 15:11:18,847:INFO:Cumulated reward: 0
2022-07-05 15:11:29,905:INFO:Creating occupants based on data from data/dorn ...
2022-07-05 15:11:30,371:INFO:Creating zones ...
2022-07-05 15:11:30,378:INFO:Environment created!
2022-07-05 15:11:31,265:INFO:Cumulated reward: 0
2022-07-05 15:11:42,854:INFO:Creating occupants based on data from data/dorn ...
2022-07-05 15:11:43,327:INFO:Creating zones ...
2022-07-05 15:11:43,334:INFO:Environment created!
2022-07-05 15:11:44,341:INFO:Cumulated reward: 0
2022-07-05 15:11:55,628:INFO:Creating occupants based on data from data/dorn ...
2022-07-05 15:11:56,080:INFO:Creating zones ...
2022-07-05 15:11:56,088:INFO:Environment created!
2022-07-05 15:11:57,269:INFO:Cumulated reward: 0
2022-07-05 15:12:08,198:INFO:Creating occupants based on data from data/dorn ...
2022-07-05 15:12:08,661:INFO:Creating zones ...
2022-07-05 15:12:08,668:INFO:Environment created!
2022-07-05 15:12:09,586:INFO:Cumulated reward: 0
2022-07-05 15:12:20,116:INFO:Creating occupants based on data from data/dorn ...
2022-07-05 15:12:20,589:INFO:Creating zones ...
2022-07-05 15:12:20,596:INFO:Environment created!
2022-07-05 15:12:21,455:INFO:Cumulated reward: 0
2022-07-05 15:12:31,823:INFO:Creating occupants based on data from data/dorn ...
2022-07-05 15:12:32,284:INFO:Creating zones ...
2022-07-05 15:12:32,291:INFO:Environment created!
2022-07-05 15:12:33,317:INFO:Cumulated reward: 0
2022-07-05 15:12:43,756:INFO:Creating occupants based on data from data/dorn ...
2022-07-05 15:12:44,217:INFO:Creating zones ...
2022-07-05 15:12:44,225:INFO:Environment created!
2022-07-05 15:12:45,297:INFO:Cumulated reward: 0
2022-07-05 15:12:56,076:INFO:Creating occupants based on data from data/dorn ...
2022-07-05 15:12:56,521:INFO:Creating zones ...
2022-07-05 15:12:56,529:INFO:Environment created!
2022-07-05 15:12:57,312:INFO:Cumulated reward: 0
2022-07-05 15:13:07,545:INFO:Creating occupants based on data from data/dorn ...
2022-07-05 15:13:07,993:INFO:Creating zones ...
2022-07-05 15:13:08,000:INFO:Environment created!
2022-07-05 15:13:08,957:INFO:Cumulated reward: 0
2022-07-05 15:13:19,689:INFO:Creating occupants based on data from data/dorn ...
2022-07-05 15:13:20,137:INFO:Creating zones ...
2022-07-05 15:13:20,144:INFO:Environment created!
2022-07-05 15:13:21,211:INFO:Cumulated reward: 0
2022-07-05 15:13:32,091:INFO:Creating occupants based on data from data/dorn ...
2022-07-05 15:13:32,540:INFO:Creating zones ...
2022-07-05 15:13:32,547:INFO:Environment created!
2022-07-05 15:13:33,553:INFO:Cumulated reward: 0
2022-07-05 15:13:44,016:INFO:Creating occupants based on data from data/dorn ...
2022-07-05 15:13:44,457:INFO:Creating zones ...
2022-07-05 15:13:44,464:INFO:Environment created!
2022-07-05 15:13:45,269:INFO:Cumulated reward: 0
2022-07-05 15:13:55,953:INFO:Creating occupants based on data from data/dorn ...
2022-07-05 15:13:56,418:INFO:Creating zones ...
2022-07-05 15:13:56,425:INFO:Environment created!
2022-07-05 15:13:57,503:INFO:Cumulated reward: 0
2022-07-05 15:14:07,712:INFO:Creating occupants based on data from data/dorn ...
2022-07-05 15:14:08,170:INFO:Creating zones ...
2022-07-05 15:14:08,177:INFO:Environment created!
2022-07-05 15:14:09,239:INFO:Cumulated reward: 0
2022-07-05 15:14:19,603:INFO:Creating occupants based on data from data/dorn ...
2022-07-05 15:14:20,049:INFO:Creating zones ...
2022-07-05 15:14:20,056:INFO:Environment created!
2022-07-05 15:14:20,932:INFO:Cumulated reward: 0
2022-07-05 15:14:31,779:INFO:Creating occupants based on data from data/dorn ...
2022-07-05 15:14:32,228:INFO:Creating zones ...
2022-07-05 15:14:32,235:INFO:Environment created!
2022-07-05 15:14:33,287:INFO:Cumulated reward: 0
2022-07-05 15:14:44,167:INFO:Creating occupants based on data from data/dorn ...
2022-07-05 15:14:44,631:INFO:Creating zones ...
2022-07-05 15:14:44,638:INFO:Environment created!
2022-07-05 15:14:45,723:INFO:Cumulated reward: 0
2022-07-05 15:14:56,458:INFO:Creating occupants based on data from data/dorn ...
2022-07-05 15:14:56,909:INFO:Creating zones ...
2022-07-05 15:14:56,916:INFO:Environment created!
2022-07-05 15:14:57,607:INFO:Cumulated reward: 0
2022-07-05 15:15:08,086:INFO:Creating occupants based on data from data/dorn ...
2022-07-05 15:15:08,531:INFO:Creating zones ...
2022-07-05 15:15:08,538:INFO:Environment created!
2022-07-05 15:15:09,574:INFO:Cumulated reward: 0
2022-07-05 15:15:20,404:INFO:Creating occupants based on data from data/dorn ...
2022-07-05 15:15:20,857:INFO:Creating zones ...
2022-07-05 15:15:20,864:INFO:Environment created!
2022-07-05 15:15:21,830:INFO:Cumulated reward: 0
2022-07-05 15:15:32,623:INFO:Creating occupants based on data from data/dorn ...
2022-07-05 15:15:33,064:INFO:Creating zones ...
2022-07-05 15:15:33,072:INFO:Environment created!
2022-07-05 15:15:33,987:INFO:Cumulated reward: 0
2022-07-05 15:15:45,080:INFO:Creating occupants based on data from data/dorn ...
2022-07-05 15:15:45,539:INFO:Creating zones ...
2022-07-05 15:15:45,545:INFO:Environment created!
2022-07-05 15:15:46,353:INFO:Cumulated reward: 0
2022-07-08 18:29:01,225:INFO:Creating occupants based on data from data/dorn ...
2022-07-08 18:29:01,790:INFO:Creating zones ...
2022-07-08 18:29:01,799:INFO:Environment created!
2022-07-08 18:29:02,721:INFO:Cumulated reward: 0
2022-07-08 18:29:15,917:INFO:Creating occupants based on data from data/dorn ...
2022-07-08 18:29:16,453:INFO:Creating zones ...
2022-07-08 18:29:16,461:INFO:Environment created!
2022-07-08 18:29:17,790:INFO:Cumulated reward: 0
2022-07-08 18:29:30,364:INFO:Creating occupants based on data from data/dorn ...
2022-07-08 18:29:30,889:INFO:Creating zones ...
2022-07-08 18:29:30,897:INFO:Environment created!
2022-07-08 18:29:32,024:INFO:Cumulated reward: 0
2022-07-08 18:29:44,546:INFO:Creating occupants based on data from data/dorn ...
2022-07-08 18:29:45,043:INFO:Creating zones ...
2022-07-08 18:29:45,050:INFO:Environment created!
2022-07-08 18:29:45,965:INFO:Cumulated reward: 0
2022-07-08 18:29:58,090:INFO:Creating occupants based on data from data/dorn ...
2022-07-08 18:29:58,608:INFO:Creating zones ...
2022-07-08 18:29:58,616:INFO:Environment created!
2022-07-08 18:29:59,755:INFO:Cumulated reward: 0
2022-07-08 18:30:11,920:INFO:Creating occupants based on data from data/dorn ...
2022-07-08 18:30:12,429:INFO:Creating zones ...
2022-07-08 18:30:12,437:INFO:Environment created!
2022-07-08 18:30:13,444:INFO:Cumulated reward: 0
2022-07-08 18:30:25,913:INFO:Creating occupants based on data from data/dorn ...
2022-07-08 18:30:26,437:INFO:Creating zones ...
2022-07-08 18:30:26,445:INFO:Environment created!
2022-07-08 18:30:27,416:INFO:Cumulated reward: 0
2022-07-08 18:30:40,062:INFO:Creating occupants based on data from data/dorn ...
2022-07-08 18:30:40,583:INFO:Creating zones ...
2022-07-08 18:30:40,591:INFO:Environment created!
2022-07-08 18:30:41,614:INFO:Cumulated reward: 0
2022-07-08 18:30:54,515:INFO:Creating occupants based on data from data/dorn ...
2022-07-08 18:30:55,109:INFO:Creating zones ...
2022-07-08 18:30:55,134:INFO:Environment created!
2022-07-08 18:30:56,048:INFO:Cumulated reward: 0
2022-07-08 18:31:08,600:INFO:Creating occupants based on data from data/dorn ...
2022-07-08 18:31:09,110:INFO:Creating zones ...
2022-07-08 18:31:09,118:INFO:Environment created!
2022-07-08 18:31:10,455:INFO:Cumulated reward: 0
2022-07-08 18:31:22,884:INFO:Creating occupants based on data from data/dorn ...
2022-07-08 18:31:23,374:INFO:Creating zones ...
2022-07-08 18:31:23,382:INFO:Environment created!
2022-07-08 18:31:24,503:INFO:Cumulated reward: 0
2022-07-08 18:31:36,404:INFO:Creating occupants based on data from data/dorn ...
2022-07-08 18:31:36,893:INFO:Creating zones ...
2022-07-08 18:31:36,900:INFO:Environment created!
2022-07-08 18:31:38,104:INFO:Cumulated reward: 0
2022-07-08 18:31:49,746:INFO:Creating occupants based on data from data/dorn ...
2022-07-08 18:31:50,230:INFO:Creating zones ...
2022-07-08 18:31:50,238:INFO:Environment created!
2022-07-08 18:31:51,204:INFO:Cumulated reward: 0
2022-07-08 18:32:02,267:INFO:Creating occupants based on data from data/dorn ...
2022-07-08 18:32:02,735:INFO:Creating zones ...
2022-07-08 18:32:02,741:INFO:Environment created!
2022-07-08 18:32:03,753:INFO:Cumulated reward: 0
2022-07-08 18:32:14,949:INFO:Creating occupants based on data from data/dorn ...
2022-07-08 18:32:15,419:INFO:Creating zones ...
2022-07-08 18:32:15,427:INFO:Environment created!
2022-07-08 18:32:16,422:INFO:Cumulated reward: 0
2022-07-08 18:32:27,850:INFO:Creating occupants based on data from data/dorn ...
2022-07-08 18:32:28,317:INFO:Creating zones ...
2022-07-08 18:32:28,324:INFO:Environment created!
2022-07-08 18:32:29,551:INFO:Cumulated reward: 0
2022-07-08 18:32:41,115:INFO:Creating occupants based on data from data/dorn ...
2022-07-08 18:32:41,603:INFO:Creating zones ...
2022-07-08 18:32:41,610:INFO:Environment created!
2022-07-08 18:32:42,934:INFO:Cumulated reward: 0
2022-07-08 18:32:54,449:INFO:Creating occupants based on data from data/dorn ...
2022-07-08 18:32:54,942:INFO:Creating zones ...
2022-07-08 18:32:54,949:INFO:Environment created!
2022-07-08 18:32:56,074:INFO:Cumulated reward: 0
2022-07-08 18:33:07,762:INFO:Creating occupants based on data from data/dorn ...
2022-07-08 18:33:08,262:INFO:Creating zones ...
2022-07-08 18:33:08,270:INFO:Environment created!
2022-07-08 18:33:09,313:INFO:Cumulated reward: 0
2022-07-08 18:33:21,166:INFO:Creating occupants based on data from data/dorn ...
2022-07-08 18:33:21,641:INFO:Creating zones ...
2022-07-08 18:33:21,648:INFO:Environment created!
2022-07-08 18:33:22,422:INFO:Cumulated reward: 0
2022-07-08 18:33:34,055:INFO:Creating occupants based on data from data/dorn ...
2022-07-08 18:33:34,529:INFO:Creating zones ...
2022-07-08 18:33:34,536:INFO:Environment created!
2022-07-08 18:33:35,478:INFO:Cumulated reward: 0
2022-07-08 18:33:46,805:INFO:Creating occupants based on data from data/dorn ...
2022-07-08 18:33:47,298:INFO:Creating zones ...
2022-07-08 18:33:47,306:INFO:Environment created!
2022-07-08 18:33:48,246:INFO:Cumulated reward: 0
2022-07-08 18:33:59,776:INFO:Creating occupants based on data from data/dorn ...
2022-07-08 18:34:00,238:INFO:Creating zones ...
2022-07-08 18:34:00,245:INFO:Environment created!
2022-07-08 18:34:01,438:INFO:Cumulated reward: 0
2022-07-08 18:34:12,762:INFO:Creating occupants based on data from data/dorn ...
2022-07-08 18:34:13,244:INFO:Creating zones ...
2022-07-08 18:34:13,251:INFO:Environment created!
2022-07-08 18:34:14,192:INFO:Cumulated reward: 0
2022-07-08 18:34:25,271:INFO:Creating occupants based on data from data/dorn ...
2022-07-08 18:34:25,728:INFO:Creating zones ...
2022-07-08 18:34:25,735:INFO:Environment created!
2022-07-08 18:34:26,954:INFO:Cumulated reward: 0
2022-07-08 18:34:38,522:INFO:Creating occupants based on data from data/dorn ...
2022-07-08 18:34:39,002:INFO:Creating zones ...
2022-07-08 18:34:39,010:INFO:Environment created!
2022-07-08 18:34:40,070:INFO:Cumulated reward: 0
2022-07-08 18:34:51,536:INFO:Creating occupants based on data from data/dorn ...
2022-07-08 18:34:52,016:INFO:Creating zones ...
2022-07-08 18:34:52,023:INFO:Environment created!
2022-07-08 18:34:53,296:INFO:Cumulated reward: 0
2022-07-08 18:35:04,824:INFO:Creating occupants based on data from data/dorn ...
2022-07-08 18:35:05,313:INFO:Creating zones ...
2022-07-08 18:35:05,319:INFO:Environment created!
2022-07-08 18:35:06,362:INFO:Cumulated reward: 0
2022-07-08 18:35:17,567:INFO:Creating occupants based on data from data/dorn ...
2022-07-08 18:35:18,038:INFO:Creating zones ...
2022-07-08 18:35:18,045:INFO:Environment created!
2022-07-08 18:35:18,848:INFO:Cumulated reward: 0
2022-07-08 18:35:29,978:INFO:Creating occupants based on data from data/dorn ...
2022-07-08 18:35:30,455:INFO:Creating zones ...
2022-07-08 18:35:30,462:INFO:Environment created!
2022-07-08 18:35:31,440:INFO:Cumulated reward: 0
2022-07-09 00:25:47,658:INFO:Creating occupants based on data from data/dorn ...
2022-07-09 00:25:48,196:INFO:Creating zones ...
2022-07-09 00:25:48,204:INFO:Environment created!
2022-07-09 00:25:49,348:INFO:Cumulated reward: 0
2022-07-09 00:26:01,924:INFO:Creating occupants based on data from data/dorn ...
2022-07-09 00:26:02,451:INFO:Creating zones ...
2022-07-09 00:26:02,461:INFO:Environment created!
2022-07-09 00:26:03,538:INFO:Cumulated reward: 0
2022-07-09 00:26:16,259:INFO:Creating occupants based on data from data/dorn ...
2022-07-09 00:26:16,777:INFO:Creating zones ...
2022-07-09 00:26:16,784:INFO:Environment created!
2022-07-09 00:26:17,889:INFO:Cumulated reward: 0
2022-07-09 00:26:30,809:INFO:Creating occupants based on data from data/dorn ...
2022-07-09 00:26:31,401:INFO:Creating zones ...
2022-07-09 00:26:31,409:INFO:Environment created!
2022-07-09 00:26:32,644:INFO:Cumulated reward: 0
2022-07-09 00:26:47,410:INFO:Creating occupants based on data from data/dorn ...
2022-07-09 00:26:48,058:INFO:Creating zones ...
2022-07-09 00:26:48,068:INFO:Environment created!
2022-07-09 00:26:49,599:INFO:Cumulated reward: 0
2022-07-09 00:27:05,269:INFO:Creating occupants based on data from data/dorn ...
2022-07-09 00:27:05,927:INFO:Creating zones ...
2022-07-09 00:27:05,939:INFO:Environment created!
2022-07-09 00:27:07,656:INFO:Cumulated reward: 0
2022-07-09 00:27:22,219:INFO:Creating occupants based on data from data/dorn ...
2022-07-09 00:27:22,804:INFO:Creating zones ...
2022-07-09 00:27:22,813:INFO:Environment created!
2022-07-09 00:27:23,753:INFO:Cumulated reward: 0
2022-07-09 00:27:38,372:INFO:Creating occupants based on data from data/dorn ...
2022-07-09 00:27:38,942:INFO:Creating zones ...
2022-07-09 00:27:38,951:INFO:Environment created!
2022-07-09 00:27:40,236:INFO:Cumulated reward: 0
2022-07-09 00:27:53,329:INFO:Creating occupants based on data from data/dorn ...
2022-07-09 00:27:53,865:INFO:Creating zones ...
2022-07-09 00:27:53,873:INFO:Environment created!
2022-07-09 00:27:55,106:INFO:Cumulated reward: 0
2022-07-09 00:28:08,067:INFO:Creating occupants based on data from data/dorn ...
2022-07-09 00:28:08,600:INFO:Creating zones ...
2022-07-09 00:28:08,608:INFO:Environment created!
2022-07-09 00:28:09,726:INFO:Cumulated reward: 0
2022-07-09 00:28:21,741:INFO:Creating occupants based on data from data/dorn ...
2022-07-09 00:28:22,215:INFO:Creating zones ...
2022-07-09 00:28:22,222:INFO:Environment created!
2022-07-09 00:28:23,259:INFO:Cumulated reward: 0
2022-07-09 00:28:34,285:INFO:Creating occupants based on data from data/dorn ...
2022-07-09 00:28:34,753:INFO:Creating zones ...
2022-07-09 00:28:34,760:INFO:Environment created!
2022-07-09 00:28:35,569:INFO:Cumulated reward: 0
2022-07-09 00:28:46,626:INFO:Creating occupants based on data from data/dorn ...
2022-07-09 00:28:47,089:INFO:Creating zones ...
2022-07-09 00:28:47,096:INFO:Environment created!
2022-07-09 00:28:48,290:INFO:Cumulated reward: 0
2022-07-09 00:28:59,430:INFO:Creating occupants based on data from data/dorn ...
2022-07-09 00:28:59,893:INFO:Creating zones ...
2022-07-09 00:28:59,900:INFO:Environment created!
2022-07-09 00:29:00,866:INFO:Cumulated reward: 0
2022-07-09 00:29:11,704:INFO:Creating occupants based on data from data/dorn ...
2022-07-09 00:29:12,164:INFO:Creating zones ...
2022-07-09 00:29:12,171:INFO:Environment created!
2022-07-09 00:29:13,268:INFO:Cumulated reward: 0
2022-07-09 00:29:24,130:INFO:Creating occupants based on data from data/dorn ...
2022-07-09 00:29:24,583:INFO:Creating zones ...
2022-07-09 00:29:24,590:INFO:Environment created!
2022-07-09 00:29:25,693:INFO:Cumulated reward: 0
2022-07-09 00:29:38,061:INFO:Creating occupants based on data from data/dorn ...
2022-07-09 00:29:38,517:INFO:Creating zones ...
2022-07-09 00:29:38,524:INFO:Environment created!
2022-07-09 00:29:39,377:INFO:Cumulated reward: 0
2022-07-09 00:29:50,215:INFO:Creating occupants based on data from data/dorn ...
2022-07-09 00:29:50,675:INFO:Creating zones ...
2022-07-09 00:29:50,682:INFO:Environment created!
2022-07-09 00:29:51,913:INFO:Cumulated reward: 0
2022-07-09 00:30:03,138:INFO:Creating occupants based on data from data/dorn ...
2022-07-09 00:30:03,621:INFO:Creating zones ...
2022-07-09 00:30:03,628:INFO:Environment created!
2022-07-09 00:30:04,559:INFO:Cumulated reward: 0
2022-07-09 00:30:15,996:INFO:Creating occupants based on data from data/dorn ...
2022-07-09 00:30:16,465:INFO:Creating zones ...
2022-07-09 00:30:16,472:INFO:Environment created!
2022-07-09 00:30:17,399:INFO:Cumulated reward: 0
2022-07-09 00:30:28,260:INFO:Creating occupants based on data from data/dorn ...
2022-07-09 00:30:28,721:INFO:Creating zones ...
2022-07-09 00:30:28,728:INFO:Environment created!
2022-07-09 00:30:29,589:INFO:Cumulated reward: 0
2022-07-09 00:30:40,442:INFO:Creating occupants based on data from data/dorn ...
2022-07-09 00:30:40,885:INFO:Creating zones ...
2022-07-09 00:30:40,891:INFO:Environment created!
2022-07-09 00:30:41,822:INFO:Cumulated reward: 0
2022-07-09 00:30:52,787:INFO:Creating occupants based on data from data/dorn ...
2022-07-09 00:30:53,242:INFO:Creating zones ...
2022-07-09 00:30:53,249:INFO:Environment created!
2022-07-09 00:30:54,196:INFO:Cumulated reward: 0
2022-07-09 00:31:05,088:INFO:Creating occupants based on data from data/dorn ...
2022-07-09 00:31:05,549:INFO:Creating zones ...
2022-07-09 00:31:05,557:INFO:Environment created!
2022-07-09 00:31:06,728:INFO:Cumulated reward: 0
2022-07-09 00:31:17,674:INFO:Creating occupants based on data from data/dorn ...
2022-07-09 00:31:18,131:INFO:Creating zones ...
2022-07-09 00:31:18,137:INFO:Environment created!
2022-07-09 00:31:18,890:INFO:Cumulated reward: 0
2022-07-09 00:31:30,165:INFO:Creating occupants based on data from data/dorn ...
2022-07-09 00:31:30,633:INFO:Creating zones ...
2022-07-09 00:31:30,640:INFO:Environment created!
2022-07-09 00:31:31,728:INFO:Cumulated reward: 0
2022-07-09 00:31:43,102:INFO:Creating occupants based on data from data/dorn ...
2022-07-09 00:31:43,557:INFO:Creating zones ...
2022-07-09 00:31:43,564:INFO:Environment created!
2022-07-09 00:31:44,483:INFO:Cumulated reward: 0
2022-07-09 00:31:55,336:INFO:Creating occupants based on data from data/dorn ...
2022-07-09 00:31:55,787:INFO:Creating zones ...
2022-07-09 00:31:55,793:INFO:Environment created!
2022-07-09 00:31:56,629:INFO:Cumulated reward: 0
2022-07-09 00:32:07,548:INFO:Creating occupants based on data from data/dorn ...
2022-07-09 00:32:07,990:INFO:Creating zones ...
2022-07-09 00:32:07,996:INFO:Environment created!
2022-07-09 00:32:09,055:INFO:Cumulated reward: 0
2022-07-09 00:32:19,995:INFO:Creating occupants based on data from data/dorn ...
2022-07-09 00:32:20,449:INFO:Creating zones ...
2022-07-09 00:32:20,456:INFO:Environment created!
2022-07-09 00:32:21,503:INFO:Cumulated reward: 0
2022-07-12 10:11:12,714:INFO:Creating occupants based on data from data/dorn ...
2022-07-12 10:11:13,187:INFO:Creating zones ...
2022-07-12 10:11:13,195:INFO:Environment created!
2022-07-12 10:11:14,545:INFO:Cumulated reward: 0
2022-07-12 10:11:25,730:INFO:Creating occupants based on data from data/dorn ...
2022-07-12 10:11:26,196:INFO:Creating zones ...
2022-07-12 10:11:26,204:INFO:Environment created!
2022-07-12 10:11:27,246:INFO:Cumulated reward: 0
2022-07-12 10:11:38,178:INFO:Creating occupants based on data from data/dorn ...
2022-07-12 10:11:38,639:INFO:Creating zones ...
2022-07-12 10:11:38,647:INFO:Environment created!
2022-07-12 10:11:39,627:INFO:Cumulated reward: 0
2022-07-12 10:11:50,971:INFO:Creating occupants based on data from data/dorn ...
2022-07-12 10:11:51,438:INFO:Creating zones ...
2022-07-12 10:11:51,446:INFO:Environment created!
2022-07-12 10:11:52,609:INFO:Cumulated reward: 0
2022-07-12 10:12:04,209:INFO:Creating occupants based on data from data/dorn ...
2022-07-12 10:12:04,690:INFO:Creating zones ...
2022-07-12 10:12:04,697:INFO:Environment created!
2022-07-12 10:12:05,565:INFO:Cumulated reward: 0
2022-07-12 10:12:16,833:INFO:Creating occupants based on data from data/dorn ...
2022-07-12 10:12:17,296:INFO:Creating zones ...
2022-07-12 10:12:17,304:INFO:Environment created!
2022-07-12 10:12:18,213:INFO:Cumulated reward: 0
2022-07-12 10:12:29,643:INFO:Creating occupants based on data from data/dorn ...
2022-07-12 10:12:30,108:INFO:Creating zones ...
2022-07-12 10:12:30,116:INFO:Environment created!
2022-07-12 10:12:31,109:INFO:Cumulated reward: 0
2022-07-12 10:12:42,015:INFO:Creating occupants based on data from data/dorn ...
2022-07-12 10:12:42,495:INFO:Creating zones ...
2022-07-12 10:12:42,502:INFO:Environment created!
2022-07-12 10:12:43,538:INFO:Cumulated reward: 0
2022-07-12 10:12:55,152:INFO:Creating occupants based on data from data/dorn ...
2022-07-12 10:12:55,632:INFO:Creating zones ...
2022-07-12 10:12:55,640:INFO:Environment created!
2022-07-12 10:12:56,659:INFO:Cumulated reward: 0
2022-07-12 10:13:07,798:INFO:Creating occupants based on data from data/dorn ...
2022-07-12 10:13:08,276:INFO:Creating zones ...
2022-07-12 10:13:08,284:INFO:Environment created!
2022-07-12 10:13:09,302:INFO:Cumulated reward: 0
2022-07-12 10:13:20,748:INFO:Creating occupants based on data from data/dorn ...
2022-07-12 10:13:21,223:INFO:Creating zones ...
2022-07-12 10:13:21,231:INFO:Environment created!
2022-07-12 10:13:22,357:INFO:Cumulated reward: 0
2022-07-12 10:13:33,789:INFO:Creating occupants based on data from data/dorn ...
2022-07-12 10:13:34,255:INFO:Creating zones ...
2022-07-12 10:13:34,262:INFO:Environment created!
2022-07-12 10:13:35,206:INFO:Cumulated reward: 0
2022-07-12 10:13:46,493:INFO:Creating occupants based on data from data/dorn ...
2022-07-12 10:13:46,956:INFO:Creating zones ...
2022-07-12 10:13:46,964:INFO:Environment created!
2022-07-12 10:13:47,997:INFO:Cumulated reward: 0
2022-07-12 10:13:59,590:INFO:Creating occupants based on data from data/dorn ...
2022-07-12 10:14:00,062:INFO:Creating zones ...
2022-07-12 10:14:00,070:INFO:Environment created!
2022-07-12 10:14:01,110:INFO:Cumulated reward: 0
2022-07-12 10:14:12,580:INFO:Creating occupants based on data from data/dorn ...
2022-07-12 10:14:13,056:INFO:Creating zones ...
2022-07-12 10:14:13,063:INFO:Environment created!
2022-07-12 10:14:14,181:INFO:Cumulated reward: 0
2022-07-12 10:14:24,993:INFO:Creating occupants based on data from data/dorn ...
2022-07-12 10:14:25,459:INFO:Creating zones ...
2022-07-12 10:14:25,466:INFO:Environment created!
2022-07-12 10:14:26,452:INFO:Cumulated reward: 0
2022-07-12 10:14:37,609:INFO:Creating occupants based on data from data/dorn ...
2022-07-12 10:14:38,075:INFO:Creating zones ...
2022-07-12 10:14:38,081:INFO:Environment created!
2022-07-12 10:14:39,074:INFO:Cumulated reward: 0
2022-07-12 10:14:49,977:INFO:Creating occupants based on data from data/dorn ...
2022-07-12 10:14:50,461:INFO:Creating zones ...
2022-07-12 10:14:50,468:INFO:Environment created!
2022-07-12 10:14:51,366:INFO:Cumulated reward: 0
2022-07-12 10:15:03,419:INFO:Creating occupants based on data from data/dorn ...
2022-07-12 10:15:03,955:INFO:Creating zones ...
2022-07-12 10:15:03,963:INFO:Environment created!
2022-07-12 10:15:04,931:INFO:Cumulated reward: 0
2022-07-12 10:15:16,343:INFO:Creating occupants based on data from data/dorn ...
2022-07-12 10:15:16,809:INFO:Creating zones ...
2022-07-12 10:15:16,816:INFO:Environment created!
2022-07-12 10:15:17,680:INFO:Cumulated reward: 0
2022-07-12 10:15:29,616:INFO:Creating occupants based on data from data/dorn ...
2022-07-12 10:15:30,107:INFO:Creating zones ...
2022-07-12 10:15:30,114:INFO:Environment created!
2022-07-12 10:15:31,160:INFO:Cumulated reward: 0
2022-07-12 10:15:42,649:INFO:Creating occupants based on data from data/dorn ...
2022-07-12 10:15:43,129:INFO:Creating zones ...
2022-07-12 10:15:43,137:INFO:Environment created!
2022-07-12 10:15:44,032:INFO:Cumulated reward: 0
2022-07-12 10:15:55,123:INFO:Creating occupants based on data from data/dorn ...
2022-07-12 10:15:55,594:INFO:Creating zones ...
2022-07-12 10:15:55,600:INFO:Environment created!
2022-07-12 10:15:56,626:INFO:Cumulated reward: 0
2022-07-12 10:16:07,824:INFO:Creating occupants based on data from data/dorn ...
2022-07-12 10:16:08,307:INFO:Creating zones ...
2022-07-12 10:16:08,314:INFO:Environment created!
2022-07-12 10:16:09,248:INFO:Cumulated reward: 0
2022-07-12 10:16:20,696:INFO:Creating occupants based on data from data/dorn ...
2022-07-12 10:16:21,161:INFO:Creating zones ...
2022-07-12 10:16:21,167:INFO:Environment created!
2022-07-12 10:16:22,283:INFO:Cumulated reward: 0
2022-07-12 10:16:33,817:INFO:Creating occupants based on data from data/dorn ...
2022-07-12 10:16:34,306:INFO:Creating zones ...
2022-07-12 10:16:34,314:INFO:Environment created!
2022-07-12 10:16:35,332:INFO:Cumulated reward: 0
2022-07-12 10:16:47,236:INFO:Creating occupants based on data from data/dorn ...
2022-07-12 10:16:47,711:INFO:Creating zones ...
2022-07-12 10:16:47,719:INFO:Environment created!
2022-07-12 10:16:48,663:INFO:Cumulated reward: 0
2022-07-12 10:17:00,466:INFO:Creating occupants based on data from data/dorn ...
2022-07-12 10:17:00,970:INFO:Creating zones ...
2022-07-12 10:17:00,977:INFO:Environment created!
2022-07-12 10:17:02,145:INFO:Cumulated reward: 0
2022-07-12 10:17:13,694:INFO:Creating occupants based on data from data/dorn ...
2022-07-12 10:17:14,152:INFO:Creating zones ...
2022-07-12 10:17:14,159:INFO:Environment created!
2022-07-12 10:17:15,146:INFO:Cumulated reward: 0
2022-07-12 10:17:26,149:INFO:Creating occupants based on data from data/dorn ...
2022-07-12 10:17:26,620:INFO:Creating zones ...
2022-07-12 10:17:26,627:INFO:Environment created!
2022-07-12 10:17:27,686:INFO:Cumulated reward: 0
