2022-04-11 16:44:11,610:INFO:Creating occupants based on data from data/dorn ...
2022-04-11 16:44:11,937:INFO:Creating zones ...
2022-04-11 16:44:11,948:INFO:Environment created!
2022-04-11 16:44:18,037:INFO:Cumulated reward: 0
2022-05-11 17:49:21,338:INFO:Creating occupants based on data from data/dorn ...
2022-05-11 17:49:21,936:INFO:Creating zones ...
2022-05-11 17:49:21,947:INFO:Environment created!
2022-05-11 17:49:23,231:INFO:Cumulated reward: 0
2022-06-07 15:44:00,816:INFO:Creating occupants based on data from data/dorn ...
2022-06-07 15:44:01,341:INFO:Creating zones ...
2022-06-07 15:44:01,351:INFO:Environment created!
2022-06-07 15:44:02,206:INFO:Cumulated reward: 0
2022-06-07 17:41:38,379:INFO:Creating occupants based on data from data/dorn ...
2022-06-07 17:41:38,884:INFO:Creating zones ...
2022-06-07 17:41:38,896:INFO:Environment created!
2022-06-07 17:53:40,810:INFO:Creating occupants based on data from data/dorn ...
2022-06-07 17:53:41,325:INFO:Creating zones ...
2022-06-07 17:53:41,334:INFO:Environment created!
2022-06-07 17:53:42,425:INFO:Cumulated reward: 0
2022-06-07 18:18:22,073:INFO:Creating occupants based on data from data/dorn ...
2022-06-07 18:18:22,590:INFO:Creating zones ...
2022-06-07 18:18:22,599:INFO:Environment created!
2022-06-07 18:18:23,563:INFO:Cumulated reward: 0
2022-06-07 19:27:43,094:INFO:Creating occupants based on data from data/dorn ...
2022-06-07 19:27:43,593:INFO:Creating zones ...
2022-06-07 19:27:43,602:INFO:Environment created!
2022-06-07 19:27:44,654:INFO:Cumulated reward: 0
2022-06-07 22:40:17,188:INFO:Creating occupants based on data from data/dorn ...
2022-06-07 22:40:17,718:INFO:Creating zones ...
2022-06-07 22:40:17,728:INFO:Environment created!
2022-06-07 22:40:18,786:INFO:Cumulated reward: 0
2022-06-07 22:41:35,767:INFO:Creating occupants based on data from data/dorn ...
2022-06-07 22:41:36,330:INFO:Creating zones ...
2022-06-07 22:41:36,339:INFO:Environment created!
2022-06-07 22:41:37,165:INFO:Cumulated reward: 0
2022-06-09 10:13:39,792:INFO:Creating occupants based on data from data/dorn ...
2022-06-09 10:13:40,289:INFO:Creating zones ...
2022-06-09 10:13:40,299:INFO:Environment created!
2022-06-09 10:13:41,196:INFO:Cumulated reward: 0
2022-06-29 21:50:56,649:INFO:Creating occupants based on data from data/dorn ...
2022-06-29 21:50:57,131:INFO:Creating zones ...
2022-06-29 21:50:57,140:INFO:Environment created!
2022-06-29 21:50:58,081:INFO:Cumulated reward: 0
2022-06-29 21:51:10,323:INFO:Creating occupants based on data from data/dorn ...
2022-06-29 21:51:10,804:INFO:Creating zones ...
2022-06-29 21:51:10,812:INFO:Environment created!
2022-06-29 21:51:11,844:INFO:Cumulated reward: 0
2022-06-29 21:51:23,165:INFO:Creating occupants based on data from data/dorn ...
2022-06-29 21:51:23,605:INFO:Creating zones ...
2022-06-29 21:51:23,614:INFO:Environment created!
2022-06-29 21:51:24,661:INFO:Cumulated reward: 0
2022-06-29 21:51:35,378:INFO:Creating occupants based on data from data/dorn ...
2022-06-29 21:51:35,873:INFO:Creating zones ...
2022-06-29 21:51:35,882:INFO:Environment created!
2022-06-29 21:51:36,823:INFO:Cumulated reward: 0
2022-06-29 21:51:48,980:INFO:Creating occupants based on data from data/dorn ...
2022-06-29 21:51:49,442:INFO:Creating zones ...
2022-06-29 21:51:49,451:INFO:Environment created!
2022-06-29 21:51:50,496:INFO:Cumulated reward: 0
2022-06-29 21:52:01,743:INFO:Creating occupants based on data from data/dorn ...
2022-06-29 21:52:02,194:INFO:Creating zones ...
2022-06-29 21:52:02,203:INFO:Environment created!
2022-06-29 21:52:03,050:INFO:Cumulated reward: 0
2022-06-29 21:52:14,239:INFO:Creating occupants based on data from data/dorn ...
2022-06-29 21:52:14,689:INFO:Creating zones ...
2022-06-29 21:52:14,698:INFO:Environment created!
2022-06-29 21:52:15,499:INFO:Cumulated reward: 0
2022-06-29 21:52:26,117:INFO:Creating occupants based on data from data/dorn ...
2022-06-29 21:52:26,553:INFO:Creating zones ...
2022-06-29 21:52:26,562:INFO:Environment created!
2022-06-29 21:52:27,454:INFO:Cumulated reward: 0
2022-06-29 21:52:38,893:INFO:Creating occupants based on data from data/dorn ...
2022-06-29 21:52:39,363:INFO:Creating zones ...
2022-06-29 21:52:39,372:INFO:Environment created!
2022-06-29 21:52:40,434:INFO:Cumulated reward: 0
2022-06-29 21:52:52,055:INFO:Creating occupants based on data from data/dorn ...
2022-06-29 21:52:52,532:INFO:Creating zones ...
2022-06-29 21:52:52,542:INFO:Environment created!
2022-06-29 21:52:53,396:INFO:Cumulated reward: 0
2022-06-29 21:53:05,109:INFO:Creating occupants based on data from data/dorn ...
2022-06-29 21:53:05,569:INFO:Creating zones ...
2022-06-29 21:53:05,578:INFO:Environment created!
2022-06-29 21:53:06,408:INFO:Cumulated reward: 0
2022-06-29 21:53:17,820:INFO:Creating occupants based on data from data/dorn ...
2022-06-29 21:53:18,334:INFO:Creating zones ...
2022-06-29 21:53:18,344:INFO:Environment created!
2022-06-29 21:53:19,239:INFO:Cumulated reward: 0
2022-06-29 21:53:31,161:INFO:Creating occupants based on data from data/dorn ...
2022-06-29 21:53:31,609:INFO:Creating zones ...
2022-06-29 21:53:31,620:INFO:Environment created!
2022-06-29 21:53:32,628:INFO:Cumulated reward: 0
2022-06-29 21:53:43,600:INFO:Creating occupants based on data from data/dorn ...
2022-06-29 21:53:44,053:INFO:Creating zones ...
2022-06-29 21:53:44,062:INFO:Environment created!
2022-06-29 21:53:45,099:INFO:Cumulated reward: 0
2022-06-29 21:53:55,786:INFO:Creating occupants based on data from data/dorn ...
2022-06-29 21:53:56,240:INFO:Creating zones ...
2022-06-29 21:53:56,250:INFO:Environment created!
2022-06-29 21:53:57,197:INFO:Cumulated reward: 0
2022-06-29 21:54:08,043:INFO:Creating occupants based on data from data/dorn ...
2022-06-29 21:54:08,493:INFO:Creating zones ...
2022-06-29 21:54:08,503:INFO:Environment created!
2022-06-29 21:54:09,342:INFO:Cumulated reward: 0
2022-06-29 21:54:20,194:INFO:Creating occupants based on data from data/dorn ...
2022-06-29 21:54:20,662:INFO:Creating zones ...
2022-06-29 21:54:20,672:INFO:Environment created!
2022-06-29 21:54:21,722:INFO:Cumulated reward: 0
2022-06-29 21:54:32,879:INFO:Creating occupants based on data from data/dorn ...
2022-06-29 21:54:33,322:INFO:Creating zones ...
2022-06-29 21:54:33,331:INFO:Environment created!
2022-06-29 21:54:34,324:INFO:Cumulated reward: 0
2022-06-29 21:54:45,096:INFO:Creating occupants based on data from data/dorn ...
2022-06-29 21:54:45,550:INFO:Creating zones ...
2022-06-29 21:54:45,559:INFO:Environment created!
2022-06-29 21:54:46,147:INFO:Cumulated reward: 0
2022-06-29 21:54:57,018:INFO:Creating occupants based on data from data/dorn ...
2022-06-29 21:54:57,486:INFO:Creating zones ...
2022-06-29 21:54:57,497:INFO:Environment created!
2022-06-29 21:54:58,611:INFO:Cumulated reward: 0
2022-06-29 21:55:09,456:INFO:Creating occupants based on data from data/dorn ...
2022-06-29 21:55:09,908:INFO:Creating zones ...
2022-06-29 21:55:09,917:INFO:Environment created!
2022-06-29 21:55:11,047:INFO:Cumulated reward: 0
2022-06-29 21:55:21,624:INFO:Creating occupants based on data from data/dorn ...
2022-06-29 21:55:22,111:INFO:Creating zones ...
2022-06-29 21:55:22,121:INFO:Environment created!
2022-06-29 21:55:22,808:INFO:Cumulated reward: 0
2022-06-29 21:55:34,740:INFO:Creating occupants based on data from data/dorn ...
2022-06-29 21:55:35,198:INFO:Creating zones ...
2022-06-29 21:55:35,207:INFO:Environment created!
2022-06-29 21:55:36,402:INFO:Cumulated reward: 0
2022-06-29 21:55:47,469:INFO:Creating occupants based on data from data/dorn ...
2022-06-29 21:55:47,906:INFO:Creating zones ...
2022-06-29 21:55:47,914:INFO:Environment created!
2022-06-29 21:55:48,730:INFO:Cumulated reward: 0
2022-06-29 21:55:59,387:INFO:Creating occupants based on data from data/dorn ...
2022-06-29 21:55:59,816:INFO:Creating zones ...
2022-06-29 21:55:59,824:INFO:Environment created!
2022-06-29 21:56:00,672:INFO:Cumulated reward: 0
2022-06-29 21:56:11,483:INFO:Creating occupants based on data from data/dorn ...
2022-06-29 21:56:11,963:INFO:Creating zones ...
2022-06-29 21:56:11,973:INFO:Environment created!
2022-06-29 21:56:12,996:INFO:Cumulated reward: 0
2022-06-29 21:56:23,909:INFO:Creating occupants based on data from data/dorn ...
2022-06-29 21:56:24,339:INFO:Creating zones ...
2022-06-29 21:56:24,348:INFO:Environment created!
2022-06-29 21:56:25,025:INFO:Cumulated reward: 0
2022-06-29 21:56:35,490:INFO:Creating occupants based on data from data/dorn ...
2022-06-29 21:56:35,938:INFO:Creating zones ...
2022-06-29 21:56:35,946:INFO:Environment created!
2022-06-29 21:56:36,608:INFO:Cumulated reward: 0
2022-06-29 21:56:47,172:INFO:Creating occupants based on data from data/dorn ...
2022-06-29 21:56:47,623:INFO:Creating zones ...
2022-06-29 21:56:47,636:INFO:Environment created!
2022-06-29 21:56:48,610:INFO:Cumulated reward: 0
2022-06-29 21:56:59,806:INFO:Creating occupants based on data from data/dorn ...
2022-06-29 21:57:00,254:INFO:Creating zones ...
2022-06-29 21:57:00,264:INFO:Environment created!
2022-06-29 21:57:01,131:INFO:Cumulated reward: 0
2022-07-04 18:07:32,167:INFO:Creating occupants based on data from data/dorn ...
2022-07-04 18:07:32,812:INFO:Creating zones ...
2022-07-04 18:07:32,822:INFO:Environment created!
2022-07-04 18:07:34,083:INFO:Cumulated reward: 0
2022-07-04 18:07:48,850:INFO:Creating occupants based on data from data/dorn ...
2022-07-04 18:07:49,477:INFO:Creating zones ...
2022-07-04 18:07:49,484:INFO:Environment created!
2022-07-04 18:07:50,542:INFO:Cumulated reward: 0
2022-07-04 18:08:06,150:INFO:Creating occupants based on data from data/dorn ...
2022-07-04 18:08:06,779:INFO:Creating zones ...
2022-07-04 18:08:06,787:INFO:Environment created!
2022-07-04 18:08:08,134:INFO:Cumulated reward: 0
2022-07-04 18:08:26,583:INFO:Creating occupants based on data from data/dorn ...
2022-07-04 18:08:27,391:INFO:Creating zones ...
2022-07-04 18:08:27,402:INFO:Environment created!
2022-07-04 18:08:28,728:INFO:Cumulated reward: 0
2022-07-04 18:08:48,135:INFO:Creating occupants based on data from data/dorn ...
2022-07-04 18:08:48,945:INFO:Creating zones ...
2022-07-04 18:08:48,957:INFO:Environment created!
2022-07-04 18:08:50,738:INFO:Cumulated reward: 0
2022-07-04 18:09:10,754:INFO:Creating occupants based on data from data/dorn ...
2022-07-04 18:09:11,581:INFO:Creating zones ...
2022-07-04 18:09:11,593:INFO:Environment created!
2022-07-04 18:09:13,492:INFO:Cumulated reward: 0
2022-07-04 18:09:33,829:INFO:Creating occupants based on data from data/dorn ...
2022-07-04 18:09:34,664:INFO:Creating zones ...
2022-07-04 18:09:34,675:INFO:Environment created!
2022-07-04 18:09:36,224:INFO:Cumulated reward: 0
2022-07-04 18:09:56,147:INFO:Creating occupants based on data from data/dorn ...
2022-07-04 18:09:57,062:INFO:Creating zones ...
2022-07-04 18:09:57,073:INFO:Environment created!
2022-07-04 18:09:58,386:INFO:Cumulated reward: 0
2022-07-04 18:10:21,071:INFO:Creating occupants based on data from data/dorn ...
2022-07-04 18:10:22,082:INFO:Creating zones ...
2022-07-04 18:10:22,095:INFO:Environment created!
2022-07-04 18:10:23,784:INFO:Cumulated reward: 0
2022-07-04 18:10:48,403:INFO:Creating occupants based on data from data/dorn ...
2022-07-04 18:10:49,569:INFO:Creating zones ...
2022-07-04 18:10:49,583:INFO:Environment created!
2022-07-04 18:10:51,816:INFO:Cumulated reward: 0
2022-07-04 18:11:17,329:INFO:Creating occupants based on data from data/dorn ...
2022-07-04 18:11:18,359:INFO:Creating zones ...
2022-07-04 18:11:18,370:INFO:Environment created!
2022-07-04 18:11:20,425:INFO:Cumulated reward: 0
2022-07-04 18:11:46,066:INFO:Creating occupants based on data from data/dorn ...
2022-07-04 18:11:47,226:INFO:Creating zones ...
2022-07-04 18:11:47,240:INFO:Environment created!
2022-07-04 18:11:49,438:INFO:Cumulated reward: 0
2022-07-04 18:12:16,233:INFO:Creating occupants based on data from data/dorn ...
2022-07-04 18:12:17,370:INFO:Creating zones ...
2022-07-04 18:12:17,383:INFO:Environment created!
2022-07-04 18:12:19,710:INFO:Cumulated reward: 0
2022-07-04 18:12:46,531:INFO:Creating occupants based on data from data/dorn ...
2022-07-04 18:12:47,575:INFO:Creating zones ...
2022-07-04 18:12:47,589:INFO:Environment created!
2022-07-04 18:12:49,679:INFO:Cumulated reward: 0
2022-07-04 18:13:16,012:INFO:Creating occupants based on data from data/dorn ...
2022-07-04 18:13:17,072:INFO:Creating zones ...
2022-07-04 18:13:17,084:INFO:Environment created!
2022-07-04 18:13:19,601:INFO:Cumulated reward: 0
2022-07-04 18:13:48,799:INFO:Creating occupants based on data from data/dorn ...
2022-07-04 18:13:49,952:INFO:Creating zones ...
2022-07-04 18:13:49,965:INFO:Environment created!
2022-07-04 18:13:52,188:INFO:Cumulated reward: 0
2022-07-04 18:14:18,915:INFO:Creating occupants based on data from data/dorn ...
2022-07-04 18:14:19,920:INFO:Creating zones ...
2022-07-04 18:14:19,933:INFO:Environment created!
2022-07-04 18:14:21,801:INFO:Cumulated reward: 0
2022-07-04 18:14:45,230:INFO:Creating occupants based on data from data/dorn ...
2022-07-04 18:14:46,177:INFO:Creating zones ...
2022-07-04 18:14:46,189:INFO:Environment created!
2022-07-04 18:14:48,134:INFO:Cumulated reward: 0
2022-07-04 18:15:08,499:INFO:Creating occupants based on data from data/dorn ...
2022-07-04 18:15:09,291:INFO:Creating zones ...
2022-07-04 18:15:09,300:INFO:Environment created!
2022-07-04 18:15:10,926:INFO:Cumulated reward: 0
2022-07-04 18:15:29,032:INFO:Creating occupants based on data from data/dorn ...
2022-07-04 18:15:29,718:INFO:Creating zones ...
2022-07-04 18:15:29,728:INFO:Environment created!
2022-07-04 18:15:30,777:INFO:Cumulated reward: 0
2022-07-04 18:15:46,327:INFO:Creating occupants based on data from data/dorn ...
2022-07-04 18:15:46,952:INFO:Creating zones ...
2022-07-04 18:15:46,960:INFO:Environment created!
2022-07-04 18:15:48,319:INFO:Cumulated reward: 0
2022-07-04 18:16:03,902:INFO:Creating occupants based on data from data/dorn ...
2022-07-04 18:16:04,507:INFO:Creating zones ...
2022-07-04 18:16:04,515:INFO:Environment created!
2022-07-04 18:16:05,716:INFO:Cumulated reward: 0
2022-07-04 18:16:20,269:INFO:Creating occupants based on data from data/dorn ...
2022-07-04 18:16:20,834:INFO:Creating zones ...
2022-07-04 18:16:20,841:INFO:Environment created!
2022-07-04 18:16:21,931:INFO:Cumulated reward: 0
2022-07-04 18:16:37,692:INFO:Creating occupants based on data from data/dorn ...
2022-07-04 18:16:38,359:INFO:Creating zones ...
2022-07-04 18:16:38,367:INFO:Environment created!
2022-07-04 18:16:39,960:INFO:Cumulated reward: 0
2022-07-04 18:16:56,325:INFO:Creating occupants based on data from data/dorn ...
2022-07-04 18:16:56,962:INFO:Creating zones ...
2022-07-04 18:16:56,970:INFO:Environment created!
2022-07-04 18:16:58,209:INFO:Cumulated reward: 0
2022-07-04 18:17:13,220:INFO:Creating occupants based on data from data/dorn ...
2022-07-04 18:17:13,848:INFO:Creating zones ...
2022-07-04 18:17:13,856:INFO:Environment created!
2022-07-04 18:17:14,840:INFO:Cumulated reward: 0
2022-07-04 18:17:30,430:INFO:Creating occupants based on data from data/dorn ...
2022-07-04 18:17:31,116:INFO:Creating zones ...
2022-07-04 18:17:31,126:INFO:Environment created!
2022-07-04 18:17:32,329:INFO:Cumulated reward: 0
2022-07-04 18:17:48,366:INFO:Creating occupants based on data from data/dorn ...
2022-07-04 18:17:49,028:INFO:Creating zones ...
2022-07-04 18:17:49,036:INFO:Environment created!
2022-07-04 18:17:50,374:INFO:Cumulated reward: 0
2022-07-04 18:18:05,958:INFO:Creating occupants based on data from data/dorn ...
2022-07-04 18:18:06,562:INFO:Creating zones ...
2022-07-04 18:18:06,570:INFO:Environment created!
2022-07-04 18:18:07,909:INFO:Cumulated reward: 0
2022-07-04 18:18:22,328:INFO:Creating occupants based on data from data/dorn ...
2022-07-04 18:18:22,912:INFO:Creating zones ...
2022-07-04 18:18:22,919:INFO:Environment created!
2022-07-04 18:18:24,193:INFO:Cumulated reward: 0
2022-07-04 19:07:12,765:INFO:Creating occupants based on data from data/dorn ...
2022-07-04 19:07:13,198:INFO:Creating zones ...
2022-07-04 19:07:13,205:INFO:Environment created!
2022-07-04 19:07:14,097:INFO:Cumulated reward: 0
2022-07-04 19:07:24,410:INFO:Creating occupants based on data from data/dorn ...
2022-07-04 19:07:24,836:INFO:Creating zones ...
2022-07-04 19:07:24,842:INFO:Environment created!
2022-07-04 19:07:25,841:INFO:Cumulated reward: 0
2022-07-04 19:07:36,530:INFO:Creating occupants based on data from data/dorn ...
2022-07-04 19:07:37,011:INFO:Creating zones ...
2022-07-04 19:07:37,017:INFO:Environment created!
2022-07-04 19:07:38,024:INFO:Cumulated reward: 0
2022-07-04 19:07:48,786:INFO:Creating occupants based on data from data/dorn ...
2022-07-04 19:07:49,233:INFO:Creating zones ...
2022-07-04 19:07:49,239:INFO:Environment created!
2022-07-04 19:07:50,358:INFO:Cumulated reward: 0
2022-07-04 19:08:01,021:INFO:Creating occupants based on data from data/dorn ...
2022-07-04 19:08:01,468:INFO:Creating zones ...
2022-07-04 19:08:01,474:INFO:Environment created!
2022-07-04 19:08:02,447:INFO:Cumulated reward: 0
2022-07-04 19:08:12,984:INFO:Creating occupants based on data from data/dorn ...
2022-07-04 19:08:13,433:INFO:Creating zones ...
2022-07-04 19:08:13,439:INFO:Environment created!
2022-07-04 19:08:14,633:INFO:Cumulated reward: 0
2022-07-04 19:08:24,819:INFO:Creating occupants based on data from data/dorn ...
2022-07-04 19:08:25,254:INFO:Creating zones ...
2022-07-04 19:08:25,260:INFO:Environment created!
2022-07-04 19:08:26,086:INFO:Cumulated reward: 0
2022-07-04 19:08:38,737:INFO:Creating occupants based on data from data/dorn ...
2022-07-04 19:08:39,236:INFO:Creating zones ...
2022-07-04 19:08:39,243:INFO:Environment created!
2022-07-04 19:08:40,045:INFO:Cumulated reward: 0
2022-07-04 19:08:52,269:INFO:Creating occupants based on data from data/dorn ...
2022-07-04 19:08:52,763:INFO:Creating zones ...
2022-07-04 19:08:52,770:INFO:Environment created!
2022-07-04 19:08:53,885:INFO:Cumulated reward: 0
2022-07-04 19:09:05,355:INFO:Creating occupants based on data from data/dorn ...
2022-07-04 19:09:05,818:INFO:Creating zones ...
2022-07-04 19:09:05,824:INFO:Environment created!
2022-07-04 19:09:06,533:INFO:Cumulated reward: 0
2022-07-04 19:09:18,082:INFO:Creating occupants based on data from data/dorn ...
2022-07-04 19:09:18,524:INFO:Creating zones ...
2022-07-04 19:09:18,531:INFO:Environment created!
2022-07-04 19:09:19,422:INFO:Cumulated reward: 0
2022-07-04 19:09:30,074:INFO:Creating occupants based on data from data/dorn ...
2022-07-04 19:09:30,516:INFO:Creating zones ...
2022-07-04 19:09:30,523:INFO:Environment created!
2022-07-04 19:09:31,406:INFO:Cumulated reward: 0
2022-07-04 19:09:41,953:INFO:Creating occupants based on data from data/dorn ...
2022-07-04 19:09:42,382:INFO:Creating zones ...
2022-07-04 19:09:42,388:INFO:Environment created!
2022-07-04 19:09:43,441:INFO:Cumulated reward: 0
2022-07-04 19:09:54,117:INFO:Creating occupants based on data from data/dorn ...
2022-07-04 19:09:54,551:INFO:Creating zones ...
2022-07-04 19:09:54,557:INFO:Environment created!
2022-07-04 19:09:55,559:INFO:Cumulated reward: 0
2022-07-04 19:10:06,076:INFO:Creating occupants based on data from data/dorn ...
2022-07-04 19:10:06,507:INFO:Creating zones ...
2022-07-04 19:10:06,513:INFO:Environment created!
2022-07-04 19:10:07,599:INFO:Cumulated reward: 0
2022-07-04 19:10:18,132:INFO:Creating occupants based on data from data/dorn ...
2022-07-04 19:10:18,562:INFO:Creating zones ...
2022-07-04 19:10:18,568:INFO:Environment created!
2022-07-04 19:10:19,366:INFO:Cumulated reward: 0
2022-07-04 19:10:29,726:INFO:Creating occupants based on data from data/dorn ...
2022-07-04 19:10:30,163:INFO:Creating zones ...
2022-07-04 19:10:30,169:INFO:Environment created!
2022-07-04 19:10:31,114:INFO:Cumulated reward: 0
2022-07-04 19:10:41,481:INFO:Creating occupants based on data from data/dorn ...
2022-07-04 19:10:41,912:INFO:Creating zones ...
2022-07-04 19:10:41,918:INFO:Environment created!
2022-07-04 19:10:42,957:INFO:Cumulated reward: 0
2022-07-04 19:10:53,336:INFO:Creating occupants based on data from data/dorn ...
2022-07-04 19:10:53,768:INFO:Creating zones ...
2022-07-04 19:10:53,775:INFO:Environment created!
2022-07-04 19:10:54,652:INFO:Cumulated reward: 0
2022-07-04 19:11:05,281:INFO:Creating occupants based on data from data/dorn ...
2022-07-04 19:11:05,722:INFO:Creating zones ...
2022-07-04 19:11:05,728:INFO:Environment created!
2022-07-04 19:11:06,674:INFO:Cumulated reward: 0
2022-07-04 19:11:17,140:INFO:Creating occupants based on data from data/dorn ...
2022-07-04 19:11:17,574:INFO:Creating zones ...
2022-07-04 19:11:17,580:INFO:Environment created!
2022-07-04 19:11:18,647:INFO:Cumulated reward: 0
2022-07-04 19:11:29,541:INFO:Creating occupants based on data from data/dorn ...
2022-07-04 19:11:29,974:INFO:Creating zones ...
2022-07-04 19:11:29,980:INFO:Environment created!
2022-07-04 19:11:30,749:INFO:Cumulated reward: 0
2022-07-04 19:11:41,327:INFO:Creating occupants based on data from data/dorn ...
2022-07-04 19:11:41,756:INFO:Creating zones ...
2022-07-04 19:11:41,762:INFO:Environment created!
2022-07-04 19:11:42,517:INFO:Cumulated reward: 0
2022-07-04 19:11:52,841:INFO:Creating occupants based on data from data/dorn ...
2022-07-04 19:11:53,279:INFO:Creating zones ...
2022-07-04 19:11:53,285:INFO:Environment created!
2022-07-04 19:11:54,210:INFO:Cumulated reward: 0
2022-07-04 19:12:04,653:INFO:Creating occupants based on data from data/dorn ...
2022-07-04 19:12:05,082:INFO:Creating zones ...
2022-07-04 19:12:05,088:INFO:Environment created!
2022-07-04 19:12:06,121:INFO:Cumulated reward: 0
2022-07-04 19:12:16,415:INFO:Creating occupants based on data from data/dorn ...
2022-07-04 19:12:16,842:INFO:Creating zones ...
2022-07-04 19:12:16,848:INFO:Environment created!
2022-07-04 19:12:17,817:INFO:Cumulated reward: 0
2022-07-04 19:12:28,071:INFO:Creating occupants based on data from data/dorn ...
2022-07-04 19:12:28,504:INFO:Creating zones ...
2022-07-04 19:12:28,509:INFO:Environment created!
2022-07-04 19:12:29,361:INFO:Cumulated reward: 0
2022-07-04 19:12:39,728:INFO:Creating occupants based on data from data/dorn ...
2022-07-04 19:12:40,157:INFO:Creating zones ...
2022-07-04 19:12:40,164:INFO:Environment created!
2022-07-04 19:12:41,047:INFO:Cumulated reward: 0
2022-07-04 19:12:51,571:INFO:Creating occupants based on data from data/dorn ...
2022-07-04 19:12:51,998:INFO:Creating zones ...
2022-07-04 19:12:52,004:INFO:Environment created!
2022-07-04 19:12:52,871:INFO:Cumulated reward: 0
2022-07-04 19:13:03,244:INFO:Creating occupants based on data from data/dorn ...
2022-07-04 19:13:03,679:INFO:Creating zones ...
2022-07-04 19:13:03,686:INFO:Environment created!
2022-07-04 19:13:04,466:INFO:Cumulated reward: 0
2022-07-05 14:57:27,529:INFO:Creating occupants based on data from data/dorn ...
2022-07-05 14:57:27,968:INFO:Creating zones ...
2022-07-05 14:57:27,976:INFO:Environment created!
2022-07-05 14:57:29,164:INFO:Cumulated reward: 0
2022-07-05 14:57:40,475:INFO:Creating occupants based on data from data/dorn ...
2022-07-05 14:57:40,952:INFO:Creating zones ...
2022-07-05 14:57:40,959:INFO:Environment created!
2022-07-05 14:57:41,884:INFO:Cumulated reward: 0
2022-07-05 14:57:53,028:INFO:Creating occupants based on data from data/dorn ...
2022-07-05 14:57:53,459:INFO:Creating zones ...
2022-07-05 14:57:53,464:INFO:Environment created!
2022-07-05 14:57:54,352:INFO:Cumulated reward: 0
2022-07-05 14:58:05,029:INFO:Creating occupants based on data from data/dorn ...
2022-07-05 14:58:05,475:INFO:Creating zones ...
2022-07-05 14:58:05,480:INFO:Environment created!
2022-07-05 14:58:06,523:INFO:Cumulated reward: 0
2022-07-05 14:58:17,275:INFO:Creating occupants based on data from data/dorn ...
2022-07-05 14:58:17,716:INFO:Creating zones ...
2022-07-05 14:58:17,722:INFO:Environment created!
2022-07-05 14:58:18,523:INFO:Cumulated reward: 0
2022-07-05 14:58:29,442:INFO:Creating occupants based on data from data/dorn ...
2022-07-05 14:58:29,875:INFO:Creating zones ...
2022-07-05 14:58:29,880:INFO:Environment created!
2022-07-05 14:58:30,637:INFO:Cumulated reward: 0
2022-07-05 14:58:41,509:INFO:Creating occupants based on data from data/dorn ...
2022-07-05 14:58:41,944:INFO:Creating zones ...
2022-07-05 14:58:41,949:INFO:Environment created!
2022-07-05 14:58:42,963:INFO:Cumulated reward: 0
2022-07-05 14:58:54,153:INFO:Creating occupants based on data from data/dorn ...
2022-07-05 14:58:54,591:INFO:Creating zones ...
2022-07-05 14:58:54,597:INFO:Environment created!
2022-07-05 14:58:55,195:INFO:Cumulated reward: 0
2022-07-05 14:59:06,811:INFO:Creating occupants based on data from data/dorn ...
2022-07-05 14:59:07,263:INFO:Creating zones ...
2022-07-05 14:59:07,270:INFO:Environment created!
2022-07-05 14:59:08,018:INFO:Cumulated reward: 0
2022-07-05 14:59:19,169:INFO:Creating occupants based on data from data/dorn ...
2022-07-05 14:59:19,600:INFO:Creating zones ...
2022-07-05 14:59:19,607:INFO:Environment created!
2022-07-05 14:59:20,629:INFO:Cumulated reward: 0
2022-07-05 14:59:31,510:INFO:Creating occupants based on data from data/dorn ...
2022-07-05 14:59:31,951:INFO:Creating zones ...
2022-07-05 14:59:31,957:INFO:Environment created!
2022-07-05 14:59:32,940:INFO:Cumulated reward: 0
2022-07-05 14:59:44,335:INFO:Creating occupants based on data from data/dorn ...
2022-07-05 14:59:44,771:INFO:Creating zones ...
2022-07-05 14:59:44,779:INFO:Environment created!
2022-07-05 14:59:45,607:INFO:Cumulated reward: 0
2022-07-05 14:59:56,527:INFO:Creating occupants based on data from data/dorn ...
2022-07-05 14:59:56,964:INFO:Creating zones ...
2022-07-05 14:59:56,970:INFO:Environment created!
2022-07-05 14:59:57,797:INFO:Cumulated reward: 0
2022-07-05 15:00:09,083:INFO:Creating occupants based on data from data/dorn ...
2022-07-05 15:00:09,517:INFO:Creating zones ...
2022-07-05 15:00:09,522:INFO:Environment created!
2022-07-05 15:00:10,338:INFO:Cumulated reward: 0
2022-07-05 15:00:21,036:INFO:Creating occupants based on data from data/dorn ...
2022-07-05 15:00:21,471:INFO:Creating zones ...
2022-07-05 15:00:21,479:INFO:Environment created!
2022-07-05 15:00:22,474:INFO:Cumulated reward: 0
2022-07-05 15:00:33,562:INFO:Creating occupants based on data from data/dorn ...
2022-07-05 15:00:34,005:INFO:Creating zones ...
2022-07-05 15:00:34,012:INFO:Environment created!
2022-07-05 15:00:34,906:INFO:Cumulated reward: 0
2022-07-05 15:00:46,089:INFO:Creating occupants based on data from data/dorn ...
2022-07-05 15:00:46,536:INFO:Creating zones ...
2022-07-05 15:00:46,541:INFO:Environment created!
2022-07-05 15:00:47,569:INFO:Cumulated reward: 0
2022-07-05 15:00:58,746:INFO:Creating occupants based on data from data/dorn ...
2022-07-05 15:00:59,220:INFO:Creating zones ...
2022-07-05 15:00:59,226:INFO:Environment created!
2022-07-05 15:01:00,413:INFO:Cumulated reward: 0
2022-07-05 15:01:12,341:INFO:Creating occupants based on data from data/dorn ...
2022-07-05 15:01:12,849:INFO:Creating zones ...
2022-07-05 15:01:12,855:INFO:Environment created!
2022-07-05 15:01:13,906:INFO:Cumulated reward: 0
2022-07-05 15:01:26,029:INFO:Creating occupants based on data from data/dorn ...
2022-07-05 15:01:26,479:INFO:Creating zones ...
2022-07-05 15:01:26,485:INFO:Environment created!
2022-07-05 15:01:27,396:INFO:Cumulated reward: 0
2022-07-05 15:01:38,762:INFO:Creating occupants based on data from data/dorn ...
2022-07-05 15:01:39,208:INFO:Creating zones ...
2022-07-05 15:01:39,214:INFO:Environment created!
2022-07-05 15:01:40,055:INFO:Cumulated reward: 0
2022-07-05 15:01:51,316:INFO:Creating occupants based on data from data/dorn ...
2022-07-05 15:01:51,763:INFO:Creating zones ...
2022-07-05 15:01:51,769:INFO:Environment created!
2022-07-05 15:01:52,545:INFO:Cumulated reward: 0
2022-07-05 15:02:03,712:INFO:Creating occupants based on data from data/dorn ...
2022-07-05 15:02:04,158:INFO:Creating zones ...
2022-07-05 15:02:04,164:INFO:Environment created!
2022-07-05 15:02:05,532:INFO:Cumulated reward: 0
2022-07-05 15:02:16,942:INFO:Creating occupants based on data from data/dorn ...
2022-07-05 15:02:17,389:INFO:Creating zones ...
2022-07-05 15:02:17,396:INFO:Environment created!
2022-07-05 15:02:18,296:INFO:Cumulated reward: 0
2022-07-05 15:02:29,709:INFO:Creating occupants based on data from data/dorn ...
2022-07-05 15:02:30,151:INFO:Creating zones ...
2022-07-05 15:02:30,157:INFO:Environment created!
2022-07-05 15:02:31,057:INFO:Cumulated reward: 0
2022-07-05 15:02:42,284:INFO:Creating occupants based on data from data/dorn ...
2022-07-05 15:02:42,767:INFO:Creating zones ...
2022-07-05 15:02:42,773:INFO:Environment created!
2022-07-05 15:02:43,684:INFO:Cumulated reward: 0
2022-07-05 15:02:55,701:INFO:Creating occupants based on data from data/dorn ...
2022-07-05 15:02:56,154:INFO:Creating zones ...
2022-07-05 15:02:56,160:INFO:Environment created!
2022-07-05 15:02:57,218:INFO:Cumulated reward: 0
2022-07-05 15:03:08,874:INFO:Creating occupants based on data from data/dorn ...
2022-07-05 15:03:09,316:INFO:Creating zones ...
2022-07-05 15:03:09,322:INFO:Environment created!
2022-07-05 15:03:10,428:INFO:Cumulated reward: 0
2022-07-05 15:03:22,104:INFO:Creating occupants based on data from data/dorn ...
2022-07-05 15:03:22,581:INFO:Creating zones ...
2022-07-05 15:03:22,587:INFO:Environment created!
2022-07-05 15:03:23,404:INFO:Cumulated reward: 0
2022-07-05 15:03:34,675:INFO:Creating occupants based on data from data/dorn ...
2022-07-05 15:03:35,117:INFO:Creating zones ...
2022-07-05 15:03:35,124:INFO:Environment created!
2022-07-05 15:03:36,059:INFO:Cumulated reward: 0
2022-07-08 18:14:59,902:INFO:Creating occupants based on data from data/dorn ...
2022-07-08 18:15:00,344:INFO:Creating zones ...
2022-07-08 18:15:00,350:INFO:Environment created!
2022-07-08 18:15:01,575:INFO:Cumulated reward: 0
2022-07-08 18:15:12,874:INFO:Creating occupants based on data from data/dorn ...
2022-07-08 18:15:13,305:INFO:Creating zones ...
2022-07-08 18:15:13,311:INFO:Environment created!
2022-07-08 18:15:14,539:INFO:Cumulated reward: 0
2022-07-08 18:15:25,633:INFO:Creating occupants based on data from data/dorn ...
2022-07-08 18:15:26,066:INFO:Creating zones ...
2022-07-08 18:15:26,072:INFO:Environment created!
2022-07-08 18:15:26,821:INFO:Cumulated reward: 0
2022-07-08 18:15:37,778:INFO:Creating occupants based on data from data/dorn ...
2022-07-08 18:15:38,213:INFO:Creating zones ...
2022-07-08 18:15:38,220:INFO:Environment created!
2022-07-08 18:15:39,154:INFO:Cumulated reward: 0
2022-07-08 18:15:50,513:INFO:Creating occupants based on data from data/dorn ...
2022-07-08 18:15:50,963:INFO:Creating zones ...
2022-07-08 18:15:50,969:INFO:Environment created!
2022-07-08 18:15:51,983:INFO:Cumulated reward: 0
2022-07-08 18:16:04,192:INFO:Creating occupants based on data from data/dorn ...
2022-07-08 18:16:04,700:INFO:Creating zones ...
2022-07-08 18:16:04,707:INFO:Environment created!
2022-07-08 18:16:05,733:INFO:Cumulated reward: 0
2022-07-08 18:16:17,785:INFO:Creating occupants based on data from data/dorn ...
2022-07-08 18:16:18,242:INFO:Creating zones ...
2022-07-08 18:16:18,249:INFO:Environment created!
2022-07-08 18:16:19,367:INFO:Cumulated reward: 0
2022-07-08 18:16:30,563:INFO:Creating occupants based on data from data/dorn ...
2022-07-08 18:16:30,993:INFO:Creating zones ...
2022-07-08 18:16:31,000:INFO:Environment created!
2022-07-08 18:16:32,031:INFO:Cumulated reward: 0
2022-07-08 18:16:42,904:INFO:Creating occupants based on data from data/dorn ...
2022-07-08 18:16:43,337:INFO:Creating zones ...
2022-07-08 18:16:43,343:INFO:Environment created!
2022-07-08 18:16:44,335:INFO:Cumulated reward: 0
2022-07-08 18:16:55,330:INFO:Creating occupants based on data from data/dorn ...
2022-07-08 18:16:55,761:INFO:Creating zones ...
2022-07-08 18:16:55,767:INFO:Environment created!
2022-07-08 18:16:56,721:INFO:Cumulated reward: 0
2022-07-08 18:17:07,761:INFO:Creating occupants based on data from data/dorn ...
2022-07-08 18:17:08,197:INFO:Creating zones ...
2022-07-08 18:17:08,203:INFO:Environment created!
2022-07-08 18:17:09,245:INFO:Cumulated reward: 0
2022-07-08 18:17:20,320:INFO:Creating occupants based on data from data/dorn ...
2022-07-08 18:17:20,756:INFO:Creating zones ...
2022-07-08 18:17:20,762:INFO:Environment created!
2022-07-08 18:17:21,737:INFO:Cumulated reward: 0
2022-07-08 18:17:33,464:INFO:Creating occupants based on data from data/dorn ...
2022-07-08 18:17:33,923:INFO:Creating zones ...
2022-07-08 18:17:33,931:INFO:Environment created!
2022-07-08 18:17:34,722:INFO:Cumulated reward: 0
2022-07-08 18:17:46,199:INFO:Creating occupants based on data from data/dorn ...
2022-07-08 18:17:46,650:INFO:Creating zones ...
2022-07-08 18:17:46,656:INFO:Environment created!
2022-07-08 18:17:47,810:INFO:Cumulated reward: 0
2022-07-08 18:17:59,314:INFO:Creating occupants based on data from data/dorn ...
2022-07-08 18:17:59,746:INFO:Creating zones ...
2022-07-08 18:17:59,752:INFO:Environment created!
2022-07-08 18:18:00,827:INFO:Cumulated reward: 0
2022-07-08 18:18:12,018:INFO:Creating occupants based on data from data/dorn ...
2022-07-08 18:18:12,453:INFO:Creating zones ...
2022-07-08 18:18:12,459:INFO:Environment created!
2022-07-08 18:18:13,059:INFO:Cumulated reward: 0
2022-07-08 18:18:24,502:INFO:Creating occupants based on data from data/dorn ...
2022-07-08 18:18:24,967:INFO:Creating zones ...
2022-07-08 18:18:24,973:INFO:Environment created!
2022-07-08 18:18:26,261:INFO:Cumulated reward: 0
2022-07-08 18:18:39,947:INFO:Creating occupants based on data from data/dorn ...
2022-07-08 18:18:40,524:INFO:Creating zones ...
2022-07-08 18:18:40,532:INFO:Environment created!
2022-07-08 18:18:41,769:INFO:Cumulated reward: 0
2022-07-08 18:18:56,199:INFO:Creating occupants based on data from data/dorn ...
2022-07-08 18:18:56,767:INFO:Creating zones ...
2022-07-08 18:18:56,774:INFO:Environment created!
2022-07-08 18:18:58,227:INFO:Cumulated reward: 0
2022-07-08 18:19:14,311:INFO:Creating occupants based on data from data/dorn ...
2022-07-08 18:19:14,940:INFO:Creating zones ...
2022-07-08 18:19:14,949:INFO:Environment created!
2022-07-08 18:19:16,770:INFO:Cumulated reward: 0
2022-07-08 18:19:31,965:INFO:Creating occupants based on data from data/dorn ...
2022-07-08 18:19:32,503:INFO:Creating zones ...
2022-07-08 18:19:32,510:INFO:Environment created!
2022-07-08 18:19:33,780:INFO:Cumulated reward: 0
2022-07-08 18:19:46,438:INFO:Creating occupants based on data from data/dorn ...
2022-07-08 18:19:46,902:INFO:Creating zones ...
2022-07-08 18:19:46,908:INFO:Environment created!
2022-07-08 18:19:47,988:INFO:Cumulated reward: 0
2022-07-08 18:19:59,739:INFO:Creating occupants based on data from data/dorn ...
2022-07-08 18:20:00,189:INFO:Creating zones ...
2022-07-08 18:20:00,196:INFO:Environment created!
2022-07-08 18:20:01,091:INFO:Cumulated reward: 0
2022-07-08 18:20:13,739:INFO:Creating occupants based on data from data/dorn ...
2022-07-08 18:20:14,258:INFO:Creating zones ...
2022-07-08 18:20:14,266:INFO:Environment created!
2022-07-08 18:20:15,567:INFO:Cumulated reward: 0
2022-07-08 18:20:30,045:INFO:Creating occupants based on data from data/dorn ...
2022-07-08 18:20:30,654:INFO:Creating zones ...
2022-07-08 18:20:30,662:INFO:Environment created!
2022-07-08 18:20:32,031:INFO:Cumulated reward: 0
2022-07-08 18:20:48,033:INFO:Creating occupants based on data from data/dorn ...
2022-07-08 18:20:48,634:INFO:Creating zones ...
2022-07-08 18:20:48,641:INFO:Environment created!
2022-07-08 18:20:50,314:INFO:Cumulated reward: 0
2022-07-08 18:21:04,257:INFO:Creating occupants based on data from data/dorn ...
2022-07-08 18:21:04,765:INFO:Creating zones ...
2022-07-08 18:21:04,772:INFO:Environment created!
2022-07-08 18:21:06,020:INFO:Cumulated reward: 0
2022-07-08 18:21:19,245:INFO:Creating occupants based on data from data/dorn ...
2022-07-08 18:21:19,725:INFO:Creating zones ...
2022-07-08 18:21:19,732:INFO:Environment created!
2022-07-08 18:21:20,615:INFO:Cumulated reward: 0
2022-07-08 18:21:32,877:INFO:Creating occupants based on data from data/dorn ...
2022-07-08 18:21:33,348:INFO:Creating zones ...
2022-07-08 18:21:33,354:INFO:Environment created!
2022-07-08 18:21:34,528:INFO:Cumulated reward: 0
2022-07-08 18:21:46,007:INFO:Creating occupants based on data from data/dorn ...
2022-07-08 18:21:46,449:INFO:Creating zones ...
2022-07-08 18:21:46,455:INFO:Environment created!
2022-07-08 18:21:47,462:INFO:Cumulated reward: 0
2022-07-09 00:01:18,525:INFO:Creating occupants based on data from data/dorn ...
2022-07-09 00:01:19,762:INFO:Creating zones ...
2022-07-09 00:01:19,779:INFO:Environment created!
2022-07-09 00:01:22,947:INFO:Cumulated reward: 0
2022-07-09 00:02:06,154:INFO:Creating occupants based on data from data/dorn ...
2022-07-09 00:02:08,502:INFO:Creating zones ...
2022-07-09 00:02:08,528:INFO:Environment created!
2022-07-09 00:02:12,303:INFO:Cumulated reward: 0
2022-07-09 00:02:50,980:INFO:Creating occupants based on data from data/dorn ...
2022-07-09 00:02:52,219:INFO:Creating zones ...
2022-07-09 00:02:52,235:INFO:Environment created!
2022-07-09 00:02:54,868:INFO:Cumulated reward: 0
2022-07-09 00:03:23,177:INFO:Creating occupants based on data from data/dorn ...
2022-07-09 00:03:24,077:INFO:Creating zones ...
2022-07-09 00:03:24,089:INFO:Environment created!
2022-07-09 00:03:26,046:INFO:Cumulated reward: 0
2022-07-09 00:03:47,444:INFO:Creating occupants based on data from data/dorn ...
2022-07-09 00:03:48,322:INFO:Creating zones ...
2022-07-09 00:03:48,334:INFO:Environment created!
2022-07-09 00:03:50,285:INFO:Cumulated reward: 0
2022-07-09 00:04:15,321:INFO:Creating occupants based on data from data/dorn ...
2022-07-09 00:04:16,498:INFO:Creating zones ...
2022-07-09 00:04:16,513:INFO:Environment created!
2022-07-09 00:04:19,088:INFO:Cumulated reward: 0
2022-07-09 00:04:51,914:INFO:Creating occupants based on data from data/dorn ...
2022-07-09 00:04:53,280:INFO:Creating zones ...
2022-07-09 00:04:53,298:INFO:Environment created!
2022-07-09 00:04:55,834:INFO:Cumulated reward: 0
2022-07-09 00:05:30,378:INFO:Creating occupants based on data from data/dorn ...
2022-07-09 00:05:31,746:INFO:Creating zones ...
2022-07-09 00:05:31,765:INFO:Environment created!
2022-07-09 00:05:34,978:INFO:Cumulated reward: 0
2022-07-09 00:06:05,659:INFO:Creating occupants based on data from data/dorn ...
2022-07-09 00:06:06,650:INFO:Creating zones ...
2022-07-09 00:06:06,665:INFO:Environment created!
2022-07-09 00:06:08,778:INFO:Cumulated reward: 0
2022-07-09 00:06:30,891:INFO:Creating occupants based on data from data/dorn ...
2022-07-09 00:06:31,696:INFO:Creating zones ...
2022-07-09 00:06:31,707:INFO:Environment created!
2022-07-09 00:06:33,380:INFO:Cumulated reward: 0
2022-07-09 00:06:54,889:INFO:Creating occupants based on data from data/dorn ...
2022-07-09 00:06:55,709:INFO:Creating zones ...
2022-07-09 00:06:55,719:INFO:Environment created!
2022-07-09 00:06:57,637:INFO:Cumulated reward: 0
2022-07-09 00:07:21,056:INFO:Creating occupants based on data from data/dorn ...
2022-07-09 00:07:22,030:INFO:Creating zones ...
2022-07-09 00:07:22,042:INFO:Environment created!
2022-07-09 00:07:24,644:INFO:Cumulated reward: 0
2022-07-09 00:07:53,670:INFO:Creating occupants based on data from data/dorn ...
2022-07-09 00:07:54,844:INFO:Creating zones ...
2022-07-09 00:07:54,859:INFO:Environment created!
2022-07-09 00:07:57,502:INFO:Cumulated reward: 0
2022-07-09 00:08:26,309:INFO:Creating occupants based on data from data/dorn ...
2022-07-09 00:08:27,391:INFO:Creating zones ...
2022-07-09 00:08:27,405:INFO:Environment created!
2022-07-09 00:08:29,908:INFO:Cumulated reward: 0
2022-07-09 00:08:55,435:INFO:Creating occupants based on data from data/dorn ...
2022-07-09 00:08:56,407:INFO:Creating zones ...
2022-07-09 00:08:56,419:INFO:Environment created!
2022-07-09 00:08:58,408:INFO:Cumulated reward: 0
2022-07-09 00:09:22,455:INFO:Creating occupants based on data from data/dorn ...
2022-07-09 00:09:23,311:INFO:Creating zones ...
2022-07-09 00:09:23,321:INFO:Environment created!
2022-07-09 00:09:24,908:INFO:Cumulated reward: 0
2022-07-09 00:09:46,613:INFO:Creating occupants based on data from data/dorn ...
2022-07-09 00:09:47,452:INFO:Creating zones ...
2022-07-09 00:09:47,463:INFO:Environment created!
2022-07-09 00:09:49,371:INFO:Cumulated reward: 0
2022-07-09 00:10:11,203:INFO:Creating occupants based on data from data/dorn ...
2022-07-09 00:10:12,100:INFO:Creating zones ...
2022-07-09 00:10:12,111:INFO:Environment created!
2022-07-09 00:10:14,412:INFO:Cumulated reward: 0
2022-07-09 00:10:36,951:INFO:Creating occupants based on data from data/dorn ...
2022-07-09 00:10:37,854:INFO:Creating zones ...
2022-07-09 00:10:37,867:INFO:Environment created!
2022-07-09 00:10:40,195:INFO:Cumulated reward: 0
2022-07-09 00:11:02,831:INFO:Creating occupants based on data from data/dorn ...
2022-07-09 00:11:03,708:INFO:Creating zones ...
2022-07-09 00:11:03,720:INFO:Environment created!
2022-07-09 00:11:05,989:INFO:Cumulated reward: 0
2022-07-09 00:11:28,794:INFO:Creating occupants based on data from data/dorn ...
2022-07-09 00:11:29,664:INFO:Creating zones ...
2022-07-09 00:11:29,675:INFO:Environment created!
2022-07-09 00:11:31,803:INFO:Cumulated reward: 0
2022-07-09 00:11:55,522:INFO:Creating occupants based on data from data/dorn ...
2022-07-09 00:11:56,420:INFO:Creating zones ...
2022-07-09 00:11:56,431:INFO:Environment created!
2022-07-09 00:11:59,040:INFO:Cumulated reward: 0
2022-07-09 00:12:19,986:INFO:Creating occupants based on data from data/dorn ...
2022-07-09 00:12:20,789:INFO:Creating zones ...
2022-07-09 00:12:20,800:INFO:Environment created!
2022-07-09 00:12:22,116:INFO:Cumulated reward: 0
2022-07-09 00:12:45,837:INFO:Creating occupants based on data from data/dorn ...
2022-07-09 00:12:46,712:INFO:Creating zones ...
2022-07-09 00:12:46,723:INFO:Environment created!
2022-07-09 00:12:49,047:INFO:Cumulated reward: 0
2022-07-09 00:13:20,500:INFO:Creating occupants based on data from data/dorn ...
2022-07-09 00:13:21,728:INFO:Creating zones ...
2022-07-09 00:13:21,746:INFO:Environment created!
2022-07-09 00:13:25,183:INFO:Cumulated reward: 0
2022-07-09 00:13:55,657:INFO:Creating occupants based on data from data/dorn ...
2022-07-09 00:13:56,802:INFO:Creating zones ...
2022-07-09 00:13:56,814:INFO:Environment created!
2022-07-09 00:13:59,528:INFO:Cumulated reward: 0
2022-07-09 00:14:27,372:INFO:Creating occupants based on data from data/dorn ...
2022-07-09 00:14:28,392:INFO:Creating zones ...
2022-07-09 00:14:28,405:INFO:Environment created!
2022-07-09 00:14:30,639:INFO:Cumulated reward: 0
2022-07-09 00:14:55,583:INFO:Creating occupants based on data from data/dorn ...
2022-07-09 00:14:56,434:INFO:Creating zones ...
2022-07-09 00:14:56,445:INFO:Environment created!
2022-07-09 00:14:58,199:INFO:Cumulated reward: 0
2022-07-09 00:15:20,788:INFO:Creating occupants based on data from data/dorn ...
2022-07-09 00:15:21,628:INFO:Creating zones ...
2022-07-09 00:15:21,639:INFO:Environment created!
2022-07-09 00:15:23,507:INFO:Cumulated reward: 0
2022-07-09 00:15:44,781:INFO:Creating occupants based on data from data/dorn ...
2022-07-09 00:15:45,629:INFO:Creating zones ...
2022-07-09 00:15:45,639:INFO:Environment created!
2022-07-09 00:15:47,502:INFO:Cumulated reward: 0
2022-07-12 09:58:33,941:INFO:Creating occupants based on data from data/dorn ...
2022-07-12 09:58:34,375:INFO:Creating zones ...
2022-07-12 09:58:34,380:INFO:Environment created!
2022-07-12 09:58:35,195:INFO:Cumulated reward: 0
2022-07-12 09:58:46,315:INFO:Creating occupants based on data from data/dorn ...
2022-07-12 09:58:46,755:INFO:Creating zones ...
2022-07-12 09:58:46,762:INFO:Environment created!
2022-07-12 09:58:47,659:INFO:Cumulated reward: 0
2022-07-12 09:58:58,850:INFO:Creating occupants based on data from data/dorn ...
2022-07-12 09:58:59,284:INFO:Creating zones ...
2022-07-12 09:58:59,291:INFO:Environment created!
2022-07-12 09:59:00,224:INFO:Cumulated reward: 0
2022-07-12 09:59:11,616:INFO:Creating occupants based on data from data/dorn ...
2022-07-12 09:59:12,086:INFO:Creating zones ...
2022-07-12 09:59:12,093:INFO:Environment created!
2022-07-12 09:59:12,984:INFO:Cumulated reward: 0
2022-07-12 09:59:24,513:INFO:Creating occupants based on data from data/dorn ...
2022-07-12 09:59:24,967:INFO:Creating zones ...
2022-07-12 09:59:24,972:INFO:Environment created!
2022-07-12 09:59:26,081:INFO:Cumulated reward: 0
2022-07-12 09:59:37,372:INFO:Creating occupants based on data from data/dorn ...
2022-07-12 09:59:37,807:INFO:Creating zones ...
2022-07-12 09:59:37,813:INFO:Environment created!
2022-07-12 09:59:38,729:INFO:Cumulated reward: 0
2022-07-12 09:59:49,401:INFO:Creating occupants based on data from data/dorn ...
2022-07-12 09:59:49,841:INFO:Creating zones ...
2022-07-12 09:59:49,848:INFO:Environment created!
2022-07-12 09:59:50,718:INFO:Cumulated reward: 0
2022-07-12 10:00:01,699:INFO:Creating occupants based on data from data/dorn ...
2022-07-12 10:00:02,138:INFO:Creating zones ...
2022-07-12 10:00:02,144:INFO:Environment created!
2022-07-12 10:00:02,892:INFO:Cumulated reward: 0
2022-07-12 10:00:14,136:INFO:Creating occupants based on data from data/dorn ...
2022-07-12 10:00:14,582:INFO:Creating zones ...
2022-07-12 10:00:14,588:INFO:Environment created!
2022-07-12 10:00:15,485:INFO:Cumulated reward: 0
2022-07-12 10:00:26,394:INFO:Creating occupants based on data from data/dorn ...
2022-07-12 10:00:26,836:INFO:Creating zones ...
2022-07-12 10:00:26,842:INFO:Environment created!
2022-07-12 10:00:27,844:INFO:Cumulated reward: 0
2022-07-12 10:00:39,449:INFO:Creating occupants based on data from data/dorn ...
2022-07-12 10:00:39,870:INFO:Creating zones ...
2022-07-12 10:00:39,876:INFO:Environment created!
2022-07-12 10:00:41,001:INFO:Cumulated reward: 0
2022-07-12 10:00:52,438:INFO:Creating occupants based on data from data/dorn ...
2022-07-12 10:00:52,879:INFO:Creating zones ...
2022-07-12 10:00:52,885:INFO:Environment created!
2022-07-12 10:00:53,628:INFO:Cumulated reward: 0
2022-07-12 10:01:05,452:INFO:Creating occupants based on data from data/dorn ...
2022-07-12 10:01:05,903:INFO:Creating zones ...
2022-07-12 10:01:05,909:INFO:Environment created!
2022-07-12 10:01:06,835:INFO:Cumulated reward: 0
2022-07-12 10:01:18,551:INFO:Creating occupants based on data from data/dorn ...
2022-07-12 10:01:18,996:INFO:Creating zones ...
2022-07-12 10:01:19,002:INFO:Environment created!
2022-07-12 10:01:19,637:INFO:Cumulated reward: 0
2022-07-12 10:01:31,275:INFO:Creating occupants based on data from data/dorn ...
2022-07-12 10:01:31,716:INFO:Creating zones ...
2022-07-12 10:01:31,722:INFO:Environment created!
2022-07-12 10:01:32,480:INFO:Cumulated reward: 0
2022-07-12 10:01:43,872:INFO:Creating occupants based on data from data/dorn ...
2022-07-12 10:01:44,342:INFO:Creating zones ...
2022-07-12 10:01:44,348:INFO:Environment created!
2022-07-12 10:01:45,265:INFO:Cumulated reward: 0
2022-07-12 10:01:56,676:INFO:Creating occupants based on data from data/dorn ...
2022-07-12 10:01:57,117:INFO:Creating zones ...
2022-07-12 10:01:57,123:INFO:Environment created!
2022-07-12 10:01:57,953:INFO:Cumulated reward: 0
2022-07-12 10:02:09,307:INFO:Creating occupants based on data from data/dorn ...
2022-07-12 10:02:09,748:INFO:Creating zones ...
2022-07-12 10:02:09,754:INFO:Environment created!
2022-07-12 10:02:10,899:INFO:Cumulated reward: 0
2022-07-12 10:02:22,530:INFO:Creating occupants based on data from data/dorn ...
2022-07-12 10:02:22,975:INFO:Creating zones ...
2022-07-12 10:02:22,981:INFO:Environment created!
2022-07-12 10:02:23,934:INFO:Cumulated reward: 0
2022-07-12 10:02:35,083:INFO:Creating occupants based on data from data/dorn ...
2022-07-12 10:02:35,514:INFO:Creating zones ...
2022-07-12 10:02:35,520:INFO:Environment created!
2022-07-12 10:02:36,630:INFO:Cumulated reward: 0
2022-07-12 10:02:47,976:INFO:Creating occupants based on data from data/dorn ...
2022-07-12 10:02:48,415:INFO:Creating zones ...
2022-07-12 10:02:48,421:INFO:Environment created!
2022-07-12 10:02:49,710:INFO:Cumulated reward: 0
2022-07-12 10:03:00,864:INFO:Creating occupants based on data from data/dorn ...
2022-07-12 10:03:01,299:INFO:Creating zones ...
2022-07-12 10:03:01,306:INFO:Environment created!
2022-07-12 10:03:02,432:INFO:Cumulated reward: 0
2022-07-12 10:03:13,781:INFO:Creating occupants based on data from data/dorn ...
2022-07-12 10:03:14,216:INFO:Creating zones ...
2022-07-12 10:03:14,223:INFO:Environment created!
2022-07-12 10:03:15,313:INFO:Cumulated reward: 0
2022-07-12 10:03:26,159:INFO:Creating occupants based on data from data/dorn ...
2022-07-12 10:03:26,587:INFO:Creating zones ...
2022-07-12 10:03:26,593:INFO:Environment created!
2022-07-12 10:03:27,415:INFO:Cumulated reward: 0
2022-07-12 10:03:38,426:INFO:Creating occupants based on data from data/dorn ...
2022-07-12 10:03:38,850:INFO:Creating zones ...
2022-07-12 10:03:38,856:INFO:Environment created!
2022-07-12 10:03:39,849:INFO:Cumulated reward: 0
2022-07-12 10:03:50,784:INFO:Creating occupants based on data from data/dorn ...
2022-07-12 10:03:51,213:INFO:Creating zones ...
2022-07-12 10:03:51,221:INFO:Environment created!
2022-07-12 10:03:52,260:INFO:Cumulated reward: 0
2022-07-12 10:04:03,478:INFO:Creating occupants based on data from data/dorn ...
2022-07-12 10:04:03,921:INFO:Creating zones ...
2022-07-12 10:04:03,927:INFO:Environment created!
2022-07-12 10:04:04,956:INFO:Cumulated reward: 0
2022-07-12 10:04:15,736:INFO:Creating occupants based on data from data/dorn ...
2022-07-12 10:04:16,164:INFO:Creating zones ...
2022-07-12 10:04:16,171:INFO:Environment created!
2022-07-12 10:04:17,075:INFO:Cumulated reward: 0
2022-07-12 10:04:28,027:INFO:Creating occupants based on data from data/dorn ...
2022-07-12 10:04:28,459:INFO:Creating zones ...
2022-07-12 10:04:28,465:INFO:Environment created!
2022-07-12 10:04:29,288:INFO:Cumulated reward: 0
2022-07-12 10:04:40,227:INFO:Creating occupants based on data from data/dorn ...
2022-07-12 10:04:40,662:INFO:Creating zones ...
2022-07-12 10:04:40,668:INFO:Environment created!
2022-07-12 10:04:41,586:INFO:Cumulated reward: 0
