2022-06-07 22:41:56,388:INFO:Creating occupants based on data from data/dorn ...
2022-06-07 22:41:56,906:INFO:Creating zones ...
2022-06-07 22:41:56,925:INFO:Environment created!
2022-06-07 22:41:58,597:INFO:Cumulated reward: 0
2022-06-09 10:15:08,643:INFO:Creating occupants based on data from data/dorn ...
2022-06-09 10:15:09,212:INFO:Creating zones ...
2022-06-09 10:15:09,232:INFO:Environment created!
2022-06-09 10:15:10,393:INFO:Cumulated reward: 0
2022-06-29 21:59:40,162:INFO:Creating occupants based on data from data/dorn ...
2022-06-29 21:59:40,608:INFO:Creating zones ...
2022-06-29 21:59:40,626:INFO:Environment created!
2022-06-29 21:59:41,599:INFO:Cumulated reward: 0
2022-06-29 21:59:52,202:INFO:Creating occupants based on data from data/dorn ...
2022-06-29 21:59:52,659:INFO:Creating zones ...
2022-06-29 21:59:52,681:INFO:Environment created!
2022-06-29 21:59:53,464:INFO:Cumulated reward: 0
2022-06-29 22:00:05,044:INFO:Creating occupants based on data from data/dorn ...
2022-06-29 22:00:05,510:INFO:Creating zones ...
2022-06-29 22:00:05,529:INFO:Environment created!
2022-06-29 22:00:06,593:INFO:Cumulated reward: 0
2022-06-29 22:00:17,603:INFO:Creating occupants based on data from data/dorn ...
2022-06-29 22:00:18,056:INFO:Creating zones ...
2022-06-29 22:00:18,075:INFO:Environment created!
2022-06-29 22:00:18,912:INFO:Cumulated reward: 0
2022-06-29 22:00:30,031:INFO:Creating occupants based on data from data/dorn ...
2022-06-29 22:00:30,494:INFO:Creating zones ...
2022-06-29 22:00:30,513:INFO:Environment created!
2022-06-29 22:00:31,661:INFO:Cumulated reward: 0
2022-06-29 22:00:42,989:INFO:Creating occupants based on data from data/dorn ...
2022-06-29 22:00:43,450:INFO:Creating zones ...
2022-06-29 22:00:43,470:INFO:Environment created!
2022-06-29 22:00:44,463:INFO:Cumulated reward: 0
2022-06-29 22:00:55,289:INFO:Creating occupants based on data from data/dorn ...
2022-06-29 22:00:55,758:INFO:Creating zones ...
2022-06-29 22:00:55,777:INFO:Environment created!
2022-06-29 22:00:56,582:INFO:Cumulated reward: 0
2022-06-29 22:01:07,619:INFO:Creating occupants based on data from data/dorn ...
2022-06-29 22:01:08,067:INFO:Creating zones ...
2022-06-29 22:01:08,085:INFO:Environment created!
2022-06-29 22:01:09,169:INFO:Cumulated reward: 0
2022-06-29 22:01:20,248:INFO:Creating occupants based on data from data/dorn ...
2022-06-29 22:01:20,696:INFO:Creating zones ...
2022-06-29 22:01:20,717:INFO:Environment created!
2022-06-29 22:01:21,638:INFO:Cumulated reward: 0
2022-06-29 22:01:32,517:INFO:Creating occupants based on data from data/dorn ...
2022-06-29 22:01:32,956:INFO:Creating zones ...
2022-06-29 22:01:32,973:INFO:Environment created!
2022-06-29 22:01:34,228:INFO:Cumulated reward: 0
2022-06-29 22:01:44,660:INFO:Creating occupants based on data from data/dorn ...
2022-06-29 22:01:45,102:INFO:Creating zones ...
2022-06-29 22:01:45,123:INFO:Environment created!
2022-06-29 22:01:46,095:INFO:Cumulated reward: 0
2022-06-29 22:01:56,731:INFO:Creating occupants based on data from data/dorn ...
2022-06-29 22:01:57,175:INFO:Creating zones ...
2022-06-29 22:01:57,192:INFO:Environment created!
2022-06-29 22:01:58,108:INFO:Cumulated reward: 0
2022-06-29 22:02:09,555:INFO:Creating occupants based on data from data/dorn ...
2022-06-29 22:02:10,016:INFO:Creating zones ...
2022-06-29 22:02:10,033:INFO:Environment created!
2022-06-29 22:02:11,296:INFO:Cumulated reward: 0
2022-06-29 22:02:21,872:INFO:Creating occupants based on data from data/dorn ...
2022-06-29 22:02:22,311:INFO:Creating zones ...
2022-06-29 22:02:22,330:INFO:Environment created!
2022-06-29 22:02:23,300:INFO:Cumulated reward: 0
2022-06-29 22:02:34,035:INFO:Creating occupants based on data from data/dorn ...
2022-06-29 22:02:34,472:INFO:Creating zones ...
2022-06-29 22:02:34,489:INFO:Environment created!
2022-06-29 22:02:35,373:INFO:Cumulated reward: 0
2022-06-29 22:02:45,769:INFO:Creating occupants based on data from data/dorn ...
2022-06-29 22:02:46,232:INFO:Creating zones ...
2022-06-29 22:02:46,250:INFO:Environment created!
2022-06-29 22:02:47,220:INFO:Cumulated reward: 0
2022-06-29 22:02:57,753:INFO:Creating occupants based on data from data/dorn ...
2022-06-29 22:02:58,195:INFO:Creating zones ...
2022-06-29 22:02:58,214:INFO:Environment created!
2022-06-29 22:02:59,298:INFO:Cumulated reward: 0
2022-06-29 22:03:09,710:INFO:Creating occupants based on data from data/dorn ...
2022-06-29 22:03:10,198:INFO:Creating zones ...
2022-06-29 22:03:10,219:INFO:Environment created!
2022-06-29 22:03:11,409:INFO:Cumulated reward: 0
2022-06-29 22:03:22,442:INFO:Creating occupants based on data from data/dorn ...
2022-06-29 22:03:22,928:INFO:Creating zones ...
2022-06-29 22:03:22,947:INFO:Environment created!
2022-06-29 22:03:24,074:INFO:Cumulated reward: 0
2022-06-29 22:03:35,890:INFO:Creating occupants based on data from data/dorn ...
2022-06-29 22:03:36,379:INFO:Creating zones ...
2022-06-29 22:03:36,400:INFO:Environment created!
2022-06-29 22:03:37,513:INFO:Cumulated reward: 0
2022-06-29 22:03:49,526:INFO:Creating occupants based on data from data/dorn ...
2022-06-29 22:03:50,050:INFO:Creating zones ...
2022-06-29 22:03:50,073:INFO:Environment created!
2022-06-29 22:03:51,237:INFO:Cumulated reward: 0
2022-06-29 22:04:04,530:INFO:Creating occupants based on data from data/dorn ...
2022-06-29 22:04:05,133:INFO:Creating zones ...
2022-06-29 22:04:05,155:INFO:Environment created!
2022-06-29 22:04:06,477:INFO:Cumulated reward: 0
2022-06-29 22:04:20,750:INFO:Creating occupants based on data from data/dorn ...
2022-06-29 22:04:21,359:INFO:Creating zones ...
2022-06-29 22:04:21,382:INFO:Environment created!
2022-06-29 22:04:22,593:INFO:Cumulated reward: 0
2022-06-29 22:04:37,099:INFO:Creating occupants based on data from data/dorn ...
2022-06-29 22:04:37,768:INFO:Creating zones ...
2022-06-29 22:04:37,792:INFO:Environment created!
2022-06-29 22:04:39,016:INFO:Cumulated reward: 0
2022-06-29 22:04:52,634:INFO:Creating occupants based on data from data/dorn ...
2022-06-29 22:04:53,202:INFO:Creating zones ...
2022-06-29 22:04:53,225:INFO:Environment created!
2022-06-29 22:04:54,590:INFO:Cumulated reward: 0
2022-06-29 22:05:08,388:INFO:Creating occupants based on data from data/dorn ...
2022-06-29 22:05:08,925:INFO:Creating zones ...
2022-06-29 22:05:08,946:INFO:Environment created!
2022-06-29 22:05:10,099:INFO:Cumulated reward: 0
2022-06-29 22:05:23,210:INFO:Creating occupants based on data from data/dorn ...
2022-06-29 22:05:23,757:INFO:Creating zones ...
2022-06-29 22:05:23,778:INFO:Environment created!
2022-06-29 22:05:25,074:INFO:Cumulated reward: 0
2022-06-29 22:05:38,106:INFO:Creating occupants based on data from data/dorn ...
2022-06-29 22:05:38,643:INFO:Creating zones ...
2022-06-29 22:05:38,666:INFO:Environment created!
2022-06-29 22:05:39,940:INFO:Cumulated reward: 0
2022-06-29 22:05:52,971:INFO:Creating occupants based on data from data/dorn ...
2022-06-29 22:05:53,491:INFO:Creating zones ...
2022-06-29 22:05:53,512:INFO:Environment created!
2022-06-29 22:05:54,484:INFO:Cumulated reward: 0
2022-06-29 22:06:05,944:INFO:Creating occupants based on data from data/dorn ...
2022-06-29 22:06:06,409:INFO:Creating zones ...
2022-06-29 22:06:06,430:INFO:Environment created!
2022-06-29 22:06:07,483:INFO:Cumulated reward: 0
2022-07-04 18:19:25,584:INFO:Creating occupants based on data from data/dorn ...
2022-07-04 18:19:26,199:INFO:Creating zones ...
2022-07-04 18:19:26,214:INFO:Environment created!
2022-07-04 18:19:27,679:INFO:Cumulated reward: 0
2022-07-04 18:19:44,019:INFO:Creating occupants based on data from data/dorn ...
2022-07-04 18:19:44,710:INFO:Creating zones ...
2022-07-04 18:19:44,727:INFO:Environment created!
2022-07-04 18:19:46,299:INFO:Cumulated reward: 0
2022-07-04 18:20:03,116:INFO:Creating occupants based on data from data/dorn ...
2022-07-04 18:20:03,843:INFO:Creating zones ...
2022-07-04 18:20:03,860:INFO:Environment created!
2022-07-04 18:20:05,238:INFO:Cumulated reward: 0
2022-07-04 18:20:21,579:INFO:Creating occupants based on data from data/dorn ...
2022-07-04 18:20:22,412:INFO:Creating zones ...
2022-07-04 18:20:22,431:INFO:Environment created!
2022-07-04 18:20:24,369:INFO:Cumulated reward: 0
2022-07-04 18:20:44,145:INFO:Creating occupants based on data from data/dorn ...
2022-07-04 18:20:45,037:INFO:Creating zones ...
2022-07-04 18:20:45,060:INFO:Environment created!
2022-07-04 18:20:46,981:INFO:Cumulated reward: 0
2022-07-04 18:21:09,268:INFO:Creating occupants based on data from data/dorn ...
2022-07-04 18:21:10,227:INFO:Creating zones ...
2022-07-04 18:21:10,248:INFO:Environment created!
2022-07-04 18:21:12,643:INFO:Cumulated reward: 0
2022-07-04 18:21:33,473:INFO:Creating occupants based on data from data/dorn ...
2022-07-04 18:21:34,363:INFO:Creating zones ...
2022-07-04 18:21:34,384:INFO:Environment created!
2022-07-04 18:21:36,575:INFO:Cumulated reward: 0
2022-07-04 18:21:56,762:INFO:Creating occupants based on data from data/dorn ...
2022-07-04 18:21:57,551:INFO:Creating zones ...
2022-07-04 18:21:57,570:INFO:Environment created!
2022-07-04 18:21:59,528:INFO:Cumulated reward: 0
2022-07-04 18:22:18,799:INFO:Creating occupants based on data from data/dorn ...
2022-07-04 18:22:19,614:INFO:Creating zones ...
2022-07-04 18:22:19,636:INFO:Environment created!
2022-07-04 18:22:21,368:INFO:Cumulated reward: 0
2022-07-04 18:22:40,614:INFO:Creating occupants based on data from data/dorn ...
2022-07-04 18:22:41,392:INFO:Creating zones ...
2022-07-04 18:22:41,411:INFO:Environment created!
2022-07-04 18:22:43,661:INFO:Cumulated reward: 0
2022-07-04 18:23:00,954:INFO:Creating occupants based on data from data/dorn ...
2022-07-04 18:23:01,615:INFO:Creating zones ...
2022-07-04 18:23:01,631:INFO:Environment created!
2022-07-04 18:23:03,111:INFO:Cumulated reward: 0
2022-07-04 18:23:17,078:INFO:Creating occupants based on data from data/dorn ...
2022-07-04 18:23:17,616:INFO:Creating zones ...
2022-07-04 18:23:17,628:INFO:Environment created!
2022-07-04 18:23:18,875:INFO:Cumulated reward: 0
2022-07-04 18:23:31,656:INFO:Creating occupants based on data from data/dorn ...
2022-07-04 18:23:32,173:INFO:Creating zones ...
2022-07-04 18:23:32,186:INFO:Environment created!
2022-07-04 18:23:33,185:INFO:Cumulated reward: 0
2022-07-04 18:23:45,407:INFO:Creating occupants based on data from data/dorn ...
2022-07-04 18:23:45,909:INFO:Creating zones ...
2022-07-04 18:23:45,922:INFO:Environment created!
2022-07-04 18:23:47,027:INFO:Cumulated reward: 0
2022-07-04 18:23:59,180:INFO:Creating occupants based on data from data/dorn ...
2022-07-04 18:23:59,683:INFO:Creating zones ...
2022-07-04 18:23:59,695:INFO:Environment created!
2022-07-04 18:24:00,865:INFO:Cumulated reward: 0
2022-07-04 18:24:12,886:INFO:Creating occupants based on data from data/dorn ...
2022-07-04 18:24:13,390:INFO:Creating zones ...
2022-07-04 18:24:13,402:INFO:Environment created!
2022-07-04 18:24:14,708:INFO:Cumulated reward: 0
2022-07-04 18:24:27,500:INFO:Creating occupants based on data from data/dorn ...
2022-07-04 18:24:28,050:INFO:Creating zones ...
2022-07-04 18:24:28,062:INFO:Environment created!
2022-07-04 18:24:29,545:INFO:Cumulated reward: 0
2022-07-04 18:24:43,206:INFO:Creating occupants based on data from data/dorn ...
2022-07-04 18:24:43,769:INFO:Creating zones ...
2022-07-04 18:24:43,782:INFO:Environment created!
2022-07-04 18:24:45,079:INFO:Cumulated reward: 0
2022-07-04 18:24:59,221:INFO:Creating occupants based on data from data/dorn ...
2022-07-04 18:24:59,818:INFO:Creating zones ...
2022-07-04 18:24:59,832:INFO:Environment created!
2022-07-04 18:25:01,254:INFO:Cumulated reward: 0
2022-07-04 18:25:15,182:INFO:Creating occupants based on data from data/dorn ...
2022-07-04 18:25:15,747:INFO:Creating zones ...
2022-07-04 18:25:15,760:INFO:Environment created!
2022-07-04 18:25:17,029:INFO:Cumulated reward: 0
2022-07-04 18:25:29,565:INFO:Creating occupants based on data from data/dorn ...
2022-07-04 18:25:30,084:INFO:Creating zones ...
2022-07-04 18:25:30,098:INFO:Environment created!
2022-07-04 18:25:31,148:INFO:Cumulated reward: 0
2022-07-04 18:25:42,954:INFO:Creating occupants based on data from data/dorn ...
2022-07-04 18:25:43,447:INFO:Creating zones ...
2022-07-04 18:25:43,459:INFO:Environment created!
2022-07-04 18:25:44,438:INFO:Cumulated reward: 0
2022-07-04 18:25:56,301:INFO:Creating occupants based on data from data/dorn ...
2022-07-04 18:25:56,789:INFO:Creating zones ...
2022-07-04 18:25:56,801:INFO:Environment created!
2022-07-04 18:25:57,821:INFO:Cumulated reward: 0
2022-07-04 18:26:09,981:INFO:Creating occupants based on data from data/dorn ...
2022-07-04 18:26:10,529:INFO:Creating zones ...
2022-07-04 18:26:10,542:INFO:Environment created!
2022-07-04 18:26:11,853:INFO:Cumulated reward: 0
2022-07-04 18:26:25,046:INFO:Creating occupants based on data from data/dorn ...
2022-07-04 18:26:25,620:INFO:Creating zones ...
2022-07-04 18:26:25,635:INFO:Environment created!
2022-07-04 18:26:26,939:INFO:Cumulated reward: 0
2022-07-04 18:26:41,121:INFO:Creating occupants based on data from data/dorn ...
2022-07-04 18:26:41,709:INFO:Creating zones ...
2022-07-04 18:26:41,724:INFO:Environment created!
2022-07-04 18:26:43,004:INFO:Cumulated reward: 0
2022-07-04 18:26:56,858:INFO:Creating occupants based on data from data/dorn ...
2022-07-04 18:26:57,453:INFO:Creating zones ...
2022-07-04 18:26:57,467:INFO:Environment created!
2022-07-04 18:26:58,820:INFO:Cumulated reward: 0
2022-07-04 18:27:12,221:INFO:Creating occupants based on data from data/dorn ...
2022-07-04 18:27:12,798:INFO:Creating zones ...
2022-07-04 18:27:12,812:INFO:Environment created!
2022-07-04 18:27:13,852:INFO:Cumulated reward: 0
2022-07-04 18:27:27,151:INFO:Creating occupants based on data from data/dorn ...
2022-07-04 18:27:27,721:INFO:Creating zones ...
2022-07-04 18:27:27,735:INFO:Environment created!
2022-07-04 18:27:29,041:INFO:Cumulated reward: 0
2022-07-04 18:27:42,800:INFO:Creating occupants based on data from data/dorn ...
2022-07-04 18:27:43,364:INFO:Creating zones ...
2022-07-04 18:27:43,378:INFO:Environment created!
2022-07-04 18:27:44,598:INFO:Cumulated reward: 0
2022-07-04 19:13:19,060:INFO:Creating occupants based on data from data/dorn ...
2022-07-04 19:13:19,492:INFO:Creating zones ...
2022-07-04 19:13:19,504:INFO:Environment created!
2022-07-04 19:13:20,265:INFO:Cumulated reward: 0
2022-07-04 19:13:30,495:INFO:Creating occupants based on data from data/dorn ...
2022-07-04 19:13:30,930:INFO:Creating zones ...
2022-07-04 19:13:30,940:INFO:Environment created!
2022-07-04 19:13:31,972:INFO:Cumulated reward: 0
2022-07-04 19:13:42,102:INFO:Creating occupants based on data from data/dorn ...
2022-07-04 19:13:42,532:INFO:Creating zones ...
2022-07-04 19:13:42,543:INFO:Environment created!
2022-07-04 19:13:43,634:INFO:Cumulated reward: 0
2022-07-04 19:13:53,737:INFO:Creating occupants based on data from data/dorn ...
2022-07-04 19:13:54,165:INFO:Creating zones ...
2022-07-04 19:13:54,176:INFO:Environment created!
2022-07-04 19:13:55,168:INFO:Cumulated reward: 0
2022-07-04 19:14:05,445:INFO:Creating occupants based on data from data/dorn ...
2022-07-04 19:14:05,880:INFO:Creating zones ...
2022-07-04 19:14:05,891:INFO:Environment created!
2022-07-04 19:14:06,766:INFO:Cumulated reward: 0
2022-07-04 19:14:16,767:INFO:Creating occupants based on data from data/dorn ...
2022-07-04 19:14:17,204:INFO:Creating zones ...
2022-07-04 19:14:17,215:INFO:Environment created!
2022-07-04 19:14:18,305:INFO:Cumulated reward: 0
2022-07-04 19:14:28,837:INFO:Creating occupants based on data from data/dorn ...
2022-07-04 19:14:29,264:INFO:Creating zones ...
2022-07-04 19:14:29,275:INFO:Environment created!
2022-07-04 19:14:30,300:INFO:Cumulated reward: 0
2022-07-04 19:14:40,571:INFO:Creating occupants based on data from data/dorn ...
2022-07-04 19:14:41,003:INFO:Creating zones ...
2022-07-04 19:14:41,014:INFO:Environment created!
2022-07-04 19:14:42,193:INFO:Cumulated reward: 0
2022-07-04 19:14:52,642:INFO:Creating occupants based on data from data/dorn ...
2022-07-04 19:14:53,068:INFO:Creating zones ...
2022-07-04 19:14:53,080:INFO:Environment created!
2022-07-04 19:14:54,220:INFO:Cumulated reward: 0
2022-07-04 19:15:04,374:INFO:Creating occupants based on data from data/dorn ...
2022-07-04 19:15:04,801:INFO:Creating zones ...
2022-07-04 19:15:04,812:INFO:Environment created!
2022-07-04 19:15:05,780:INFO:Cumulated reward: 0
2022-07-04 19:15:15,930:INFO:Creating occupants based on data from data/dorn ...
2022-07-04 19:15:16,359:INFO:Creating zones ...
2022-07-04 19:15:16,371:INFO:Environment created!
2022-07-04 19:15:17,340:INFO:Cumulated reward: 0
2022-07-04 19:15:27,655:INFO:Creating occupants based on data from data/dorn ...
2022-07-04 19:15:28,155:INFO:Creating zones ...
2022-07-04 19:15:28,166:INFO:Environment created!
2022-07-04 19:15:29,197:INFO:Cumulated reward: 0
2022-07-04 19:15:39,647:INFO:Creating occupants based on data from data/dorn ...
2022-07-04 19:15:40,071:INFO:Creating zones ...
2022-07-04 19:15:40,082:INFO:Environment created!
2022-07-04 19:15:41,070:INFO:Cumulated reward: 0
2022-07-04 19:15:51,359:INFO:Creating occupants based on data from data/dorn ...
2022-07-04 19:15:51,790:INFO:Creating zones ...
2022-07-04 19:15:51,802:INFO:Environment created!
2022-07-04 19:15:52,793:INFO:Cumulated reward: 0
2022-07-04 19:16:02,800:INFO:Creating occupants based on data from data/dorn ...
2022-07-04 19:16:03,222:INFO:Creating zones ...
2022-07-04 19:16:03,234:INFO:Environment created!
2022-07-04 19:16:04,073:INFO:Cumulated reward: 0
2022-07-04 19:16:14,734:INFO:Creating occupants based on data from data/dorn ...
2022-07-04 19:16:15,162:INFO:Creating zones ...
2022-07-04 19:16:15,174:INFO:Environment created!
2022-07-04 19:16:16,262:INFO:Cumulated reward: 0
2022-07-04 19:16:26,625:INFO:Creating occupants based on data from data/dorn ...
2022-07-04 19:16:27,056:INFO:Creating zones ...
2022-07-04 19:16:27,067:INFO:Environment created!
2022-07-04 19:16:28,317:INFO:Cumulated reward: 0
2022-07-04 19:16:38,786:INFO:Creating occupants based on data from data/dorn ...
2022-07-04 19:16:39,217:INFO:Creating zones ...
2022-07-04 19:16:39,228:INFO:Environment created!
2022-07-04 19:16:40,315:INFO:Cumulated reward: 0
2022-07-04 19:16:50,524:INFO:Creating occupants based on data from data/dorn ...
2022-07-04 19:16:50,959:INFO:Creating zones ...
2022-07-04 19:16:50,970:INFO:Environment created!
2022-07-04 19:16:51,976:INFO:Cumulated reward: 0
2022-07-04 19:17:01,988:INFO:Creating occupants based on data from data/dorn ...
2022-07-04 19:17:02,417:INFO:Creating zones ...
2022-07-04 19:17:02,430:INFO:Environment created!
2022-07-04 19:17:03,521:INFO:Cumulated reward: 0
2022-07-04 19:17:13,560:INFO:Creating occupants based on data from data/dorn ...
2022-07-04 19:17:13,993:INFO:Creating zones ...
2022-07-04 19:17:14,003:INFO:Environment created!
2022-07-04 19:17:14,977:INFO:Cumulated reward: 0
2022-07-04 19:17:25,487:INFO:Creating occupants based on data from data/dorn ...
2022-07-04 19:17:25,917:INFO:Creating zones ...
2022-07-04 19:17:25,928:INFO:Environment created!
2022-07-04 19:17:27,091:INFO:Cumulated reward: 0
2022-07-04 19:17:37,547:INFO:Creating occupants based on data from data/dorn ...
2022-07-04 19:17:37,969:INFO:Creating zones ...
2022-07-04 19:17:37,979:INFO:Environment created!
2022-07-04 19:17:38,951:INFO:Cumulated reward: 0
2022-07-04 19:17:48,847:INFO:Creating occupants based on data from data/dorn ...
2022-07-04 19:17:49,262:INFO:Creating zones ...
2022-07-04 19:17:49,272:INFO:Environment created!
2022-07-04 19:17:50,120:INFO:Cumulated reward: 0
2022-07-04 19:18:00,026:INFO:Creating occupants based on data from data/dorn ...
2022-07-04 19:18:00,438:INFO:Creating zones ...
2022-07-04 19:18:00,449:INFO:Environment created!
2022-07-04 19:18:01,451:INFO:Cumulated reward: 0
2022-07-04 19:18:11,188:INFO:Creating occupants based on data from data/dorn ...
2022-07-04 19:18:11,605:INFO:Creating zones ...
2022-07-04 19:18:11,615:INFO:Environment created!
2022-07-04 19:18:12,729:INFO:Cumulated reward: 0
2022-07-04 19:18:22,643:INFO:Creating occupants based on data from data/dorn ...
2022-07-04 19:18:23,053:INFO:Creating zones ...
2022-07-04 19:18:23,064:INFO:Environment created!
2022-07-04 19:18:23,805:INFO:Cumulated reward: 0
2022-07-04 19:18:33,624:INFO:Creating occupants based on data from data/dorn ...
2022-07-04 19:18:34,048:INFO:Creating zones ...
2022-07-04 19:18:34,059:INFO:Environment created!
2022-07-04 19:18:35,318:INFO:Cumulated reward: 0
2022-07-04 19:18:45,145:INFO:Creating occupants based on data from data/dorn ...
2022-07-04 19:18:45,556:INFO:Creating zones ...
2022-07-04 19:18:45,567:INFO:Environment created!
2022-07-04 19:18:46,724:INFO:Cumulated reward: 0
2022-07-04 19:18:56,696:INFO:Creating occupants based on data from data/dorn ...
2022-07-04 19:18:57,120:INFO:Creating zones ...
2022-07-04 19:18:57,131:INFO:Environment created!
2022-07-04 19:18:58,228:INFO:Cumulated reward: 0
2022-07-05 15:03:52,425:INFO:Creating occupants based on data from data/dorn ...
2022-07-05 15:03:52,866:INFO:Creating zones ...
2022-07-05 15:03:52,878:INFO:Environment created!
2022-07-05 15:03:54,071:INFO:Cumulated reward: 0
2022-07-05 15:04:05,705:INFO:Creating occupants based on data from data/dorn ...
2022-07-05 15:04:06,163:INFO:Creating zones ...
2022-07-05 15:04:06,174:INFO:Environment created!
2022-07-05 15:04:07,360:INFO:Cumulated reward: 0
2022-07-05 15:04:18,429:INFO:Creating occupants based on data from data/dorn ...
2022-07-05 15:04:18,875:INFO:Creating zones ...
2022-07-05 15:04:18,887:INFO:Environment created!
2022-07-05 15:04:19,952:INFO:Cumulated reward: 0
2022-07-05 15:04:31,185:INFO:Creating occupants based on data from data/dorn ...
2022-07-05 15:04:31,633:INFO:Creating zones ...
2022-07-05 15:04:31,645:INFO:Environment created!
2022-07-05 15:04:32,605:INFO:Cumulated reward: 0
2022-07-05 15:04:44,057:INFO:Creating occupants based on data from data/dorn ...
2022-07-05 15:04:44,508:INFO:Creating zones ...
2022-07-05 15:04:44,520:INFO:Environment created!
2022-07-05 15:04:45,502:INFO:Cumulated reward: 0
2022-07-05 15:04:56,909:INFO:Creating occupants based on data from data/dorn ...
2022-07-05 15:04:57,359:INFO:Creating zones ...
2022-07-05 15:04:57,370:INFO:Environment created!
2022-07-05 15:04:58,398:INFO:Cumulated reward: 0
2022-07-05 15:05:10,022:INFO:Creating occupants based on data from data/dorn ...
2022-07-05 15:05:10,473:INFO:Creating zones ...
2022-07-05 15:05:10,486:INFO:Environment created!
2022-07-05 15:05:11,522:INFO:Cumulated reward: 0
2022-07-05 15:05:23,186:INFO:Creating occupants based on data from data/dorn ...
2022-07-05 15:05:23,650:INFO:Creating zones ...
2022-07-05 15:05:23,663:INFO:Environment created!
2022-07-05 15:05:24,842:INFO:Cumulated reward: 0
2022-07-05 15:05:36,182:INFO:Creating occupants based on data from data/dorn ...
2022-07-05 15:05:36,644:INFO:Creating zones ...
2022-07-05 15:05:36,657:INFO:Environment created!
2022-07-05 15:05:37,709:INFO:Cumulated reward: 0
2022-07-05 15:05:49,188:INFO:Creating occupants based on data from data/dorn ...
2022-07-05 15:05:49,607:INFO:Creating zones ...
2022-07-05 15:05:49,618:INFO:Environment created!
2022-07-05 15:05:50,877:INFO:Cumulated reward: 0
2022-07-05 15:06:01,370:INFO:Creating occupants based on data from data/dorn ...
2022-07-05 15:06:01,797:INFO:Creating zones ...
2022-07-05 15:06:01,808:INFO:Environment created!
2022-07-05 15:06:03,147:INFO:Cumulated reward: 0
2022-07-05 15:06:13,291:INFO:Creating occupants based on data from data/dorn ...
2022-07-05 15:06:13,702:INFO:Creating zones ...
2022-07-05 15:06:13,714:INFO:Environment created!
2022-07-05 15:06:14,653:INFO:Cumulated reward: 0
2022-07-05 15:06:24,874:INFO:Creating occupants based on data from data/dorn ...
2022-07-05 15:06:25,286:INFO:Creating zones ...
2022-07-05 15:06:25,297:INFO:Environment created!
2022-07-05 15:06:26,381:INFO:Cumulated reward: 0
2022-07-05 15:06:36,252:INFO:Creating occupants based on data from data/dorn ...
2022-07-05 15:06:36,656:INFO:Creating zones ...
2022-07-05 15:06:36,668:INFO:Environment created!
2022-07-05 15:06:37,839:INFO:Cumulated reward: 0
2022-07-05 15:06:48,120:INFO:Creating occupants based on data from data/dorn ...
2022-07-05 15:06:48,532:INFO:Creating zones ...
2022-07-05 15:06:48,542:INFO:Environment created!
2022-07-05 15:06:49,634:INFO:Cumulated reward: 0
2022-07-05 15:06:59,850:INFO:Creating occupants based on data from data/dorn ...
2022-07-05 15:07:00,281:INFO:Creating zones ...
2022-07-05 15:07:00,292:INFO:Environment created!
2022-07-05 15:07:01,170:INFO:Cumulated reward: 0
2022-07-05 15:07:11,537:INFO:Creating occupants based on data from data/dorn ...
2022-07-05 15:07:11,944:INFO:Creating zones ...
2022-07-05 15:07:11,956:INFO:Environment created!
2022-07-05 15:07:13,084:INFO:Cumulated reward: 0
2022-07-05 15:07:23,823:INFO:Creating occupants based on data from data/dorn ...
2022-07-05 15:07:24,226:INFO:Creating zones ...
2022-07-05 15:07:24,238:INFO:Environment created!
2022-07-05 15:07:25,483:INFO:Cumulated reward: 0
2022-07-05 15:07:36,129:INFO:Creating occupants based on data from data/dorn ...
2022-07-05 15:07:36,542:INFO:Creating zones ...
2022-07-05 15:07:36,554:INFO:Environment created!
2022-07-05 15:07:37,585:INFO:Cumulated reward: 0
2022-07-05 15:07:48,082:INFO:Creating occupants based on data from data/dorn ...
2022-07-05 15:07:48,533:INFO:Creating zones ...
2022-07-05 15:07:48,544:INFO:Environment created!
2022-07-05 15:07:49,653:INFO:Cumulated reward: 0
2022-07-05 15:08:00,196:INFO:Creating occupants based on data from data/dorn ...
2022-07-05 15:08:00,622:INFO:Creating zones ...
2022-07-05 15:08:00,634:INFO:Environment created!
2022-07-05 15:08:01,666:INFO:Cumulated reward: 0
2022-07-05 15:08:11,721:INFO:Creating occupants based on data from data/dorn ...
2022-07-05 15:08:12,134:INFO:Creating zones ...
2022-07-05 15:08:12,146:INFO:Environment created!
2022-07-05 15:08:13,743:INFO:Cumulated reward: 0
2022-07-05 15:08:24,005:INFO:Creating occupants based on data from data/dorn ...
2022-07-05 15:08:24,421:INFO:Creating zones ...
2022-07-05 15:08:24,431:INFO:Environment created!
2022-07-05 15:08:25,478:INFO:Cumulated reward: 0
2022-07-05 15:08:35,859:INFO:Creating occupants based on data from data/dorn ...
2022-07-05 15:08:36,275:INFO:Creating zones ...
2022-07-05 15:08:36,287:INFO:Environment created!
2022-07-05 15:08:37,497:INFO:Cumulated reward: 0
2022-07-05 15:08:48,057:INFO:Creating occupants based on data from data/dorn ...
2022-07-05 15:08:48,474:INFO:Creating zones ...
2022-07-05 15:08:48,487:INFO:Environment created!
2022-07-05 15:08:49,673:INFO:Cumulated reward: 0
2022-07-05 15:08:59,968:INFO:Creating occupants based on data from data/dorn ...
2022-07-05 15:09:00,396:INFO:Creating zones ...
2022-07-05 15:09:00,409:INFO:Environment created!
2022-07-05 15:09:01,509:INFO:Cumulated reward: 0
2022-07-05 15:09:11,614:INFO:Creating occupants based on data from data/dorn ...
2022-07-05 15:09:12,025:INFO:Creating zones ...
2022-07-05 15:09:12,037:INFO:Environment created!
2022-07-05 15:09:13,028:INFO:Cumulated reward: 0
2022-07-05 15:09:23,085:INFO:Creating occupants based on data from data/dorn ...
2022-07-05 15:09:23,505:INFO:Creating zones ...
2022-07-05 15:09:23,516:INFO:Environment created!
2022-07-05 15:09:24,668:INFO:Cumulated reward: 0
2022-07-05 15:09:35,163:INFO:Creating occupants based on data from data/dorn ...
2022-07-05 15:09:35,573:INFO:Creating zones ...
2022-07-05 15:09:35,584:INFO:Environment created!
2022-07-05 15:09:36,815:INFO:Cumulated reward: 0
2022-07-05 15:09:47,308:INFO:Creating occupants based on data from data/dorn ...
2022-07-05 15:09:47,718:INFO:Creating zones ...
2022-07-05 15:09:47,728:INFO:Environment created!
2022-07-05 15:09:48,621:INFO:Cumulated reward: 0
2022-07-08 18:22:03,007:INFO:Creating occupants based on data from data/dorn ...
2022-07-08 18:22:03,458:INFO:Creating zones ...
2022-07-08 18:22:03,470:INFO:Environment created!
2022-07-08 18:22:04,784:INFO:Cumulated reward: 0
2022-07-08 18:22:16,043:INFO:Creating occupants based on data from data/dorn ...
2022-07-08 18:22:16,506:INFO:Creating zones ...
2022-07-08 18:22:16,518:INFO:Environment created!
2022-07-08 18:22:18,056:INFO:Cumulated reward: 0
2022-07-08 18:22:29,832:INFO:Creating occupants based on data from data/dorn ...
2022-07-08 18:22:30,321:INFO:Creating zones ...
2022-07-08 18:22:30,333:INFO:Environment created!
2022-07-08 18:22:31,641:INFO:Cumulated reward: 0
2022-07-08 18:22:43,882:INFO:Creating occupants based on data from data/dorn ...
2022-07-08 18:22:44,378:INFO:Creating zones ...
2022-07-08 18:22:44,391:INFO:Environment created!
2022-07-08 18:22:45,837:INFO:Cumulated reward: 0
2022-07-08 18:22:58,025:INFO:Creating occupants based on data from data/dorn ...
2022-07-08 18:22:58,509:INFO:Creating zones ...
2022-07-08 18:22:58,521:INFO:Environment created!
2022-07-08 18:22:59,590:INFO:Cumulated reward: 0
2022-07-08 18:23:11,651:INFO:Creating occupants based on data from data/dorn ...
2022-07-08 18:23:12,136:INFO:Creating zones ...
2022-07-08 18:23:12,148:INFO:Environment created!
2022-07-08 18:23:13,543:INFO:Cumulated reward: 0
2022-07-08 18:23:25,859:INFO:Creating occupants based on data from data/dorn ...
2022-07-08 18:23:26,343:INFO:Creating zones ...
2022-07-08 18:23:26,355:INFO:Environment created!
2022-07-08 18:23:27,600:INFO:Cumulated reward: 0
2022-07-08 18:23:39,856:INFO:Creating occupants based on data from data/dorn ...
2022-07-08 18:23:40,338:INFO:Creating zones ...
2022-07-08 18:23:40,350:INFO:Environment created!
2022-07-08 18:23:41,850:INFO:Cumulated reward: 0
2022-07-08 18:23:53,890:INFO:Creating occupants based on data from data/dorn ...
2022-07-08 18:23:54,389:INFO:Creating zones ...
2022-07-08 18:23:54,402:INFO:Environment created!
2022-07-08 18:23:55,433:INFO:Cumulated reward: 0
2022-07-08 18:24:07,397:INFO:Creating occupants based on data from data/dorn ...
2022-07-08 18:24:07,875:INFO:Creating zones ...
2022-07-08 18:24:07,888:INFO:Environment created!
2022-07-08 18:24:09,015:INFO:Cumulated reward: 0
2022-07-08 18:24:20,919:INFO:Creating occupants based on data from data/dorn ...
2022-07-08 18:24:21,385:INFO:Creating zones ...
2022-07-08 18:24:21,397:INFO:Environment created!
2022-07-08 18:24:22,455:INFO:Cumulated reward: 0
2022-07-08 18:24:34,230:INFO:Creating occupants based on data from data/dorn ...
2022-07-08 18:24:34,736:INFO:Creating zones ...
2022-07-08 18:24:34,748:INFO:Environment created!
2022-07-08 18:24:36,193:INFO:Cumulated reward: 0
2022-07-08 18:24:49,131:INFO:Creating occupants based on data from data/dorn ...
2022-07-08 18:24:49,641:INFO:Creating zones ...
2022-07-08 18:24:49,654:INFO:Environment created!
2022-07-08 18:24:51,041:INFO:Cumulated reward: 0
2022-07-08 18:25:03,489:INFO:Creating occupants based on data from data/dorn ...
2022-07-08 18:25:03,979:INFO:Creating zones ...
2022-07-08 18:25:03,991:INFO:Environment created!
2022-07-08 18:25:05,315:INFO:Cumulated reward: 0
2022-07-08 18:25:17,354:INFO:Creating occupants based on data from data/dorn ...
2022-07-08 18:25:17,847:INFO:Creating zones ...
2022-07-08 18:25:17,859:INFO:Environment created!
2022-07-08 18:25:19,053:INFO:Cumulated reward: 0
2022-07-08 18:25:31,204:INFO:Creating occupants based on data from data/dorn ...
2022-07-08 18:25:31,722:INFO:Creating zones ...
2022-07-08 18:25:31,736:INFO:Environment created!
2022-07-08 18:25:32,880:INFO:Cumulated reward: 0
2022-07-08 18:25:45,636:INFO:Creating occupants based on data from data/dorn ...
2022-07-08 18:25:46,137:INFO:Creating zones ...
2022-07-08 18:25:46,150:INFO:Environment created!
2022-07-08 18:25:47,613:INFO:Cumulated reward: 0
2022-07-08 18:26:00,666:INFO:Creating occupants based on data from data/dorn ...
2022-07-08 18:26:01,198:INFO:Creating zones ...
2022-07-08 18:26:01,212:INFO:Environment created!
2022-07-08 18:26:02,546:INFO:Cumulated reward: 0
2022-07-08 18:26:15,928:INFO:Creating occupants based on data from data/dorn ...
2022-07-08 18:26:16,428:INFO:Creating zones ...
2022-07-08 18:26:16,442:INFO:Environment created!
2022-07-08 18:26:17,717:INFO:Cumulated reward: 0
2022-07-08 18:26:30,329:INFO:Creating occupants based on data from data/dorn ...
2022-07-08 18:26:30,843:INFO:Creating zones ...
2022-07-08 18:26:30,856:INFO:Environment created!
2022-07-08 18:26:32,008:INFO:Cumulated reward: 0
2022-07-08 18:26:45,117:INFO:Creating occupants based on data from data/dorn ...
2022-07-08 18:26:45,645:INFO:Creating zones ...
2022-07-08 18:26:45,659:INFO:Environment created!
2022-07-08 18:26:47,074:INFO:Cumulated reward: 0
2022-07-08 18:27:00,065:INFO:Creating occupants based on data from data/dorn ...
2022-07-08 18:27:00,657:INFO:Creating zones ...
2022-07-08 18:27:00,671:INFO:Environment created!
2022-07-08 18:27:02,153:INFO:Cumulated reward: 0
2022-07-08 18:27:15,185:INFO:Creating occupants based on data from data/dorn ...
2022-07-08 18:27:15,689:INFO:Creating zones ...
2022-07-08 18:27:15,703:INFO:Environment created!
2022-07-08 18:27:17,088:INFO:Cumulated reward: 0
2022-07-08 18:27:29,868:INFO:Creating occupants based on data from data/dorn ...
2022-07-08 18:27:30,388:INFO:Creating zones ...
2022-07-08 18:27:30,402:INFO:Environment created!
2022-07-08 18:27:31,624:INFO:Cumulated reward: 0
2022-07-08 18:27:44,240:INFO:Creating occupants based on data from data/dorn ...
2022-07-08 18:27:44,743:INFO:Creating zones ...
2022-07-08 18:27:44,756:INFO:Environment created!
2022-07-08 18:27:46,073:INFO:Cumulated reward: 0
2022-07-08 18:27:58,314:INFO:Creating occupants based on data from data/dorn ...
2022-07-08 18:27:58,821:INFO:Creating zones ...
2022-07-08 18:27:58,833:INFO:Environment created!
2022-07-08 18:28:00,098:INFO:Cumulated reward: 0
2022-07-08 18:28:12,311:INFO:Creating occupants based on data from data/dorn ...
2022-07-08 18:28:12,819:INFO:Creating zones ...
2022-07-08 18:28:12,832:INFO:Environment created!
2022-07-08 18:28:14,130:INFO:Cumulated reward: 0
2022-07-08 18:28:26,486:INFO:Creating occupants based on data from data/dorn ...
2022-07-08 18:28:26,971:INFO:Creating zones ...
2022-07-08 18:28:26,983:INFO:Environment created!
2022-07-08 18:28:28,233:INFO:Cumulated reward: 0
2022-07-08 18:28:40,880:INFO:Creating occupants based on data from data/dorn ...
2022-07-08 18:28:41,402:INFO:Creating zones ...
2022-07-08 18:28:41,415:INFO:Environment created!
2022-07-08 18:28:42,797:INFO:Cumulated reward: 0
2022-07-08 18:28:56,034:INFO:Creating occupants based on data from data/dorn ...
2022-07-08 18:28:56,563:INFO:Creating zones ...
2022-07-08 18:28:56,577:INFO:Environment created!
2022-07-08 18:28:58,018:INFO:Cumulated reward: 0
2022-07-09 00:16:16,414:INFO:Creating occupants based on data from data/dorn ...
2022-07-09 00:16:17,241:INFO:Creating zones ...
2022-07-09 00:16:17,262:INFO:Environment created!
2022-07-09 00:16:19,427:INFO:Cumulated reward: 0
2022-07-09 00:16:40,966:INFO:Creating occupants based on data from data/dorn ...
2022-07-09 00:16:41,821:INFO:Creating zones ...
2022-07-09 00:16:41,843:INFO:Environment created!
2022-07-09 00:16:44,370:INFO:Cumulated reward: 0
2022-07-09 00:17:07,250:INFO:Creating occupants based on data from data/dorn ...
2022-07-09 00:17:08,196:INFO:Creating zones ...
2022-07-09 00:17:08,221:INFO:Environment created!
2022-07-09 00:17:10,668:INFO:Cumulated reward: 0
2022-07-09 00:17:36,904:INFO:Creating occupants based on data from data/dorn ...
2022-07-09 00:17:37,945:INFO:Creating zones ...
2022-07-09 00:17:37,968:INFO:Environment created!
2022-07-09 00:17:41,104:INFO:Cumulated reward: 0
2022-07-09 00:18:07,702:INFO:Creating occupants based on data from data/dorn ...
2022-07-09 00:18:08,928:INFO:Creating zones ...
2022-07-09 00:18:08,953:INFO:Environment created!
2022-07-09 00:18:11,354:INFO:Cumulated reward: 0
2022-07-09 00:18:41,281:INFO:Creating occupants based on data from data/dorn ...
2022-07-09 00:18:42,557:INFO:Creating zones ...
2022-07-09 00:18:42,604:INFO:Environment created!
2022-07-09 00:18:47,038:INFO:Cumulated reward: 0
2022-07-09 00:19:26,726:INFO:Creating occupants based on data from data/dorn ...
2022-07-09 00:19:28,205:INFO:Creating zones ...
2022-07-09 00:19:28,240:INFO:Environment created!
2022-07-09 00:19:32,264:INFO:Cumulated reward: 0
2022-07-09 00:20:05,569:INFO:Creating occupants based on data from data/dorn ...
2022-07-09 00:20:06,569:INFO:Creating zones ...
2022-07-09 00:20:06,593:INFO:Environment created!
2022-07-09 00:20:09,709:INFO:Cumulated reward: 0
2022-07-09 00:20:34,204:INFO:Creating occupants based on data from data/dorn ...
2022-07-09 00:20:35,035:INFO:Creating zones ...
2022-07-09 00:20:35,055:INFO:Environment created!
2022-07-09 00:20:37,296:INFO:Cumulated reward: 0
2022-07-09 00:20:54,971:INFO:Creating occupants based on data from data/dorn ...
2022-07-09 00:20:55,591:INFO:Creating zones ...
2022-07-09 00:20:55,606:INFO:Environment created!
2022-07-09 00:20:57,121:INFO:Cumulated reward: 0
2022-07-09 00:21:11,410:INFO:Creating occupants based on data from data/dorn ...
2022-07-09 00:21:11,930:INFO:Creating zones ...
2022-07-09 00:21:11,943:INFO:Environment created!
2022-07-09 00:21:13,174:INFO:Cumulated reward: 0
2022-07-09 00:21:26,357:INFO:Creating occupants based on data from data/dorn ...
2022-07-09 00:21:26,860:INFO:Creating zones ...
2022-07-09 00:21:26,873:INFO:Environment created!
2022-07-09 00:21:28,143:INFO:Cumulated reward: 0
2022-07-09 00:21:40,141:INFO:Creating occupants based on data from data/dorn ...
2022-07-09 00:21:40,618:INFO:Creating zones ...
2022-07-09 00:21:40,629:INFO:Environment created!
2022-07-09 00:21:41,909:INFO:Cumulated reward: 0
2022-07-09 00:21:53,770:INFO:Creating occupants based on data from data/dorn ...
2022-07-09 00:21:54,261:INFO:Creating zones ...
2022-07-09 00:21:54,273:INFO:Environment created!
2022-07-09 00:21:55,510:INFO:Cumulated reward: 0
2022-07-09 00:22:08,007:INFO:Creating occupants based on data from data/dorn ...
2022-07-09 00:22:08,530:INFO:Creating zones ...
2022-07-09 00:22:08,543:INFO:Environment created!
2022-07-09 00:22:09,946:INFO:Cumulated reward: 0
2022-07-09 00:22:22,519:INFO:Creating occupants based on data from data/dorn ...
2022-07-09 00:22:23,040:INFO:Creating zones ...
2022-07-09 00:22:23,053:INFO:Environment created!
2022-07-09 00:22:24,455:INFO:Cumulated reward: 0
2022-07-09 00:22:37,608:INFO:Creating occupants based on data from data/dorn ...
2022-07-09 00:22:38,124:INFO:Creating zones ...
2022-07-09 00:22:38,137:INFO:Environment created!
2022-07-09 00:22:39,497:INFO:Cumulated reward: 0
2022-07-09 00:22:52,274:INFO:Creating occupants based on data from data/dorn ...
2022-07-09 00:22:52,773:INFO:Creating zones ...
2022-07-09 00:22:52,785:INFO:Environment created!
2022-07-09 00:22:54,294:INFO:Cumulated reward: 0
2022-07-09 00:23:07,057:INFO:Creating occupants based on data from data/dorn ...
2022-07-09 00:23:07,562:INFO:Creating zones ...
2022-07-09 00:23:07,574:INFO:Environment created!
2022-07-09 00:23:09,252:INFO:Cumulated reward: 0
2022-07-09 00:23:21,938:INFO:Creating occupants based on data from data/dorn ...
2022-07-09 00:23:22,436:INFO:Creating zones ...
2022-07-09 00:23:22,449:INFO:Environment created!
2022-07-09 00:23:23,477:INFO:Cumulated reward: 0
2022-07-09 00:23:35,984:INFO:Creating occupants based on data from data/dorn ...
2022-07-09 00:23:36,487:INFO:Creating zones ...
2022-07-09 00:23:36,500:INFO:Environment created!
2022-07-09 00:23:37,926:INFO:Cumulated reward: 0
2022-07-09 00:23:50,365:INFO:Creating occupants based on data from data/dorn ...
2022-07-09 00:23:50,871:INFO:Creating zones ...
2022-07-09 00:23:50,884:INFO:Environment created!
2022-07-09 00:23:52,119:INFO:Cumulated reward: 0
2022-07-09 00:24:04,747:INFO:Creating occupants based on data from data/dorn ...
2022-07-09 00:24:05,256:INFO:Creating zones ...
2022-07-09 00:24:05,269:INFO:Environment created!
2022-07-09 00:24:06,463:INFO:Cumulated reward: 0
2022-07-09 00:24:19,228:INFO:Creating occupants based on data from data/dorn ...
2022-07-09 00:24:19,725:INFO:Creating zones ...
2022-07-09 00:24:19,738:INFO:Environment created!
2022-07-09 00:24:20,862:INFO:Cumulated reward: 0
2022-07-09 00:24:32,939:INFO:Creating occupants based on data from data/dorn ...
2022-07-09 00:24:33,431:INFO:Creating zones ...
2022-07-09 00:24:33,445:INFO:Environment created!
2022-07-09 00:24:34,629:INFO:Cumulated reward: 0
2022-07-09 00:24:46,509:INFO:Creating occupants based on data from data/dorn ...
2022-07-09 00:24:47,004:INFO:Creating zones ...
2022-07-09 00:24:47,017:INFO:Environment created!
2022-07-09 00:24:48,095:INFO:Cumulated reward: 0
2022-07-09 00:25:00,192:INFO:Creating occupants based on data from data/dorn ...
2022-07-09 00:25:00,676:INFO:Creating zones ...
2022-07-09 00:25:00,688:INFO:Environment created!
2022-07-09 00:25:02,092:INFO:Cumulated reward: 0
2022-07-09 00:25:14,789:INFO:Creating occupants based on data from data/dorn ...
2022-07-09 00:25:15,283:INFO:Creating zones ...
2022-07-09 00:25:15,295:INFO:Environment created!
2022-07-09 00:25:16,340:INFO:Cumulated reward: 0
2022-07-09 00:25:28,876:INFO:Creating occupants based on data from data/dorn ...
2022-07-09 00:25:29,375:INFO:Creating zones ...
2022-07-09 00:25:29,388:INFO:Environment created!
2022-07-09 00:25:30,734:INFO:Cumulated reward: 0
2022-07-09 00:25:42,870:INFO:Creating occupants based on data from data/dorn ...
2022-07-09 00:25:43,369:INFO:Creating zones ...
2022-07-09 00:25:43,382:INFO:Environment created!
2022-07-09 00:25:44,543:INFO:Cumulated reward: 0
2022-07-12 10:04:56,061:INFO:Creating occupants based on data from data/dorn ...
2022-07-12 10:04:56,494:INFO:Creating zones ...
2022-07-12 10:04:56,505:INFO:Environment created!
2022-07-12 10:04:57,670:INFO:Cumulated reward: 0
2022-07-12 10:05:08,628:INFO:Creating occupants based on data from data/dorn ...
2022-07-12 10:05:09,074:INFO:Creating zones ...
2022-07-12 10:05:09,085:INFO:Environment created!
2022-07-12 10:05:10,603:INFO:Cumulated reward: 0
2022-07-12 10:05:21,525:INFO:Creating occupants based on data from data/dorn ...
2022-07-12 10:05:21,962:INFO:Creating zones ...
2022-07-12 10:05:21,973:INFO:Environment created!
2022-07-12 10:05:23,219:INFO:Cumulated reward: 0
2022-07-12 10:05:34,271:INFO:Creating occupants based on data from data/dorn ...
2022-07-12 10:05:34,706:INFO:Creating zones ...
2022-07-12 10:05:34,717:INFO:Environment created!
2022-07-12 10:05:35,796:INFO:Cumulated reward: 0
2022-07-12 10:05:46,881:INFO:Creating occupants based on data from data/dorn ...
2022-07-12 10:05:47,321:INFO:Creating zones ...
2022-07-12 10:05:47,332:INFO:Environment created!
2022-07-12 10:05:48,408:INFO:Cumulated reward: 0
2022-07-12 10:05:59,753:INFO:Creating occupants based on data from data/dorn ...
2022-07-12 10:06:00,197:INFO:Creating zones ...
2022-07-12 10:06:00,208:INFO:Environment created!
2022-07-12 10:06:01,401:INFO:Cumulated reward: 0
2022-07-12 10:06:12,693:INFO:Creating occupants based on data from data/dorn ...
2022-07-12 10:06:13,142:INFO:Creating zones ...
2022-07-12 10:06:13,153:INFO:Environment created!
2022-07-12 10:06:14,369:INFO:Cumulated reward: 0
2022-07-12 10:06:26,076:INFO:Creating occupants based on data from data/dorn ...
2022-07-12 10:06:26,533:INFO:Creating zones ...
2022-07-12 10:06:26,544:INFO:Environment created!
2022-07-12 10:06:27,706:INFO:Cumulated reward: 0
2022-07-12 10:06:39,198:INFO:Creating occupants based on data from data/dorn ...
2022-07-12 10:06:39,644:INFO:Creating zones ...
2022-07-12 10:06:39,655:INFO:Environment created!
2022-07-12 10:06:40,720:INFO:Cumulated reward: 0
2022-07-12 10:06:52,153:INFO:Creating occupants based on data from data/dorn ...
2022-07-12 10:06:52,606:INFO:Creating zones ...
2022-07-12 10:06:52,618:INFO:Environment created!
2022-07-12 10:06:53,691:INFO:Cumulated reward: 0
2022-07-12 10:07:04,901:INFO:Creating occupants based on data from data/dorn ...
2022-07-12 10:07:05,361:INFO:Creating zones ...
2022-07-12 10:07:05,371:INFO:Environment created!
2022-07-12 10:07:06,493:INFO:Cumulated reward: 0
2022-07-12 10:07:17,554:INFO:Creating occupants based on data from data/dorn ...
2022-07-12 10:07:17,998:INFO:Creating zones ...
2022-07-12 10:07:18,009:INFO:Environment created!
2022-07-12 10:07:19,100:INFO:Cumulated reward: 0
2022-07-12 10:07:30,607:INFO:Creating occupants based on data from data/dorn ...
2022-07-12 10:07:31,050:INFO:Creating zones ...
2022-07-12 10:07:31,061:INFO:Environment created!
2022-07-12 10:07:32,138:INFO:Cumulated reward: 0
2022-07-12 10:07:43,410:INFO:Creating occupants based on data from data/dorn ...
2022-07-12 10:07:43,861:INFO:Creating zones ...
2022-07-12 10:07:43,873:INFO:Environment created!
2022-07-12 10:07:44,985:INFO:Cumulated reward: 0
2022-07-12 10:07:56,264:INFO:Creating occupants based on data from data/dorn ...
2022-07-12 10:07:56,705:INFO:Creating zones ...
2022-07-12 10:07:56,718:INFO:Environment created!
2022-07-12 10:07:57,913:INFO:Cumulated reward: 0
2022-07-12 10:08:09,211:INFO:Creating occupants based on data from data/dorn ...
2022-07-12 10:08:09,641:INFO:Creating zones ...
2022-07-12 10:08:09,652:INFO:Environment created!
2022-07-12 10:08:10,811:INFO:Cumulated reward: 0
2022-07-12 10:08:21,591:INFO:Creating occupants based on data from data/dorn ...
2022-07-12 10:08:22,016:INFO:Creating zones ...
2022-07-12 10:08:22,028:INFO:Environment created!
2022-07-12 10:08:23,268:INFO:Cumulated reward: 0
2022-07-12 10:08:34,416:INFO:Creating occupants based on data from data/dorn ...
2022-07-12 10:08:34,836:INFO:Creating zones ...
2022-07-12 10:08:34,847:INFO:Environment created!
2022-07-12 10:08:35,925:INFO:Cumulated reward: 0
2022-07-12 10:08:46,990:INFO:Creating occupants based on data from data/dorn ...
2022-07-12 10:08:47,406:INFO:Creating zones ...
2022-07-12 10:08:47,419:INFO:Environment created!
2022-07-12 10:08:48,417:INFO:Cumulated reward: 0
2022-07-12 10:08:59,888:INFO:Creating occupants based on data from data/dorn ...
2022-07-12 10:09:00,328:INFO:Creating zones ...
2022-07-12 10:09:00,340:INFO:Environment created!
2022-07-12 10:09:01,441:INFO:Cumulated reward: 0
2022-07-12 10:09:13,027:INFO:Creating occupants based on data from data/dorn ...
2022-07-12 10:09:13,483:INFO:Creating zones ...
2022-07-12 10:09:13,493:INFO:Environment created!
2022-07-12 10:09:14,641:INFO:Cumulated reward: 0
2022-07-12 10:09:25,879:INFO:Creating occupants based on data from data/dorn ...
2022-07-12 10:09:26,311:INFO:Creating zones ...
2022-07-12 10:09:26,324:INFO:Environment created!
2022-07-12 10:09:27,418:INFO:Cumulated reward: 0
2022-07-12 10:09:38,500:INFO:Creating occupants based on data from data/dorn ...
2022-07-12 10:09:38,950:INFO:Creating zones ...
2022-07-12 10:09:38,961:INFO:Environment created!
2022-07-12 10:09:40,030:INFO:Cumulated reward: 0
2022-07-12 10:09:50,876:INFO:Creating occupants based on data from data/dorn ...
2022-07-12 10:09:51,302:INFO:Creating zones ...
2022-07-12 10:09:51,314:INFO:Environment created!
2022-07-12 10:09:52,638:INFO:Cumulated reward: 0
2022-07-12 10:10:03,576:INFO:Creating occupants based on data from data/dorn ...
2022-07-12 10:10:04,011:INFO:Creating zones ...
2022-07-12 10:10:04,023:INFO:Environment created!
2022-07-12 10:10:05,384:INFO:Cumulated reward: 0
2022-07-12 10:10:16,705:INFO:Creating occupants based on data from data/dorn ...
2022-07-12 10:10:17,146:INFO:Creating zones ...
2022-07-12 10:10:17,159:INFO:Environment created!
2022-07-12 10:10:18,234:INFO:Cumulated reward: 0
2022-07-12 10:10:29,123:INFO:Creating occupants based on data from data/dorn ...
2022-07-12 10:10:29,561:INFO:Creating zones ...
2022-07-12 10:10:29,572:INFO:Environment created!
2022-07-12 10:10:30,569:INFO:Cumulated reward: 0
2022-07-12 10:10:42,188:INFO:Creating occupants based on data from data/dorn ...
2022-07-12 10:10:42,642:INFO:Creating zones ...
2022-07-12 10:10:42,654:INFO:Environment created!
2022-07-12 10:10:43,747:INFO:Cumulated reward: 0
2022-07-12 10:10:55,258:INFO:Creating occupants based on data from data/dorn ...
2022-07-12 10:10:55,714:INFO:Creating zones ...
2022-07-12 10:10:55,727:INFO:Environment created!
2022-07-12 10:10:57,023:INFO:Cumulated reward: 0
2022-07-12 10:11:08,274:INFO:Creating occupants based on data from data/dorn ...
2022-07-12 10:11:08,730:INFO:Creating zones ...
2022-07-12 10:11:08,742:INFO:Environment created!
2022-07-12 10:11:09,908:INFO:Cumulated reward: 0
