2022-04-11 16:43:58,948:INFO:Creating occupants based on data from data/dorn ...
2022-04-11 16:43:59,273:INFO:Creating zones ...
2022-04-11 16:43:59,288:INFO:Environment created!
2022-04-11 16:44:07,729:INFO:Cumulated reward: 0
2022-05-11 17:49:16,529:INFO:Creating occupants based on data from data/dorn ...
2022-05-11 17:49:17,128:INFO:Creating zones ...
2022-05-11 17:49:17,141:INFO:Environment created!
2022-05-11 17:49:18,113:INFO:Cumulated reward: 0
2022-06-07 15:43:56,868:INFO:Creating occupants based on data from data/dorn ...
2022-06-07 15:43:57,395:INFO:Creating zones ...
2022-06-07 15:43:57,406:INFO:Environment created!
2022-06-07 15:43:58,104:INFO:Cumulated reward: 0
2022-06-07 16:50:14,327:INFO:Creating occupants based on data from data/dorn ...
2022-06-07 16:50:14,827:INFO:Creating zones ...
2022-06-07 16:50:14,838:INFO:Environment created!
2022-06-07 17:41:35,124:INFO:Creating occupants based on data from data/dorn ...
2022-06-07 17:41:35,657:INFO:Creating zones ...
2022-06-07 17:41:35,668:INFO:Environment created!
2022-06-07 17:41:44,933:INFO:Creating occupants based on data from data/dorn ...
2022-06-07 17:41:45,441:INFO:Creating zones ...
2022-06-07 17:41:45,452:INFO:Environment created!
2022-06-07 17:49:42,787:INFO:Creating occupants based on data from data/dorn ...
2022-06-07 17:49:43,321:INFO:Creating zones ...
2022-06-07 17:53:36,670:INFO:Creating occupants based on data from data/dorn ...
2022-06-07 17:53:37,179:INFO:Creating zones ...
2022-06-07 17:53:37,192:INFO:Environment created!
2022-06-07 17:53:38,074:INFO:Cumulated reward: 0
2022-06-07 18:18:17,588:INFO:Creating occupants based on data from data/dorn ...
2022-06-07 18:18:18,134:INFO:Creating zones ...
2022-06-07 18:18:18,146:INFO:Environment created!
2022-06-07 18:18:19,355:INFO:Cumulated reward: 0
2022-06-07 19:27:39,101:INFO:Creating occupants based on data from data/dorn ...
2022-06-07 19:27:39,589:INFO:Creating zones ...
2022-06-07 19:27:39,605:INFO:Environment created!
2022-06-07 19:27:40,552:INFO:Cumulated reward: 0
2022-06-07 22:40:12,961:INFO:Creating occupants based on data from data/dorn ...
2022-06-07 22:40:13,512:INFO:Creating zones ...
2022-06-07 22:40:13,524:INFO:Environment created!
2022-06-07 22:40:14,411:INFO:Cumulated reward: 0
2022-06-07 22:41:31,289:INFO:Creating occupants based on data from data/dorn ...
2022-06-07 22:41:31,857:INFO:Creating zones ...
2022-06-07 22:41:31,869:INFO:Environment created!
2022-06-07 22:41:32,857:INFO:Cumulated reward: 0
2022-06-09 10:13:35,449:INFO:Creating occupants based on data from data/dorn ...
2022-06-09 10:13:35,990:INFO:Creating zones ...
2022-06-09 10:13:36,001:INFO:Environment created!
2022-06-09 10:13:37,024:INFO:Cumulated reward: 0
2022-06-29 21:50:52,098:INFO:Creating occupants based on data from data/dorn ...
2022-06-29 21:50:52,646:INFO:Creating zones ...
2022-06-29 21:50:52,657:INFO:Environment created!
2022-06-29 21:50:53,736:INFO:Cumulated reward: 0
2022-06-29 21:51:05,735:INFO:Creating occupants based on data from data/dorn ...
2022-06-29 21:51:06,206:INFO:Creating zones ...
2022-06-29 21:51:06,219:INFO:Environment created!
2022-06-29 21:51:07,349:INFO:Cumulated reward: 0
2022-06-29 21:51:19,162:INFO:Creating occupants based on data from data/dorn ...
2022-06-29 21:51:19,617:INFO:Creating zones ...
2022-06-29 21:51:19,629:INFO:Environment created!
2022-06-29 21:51:20,491:INFO:Cumulated reward: 0
2022-06-29 21:51:31,310:INFO:Creating occupants based on data from data/dorn ...
2022-06-29 21:51:31,747:INFO:Creating zones ...
2022-06-29 21:51:31,756:INFO:Environment created!
2022-06-29 21:51:32,646:INFO:Cumulated reward: 0
2022-06-29 21:51:44,636:INFO:Creating occupants based on data from data/dorn ...
2022-06-29 21:51:45,115:INFO:Creating zones ...
2022-06-29 21:51:45,126:INFO:Environment created!
2022-06-29 21:51:46,175:INFO:Cumulated reward: 0
2022-06-29 21:51:57,708:INFO:Creating occupants based on data from data/dorn ...
2022-06-29 21:51:58,174:INFO:Creating zones ...
2022-06-29 21:51:58,185:INFO:Environment created!
2022-06-29 21:51:59,092:INFO:Cumulated reward: 0
2022-06-29 21:52:09,946:INFO:Creating occupants based on data from data/dorn ...
2022-06-29 21:52:10,392:INFO:Creating zones ...
2022-06-29 21:52:10,403:INFO:Environment created!
2022-06-29 21:52:11,600:INFO:Cumulated reward: 0
2022-06-29 21:52:22,194:INFO:Creating occupants based on data from data/dorn ...
2022-06-29 21:52:22,633:INFO:Creating zones ...
2022-06-29 21:52:22,644:INFO:Environment created!
2022-06-29 21:52:23,486:INFO:Cumulated reward: 0
2022-06-29 21:52:34,503:INFO:Creating occupants based on data from data/dorn ...
2022-06-29 21:52:34,993:INFO:Creating zones ...
2022-06-29 21:52:35,003:INFO:Environment created!
2022-06-29 21:52:36,037:INFO:Cumulated reward: 0
2022-06-29 21:52:47,571:INFO:Creating occupants based on data from data/dorn ...
2022-06-29 21:52:48,041:INFO:Creating zones ...
2022-06-29 21:52:48,054:INFO:Environment created!
2022-06-29 21:52:49,071:INFO:Cumulated reward: 0
2022-06-29 21:53:00,991:INFO:Creating occupants based on data from data/dorn ...
2022-06-29 21:53:01,451:INFO:Creating zones ...
2022-06-29 21:53:01,462:INFO:Environment created!
2022-06-29 21:53:02,371:INFO:Cumulated reward: 0
2022-06-29 21:53:13,620:INFO:Creating occupants based on data from data/dorn ...
2022-06-29 21:53:14,082:INFO:Creating zones ...
2022-06-29 21:53:14,091:INFO:Environment created!
2022-06-29 21:53:14,935:INFO:Cumulated reward: 0
2022-06-29 21:53:26,959:INFO:Creating occupants based on data from data/dorn ...
2022-06-29 21:53:27,461:INFO:Creating zones ...
2022-06-29 21:53:27,474:INFO:Environment created!
2022-06-29 21:53:28,394:INFO:Cumulated reward: 0
2022-06-29 21:53:39,594:INFO:Creating occupants based on data from data/dorn ...
2022-06-29 21:53:40,072:INFO:Creating zones ...
2022-06-29 21:53:40,084:INFO:Environment created!
2022-06-29 21:53:40,860:INFO:Cumulated reward: 0
2022-06-29 21:53:51,938:INFO:Creating occupants based on data from data/dorn ...
2022-06-29 21:53:52,393:INFO:Creating zones ...
2022-06-29 21:53:52,403:INFO:Environment created!
2022-06-29 21:53:53,087:INFO:Cumulated reward: 0
2022-06-29 21:54:04,047:INFO:Creating occupants based on data from data/dorn ...
2022-06-29 21:54:04,494:INFO:Creating zones ...
2022-06-29 21:54:04,505:INFO:Environment created!
2022-06-29 21:54:05,365:INFO:Cumulated reward: 0
2022-06-29 21:54:16,162:INFO:Creating occupants based on data from data/dorn ...
2022-06-29 21:54:16,616:INFO:Creating zones ...
2022-06-29 21:54:16,627:INFO:Environment created!
2022-06-29 21:54:17,490:INFO:Cumulated reward: 0
2022-06-29 21:54:28,780:INFO:Creating occupants based on data from data/dorn ...
2022-06-29 21:54:29,248:INFO:Creating zones ...
2022-06-29 21:54:29,261:INFO:Environment created!
2022-06-29 21:54:30,181:INFO:Cumulated reward: 0
2022-06-29 21:54:41,063:INFO:Creating occupants based on data from data/dorn ...
2022-06-29 21:54:41,510:INFO:Creating zones ...
2022-06-29 21:54:41,520:INFO:Environment created!
2022-06-29 21:54:42,385:INFO:Cumulated reward: 0
2022-06-29 21:54:53,185:INFO:Creating occupants based on data from data/dorn ...
2022-06-29 21:54:53,634:INFO:Creating zones ...
2022-06-29 21:54:53,644:INFO:Environment created!
2022-06-29 21:54:54,291:INFO:Cumulated reward: 0
2022-06-29 21:55:05,484:INFO:Creating occupants based on data from data/dorn ...
2022-06-29 21:55:05,938:INFO:Creating zones ...
2022-06-29 21:55:05,950:INFO:Environment created!
2022-06-29 21:55:06,803:INFO:Cumulated reward: 0
2022-06-29 21:55:17,774:INFO:Creating occupants based on data from data/dorn ...
2022-06-29 21:55:18,226:INFO:Creating zones ...
2022-06-29 21:55:18,238:INFO:Environment created!
2022-06-29 21:55:18,840:INFO:Cumulated reward: 0
2022-06-29 21:55:30,355:INFO:Creating occupants based on data from data/dorn ...
2022-06-29 21:55:30,824:INFO:Creating zones ...
2022-06-29 21:55:30,836:INFO:Environment created!
2022-06-29 21:55:32,038:INFO:Cumulated reward: 0
2022-06-29 21:55:43,352:INFO:Creating occupants based on data from data/dorn ...
2022-06-29 21:55:43,810:INFO:Creating zones ...
2022-06-29 21:55:43,820:INFO:Environment created!
2022-06-29 21:55:44,870:INFO:Cumulated reward: 0
2022-06-29 21:55:55,523:INFO:Creating occupants based on data from data/dorn ...
2022-06-29 21:55:55,961:INFO:Creating zones ...
2022-06-29 21:55:55,971:INFO:Environment created!
2022-06-29 21:55:56,806:INFO:Cumulated reward: 0
2022-06-29 21:56:07,490:INFO:Creating occupants based on data from data/dorn ...
2022-06-29 21:56:07,945:INFO:Creating zones ...
2022-06-29 21:56:07,957:INFO:Environment created!
2022-06-29 21:56:08,646:INFO:Cumulated reward: 0
2022-06-29 21:56:19,936:INFO:Creating occupants based on data from data/dorn ...
2022-06-29 21:56:20,405:INFO:Creating zones ...
2022-06-29 21:56:20,417:INFO:Environment created!
2022-06-29 21:56:21,292:INFO:Cumulated reward: 0
2022-06-29 21:56:31,672:INFO:Creating occupants based on data from data/dorn ...
2022-06-29 21:56:32,099:INFO:Creating zones ...
2022-06-29 21:56:32,110:INFO:Environment created!
2022-06-29 21:56:32,862:INFO:Cumulated reward: 0
2022-06-29 21:56:43,215:INFO:Creating occupants based on data from data/dorn ...
2022-06-29 21:56:43,637:INFO:Creating zones ...
2022-06-29 21:56:43,646:INFO:Environment created!
2022-06-29 21:56:44,542:INFO:Cumulated reward: 0
2022-06-29 21:56:55,703:INFO:Creating occupants based on data from data/dorn ...
2022-06-29 21:56:56,132:INFO:Creating zones ...
2022-06-29 21:56:56,143:INFO:Environment created!
2022-06-29 21:56:57,205:INFO:Cumulated reward: 0
2022-07-04 18:07:26,843:INFO:Creating occupants based on data from data/dorn ...
2022-07-04 18:07:27,452:INFO:Creating zones ...
2022-07-04 18:07:27,462:INFO:Environment created!
2022-07-04 18:07:28,613:INFO:Cumulated reward: 0
2022-07-04 18:07:43,215:INFO:Creating occupants based on data from data/dorn ...
2022-07-04 18:07:43,841:INFO:Creating zones ...
2022-07-04 18:07:43,850:INFO:Environment created!
2022-07-04 18:07:45,108:INFO:Cumulated reward: 0
2022-07-04 18:08:00,225:INFO:Creating occupants based on data from data/dorn ...
2022-07-04 18:08:00,866:INFO:Creating zones ...
2022-07-04 18:08:00,877:INFO:Environment created!
2022-07-04 18:08:02,411:INFO:Cumulated reward: 0
2022-07-04 18:08:19,652:INFO:Creating occupants based on data from data/dorn ...
2022-07-04 18:08:20,396:INFO:Creating zones ...
2022-07-04 18:08:20,408:INFO:Environment created!
2022-07-04 18:08:21,858:INFO:Cumulated reward: 0
2022-07-04 18:08:40,686:INFO:Creating occupants based on data from data/dorn ...
2022-07-04 18:08:41,439:INFO:Creating zones ...
2022-07-04 18:08:41,454:INFO:Environment created!
2022-07-04 18:08:43,290:INFO:Cumulated reward: 0
2022-07-04 18:09:03,216:INFO:Creating occupants based on data from data/dorn ...
2022-07-04 18:09:04,031:INFO:Creating zones ...
2022-07-04 18:09:04,045:INFO:Environment created!
2022-07-04 18:09:05,725:INFO:Cumulated reward: 0
2022-07-04 18:09:26,447:INFO:Creating occupants based on data from data/dorn ...
2022-07-04 18:09:27,492:INFO:Creating zones ...
2022-07-04 18:09:27,505:INFO:Environment created!
2022-07-04 18:09:28,989:INFO:Cumulated reward: 0
2022-07-04 18:09:48,617:INFO:Creating occupants based on data from data/dorn ...
2022-07-04 18:09:49,479:INFO:Creating zones ...
2022-07-04 18:09:49,491:INFO:Environment created!
2022-07-04 18:09:51,033:INFO:Cumulated reward: 0
2022-07-04 18:10:12,437:INFO:Creating occupants based on data from data/dorn ...
2022-07-04 18:10:13,342:INFO:Creating zones ...
2022-07-04 18:10:13,357:INFO:Environment created!
2022-07-04 18:10:15,327:INFO:Cumulated reward: 0
2022-07-04 18:10:39,328:INFO:Creating occupants based on data from data/dorn ...
2022-07-04 18:10:40,327:INFO:Creating zones ...
2022-07-04 18:10:40,342:INFO:Environment created!
2022-07-04 18:10:42,164:INFO:Cumulated reward: 0
2022-07-04 18:11:08,026:INFO:Creating occupants based on data from data/dorn ...
2022-07-04 18:11:09,047:INFO:Creating zones ...
2022-07-04 18:11:09,061:INFO:Environment created!
2022-07-04 18:11:11,017:INFO:Cumulated reward: 0
2022-07-04 18:11:35,942:INFO:Creating occupants based on data from data/dorn ...
2022-07-04 18:11:36,917:INFO:Creating zones ...
2022-07-04 18:11:36,932:INFO:Environment created!
2022-07-04 18:11:38,980:INFO:Cumulated reward: 0
2022-07-04 18:12:05,998:INFO:Creating occupants based on data from data/dorn ...
2022-07-04 18:12:07,135:INFO:Creating zones ...
2022-07-04 18:12:07,151:INFO:Environment created!
2022-07-04 18:12:09,563:INFO:Cumulated reward: 0
2022-07-04 18:12:36,171:INFO:Creating occupants based on data from data/dorn ...
2022-07-04 18:12:37,536:INFO:Creating zones ...
2022-07-04 18:12:37,558:INFO:Environment created!
2022-07-04 18:12:40,449:INFO:Cumulated reward: 0
2022-07-04 18:13:05,820:INFO:Creating occupants based on data from data/dorn ...
2022-07-04 18:13:06,917:INFO:Creating zones ...
2022-07-04 18:13:06,932:INFO:Environment created!
2022-07-04 18:13:09,704:INFO:Cumulated reward: 0
2022-07-04 18:13:38,469:INFO:Creating occupants based on data from data/dorn ...
2022-07-04 18:13:39,743:INFO:Creating zones ...
2022-07-04 18:13:39,760:INFO:Environment created!
2022-07-04 18:13:42,167:INFO:Cumulated reward: 0
2022-07-04 18:14:09,715:INFO:Creating occupants based on data from data/dorn ...
2022-07-04 18:14:10,848:INFO:Creating zones ...
2022-07-04 18:14:10,864:INFO:Environment created!
2022-07-04 18:14:12,750:INFO:Cumulated reward: 0
2022-07-04 18:14:36,544:INFO:Creating occupants based on data from data/dorn ...
2022-07-04 18:14:37,629:INFO:Creating zones ...
2022-07-04 18:14:37,643:INFO:Environment created!
2022-07-04 18:14:39,688:INFO:Cumulated reward: 0
2022-07-04 18:15:01,034:INFO:Creating occupants based on data from data/dorn ...
2022-07-04 18:15:01,847:INFO:Creating zones ...
2022-07-04 18:15:01,859:INFO:Environment created!
2022-07-04 18:15:03,624:INFO:Cumulated reward: 0
2022-07-04 18:15:22,480:INFO:Creating occupants based on data from data/dorn ...
2022-07-04 18:15:23,206:INFO:Creating zones ...
2022-07-04 18:15:23,216:INFO:Environment created!
2022-07-04 18:15:24,795:INFO:Cumulated reward: 0
2022-07-04 18:15:40,540:INFO:Creating occupants based on data from data/dorn ...
2022-07-04 18:15:41,224:INFO:Creating zones ...
2022-07-04 18:15:41,234:INFO:Environment created!
2022-07-04 18:15:42,564:INFO:Cumulated reward: 0
2022-07-04 18:15:58,350:INFO:Creating occupants based on data from data/dorn ...
2022-07-04 18:15:58,990:INFO:Creating zones ...
2022-07-04 18:15:58,999:INFO:Environment created!
2022-07-04 18:16:00,227:INFO:Cumulated reward: 0
2022-07-04 18:16:14,927:INFO:Creating occupants based on data from data/dorn ...
2022-07-04 18:16:15,496:INFO:Creating zones ...
2022-07-04 18:16:15,505:INFO:Environment created!
2022-07-04 18:16:16,868:INFO:Cumulated reward: 0
2022-07-04 18:16:31,330:INFO:Creating occupants based on data from data/dorn ...
2022-07-04 18:16:32,018:INFO:Creating zones ...
2022-07-04 18:16:32,030:INFO:Environment created!
2022-07-04 18:16:33,493:INFO:Cumulated reward: 0
2022-07-04 18:16:49,937:INFO:Creating occupants based on data from data/dorn ...
2022-07-04 18:16:50,602:INFO:Creating zones ...
2022-07-04 18:16:50,613:INFO:Environment created!
2022-07-04 18:16:52,452:INFO:Cumulated reward: 0
2022-07-04 18:17:07,712:INFO:Creating occupants based on data from data/dorn ...
2022-07-04 18:17:08,315:INFO:Creating zones ...
2022-07-04 18:17:08,325:INFO:Environment created!
2022-07-04 18:17:09,559:INFO:Cumulated reward: 0
2022-07-04 18:17:24,752:INFO:Creating occupants based on data from data/dorn ...
2022-07-04 18:17:25,394:INFO:Creating zones ...
2022-07-04 18:17:25,404:INFO:Environment created!
2022-07-04 18:17:26,515:INFO:Cumulated reward: 0
2022-07-04 18:17:42,471:INFO:Creating occupants based on data from data/dorn ...
2022-07-04 18:17:43,131:INFO:Creating zones ...
2022-07-04 18:17:43,142:INFO:Environment created!
2022-07-04 18:17:44,391:INFO:Cumulated reward: 0
2022-07-04 18:18:00,494:INFO:Creating occupants based on data from data/dorn ...
2022-07-04 18:18:01,119:INFO:Creating zones ...
2022-07-04 18:18:01,129:INFO:Environment created!
2022-07-04 18:18:02,325:INFO:Cumulated reward: 0
2022-07-04 18:18:17,216:INFO:Creating occupants based on data from data/dorn ...
2022-07-04 18:18:17,819:INFO:Creating zones ...
2022-07-04 18:18:17,828:INFO:Environment created!
2022-07-04 18:18:18,797:INFO:Cumulated reward: 0
2022-07-04 19:07:08,914:INFO:Creating occupants based on data from data/dorn ...
2022-07-04 19:07:09,341:INFO:Creating zones ...
2022-07-04 19:07:09,348:INFO:Environment created!
2022-07-04 19:07:10,266:INFO:Cumulated reward: 0
2022-07-04 19:07:20,434:INFO:Creating occupants based on data from data/dorn ...
2022-07-04 19:07:20,857:INFO:Creating zones ...
2022-07-04 19:07:20,864:INFO:Environment created!
2022-07-04 19:07:21,909:INFO:Cumulated reward: 0
2022-07-04 19:07:32,404:INFO:Creating occupants based on data from data/dorn ...
2022-07-04 19:07:32,829:INFO:Creating zones ...
2022-07-04 19:07:32,836:INFO:Environment created!
2022-07-04 19:07:33,871:INFO:Cumulated reward: 0
2022-07-04 19:07:44,773:INFO:Creating occupants based on data from data/dorn ...
2022-07-04 19:07:45,209:INFO:Creating zones ...
2022-07-04 19:07:45,217:INFO:Environment created!
2022-07-04 19:07:46,105:INFO:Cumulated reward: 0
2022-07-04 19:07:57,114:INFO:Creating occupants based on data from data/dorn ...
2022-07-04 19:07:57,563:INFO:Creating zones ...
2022-07-04 19:07:57,570:INFO:Environment created!
2022-07-04 19:07:58,371:INFO:Cumulated reward: 0
2022-07-04 19:08:09,107:INFO:Creating occupants based on data from data/dorn ...
2022-07-04 19:08:09,543:INFO:Creating zones ...
2022-07-04 19:08:09,550:INFO:Environment created!
2022-07-04 19:08:10,405:INFO:Cumulated reward: 0
2022-07-04 19:08:21,113:INFO:Creating occupants based on data from data/dorn ...
2022-07-04 19:08:21,545:INFO:Creating zones ...
2022-07-04 19:08:21,552:INFO:Environment created!
2022-07-04 19:08:22,276:INFO:Cumulated reward: 0
2022-07-04 19:08:33,985:INFO:Creating occupants based on data from data/dorn ...
2022-07-04 19:08:34,496:INFO:Creating zones ...
2022-07-04 19:08:34,504:INFO:Environment created!
2022-07-04 19:08:35,502:INFO:Cumulated reward: 0
2022-07-04 19:08:47,721:INFO:Creating occupants based on data from data/dorn ...
2022-07-04 19:08:48,210:INFO:Creating zones ...
2022-07-04 19:08:48,217:INFO:Environment created!
2022-07-04 19:08:49,288:INFO:Cumulated reward: 0
2022-07-04 19:09:01,268:INFO:Creating occupants based on data from data/dorn ...
2022-07-04 19:09:01,731:INFO:Creating zones ...
2022-07-04 19:09:01,739:INFO:Environment created!
2022-07-04 19:09:02,555:INFO:Cumulated reward: 0
2022-07-04 19:09:14,053:INFO:Creating occupants based on data from data/dorn ...
2022-07-04 19:09:14,501:INFO:Creating zones ...
2022-07-04 19:09:14,508:INFO:Environment created!
2022-07-04 19:09:15,412:INFO:Cumulated reward: 0
2022-07-04 19:09:26,003:INFO:Creating occupants based on data from data/dorn ...
2022-07-04 19:09:26,428:INFO:Creating zones ...
2022-07-04 19:09:26,435:INFO:Environment created!
2022-07-04 19:09:27,492:INFO:Cumulated reward: 0
2022-07-04 19:09:37,879:INFO:Creating occupants based on data from data/dorn ...
2022-07-04 19:09:38,318:INFO:Creating zones ...
2022-07-04 19:09:38,326:INFO:Environment created!
2022-07-04 19:09:39,388:INFO:Cumulated reward: 0
2022-07-04 19:09:50,122:INFO:Creating occupants based on data from data/dorn ...
2022-07-04 19:09:50,558:INFO:Creating zones ...
2022-07-04 19:09:50,565:INFO:Environment created!
2022-07-04 19:09:51,597:INFO:Cumulated reward: 0
2022-07-04 19:10:02,103:INFO:Creating occupants based on data from data/dorn ...
2022-07-04 19:10:02,529:INFO:Creating zones ...
2022-07-04 19:10:02,536:INFO:Environment created!
2022-07-04 19:10:03,519:INFO:Cumulated reward: 0
2022-07-04 19:10:14,342:INFO:Creating occupants based on data from data/dorn ...
2022-07-04 19:10:14,796:INFO:Creating zones ...
2022-07-04 19:10:14,803:INFO:Environment created!
2022-07-04 19:10:15,571:INFO:Cumulated reward: 0
2022-07-04 19:10:25,744:INFO:Creating occupants based on data from data/dorn ...
2022-07-04 19:10:26,259:INFO:Creating zones ...
2022-07-04 19:10:26,269:INFO:Environment created!
2022-07-04 19:10:27,151:INFO:Cumulated reward: 0
2022-07-04 19:10:37,731:INFO:Creating occupants based on data from data/dorn ...
2022-07-04 19:10:38,161:INFO:Creating zones ...
2022-07-04 19:10:38,168:INFO:Environment created!
2022-07-04 19:10:38,975:INFO:Cumulated reward: 0
2022-07-04 19:10:49,329:INFO:Creating occupants based on data from data/dorn ...
2022-07-04 19:10:49,767:INFO:Creating zones ...
2022-07-04 19:10:49,776:INFO:Environment created!
2022-07-04 19:10:50,789:INFO:Cumulated reward: 0
2022-07-04 19:11:01,196:INFO:Creating occupants based on data from data/dorn ...
2022-07-04 19:11:01,639:INFO:Creating zones ...
2022-07-04 19:11:01,646:INFO:Environment created!
2022-07-04 19:11:02,726:INFO:Cumulated reward: 0
2022-07-04 19:11:13,130:INFO:Creating occupants based on data from data/dorn ...
2022-07-04 19:11:13,560:INFO:Creating zones ...
2022-07-04 19:11:13,567:INFO:Environment created!
2022-07-04 19:11:14,584:INFO:Cumulated reward: 0
2022-07-04 19:11:25,292:INFO:Creating occupants based on data from data/dorn ...
2022-07-04 19:11:25,728:INFO:Creating zones ...
2022-07-04 19:11:25,734:INFO:Environment created!
2022-07-04 19:11:26,975:INFO:Cumulated reward: 0
2022-07-04 19:11:37,327:INFO:Creating occupants based on data from data/dorn ...
2022-07-04 19:11:37,764:INFO:Creating zones ...
2022-07-04 19:11:37,771:INFO:Environment created!
2022-07-04 19:11:38,777:INFO:Cumulated reward: 0
2022-07-04 19:11:49,074:INFO:Creating occupants based on data from data/dorn ...
2022-07-04 19:11:49,500:INFO:Creating zones ...
2022-07-04 19:11:49,506:INFO:Environment created!
2022-07-04 19:11:50,311:INFO:Cumulated reward: 0
2022-07-04 19:12:00,694:INFO:Creating occupants based on data from data/dorn ...
2022-07-04 19:12:01,120:INFO:Creating zones ...
2022-07-04 19:12:01,128:INFO:Environment created!
2022-07-04 19:12:02,138:INFO:Cumulated reward: 0
2022-07-04 19:12:12,497:INFO:Creating occupants based on data from data/dorn ...
2022-07-04 19:12:12,923:INFO:Creating zones ...
2022-07-04 19:12:12,931:INFO:Environment created!
2022-07-04 19:12:13,900:INFO:Cumulated reward: 0
2022-07-04 19:12:24,235:INFO:Creating occupants based on data from data/dorn ...
2022-07-04 19:12:24,662:INFO:Creating zones ...
2022-07-04 19:12:24,669:INFO:Environment created!
2022-07-04 19:12:25,556:INFO:Cumulated reward: 0
2022-07-04 19:12:35,875:INFO:Creating occupants based on data from data/dorn ...
2022-07-04 19:12:36,303:INFO:Creating zones ...
2022-07-04 19:12:36,310:INFO:Environment created!
2022-07-04 19:12:37,164:INFO:Cumulated reward: 0
2022-07-04 19:12:47,524:INFO:Creating occupants based on data from data/dorn ...
2022-07-04 19:12:47,952:INFO:Creating zones ...
2022-07-04 19:12:47,959:INFO:Environment created!
2022-07-04 19:12:49,021:INFO:Cumulated reward: 0
2022-07-04 19:12:59,463:INFO:Creating occupants based on data from data/dorn ...
2022-07-04 19:12:59,889:INFO:Creating zones ...
2022-07-04 19:12:59,897:INFO:Environment created!
2022-07-04 19:13:00,694:INFO:Cumulated reward: 0
2022-07-05 14:57:23,340:INFO:Creating occupants based on data from data/dorn ...
2022-07-05 14:57:23,798:INFO:Creating zones ...
2022-07-05 14:57:23,805:INFO:Environment created!
2022-07-05 14:57:24,765:INFO:Cumulated reward: 0
2022-07-05 14:57:36,410:INFO:Creating occupants based on data from data/dorn ...
2022-07-05 14:57:36,875:INFO:Creating zones ...
2022-07-05 14:57:36,882:INFO:Environment created!
2022-07-05 14:57:37,586:INFO:Cumulated reward: 0
2022-07-05 14:57:48,887:INFO:Creating occupants based on data from data/dorn ...
2022-07-05 14:57:49,324:INFO:Creating zones ...
2022-07-05 14:57:49,331:INFO:Environment created!
2022-07-05 14:57:50,331:INFO:Cumulated reward: 0
2022-07-05 14:58:01,089:INFO:Creating occupants based on data from data/dorn ...
2022-07-05 14:58:01,556:INFO:Creating zones ...
2022-07-05 14:58:01,564:INFO:Environment created!
2022-07-05 14:58:02,269:INFO:Cumulated reward: 0
2022-07-05 14:58:13,347:INFO:Creating occupants based on data from data/dorn ...
2022-07-05 14:58:13,781:INFO:Creating zones ...
2022-07-05 14:58:13,789:INFO:Environment created!
2022-07-05 14:58:14,532:INFO:Cumulated reward: 0
2022-07-05 14:58:25,423:INFO:Creating occupants based on data from data/dorn ...
2022-07-05 14:58:25,863:INFO:Creating zones ...
2022-07-05 14:58:25,869:INFO:Environment created!
2022-07-05 14:58:26,728:INFO:Cumulated reward: 0
2022-07-05 14:58:37,467:INFO:Creating occupants based on data from data/dorn ...
2022-07-05 14:58:37,910:INFO:Creating zones ...
2022-07-05 14:58:37,916:INFO:Environment created!
2022-07-05 14:58:38,804:INFO:Cumulated reward: 0
2022-07-05 14:58:49,942:INFO:Creating occupants based on data from data/dorn ...
2022-07-05 14:58:50,384:INFO:Creating zones ...
2022-07-05 14:58:50,392:INFO:Environment created!
2022-07-05 14:58:51,456:INFO:Cumulated reward: 0
2022-07-05 14:59:02,278:INFO:Creating occupants based on data from data/dorn ...
2022-07-05 14:59:02,749:INFO:Creating zones ...
2022-07-05 14:59:02,757:INFO:Environment created!
2022-07-05 14:59:03,875:INFO:Cumulated reward: 0
2022-07-05 14:59:15,192:INFO:Creating occupants based on data from data/dorn ...
2022-07-05 14:59:15,650:INFO:Creating zones ...
2022-07-05 14:59:15,657:INFO:Environment created!
2022-07-05 14:59:16,441:INFO:Cumulated reward: 0
2022-07-05 14:59:27,477:INFO:Creating occupants based on data from data/dorn ...
2022-07-05 14:59:27,921:INFO:Creating zones ...
2022-07-05 14:59:27,929:INFO:Environment created!
2022-07-05 14:59:28,806:INFO:Cumulated reward: 0
2022-07-05 14:59:40,009:INFO:Creating occupants based on data from data/dorn ...
2022-07-05 14:59:40,464:INFO:Creating zones ...
2022-07-05 14:59:40,471:INFO:Environment created!
2022-07-05 14:59:41,601:INFO:Cumulated reward: 0
2022-07-05 14:59:52,355:INFO:Creating occupants based on data from data/dorn ...
2022-07-05 14:59:52,800:INFO:Creating zones ...
2022-07-05 14:59:52,807:INFO:Environment created!
2022-07-05 14:59:53,786:INFO:Cumulated reward: 0
2022-07-05 15:00:04,765:INFO:Creating occupants based on data from data/dorn ...
2022-07-05 15:00:05,200:INFO:Creating zones ...
2022-07-05 15:00:05,207:INFO:Environment created!
2022-07-05 15:00:06,373:INFO:Cumulated reward: 0
2022-07-05 15:00:17,109:INFO:Creating occupants based on data from data/dorn ...
2022-07-05 15:00:17,547:INFO:Creating zones ...
2022-07-05 15:00:17,553:INFO:Environment created!
2022-07-05 15:00:18,348:INFO:Cumulated reward: 0
2022-07-05 15:00:29,361:INFO:Creating occupants based on data from data/dorn ...
2022-07-05 15:00:29,799:INFO:Creating zones ...
2022-07-05 15:00:29,805:INFO:Environment created!
2022-07-05 15:00:30,808:INFO:Cumulated reward: 0
2022-07-05 15:00:42,110:INFO:Creating occupants based on data from data/dorn ...
2022-07-05 15:00:42,574:INFO:Creating zones ...
2022-07-05 15:00:42,580:INFO:Environment created!
2022-07-05 15:00:43,281:INFO:Cumulated reward: 0
2022-07-05 15:00:54,843:INFO:Creating occupants based on data from data/dorn ...
2022-07-05 15:00:55,302:INFO:Creating zones ...
2022-07-05 15:00:55,310:INFO:Environment created!
2022-07-05 15:00:55,880:INFO:Cumulated reward: 0
2022-07-05 15:01:07,617:INFO:Creating occupants based on data from data/dorn ...
2022-07-05 15:01:08,153:INFO:Creating zones ...
2022-07-05 15:01:08,161:INFO:Environment created!
2022-07-05 15:01:09,173:INFO:Cumulated reward: 0
2022-07-05 15:01:21,719:INFO:Creating occupants based on data from data/dorn ...
2022-07-05 15:01:22,183:INFO:Creating zones ...
2022-07-05 15:01:22,189:INFO:Environment created!
2022-07-05 15:01:23,158:INFO:Cumulated reward: 0
2022-07-05 15:01:34,683:INFO:Creating occupants based on data from data/dorn ...
2022-07-05 15:01:35,142:INFO:Creating zones ...
2022-07-05 15:01:35,149:INFO:Environment created!
2022-07-05 15:01:35,905:INFO:Cumulated reward: 0
2022-07-05 15:01:47,205:INFO:Creating occupants based on data from data/dorn ...
2022-07-05 15:01:47,649:INFO:Creating zones ...
2022-07-05 15:01:47,656:INFO:Environment created!
2022-07-05 15:01:48,517:INFO:Cumulated reward: 0
2022-07-05 15:01:59,658:INFO:Creating occupants based on data from data/dorn ...
2022-07-05 15:02:00,119:INFO:Creating zones ...
2022-07-05 15:02:00,126:INFO:Environment created!
2022-07-05 15:02:00,878:INFO:Cumulated reward: 0
2022-07-05 15:02:12,683:INFO:Creating occupants based on data from data/dorn ...
2022-07-05 15:02:13,125:INFO:Creating zones ...
2022-07-05 15:02:13,133:INFO:Environment created!
2022-07-05 15:02:14,132:INFO:Cumulated reward: 0
2022-07-05 15:02:25,302:INFO:Creating occupants based on data from data/dorn ...
2022-07-05 15:02:25,748:INFO:Creating zones ...
2022-07-05 15:02:25,755:INFO:Environment created!
2022-07-05 15:02:26,892:INFO:Cumulated reward: 0
2022-07-05 15:02:38,105:INFO:Creating occupants based on data from data/dorn ...
2022-07-05 15:02:38,561:INFO:Creating zones ...
2022-07-05 15:02:38,568:INFO:Environment created!
2022-07-05 15:02:39,426:INFO:Cumulated reward: 0
2022-07-05 15:02:51,272:INFO:Creating occupants based on data from data/dorn ...
2022-07-05 15:02:51,715:INFO:Creating zones ...
2022-07-05 15:02:51,721:INFO:Environment created!
2022-07-05 15:02:52,844:INFO:Cumulated reward: 0
2022-07-05 15:03:04,641:INFO:Creating occupants based on data from data/dorn ...
2022-07-05 15:03:05,080:INFO:Creating zones ...
2022-07-05 15:03:05,087:INFO:Environment created!
2022-07-05 15:03:06,079:INFO:Cumulated reward: 0
2022-07-05 15:03:17,402:INFO:Creating occupants based on data from data/dorn ...
2022-07-05 15:03:17,850:INFO:Creating zones ...
2022-07-05 15:03:17,858:INFO:Environment created!
2022-07-05 15:03:19,169:INFO:Cumulated reward: 0
2022-07-05 15:03:30,483:INFO:Creating occupants based on data from data/dorn ...
2022-07-05 15:03:30,942:INFO:Creating zones ...
2022-07-05 15:03:30,949:INFO:Environment created!
2022-07-05 15:03:31,791:INFO:Cumulated reward: 0
2022-07-08 18:14:55,779:INFO:Creating occupants based on data from data/dorn ...
2022-07-08 18:14:56,225:INFO:Creating zones ...
2022-07-08 18:14:56,232:INFO:Environment created!
2022-07-08 18:14:57,187:INFO:Cumulated reward: 0
2022-07-08 18:15:08,625:INFO:Creating occupants based on data from data/dorn ...
2022-07-08 18:15:09,070:INFO:Creating zones ...
2022-07-08 18:15:09,077:INFO:Environment created!
2022-07-08 18:15:10,194:INFO:Cumulated reward: 0
2022-07-08 18:15:21,520:INFO:Creating occupants based on data from data/dorn ...
2022-07-08 18:15:21,962:INFO:Creating zones ...
2022-07-08 18:15:21,969:INFO:Environment created!
2022-07-08 18:15:22,926:INFO:Cumulated reward: 0
2022-07-08 18:15:33,803:INFO:Creating occupants based on data from data/dorn ...
2022-07-08 18:15:34,227:INFO:Creating zones ...
2022-07-08 18:15:34,235:INFO:Environment created!
2022-07-08 18:15:35,072:INFO:Cumulated reward: 0
2022-07-08 18:15:46,072:INFO:Creating occupants based on data from data/dorn ...
2022-07-08 18:15:46,516:INFO:Creating zones ...
2022-07-08 18:15:46,523:INFO:Environment created!
2022-07-08 18:15:47,732:INFO:Cumulated reward: 0
2022-07-08 18:15:59,479:INFO:Creating occupants based on data from data/dorn ...
2022-07-08 18:15:59,969:INFO:Creating zones ...
2022-07-08 18:15:59,977:INFO:Environment created!
2022-07-08 18:16:01,005:INFO:Cumulated reward: 0
2022-07-08 18:16:13,559:INFO:Creating occupants based on data from data/dorn ...
2022-07-08 18:16:14,045:INFO:Creating zones ...
2022-07-08 18:16:14,052:INFO:Environment created!
2022-07-08 18:16:14,882:INFO:Cumulated reward: 0
2022-07-08 18:16:26,440:INFO:Creating occupants based on data from data/dorn ...
2022-07-08 18:16:26,870:INFO:Creating zones ...
2022-07-08 18:16:26,877:INFO:Environment created!
2022-07-08 18:16:27,854:INFO:Cumulated reward: 0
2022-07-08 18:16:38,901:INFO:Creating occupants based on data from data/dorn ...
2022-07-08 18:16:39,328:INFO:Creating zones ...
2022-07-08 18:16:39,335:INFO:Environment created!
2022-07-08 18:16:40,235:INFO:Cumulated reward: 0
2022-07-08 18:16:51,255:INFO:Creating occupants based on data from data/dorn ...
2022-07-08 18:16:51,682:INFO:Creating zones ...
2022-07-08 18:16:51,689:INFO:Environment created!
2022-07-08 18:16:52,638:INFO:Cumulated reward: 0
2022-07-08 18:17:03,554:INFO:Creating occupants based on data from data/dorn ...
2022-07-08 18:17:03,991:INFO:Creating zones ...
2022-07-08 18:17:03,999:INFO:Environment created!
2022-07-08 18:17:05,104:INFO:Cumulated reward: 0
2022-07-08 18:17:16,170:INFO:Creating occupants based on data from data/dorn ...
2022-07-08 18:17:16,613:INFO:Creating zones ...
2022-07-08 18:17:16,620:INFO:Environment created!
2022-07-08 18:17:17,613:INFO:Cumulated reward: 0
2022-07-08 18:17:28,986:INFO:Creating occupants based on data from data/dorn ...
2022-07-08 18:17:29,432:INFO:Creating zones ...
2022-07-08 18:17:29,438:INFO:Environment created!
2022-07-08 18:17:30,644:INFO:Cumulated reward: 0
2022-07-08 18:17:41,792:INFO:Creating occupants based on data from data/dorn ...
2022-07-08 18:17:42,241:INFO:Creating zones ...
2022-07-08 18:17:42,249:INFO:Environment created!
2022-07-08 18:17:43,388:INFO:Cumulated reward: 0
2022-07-08 18:17:55,094:INFO:Creating occupants based on data from data/dorn ...
2022-07-08 18:17:55,551:INFO:Creating zones ...
2022-07-08 18:17:55,558:INFO:Environment created!
2022-07-08 18:17:56,510:INFO:Cumulated reward: 0
2022-07-08 18:18:07,871:INFO:Creating occupants based on data from data/dorn ...
2022-07-08 18:18:08,317:INFO:Creating zones ...
2022-07-08 18:18:08,324:INFO:Environment created!
2022-07-08 18:18:09,288:INFO:Cumulated reward: 0
2022-07-08 18:18:20,116:INFO:Creating occupants based on data from data/dorn ...
2022-07-08 18:18:20,560:INFO:Creating zones ...
2022-07-08 18:18:20,567:INFO:Environment created!
2022-07-08 18:18:21,653:INFO:Cumulated reward: 0
2022-07-08 18:18:34,235:INFO:Creating occupants based on data from data/dorn ...
2022-07-08 18:18:34,772:INFO:Creating zones ...
2022-07-08 18:18:34,780:INFO:Environment created!
2022-07-08 18:18:36,377:INFO:Cumulated reward: 0
2022-07-08 18:18:50,798:INFO:Creating occupants based on data from data/dorn ...
2022-07-08 18:18:51,368:INFO:Creating zones ...
2022-07-08 18:18:51,377:INFO:Environment created!
2022-07-08 18:18:52,711:INFO:Cumulated reward: 0
2022-07-08 18:19:08,387:INFO:Creating occupants based on data from data/dorn ...
2022-07-08 18:19:09,016:INFO:Creating zones ...
2022-07-08 18:19:09,026:INFO:Environment created!
2022-07-08 18:19:10,339:INFO:Cumulated reward: 0
2022-07-08 18:19:26,694:INFO:Creating occupants based on data from data/dorn ...
2022-07-08 18:19:27,272:INFO:Creating zones ...
2022-07-08 18:19:27,281:INFO:Environment created!
2022-07-08 18:19:28,536:INFO:Cumulated reward: 0
2022-07-08 18:19:41,971:INFO:Creating occupants based on data from data/dorn ...
2022-07-08 18:19:42,454:INFO:Creating zones ...
2022-07-08 18:19:42,462:INFO:Environment created!
2022-07-08 18:19:43,495:INFO:Cumulated reward: 0
2022-07-08 18:19:55,277:INFO:Creating occupants based on data from data/dorn ...
2022-07-08 18:19:55,725:INFO:Creating zones ...
2022-07-08 18:19:55,733:INFO:Environment created!
2022-07-08 18:19:56,903:INFO:Cumulated reward: 0
2022-07-08 18:20:08,892:INFO:Creating occupants based on data from data/dorn ...
2022-07-08 18:20:09,396:INFO:Creating zones ...
2022-07-08 18:20:09,405:INFO:Environment created!
2022-07-08 18:20:10,571:INFO:Cumulated reward: 0
2022-07-08 18:20:24,523:INFO:Creating occupants based on data from data/dorn ...
2022-07-08 18:20:25,085:INFO:Creating zones ...
2022-07-08 18:20:25,093:INFO:Environment created!
2022-07-08 18:20:26,503:INFO:Cumulated reward: 0
2022-07-08 18:20:42,094:INFO:Creating occupants based on data from data/dorn ...
2022-07-08 18:20:42,724:INFO:Creating zones ...
2022-07-08 18:20:42,734:INFO:Environment created!
2022-07-08 18:20:44,138:INFO:Cumulated reward: 0
2022-07-08 18:20:59,161:INFO:Creating occupants based on data from data/dorn ...
2022-07-08 18:20:59,697:INFO:Creating zones ...
2022-07-08 18:20:59,705:INFO:Environment created!
2022-07-08 18:21:01,031:INFO:Cumulated reward: 0
2022-07-08 18:21:14,481:INFO:Creating occupants based on data from data/dorn ...
2022-07-08 18:21:14,965:INFO:Creating zones ...
2022-07-08 18:21:14,972:INFO:Environment created!
2022-07-08 18:21:16,240:INFO:Cumulated reward: 0
2022-07-08 18:21:28,122:INFO:Creating occupants based on data from data/dorn ...
2022-07-08 18:21:28,596:INFO:Creating zones ...
2022-07-08 18:21:28,603:INFO:Environment created!
2022-07-08 18:21:29,955:INFO:Cumulated reward: 0
2022-07-08 18:21:41,810:INFO:Creating occupants based on data from data/dorn ...
2022-07-08 18:21:42,267:INFO:Creating zones ...
2022-07-08 18:21:42,274:INFO:Environment created!
2022-07-08 18:21:43,249:INFO:Cumulated reward: 0
2022-07-09 00:01:06,182:INFO:Creating occupants based on data from data/dorn ...
2022-07-09 00:01:07,667:INFO:Creating zones ...
2022-07-09 00:01:07,687:INFO:Environment created!
2022-07-09 00:01:10,659:INFO:Cumulated reward: 0
2022-07-09 00:01:47,827:INFO:Creating occupants based on data from data/dorn ...
2022-07-09 00:01:49,431:INFO:Creating zones ...
2022-07-09 00:01:49,454:INFO:Environment created!
2022-07-09 00:01:53,541:INFO:Cumulated reward: 0
2022-07-09 00:02:38,431:INFO:Creating occupants based on data from data/dorn ...
2022-07-09 00:02:39,913:INFO:Creating zones ...
2022-07-09 00:02:39,937:INFO:Environment created!
2022-07-09 00:02:42,968:INFO:Cumulated reward: 0
2022-07-09 00:03:13,465:INFO:Creating occupants based on data from data/dorn ...
2022-07-09 00:03:14,510:INFO:Creating zones ...
2022-07-09 00:03:14,527:INFO:Environment created!
2022-07-09 00:03:16,981:INFO:Cumulated reward: 0
2022-07-09 00:03:39,370:INFO:Creating occupants based on data from data/dorn ...
2022-07-09 00:03:40,230:INFO:Creating zones ...
2022-07-09 00:03:40,243:INFO:Environment created!
2022-07-09 00:03:42,097:INFO:Cumulated reward: 0
2022-07-09 00:04:04,684:INFO:Creating occupants based on data from data/dorn ...
2022-07-09 00:04:05,996:INFO:Creating zones ...
2022-07-09 00:04:06,013:INFO:Environment created!
2022-07-09 00:04:08,472:INFO:Cumulated reward: 0
2022-07-09 00:04:39,012:INFO:Creating occupants based on data from data/dorn ...
2022-07-09 00:04:40,376:INFO:Creating zones ...
2022-07-09 00:04:40,399:INFO:Environment created!
2022-07-09 00:04:43,940:INFO:Cumulated reward: 0
2022-07-09 00:05:17,494:INFO:Creating occupants based on data from data/dorn ...
2022-07-09 00:05:18,781:INFO:Creating zones ...
2022-07-09 00:05:18,800:INFO:Environment created!
2022-07-09 00:05:21,908:INFO:Cumulated reward: 0
2022-07-09 00:05:55,648:INFO:Creating occupants based on data from data/dorn ...
2022-07-09 00:05:56,689:INFO:Creating zones ...
2022-07-09 00:05:56,706:INFO:Environment created!
2022-07-09 00:05:59,416:INFO:Cumulated reward: 0
2022-07-09 00:06:22,949:INFO:Creating occupants based on data from data/dorn ...
2022-07-09 00:06:23,787:INFO:Creating zones ...
2022-07-09 00:06:23,801:INFO:Environment created!
2022-07-09 00:06:25,647:INFO:Cumulated reward: 0
2022-07-09 00:06:46,916:INFO:Creating occupants based on data from data/dorn ...
2022-07-09 00:06:47,710:INFO:Creating zones ...
2022-07-09 00:06:47,723:INFO:Environment created!
2022-07-09 00:06:49,657:INFO:Cumulated reward: 0
2022-07-09 00:07:11,728:INFO:Creating occupants based on data from data/dorn ...
2022-07-09 00:07:12,601:INFO:Creating zones ...
2022-07-09 00:07:12,619:INFO:Environment created!
2022-07-09 00:07:15,139:INFO:Cumulated reward: 0
2022-07-09 00:07:41,815:INFO:Creating occupants based on data from data/dorn ...
2022-07-09 00:07:42,914:INFO:Creating zones ...
2022-07-09 00:07:42,931:INFO:Environment created!
2022-07-09 00:07:46,068:INFO:Cumulated reward: 0
2022-07-09 00:08:16,218:INFO:Creating occupants based on data from data/dorn ...
2022-07-09 00:08:17,421:INFO:Creating zones ...
2022-07-09 00:08:17,437:INFO:Environment created!
2022-07-09 00:08:19,568:INFO:Cumulated reward: 0
2022-07-09 00:08:45,838:INFO:Creating occupants based on data from data/dorn ...
2022-07-09 00:08:46,876:INFO:Creating zones ...
2022-07-09 00:08:46,892:INFO:Environment created!
2022-07-09 00:08:49,411:INFO:Cumulated reward: 0
2022-07-09 00:09:13,884:INFO:Creating occupants based on data from data/dorn ...
2022-07-09 00:09:14,837:INFO:Creating zones ...
2022-07-09 00:09:14,852:INFO:Environment created!
2022-07-09 00:09:16,955:INFO:Cumulated reward: 0
2022-07-09 00:09:38,697:INFO:Creating occupants based on data from data/dorn ...
2022-07-09 00:09:39,603:INFO:Creating zones ...
2022-07-09 00:09:39,616:INFO:Environment created!
2022-07-09 00:09:41,540:INFO:Cumulated reward: 0
2022-07-09 00:10:02,450:INFO:Creating occupants based on data from data/dorn ...
2022-07-09 00:10:03,356:INFO:Creating zones ...
2022-07-09 00:10:03,370:INFO:Environment created!
2022-07-09 00:10:05,615:INFO:Cumulated reward: 0
2022-07-09 00:10:28,528:INFO:Creating occupants based on data from data/dorn ...
2022-07-09 00:10:29,411:INFO:Creating zones ...
2022-07-09 00:10:29,424:INFO:Environment created!
2022-07-09 00:10:31,455:INFO:Cumulated reward: 0
2022-07-09 00:10:54,592:INFO:Creating occupants based on data from data/dorn ...
2022-07-09 00:10:55,473:INFO:Creating zones ...
2022-07-09 00:10:55,486:INFO:Environment created!
2022-07-09 00:10:57,469:INFO:Cumulated reward: 0
2022-07-09 00:11:19,987:INFO:Creating occupants based on data from data/dorn ...
2022-07-09 00:11:20,913:INFO:Creating zones ...
2022-07-09 00:11:20,927:INFO:Environment created!
2022-07-09 00:11:23,338:INFO:Cumulated reward: 0
2022-07-09 00:11:46,653:INFO:Creating occupants based on data from data/dorn ...
2022-07-09 00:11:47,652:INFO:Creating zones ...
2022-07-09 00:11:47,666:INFO:Environment created!
2022-07-09 00:11:49,790:INFO:Cumulated reward: 0
2022-07-09 00:12:12,192:INFO:Creating occupants based on data from data/dorn ...
2022-07-09 00:12:12,995:INFO:Creating zones ...
2022-07-09 00:12:13,007:INFO:Environment created!
2022-07-09 00:12:15,041:INFO:Cumulated reward: 0
2022-07-09 00:12:36,805:INFO:Creating occupants based on data from data/dorn ...
2022-07-09 00:12:37,693:INFO:Creating zones ...
2022-07-09 00:12:37,708:INFO:Environment created!
2022-07-09 00:12:40,241:INFO:Cumulated reward: 0
2022-07-09 00:13:08,920:INFO:Creating occupants based on data from data/dorn ...
2022-07-09 00:13:10,185:INFO:Creating zones ...
2022-07-09 00:13:10,201:INFO:Environment created!
2022-07-09 00:13:13,021:INFO:Cumulated reward: 0
2022-07-09 00:13:44,402:INFO:Creating occupants based on data from data/dorn ...
2022-07-09 00:13:45,679:INFO:Creating zones ...
2022-07-09 00:13:45,697:INFO:Environment created!
2022-07-09 00:13:48,592:INFO:Cumulated reward: 0
2022-07-09 00:14:16,834:INFO:Creating occupants based on data from data/dorn ...
2022-07-09 00:14:17,935:INFO:Creating zones ...
2022-07-09 00:14:17,949:INFO:Environment created!
2022-07-09 00:14:20,952:INFO:Cumulated reward: 0
2022-07-09 00:14:46,534:INFO:Creating occupants based on data from data/dorn ...
2022-07-09 00:14:47,467:INFO:Creating zones ...
2022-07-09 00:14:47,481:INFO:Environment created!
2022-07-09 00:14:49,906:INFO:Cumulated reward: 0
2022-07-09 00:15:12,525:INFO:Creating occupants based on data from data/dorn ...
2022-07-09 00:15:13,447:INFO:Creating zones ...
2022-07-09 00:15:13,461:INFO:Environment created!
2022-07-09 00:15:15,352:INFO:Cumulated reward: 0
2022-07-09 00:15:36,696:INFO:Creating occupants based on data from data/dorn ...
2022-07-09 00:15:37,613:INFO:Creating zones ...
2022-07-09 00:15:37,624:INFO:Environment created!
2022-07-09 00:15:39,859:INFO:Cumulated reward: 0
2022-07-12 09:58:29,681:INFO:Creating occupants based on data from data/dorn ...
2022-07-12 09:58:30,105:INFO:Creating zones ...
2022-07-12 09:58:30,112:INFO:Environment created!
2022-07-12 09:58:31,226:INFO:Cumulated reward: 0
2022-07-12 09:58:42,085:INFO:Creating occupants based on data from data/dorn ...
2022-07-12 09:58:42,524:INFO:Creating zones ...
2022-07-12 09:58:42,531:INFO:Environment created!
2022-07-12 09:58:43,621:INFO:Cumulated reward: 0
2022-07-12 09:58:54,701:INFO:Creating occupants based on data from data/dorn ...
2022-07-12 09:58:55,138:INFO:Creating zones ...
2022-07-12 09:58:55,145:INFO:Environment created!
2022-07-12 09:58:56,108:INFO:Cumulated reward: 0
2022-07-12 09:59:07,255:INFO:Creating occupants based on data from data/dorn ...
2022-07-12 09:59:07,690:INFO:Creating zones ...
2022-07-12 09:59:07,697:INFO:Environment created!
2022-07-12 09:59:08,753:INFO:Cumulated reward: 0
2022-07-12 09:59:20,079:INFO:Creating occupants based on data from data/dorn ...
2022-07-12 09:59:20,525:INFO:Creating zones ...
2022-07-12 09:59:20,532:INFO:Environment created!
2022-07-12 09:59:21,795:INFO:Cumulated reward: 0
2022-07-12 09:59:33,126:INFO:Creating occupants based on data from data/dorn ...
2022-07-12 09:59:33,562:INFO:Creating zones ...
2022-07-12 09:59:33,570:INFO:Environment created!
2022-07-12 09:59:34,683:INFO:Cumulated reward: 0
2022-07-12 09:59:45,389:INFO:Creating occupants based on data from data/dorn ...
2022-07-12 09:59:45,825:INFO:Creating zones ...
2022-07-12 09:59:45,832:INFO:Environment created!
2022-07-12 09:59:46,706:INFO:Cumulated reward: 0
2022-07-12 09:59:57,551:INFO:Creating occupants based on data from data/dorn ...
2022-07-12 09:59:57,994:INFO:Creating zones ...
2022-07-12 09:59:58,000:INFO:Environment created!
2022-07-12 09:59:58,946:INFO:Cumulated reward: 0
2022-07-12 10:00:10,044:INFO:Creating occupants based on data from data/dorn ...
2022-07-12 10:00:10,498:INFO:Creating zones ...
2022-07-12 10:00:10,506:INFO:Environment created!
2022-07-12 10:00:11,446:INFO:Cumulated reward: 0
2022-07-12 10:00:22,358:INFO:Creating occupants based on data from data/dorn ...
2022-07-12 10:00:22,795:INFO:Creating zones ...
2022-07-12 10:00:22,801:INFO:Environment created!
2022-07-12 10:00:23,656:INFO:Cumulated reward: 0
2022-07-12 10:00:35,192:INFO:Creating occupants based on data from data/dorn ...
2022-07-12 10:00:35,627:INFO:Creating zones ...
2022-07-12 10:00:35,634:INFO:Environment created!
2022-07-12 10:00:36,684:INFO:Cumulated reward: 0
2022-07-12 10:00:48,158:INFO:Creating occupants based on data from data/dorn ...
2022-07-12 10:00:48,596:INFO:Creating zones ...
2022-07-12 10:00:48,603:INFO:Environment created!
2022-07-12 10:00:49,704:INFO:Cumulated reward: 0
2022-07-12 10:01:01,166:INFO:Creating occupants based on data from data/dorn ...
2022-07-12 10:01:01,650:INFO:Creating zones ...
2022-07-12 10:01:01,657:INFO:Environment created!
2022-07-12 10:01:02,610:INFO:Cumulated reward: 0
2022-07-12 10:01:14,141:INFO:Creating occupants based on data from data/dorn ...
2022-07-12 10:01:14,590:INFO:Creating zones ...
2022-07-12 10:01:14,598:INFO:Environment created!
2022-07-12 10:01:15,683:INFO:Cumulated reward: 0
2022-07-12 10:01:26,854:INFO:Creating occupants based on data from data/dorn ...
2022-07-12 10:01:27,313:INFO:Creating zones ...
2022-07-12 10:01:27,321:INFO:Environment created!
2022-07-12 10:01:28,509:INFO:Cumulated reward: 0
2022-07-12 10:01:39,570:INFO:Creating occupants based on data from data/dorn ...
2022-07-12 10:01:40,025:INFO:Creating zones ...
2022-07-12 10:01:40,032:INFO:Environment created!
2022-07-12 10:01:41,103:INFO:Cumulated reward: 0
2022-07-12 10:01:52,376:INFO:Creating occupants based on data from data/dorn ...
2022-07-12 10:01:52,814:INFO:Creating zones ...
2022-07-12 10:01:52,821:INFO:Environment created!
2022-07-12 10:01:53,915:INFO:Cumulated reward: 0
2022-07-12 10:02:05,023:INFO:Creating occupants based on data from data/dorn ...
2022-07-12 10:02:05,454:INFO:Creating zones ...
2022-07-12 10:02:05,461:INFO:Environment created!
2022-07-12 10:02:06,580:INFO:Cumulated reward: 0
2022-07-12 10:02:18,051:INFO:Creating occupants based on data from data/dorn ...
2022-07-12 10:02:18,521:INFO:Creating zones ...
2022-07-12 10:02:18,529:INFO:Environment created!
2022-07-12 10:02:19,600:INFO:Cumulated reward: 0
2022-07-12 10:02:30,933:INFO:Creating occupants based on data from data/dorn ...
2022-07-12 10:02:31,364:INFO:Creating zones ...
2022-07-12 10:02:31,371:INFO:Environment created!
2022-07-12 10:02:32,375:INFO:Cumulated reward: 0
2022-07-12 10:02:43,638:INFO:Creating occupants based on data from data/dorn ...
2022-07-12 10:02:44,090:INFO:Creating zones ...
2022-07-12 10:02:44,097:INFO:Environment created!
2022-07-12 10:02:45,221:INFO:Cumulated reward: 0
2022-07-12 10:02:56,681:INFO:Creating occupants based on data from data/dorn ...
2022-07-12 10:02:57,112:INFO:Creating zones ...
2022-07-12 10:02:57,120:INFO:Environment created!
2022-07-12 10:02:58,167:INFO:Cumulated reward: 0
2022-07-12 10:03:09,412:INFO:Creating occupants based on data from data/dorn ...
2022-07-12 10:03:09,856:INFO:Creating zones ...
2022-07-12 10:03:09,863:INFO:Environment created!
2022-07-12 10:03:11,060:INFO:Cumulated reward: 0
2022-07-12 10:03:22,234:INFO:Creating occupants based on data from data/dorn ...
2022-07-12 10:03:22,666:INFO:Creating zones ...
2022-07-12 10:03:22,673:INFO:Environment created!
2022-07-12 10:03:23,514:INFO:Cumulated reward: 0
2022-07-12 10:03:34,298:INFO:Creating occupants based on data from data/dorn ...
2022-07-12 10:03:34,729:INFO:Creating zones ...
2022-07-12 10:03:34,736:INFO:Environment created!
2022-07-12 10:03:35,720:INFO:Cumulated reward: 0
2022-07-12 10:03:46,712:INFO:Creating occupants based on data from data/dorn ...
2022-07-12 10:03:47,140:INFO:Creating zones ...
2022-07-12 10:03:47,147:INFO:Environment created!
2022-07-12 10:03:48,099:INFO:Cumulated reward: 0
2022-07-12 10:03:59,099:INFO:Creating occupants based on data from data/dorn ...
2022-07-12 10:03:59,541:INFO:Creating zones ...
2022-07-12 10:03:59,547:INFO:Environment created!
2022-07-12 10:04:00,775:INFO:Cumulated reward: 0
2022-07-12 10:04:11,887:INFO:Creating occupants based on data from data/dorn ...
2022-07-12 10:04:12,313:INFO:Creating zones ...
2022-07-12 10:04:12,320:INFO:Environment created!
2022-07-12 10:04:13,078:INFO:Cumulated reward: 0
2022-07-12 10:04:23,991:INFO:Creating occupants based on data from data/dorn ...
2022-07-12 10:04:24,415:INFO:Creating zones ...
2022-07-12 10:04:24,424:INFO:Environment created!
2022-07-12 10:04:25,365:INFO:Cumulated reward: 0
2022-07-12 10:04:36,142:INFO:Creating occupants based on data from data/dorn ...
2022-07-12 10:04:36,582:INFO:Creating zones ...
2022-07-12 10:04:36,589:INFO:Environment created!
2022-07-12 10:04:37,517:INFO:Cumulated reward: 0
