2022-04-11 16:45:13,260:INFO:Creating occupants based on data from data/dorn ...
2022-04-11 16:45:13,556:INFO:Creating zones ...
2022-04-11 16:45:13,581:INFO:Environment created!
2022-04-11 16:45:25,233:INFO:Cumulated reward: 0
2022-05-11 17:49:56,231:INFO:Creating occupants based on data from data/dorn ...
2022-05-11 17:49:56,897:INFO:Creating zones ...
2022-05-11 17:49:56,921:INFO:Environment created!
2022-05-11 17:49:58,947:INFO:Cumulated reward: 0
2022-06-07 15:46:47,285:INFO:Creating occupants based on data from data/dorn ...
2022-06-07 15:46:47,847:INFO:Creating zones ...
2022-06-07 15:46:47,865:INFO:Environment created!
2022-06-07 15:46:49,173:INFO:Cumulated reward: 0
2022-06-07 19:28:39,847:INFO:Creating occupants based on data from data/dorn ...
2022-06-07 19:28:40,352:INFO:Creating zones ...
2022-06-07 19:28:40,370:INFO:Environment created!
2022-06-07 19:28:42,072:INFO:Cumulated reward: 0
2022-06-09 10:17:56,237:INFO:Creating occupants based on data from data/dorn ...
2022-06-09 10:17:56,850:INFO:Creating zones ...
2022-06-09 10:17:56,873:INFO:Environment created!
2022-06-09 10:17:57,896:INFO:Cumulated reward: 0
2022-06-29 22:07:03,210:INFO:Creating occupants based on data from data/dorn ...
2022-06-29 22:07:03,724:INFO:Creating zones ...
2022-06-29 22:07:03,744:INFO:Environment created!
2022-06-29 22:07:04,671:INFO:Cumulated reward: 0
2022-06-29 22:07:16,169:INFO:Creating occupants based on data from data/dorn ...
2022-06-29 22:07:16,674:INFO:Creating zones ...
2022-06-29 22:07:16,695:INFO:Environment created!
2022-06-29 22:07:17,735:INFO:Cumulated reward: 0
2022-06-29 22:07:28,655:INFO:Creating occupants based on data from data/dorn ...
2022-06-29 22:07:29,154:INFO:Creating zones ...
2022-06-29 22:07:29,175:INFO:Environment created!
2022-06-29 22:07:30,013:INFO:Cumulated reward: 0
2022-06-29 22:07:41,215:INFO:Creating occupants based on data from data/dorn ...
2022-06-29 22:07:41,699:INFO:Creating zones ...
2022-06-29 22:07:41,719:INFO:Environment created!
2022-06-29 22:07:42,881:INFO:Cumulated reward: 0
2022-06-29 22:07:54,012:INFO:Creating occupants based on data from data/dorn ...
2022-06-29 22:07:54,517:INFO:Creating zones ...
2022-06-29 22:07:54,536:INFO:Environment created!
2022-06-29 22:07:55,799:INFO:Cumulated reward: 0
2022-06-29 22:08:06,891:INFO:Creating occupants based on data from data/dorn ...
2022-06-29 22:08:07,387:INFO:Creating zones ...
2022-06-29 22:08:07,409:INFO:Environment created!
2022-06-29 22:08:08,429:INFO:Cumulated reward: 0
2022-06-29 22:08:19,691:INFO:Creating occupants based on data from data/dorn ...
2022-06-29 22:08:20,191:INFO:Creating zones ...
2022-06-29 22:08:20,211:INFO:Environment created!
2022-06-29 22:08:21,109:INFO:Cumulated reward: 0
2022-06-29 22:08:32,193:INFO:Creating occupants based on data from data/dorn ...
2022-06-29 22:08:32,696:INFO:Creating zones ...
2022-06-29 22:08:32,717:INFO:Environment created!
2022-06-29 22:08:33,873:INFO:Cumulated reward: 0
2022-06-29 22:08:45,018:INFO:Creating occupants based on data from data/dorn ...
2022-06-29 22:08:45,505:INFO:Creating zones ...
2022-06-29 22:08:45,527:INFO:Environment created!
2022-06-29 22:08:46,618:INFO:Cumulated reward: 0
2022-06-29 22:08:58,118:INFO:Creating occupants based on data from data/dorn ...
2022-06-29 22:08:58,617:INFO:Creating zones ...
2022-06-29 22:08:58,637:INFO:Environment created!
2022-06-29 22:08:59,665:INFO:Cumulated reward: 0
2022-06-29 22:09:11,312:INFO:Creating occupants based on data from data/dorn ...
2022-06-29 22:09:11,835:INFO:Creating zones ...
2022-06-29 22:09:11,860:INFO:Environment created!
2022-06-29 22:09:12,947:INFO:Cumulated reward: 0
2022-06-29 22:09:25,189:INFO:Creating occupants based on data from data/dorn ...
2022-06-29 22:09:25,729:INFO:Creating zones ...
2022-06-29 22:09:25,750:INFO:Environment created!
2022-06-29 22:09:26,978:INFO:Cumulated reward: 0
2022-06-29 22:09:39,350:INFO:Creating occupants based on data from data/dorn ...
2022-06-29 22:09:39,888:INFO:Creating zones ...
2022-06-29 22:09:39,910:INFO:Environment created!
2022-06-29 22:09:41,006:INFO:Cumulated reward: 0
2022-06-29 22:09:52,984:INFO:Creating occupants based on data from data/dorn ...
2022-06-29 22:09:53,494:INFO:Creating zones ...
2022-06-29 22:09:53,515:INFO:Environment created!
2022-06-29 22:09:54,574:INFO:Cumulated reward: 0
2022-06-29 22:10:06,635:INFO:Creating occupants based on data from data/dorn ...
2022-06-29 22:10:07,151:INFO:Creating zones ...
2022-06-29 22:10:07,171:INFO:Environment created!
2022-06-29 22:10:08,635:INFO:Cumulated reward: 0
2022-06-29 22:10:20,594:INFO:Creating occupants based on data from data/dorn ...
2022-06-29 22:10:21,110:INFO:Creating zones ...
2022-06-29 22:10:21,130:INFO:Environment created!
2022-06-29 22:10:22,101:INFO:Cumulated reward: 0
2022-06-29 22:10:33,779:INFO:Creating occupants based on data from data/dorn ...
2022-06-29 22:10:34,376:INFO:Creating zones ...
2022-06-29 22:10:34,399:INFO:Environment created!
2022-06-29 22:10:35,412:INFO:Cumulated reward: 0
2022-06-29 22:10:49,493:INFO:Creating occupants based on data from data/dorn ...
2022-06-29 22:10:50,106:INFO:Creating zones ...
2022-06-29 22:10:50,131:INFO:Environment created!
2022-06-29 22:10:51,635:INFO:Cumulated reward: 0
2022-06-29 22:11:06,776:INFO:Creating occupants based on data from data/dorn ...
2022-06-29 22:11:07,399:INFO:Creating zones ...
2022-06-29 22:11:07,423:INFO:Environment created!
2022-06-29 22:11:09,025:INFO:Cumulated reward: 0
2022-06-29 22:11:21,678:INFO:Creating occupants based on data from data/dorn ...
2022-06-29 22:11:22,194:INFO:Creating zones ...
2022-06-29 22:11:22,213:INFO:Environment created!
2022-06-29 22:11:23,227:INFO:Cumulated reward: 0
2022-06-29 22:11:34,413:INFO:Creating occupants based on data from data/dorn ...
2022-06-29 22:11:34,892:INFO:Creating zones ...
2022-06-29 22:11:34,911:INFO:Environment created!
2022-06-29 22:11:35,868:INFO:Cumulated reward: 0
2022-06-29 22:11:46,767:INFO:Creating occupants based on data from data/dorn ...
2022-06-29 22:11:47,259:INFO:Creating zones ...
2022-06-29 22:11:47,276:INFO:Environment created!
2022-06-29 22:11:48,529:INFO:Cumulated reward: 0
2022-06-29 22:11:59,802:INFO:Creating occupants based on data from data/dorn ...
2022-06-29 22:12:00,291:INFO:Creating zones ...
2022-06-29 22:12:00,312:INFO:Environment created!
2022-06-29 22:12:01,309:INFO:Cumulated reward: 0
2022-06-29 22:12:12,757:INFO:Creating occupants based on data from data/dorn ...
2022-06-29 22:12:13,259:INFO:Creating zones ...
2022-06-29 22:12:13,279:INFO:Environment created!
2022-06-29 22:12:14,249:INFO:Cumulated reward: 0
2022-06-29 22:12:25,150:INFO:Creating occupants based on data from data/dorn ...
2022-06-29 22:12:25,639:INFO:Creating zones ...
2022-06-29 22:12:25,656:INFO:Environment created!
2022-06-29 22:12:26,509:INFO:Cumulated reward: 0
2022-06-29 22:12:37,137:INFO:Creating occupants based on data from data/dorn ...
2022-06-29 22:12:37,648:INFO:Creating zones ...
2022-06-29 22:12:37,666:INFO:Environment created!
2022-06-29 22:12:38,827:INFO:Cumulated reward: 0
2022-06-29 22:12:50,138:INFO:Creating occupants based on data from data/dorn ...
2022-06-29 22:12:50,636:INFO:Creating zones ...
2022-06-29 22:12:50,654:INFO:Environment created!
2022-06-29 22:12:51,560:INFO:Cumulated reward: 0
2022-06-29 22:13:02,985:INFO:Creating occupants based on data from data/dorn ...
2022-06-29 22:13:03,514:INFO:Creating zones ...
2022-06-29 22:13:03,534:INFO:Environment created!
2022-06-29 22:13:04,566:INFO:Cumulated reward: 0
2022-06-29 22:13:16,290:INFO:Creating occupants based on data from data/dorn ...
2022-06-29 22:13:16,801:INFO:Creating zones ...
2022-06-29 22:13:16,824:INFO:Environment created!
2022-06-29 22:13:17,996:INFO:Cumulated reward: 0
2022-06-29 22:13:29,856:INFO:Creating occupants based on data from data/dorn ...
2022-06-29 22:13:30,368:INFO:Creating zones ...
2022-06-29 22:13:30,388:INFO:Environment created!
2022-06-29 22:13:31,812:INFO:Cumulated reward: 0
2022-07-04 18:30:12,846:INFO:Creating occupants based on data from data/dorn ...
2022-07-04 18:30:13,350:INFO:Creating zones ...
2022-07-04 18:30:13,362:INFO:Environment created!
2022-07-04 18:30:14,380:INFO:Cumulated reward: 0
2022-07-04 18:30:25,778:INFO:Creating occupants based on data from data/dorn ...
2022-07-04 18:30:26,311:INFO:Creating zones ...
2022-07-04 18:30:26,324:INFO:Environment created!
2022-07-04 18:30:27,348:INFO:Cumulated reward: 0
2022-07-04 18:30:40,877:INFO:Creating occupants based on data from data/dorn ...
2022-07-04 18:30:41,490:INFO:Creating zones ...
2022-07-04 18:30:41,504:INFO:Environment created!
2022-07-04 18:30:43,126:INFO:Cumulated reward: 0
2022-07-04 18:30:57,674:INFO:Creating occupants based on data from data/dorn ...
2022-07-04 18:30:58,320:INFO:Creating zones ...
2022-07-04 18:30:58,335:INFO:Environment created!
2022-07-04 18:30:59,703:INFO:Cumulated reward: 0
2022-07-04 18:31:14,471:INFO:Creating occupants based on data from data/dorn ...
2022-07-04 18:31:15,129:INFO:Creating zones ...
2022-07-04 18:31:15,145:INFO:Environment created!
2022-07-04 18:31:16,523:INFO:Cumulated reward: 0
2022-07-04 18:31:31,610:INFO:Creating occupants based on data from data/dorn ...
2022-07-04 18:31:32,232:INFO:Creating zones ...
2022-07-04 18:31:32,247:INFO:Environment created!
2022-07-04 18:31:33,461:INFO:Cumulated reward: 0
2022-07-04 18:31:47,788:INFO:Creating occupants based on data from data/dorn ...
2022-07-04 18:31:48,398:INFO:Creating zones ...
2022-07-04 18:31:48,411:INFO:Environment created!
2022-07-04 18:31:49,677:INFO:Cumulated reward: 0
2022-07-04 18:32:03,150:INFO:Creating occupants based on data from data/dorn ...
2022-07-04 18:32:03,752:INFO:Creating zones ...
2022-07-04 18:32:03,767:INFO:Environment created!
2022-07-04 18:32:05,000:INFO:Cumulated reward: 0
2022-07-04 18:32:18,581:INFO:Creating occupants based on data from data/dorn ...
2022-07-04 18:32:19,214:INFO:Creating zones ...
2022-07-04 18:32:19,230:INFO:Environment created!
2022-07-04 18:32:20,680:INFO:Cumulated reward: 0
2022-07-04 18:32:35,159:INFO:Creating occupants based on data from data/dorn ...
2022-07-04 18:32:35,830:INFO:Creating zones ...
2022-07-04 18:32:35,845:INFO:Environment created!
2022-07-04 18:32:37,245:INFO:Cumulated reward: 0
2022-07-04 18:32:52,920:INFO:Creating occupants based on data from data/dorn ...
2022-07-04 18:32:53,609:INFO:Creating zones ...
2022-07-04 18:32:53,625:INFO:Environment created!
2022-07-04 18:32:54,856:INFO:Cumulated reward: 0
2022-07-04 18:33:11,009:INFO:Creating occupants based on data from data/dorn ...
2022-07-04 18:33:11,705:INFO:Creating zones ...
2022-07-04 18:33:11,722:INFO:Environment created!
2022-07-04 18:33:13,238:INFO:Cumulated reward: 0
2022-07-04 18:33:28,976:INFO:Creating occupants based on data from data/dorn ...
2022-07-04 18:33:29,683:INFO:Creating zones ...
2022-07-04 18:33:29,700:INFO:Environment created!
2022-07-04 18:33:31,419:INFO:Cumulated reward: 0
2022-07-04 18:33:47,289:INFO:Creating occupants based on data from data/dorn ...
2022-07-04 18:33:47,994:INFO:Creating zones ...
2022-07-04 18:33:48,011:INFO:Environment created!
2022-07-04 18:33:49,777:INFO:Cumulated reward: 0
2022-07-04 18:34:07,180:INFO:Creating occupants based on data from data/dorn ...
2022-07-04 18:34:07,968:INFO:Creating zones ...
2022-07-04 18:34:07,987:INFO:Environment created!
2022-07-04 18:34:09,763:INFO:Cumulated reward: 0
2022-07-04 18:34:27,897:INFO:Creating occupants based on data from data/dorn ...
2022-07-04 18:34:28,686:INFO:Creating zones ...
2022-07-04 18:34:28,704:INFO:Environment created!
2022-07-04 18:34:30,174:INFO:Cumulated reward: 0
2022-07-04 18:34:47,878:INFO:Creating occupants based on data from data/dorn ...
2022-07-04 18:34:48,679:INFO:Creating zones ...
2022-07-04 18:34:48,697:INFO:Environment created!
2022-07-04 18:34:50,269:INFO:Cumulated reward: 0
2022-07-04 18:35:07,525:INFO:Creating occupants based on data from data/dorn ...
2022-07-04 18:35:08,298:INFO:Creating zones ...
2022-07-04 18:35:08,316:INFO:Environment created!
2022-07-04 18:35:09,863:INFO:Cumulated reward: 0
2022-07-04 18:35:27,990:INFO:Creating occupants based on data from data/dorn ...
2022-07-04 18:35:28,721:INFO:Creating zones ...
2022-07-04 18:35:28,738:INFO:Environment created!
2022-07-04 18:35:30,179:INFO:Cumulated reward: 0
2022-07-04 18:35:44,615:INFO:Creating occupants based on data from data/dorn ...
2022-07-04 18:35:45,229:INFO:Creating zones ...
2022-07-04 18:35:45,243:INFO:Environment created!
2022-07-04 18:35:46,737:INFO:Cumulated reward: 0
2022-07-04 18:36:00,234:INFO:Creating occupants based on data from data/dorn ...
2022-07-04 18:36:00,786:INFO:Creating zones ...
2022-07-04 18:36:00,799:INFO:Environment created!
2022-07-04 18:36:02,152:INFO:Cumulated reward: 0
2022-07-04 18:36:15,504:INFO:Creating occupants based on data from data/dorn ...
2022-07-04 18:36:16,151:INFO:Creating zones ...
2022-07-04 18:36:16,166:INFO:Environment created!
2022-07-04 18:36:17,263:INFO:Cumulated reward: 0
2022-07-04 18:36:31,922:INFO:Creating occupants based on data from data/dorn ...
2022-07-04 18:36:32,560:INFO:Creating zones ...
2022-07-04 18:36:32,575:INFO:Environment created!
2022-07-04 18:36:33,630:INFO:Cumulated reward: 0
2022-07-04 18:36:48,674:INFO:Creating occupants based on data from data/dorn ...
2022-07-04 18:36:49,283:INFO:Creating zones ...
2022-07-04 18:36:49,297:INFO:Environment created!
2022-07-04 18:36:50,681:INFO:Cumulated reward: 0
2022-07-04 18:37:04,469:INFO:Creating occupants based on data from data/dorn ...
2022-07-04 18:37:05,066:INFO:Creating zones ...
2022-07-04 18:37:05,079:INFO:Environment created!
2022-07-04 18:37:06,388:INFO:Cumulated reward: 0
2022-07-04 18:37:20,065:INFO:Creating occupants based on data from data/dorn ...
2022-07-04 18:37:20,666:INFO:Creating zones ...
2022-07-04 18:37:20,680:INFO:Environment created!
2022-07-04 18:37:21,771:INFO:Cumulated reward: 0
2022-07-04 18:37:35,202:INFO:Creating occupants based on data from data/dorn ...
2022-07-04 18:37:35,762:INFO:Creating zones ...
2022-07-04 18:37:35,775:INFO:Environment created!
2022-07-04 18:37:37,164:INFO:Cumulated reward: 0
2022-07-04 18:37:49,531:INFO:Creating occupants based on data from data/dorn ...
2022-07-04 18:37:50,037:INFO:Creating zones ...
2022-07-04 18:37:50,049:INFO:Environment created!
2022-07-04 18:37:51,281:INFO:Cumulated reward: 0
2022-07-04 18:38:03,180:INFO:Creating occupants based on data from data/dorn ...
2022-07-04 18:38:03,687:INFO:Creating zones ...
2022-07-04 18:38:03,699:INFO:Environment created!
2022-07-04 18:38:04,736:INFO:Cumulated reward: 0
2022-07-04 18:38:16,201:INFO:Creating occupants based on data from data/dorn ...
2022-07-04 18:38:16,713:INFO:Creating zones ...
2022-07-04 18:38:16,725:INFO:Environment created!
2022-07-04 18:38:17,780:INFO:Cumulated reward: 0
2022-07-04 19:19:08,185:INFO:Creating occupants based on data from data/dorn ...
2022-07-04 19:19:08,636:INFO:Creating zones ...
2022-07-04 19:19:08,647:INFO:Environment created!
2022-07-04 19:19:09,862:INFO:Cumulated reward: 0
2022-07-04 19:19:19,964:INFO:Creating occupants based on data from data/dorn ...
2022-07-04 19:19:20,413:INFO:Creating zones ...
2022-07-04 19:19:20,425:INFO:Environment created!
2022-07-04 19:19:21,584:INFO:Cumulated reward: 0
2022-07-04 19:19:31,137:INFO:Creating occupants based on data from data/dorn ...
2022-07-04 19:19:31,601:INFO:Creating zones ...
2022-07-04 19:19:31,613:INFO:Environment created!
2022-07-04 19:19:32,636:INFO:Cumulated reward: 0
2022-07-04 19:19:42,508:INFO:Creating occupants based on data from data/dorn ...
2022-07-04 19:19:42,955:INFO:Creating zones ...
2022-07-04 19:19:42,967:INFO:Environment created!
2022-07-04 19:19:43,959:INFO:Cumulated reward: 0
2022-07-04 19:19:54,320:INFO:Creating occupants based on data from data/dorn ...
2022-07-04 19:19:54,768:INFO:Creating zones ...
2022-07-04 19:19:54,781:INFO:Environment created!
2022-07-04 19:19:56,015:INFO:Cumulated reward: 0
2022-07-04 19:20:06,260:INFO:Creating occupants based on data from data/dorn ...
2022-07-04 19:20:06,710:INFO:Creating zones ...
2022-07-04 19:20:06,721:INFO:Environment created!
2022-07-04 19:20:07,599:INFO:Cumulated reward: 0
2022-07-04 19:20:17,534:INFO:Creating occupants based on data from data/dorn ...
2022-07-04 19:20:17,995:INFO:Creating zones ...
2022-07-04 19:20:18,008:INFO:Environment created!
2022-07-04 19:20:19,043:INFO:Cumulated reward: 0
2022-07-04 19:20:29,283:INFO:Creating occupants based on data from data/dorn ...
2022-07-04 19:20:29,724:INFO:Creating zones ...
2022-07-04 19:20:29,736:INFO:Environment created!
2022-07-04 19:20:30,688:INFO:Cumulated reward: 0
2022-07-04 19:20:40,343:INFO:Creating occupants based on data from data/dorn ...
2022-07-04 19:20:40,793:INFO:Creating zones ...
2022-07-04 19:20:40,804:INFO:Environment created!
2022-07-04 19:20:41,667:INFO:Cumulated reward: 0
2022-07-04 19:20:51,649:INFO:Creating occupants based on data from data/dorn ...
2022-07-04 19:20:52,103:INFO:Creating zones ...
2022-07-04 19:20:52,115:INFO:Environment created!
2022-07-04 19:20:53,156:INFO:Cumulated reward: 0
2022-07-04 19:21:03,114:INFO:Creating occupants based on data from data/dorn ...
2022-07-04 19:21:03,557:INFO:Creating zones ...
2022-07-04 19:21:03,567:INFO:Environment created!
2022-07-04 19:21:04,345:INFO:Cumulated reward: 0
2022-07-04 19:21:14,788:INFO:Creating occupants based on data from data/dorn ...
2022-07-04 19:21:15,230:INFO:Creating zones ...
2022-07-04 19:21:15,241:INFO:Environment created!
2022-07-04 19:21:16,304:INFO:Cumulated reward: 0
2022-07-04 19:21:25,921:INFO:Creating occupants based on data from data/dorn ...
2022-07-04 19:21:26,383:INFO:Creating zones ...
2022-07-04 19:21:26,395:INFO:Environment created!
2022-07-04 19:21:27,343:INFO:Cumulated reward: 0
2022-07-04 19:21:37,920:INFO:Creating occupants based on data from data/dorn ...
2022-07-04 19:21:38,368:INFO:Creating zones ...
2022-07-04 19:21:38,380:INFO:Environment created!
2022-07-04 19:21:39,651:INFO:Cumulated reward: 0
2022-07-04 19:21:49,460:INFO:Creating occupants based on data from data/dorn ...
2022-07-04 19:21:49,907:INFO:Creating zones ...
2022-07-04 19:21:49,921:INFO:Environment created!
2022-07-04 19:21:51,119:INFO:Cumulated reward: 0
2022-07-04 19:22:01,005:INFO:Creating occupants based on data from data/dorn ...
2022-07-04 19:22:01,455:INFO:Creating zones ...
2022-07-04 19:22:01,465:INFO:Environment created!
2022-07-04 19:22:02,368:INFO:Cumulated reward: 0
2022-07-04 19:22:13,040:INFO:Creating occupants based on data from data/dorn ...
2022-07-04 19:22:13,487:INFO:Creating zones ...
2022-07-04 19:22:13,500:INFO:Environment created!
2022-07-04 19:22:14,488:INFO:Cumulated reward: 0
2022-07-04 19:22:24,551:INFO:Creating occupants based on data from data/dorn ...
2022-07-04 19:22:24,998:INFO:Creating zones ...
2022-07-04 19:22:25,009:INFO:Environment created!
2022-07-04 19:22:26,273:INFO:Cumulated reward: 0
2022-07-04 19:22:36,165:INFO:Creating occupants based on data from data/dorn ...
2022-07-04 19:22:36,610:INFO:Creating zones ...
2022-07-04 19:22:36,622:INFO:Environment created!
2022-07-04 19:22:37,629:INFO:Cumulated reward: 0
2022-07-04 19:22:48,031:INFO:Creating occupants based on data from data/dorn ...
2022-07-04 19:22:48,472:INFO:Creating zones ...
2022-07-04 19:22:48,484:INFO:Environment created!
2022-07-04 19:22:49,376:INFO:Cumulated reward: 0
2022-07-04 19:22:58,832:INFO:Creating occupants based on data from data/dorn ...
2022-07-04 19:22:59,289:INFO:Creating zones ...
2022-07-04 19:22:59,300:INFO:Environment created!
2022-07-04 19:23:00,329:INFO:Cumulated reward: 0
2022-07-04 19:23:10,286:INFO:Creating occupants based on data from data/dorn ...
2022-07-04 19:23:10,734:INFO:Creating zones ...
2022-07-04 19:23:10,745:INFO:Environment created!
2022-07-04 19:23:11,747:INFO:Cumulated reward: 0
2022-07-04 19:23:21,635:INFO:Creating occupants based on data from data/dorn ...
2022-07-04 19:23:22,077:INFO:Creating zones ...
2022-07-04 19:23:22,088:INFO:Environment created!
2022-07-04 19:23:22,985:INFO:Cumulated reward: 0
2022-07-04 19:23:33,020:INFO:Creating occupants based on data from data/dorn ...
2022-07-04 19:23:33,466:INFO:Creating zones ...
2022-07-04 19:23:33,478:INFO:Environment created!
2022-07-04 19:23:34,441:INFO:Cumulated reward: 0
2022-07-04 19:23:44,429:INFO:Creating occupants based on data from data/dorn ...
2022-07-04 19:23:44,875:INFO:Creating zones ...
2022-07-04 19:23:44,887:INFO:Environment created!
2022-07-04 19:23:45,932:INFO:Cumulated reward: 0
2022-07-04 19:23:55,890:INFO:Creating occupants based on data from data/dorn ...
2022-07-04 19:23:56,342:INFO:Creating zones ...
2022-07-04 19:23:56,353:INFO:Environment created!
2022-07-04 19:23:57,472:INFO:Cumulated reward: 0
2022-07-04 19:24:07,261:INFO:Creating occupants based on data from data/dorn ...
2022-07-04 19:24:07,706:INFO:Creating zones ...
2022-07-04 19:24:07,717:INFO:Environment created!
2022-07-04 19:24:08,637:INFO:Cumulated reward: 0
2022-07-04 19:24:18,488:INFO:Creating occupants based on data from data/dorn ...
2022-07-04 19:24:18,929:INFO:Creating zones ...
2022-07-04 19:24:18,940:INFO:Environment created!
2022-07-04 19:24:19,985:INFO:Cumulated reward: 0
2022-07-04 19:24:30,476:INFO:Creating occupants based on data from data/dorn ...
2022-07-04 19:24:30,917:INFO:Creating zones ...
2022-07-04 19:24:30,930:INFO:Environment created!
2022-07-04 19:24:31,817:INFO:Cumulated reward: 0
2022-07-04 19:24:41,922:INFO:Creating occupants based on data from data/dorn ...
2022-07-04 19:24:42,376:INFO:Creating zones ...
2022-07-04 19:24:42,389:INFO:Environment created!
2022-07-04 19:24:43,337:INFO:Cumulated reward: 0
2022-07-05 15:09:58,960:INFO:Creating occupants based on data from data/dorn ...
2022-07-05 15:09:59,406:INFO:Creating zones ...
2022-07-05 15:09:59,418:INFO:Environment created!
2022-07-05 15:10:00,562:INFO:Cumulated reward: 0
2022-07-05 15:10:10,934:INFO:Creating occupants based on data from data/dorn ...
2022-07-05 15:10:11,370:INFO:Creating zones ...
2022-07-05 15:10:11,382:INFO:Environment created!
2022-07-05 15:10:12,542:INFO:Cumulated reward: 0
2022-07-05 15:10:23,065:INFO:Creating occupants based on data from data/dorn ...
2022-07-05 15:10:23,527:INFO:Creating zones ...
2022-07-05 15:10:23,538:INFO:Environment created!
2022-07-05 15:10:24,656:INFO:Cumulated reward: 0
2022-07-05 15:10:35,855:INFO:Creating occupants based on data from data/dorn ...
2022-07-05 15:10:36,332:INFO:Creating zones ...
2022-07-05 15:10:36,344:INFO:Environment created!
2022-07-05 15:10:37,454:INFO:Cumulated reward: 0
2022-07-05 15:10:48,483:INFO:Creating occupants based on data from data/dorn ...
2022-07-05 15:10:48,936:INFO:Creating zones ...
2022-07-05 15:10:48,948:INFO:Environment created!
2022-07-05 15:10:49,973:INFO:Cumulated reward: 0
2022-07-05 15:11:00,747:INFO:Creating occupants based on data from data/dorn ...
2022-07-05 15:11:01,213:INFO:Creating zones ...
2022-07-05 15:11:01,225:INFO:Environment created!
2022-07-05 15:11:02,135:INFO:Cumulated reward: 0
2022-07-05 15:11:13,244:INFO:Creating occupants based on data from data/dorn ...
2022-07-05 15:11:13,699:INFO:Creating zones ...
2022-07-05 15:11:13,711:INFO:Environment created!
2022-07-05 15:11:14,739:INFO:Cumulated reward: 0
2022-07-05 15:11:25,564:INFO:Creating occupants based on data from data/dorn ...
2022-07-05 15:11:26,023:INFO:Creating zones ...
2022-07-05 15:11:26,035:INFO:Environment created!
2022-07-05 15:11:27,171:INFO:Cumulated reward: 0
2022-07-05 15:11:38,585:INFO:Creating occupants based on data from data/dorn ...
2022-07-05 15:11:39,054:INFO:Creating zones ...
2022-07-05 15:11:39,066:INFO:Environment created!
2022-07-05 15:11:40,104:INFO:Cumulated reward: 0
2022-07-05 15:11:51,376:INFO:Creating occupants based on data from data/dorn ...
2022-07-05 15:11:51,833:INFO:Creating zones ...
2022-07-05 15:11:51,845:INFO:Environment created!
2022-07-05 15:11:52,941:INFO:Cumulated reward: 0
2022-07-05 15:12:04,162:INFO:Creating occupants based on data from data/dorn ...
2022-07-05 15:12:04,610:INFO:Creating zones ...
2022-07-05 15:12:04,621:INFO:Environment created!
2022-07-05 15:12:05,625:INFO:Cumulated reward: 0
2022-07-05 15:12:16,247:INFO:Creating occupants based on data from data/dorn ...
2022-07-05 15:12:16,682:INFO:Creating zones ...
2022-07-05 15:12:16,694:INFO:Environment created!
2022-07-05 15:12:17,604:INFO:Cumulated reward: 0
2022-07-05 15:12:27,836:INFO:Creating occupants based on data from data/dorn ...
2022-07-05 15:12:28,284:INFO:Creating zones ...
2022-07-05 15:12:28,296:INFO:Environment created!
2022-07-05 15:12:29,318:INFO:Cumulated reward: 0
2022-07-05 15:12:39,845:INFO:Creating occupants based on data from data/dorn ...
2022-07-05 15:12:40,302:INFO:Creating zones ...
2022-07-05 15:12:40,313:INFO:Environment created!
2022-07-05 15:12:41,208:INFO:Cumulated reward: 0
2022-07-05 15:12:51,787:INFO:Creating occupants based on data from data/dorn ...
2022-07-05 15:12:52,238:INFO:Creating zones ...
2022-07-05 15:12:52,249:INFO:Environment created!
2022-07-05 15:12:53,492:INFO:Cumulated reward: 0
2022-07-05 15:13:03,677:INFO:Creating occupants based on data from data/dorn ...
2022-07-05 15:13:04,123:INFO:Creating zones ...
2022-07-05 15:13:04,136:INFO:Environment created!
2022-07-05 15:13:04,995:INFO:Cumulated reward: 0
2022-07-05 15:13:15,449:INFO:Creating occupants based on data from data/dorn ...
2022-07-05 15:13:15,902:INFO:Creating zones ...
2022-07-05 15:13:15,915:INFO:Environment created!
2022-07-05 15:13:17,104:INFO:Cumulated reward: 0
2022-07-05 15:13:28,118:INFO:Creating occupants based on data from data/dorn ...
2022-07-05 15:13:28,572:INFO:Creating zones ...
2022-07-05 15:13:28,583:INFO:Environment created!
2022-07-05 15:13:29,538:INFO:Cumulated reward: 0
2022-07-05 15:13:40,001:INFO:Creating occupants based on data from data/dorn ...
2022-07-05 15:13:40,453:INFO:Creating zones ...
2022-07-05 15:13:40,466:INFO:Environment created!
2022-07-05 15:13:41,459:INFO:Cumulated reward: 0
2022-07-05 15:13:51,858:INFO:Creating occupants based on data from data/dorn ...
2022-07-05 15:13:52,320:INFO:Creating zones ...
2022-07-05 15:13:52,332:INFO:Environment created!
2022-07-05 15:13:53,270:INFO:Cumulated reward: 0
2022-07-05 15:14:03,759:INFO:Creating occupants based on data from data/dorn ...
2022-07-05 15:14:04,215:INFO:Creating zones ...
2022-07-05 15:14:04,226:INFO:Environment created!
2022-07-05 15:14:05,108:INFO:Cumulated reward: 0
2022-07-05 15:14:15,596:INFO:Creating occupants based on data from data/dorn ...
2022-07-05 15:14:16,046:INFO:Creating zones ...
2022-07-05 15:14:16,057:INFO:Environment created!
2022-07-05 15:14:17,053:INFO:Cumulated reward: 0
2022-07-05 15:14:27,513:INFO:Creating occupants based on data from data/dorn ...
2022-07-05 15:14:27,960:INFO:Creating zones ...
2022-07-05 15:14:27,971:INFO:Environment created!
2022-07-05 15:14:29,225:INFO:Cumulated reward: 0
2022-07-05 15:14:40,006:INFO:Creating occupants based on data from data/dorn ...
2022-07-05 15:14:40,466:INFO:Creating zones ...
2022-07-05 15:14:40,477:INFO:Environment created!
2022-07-05 15:14:41,569:INFO:Cumulated reward: 0
2022-07-05 15:14:52,318:INFO:Creating occupants based on data from data/dorn ...
2022-07-05 15:14:52,770:INFO:Creating zones ...
2022-07-05 15:14:52,781:INFO:Environment created!
2022-07-05 15:14:53,852:INFO:Cumulated reward: 0
2022-07-05 15:15:04,134:INFO:Creating occupants based on data from data/dorn ...
2022-07-05 15:15:04,595:INFO:Creating zones ...
2022-07-05 15:15:04,606:INFO:Environment created!
2022-07-05 15:15:05,486:INFO:Cumulated reward: 0
2022-07-05 15:15:16,209:INFO:Creating occupants based on data from data/dorn ...
2022-07-05 15:15:16,660:INFO:Creating zones ...
2022-07-05 15:15:16,672:INFO:Environment created!
2022-07-05 15:15:17,767:INFO:Cumulated reward: 0
2022-07-05 15:15:28,524:INFO:Creating occupants based on data from data/dorn ...
2022-07-05 15:15:28,970:INFO:Creating zones ...
2022-07-05 15:15:28,982:INFO:Environment created!
2022-07-05 15:15:30,019:INFO:Cumulated reward: 0
2022-07-05 15:15:40,760:INFO:Creating occupants based on data from data/dorn ...
2022-07-05 15:15:41,240:INFO:Creating zones ...
2022-07-05 15:15:41,254:INFO:Environment created!
2022-07-05 15:15:42,384:INFO:Cumulated reward: 0
2022-07-05 15:15:53,209:INFO:Creating occupants based on data from data/dorn ...
2022-07-05 15:15:53,695:INFO:Creating zones ...
2022-07-05 15:15:53,706:INFO:Environment created!
2022-07-05 15:15:54,704:INFO:Cumulated reward: 0
2022-07-08 18:29:10,808:INFO:Creating occupants based on data from data/dorn ...
2022-07-08 18:29:11,348:INFO:Creating zones ...
2022-07-08 18:29:11,363:INFO:Environment created!
2022-07-08 18:29:12,789:INFO:Cumulated reward: 0
2022-07-08 18:29:25,689:INFO:Creating occupants based on data from data/dorn ...
2022-07-08 18:29:26,209:INFO:Creating zones ...
2022-07-08 18:29:26,223:INFO:Environment created!
2022-07-08 18:29:27,333:INFO:Cumulated reward: 0
2022-07-08 18:29:39,811:INFO:Creating occupants based on data from data/dorn ...
2022-07-08 18:29:40,320:INFO:Creating zones ...
2022-07-08 18:29:40,332:INFO:Environment created!
2022-07-08 18:29:41,630:INFO:Cumulated reward: 0
2022-07-08 18:29:53,475:INFO:Creating occupants based on data from data/dorn ...
2022-07-08 18:29:53,978:INFO:Creating zones ...
2022-07-08 18:29:53,989:INFO:Environment created!
2022-07-08 18:29:55,194:INFO:Cumulated reward: 0
2022-07-08 18:30:07,186:INFO:Creating occupants based on data from data/dorn ...
2022-07-08 18:30:07,696:INFO:Creating zones ...
2022-07-08 18:30:07,708:INFO:Environment created!
2022-07-08 18:30:08,952:INFO:Cumulated reward: 0
2022-07-08 18:30:21,095:INFO:Creating occupants based on data from data/dorn ...
2022-07-08 18:30:21,612:INFO:Creating zones ...
2022-07-08 18:30:21,625:INFO:Environment created!
2022-07-08 18:30:22,834:INFO:Cumulated reward: 0
2022-07-08 18:30:35,335:INFO:Creating occupants based on data from data/dorn ...
2022-07-08 18:30:35,873:INFO:Creating zones ...
2022-07-08 18:30:35,886:INFO:Environment created!
2022-07-08 18:30:37,037:INFO:Cumulated reward: 0
2022-07-08 18:30:49,428:INFO:Creating occupants based on data from data/dorn ...
2022-07-08 18:30:49,949:INFO:Creating zones ...
2022-07-08 18:30:49,962:INFO:Environment created!
2022-07-08 18:30:51,363:INFO:Cumulated reward: 0
2022-07-08 18:31:03,955:INFO:Creating occupants based on data from data/dorn ...
2022-07-08 18:31:04,473:INFO:Creating zones ...
2022-07-08 18:31:04,485:INFO:Environment created!
2022-07-08 18:31:05,654:INFO:Cumulated reward: 0
2022-07-08 18:31:18,245:INFO:Creating occupants based on data from data/dorn ...
2022-07-08 18:31:18,757:INFO:Creating zones ...
2022-07-08 18:31:18,769:INFO:Environment created!
2022-07-08 18:31:19,959:INFO:Cumulated reward: 0
2022-07-08 18:31:31,935:INFO:Creating occupants based on data from data/dorn ...
2022-07-08 18:31:32,429:INFO:Creating zones ...
2022-07-08 18:31:32,441:INFO:Environment created!
2022-07-08 18:31:33,534:INFO:Cumulated reward: 0
2022-07-08 18:31:45,471:INFO:Creating occupants based on data from data/dorn ...
2022-07-08 18:31:45,950:INFO:Creating zones ...
2022-07-08 18:31:45,962:INFO:Environment created!
2022-07-08 18:31:46,959:INFO:Cumulated reward: 0
2022-07-08 18:31:58,109:INFO:Creating occupants based on data from data/dorn ...
2022-07-08 18:31:58,578:INFO:Creating zones ...
2022-07-08 18:31:58,589:INFO:Environment created!
2022-07-08 18:31:59,544:INFO:Cumulated reward: 0
2022-07-08 18:32:10,746:INFO:Creating occupants based on data from data/dorn ...
2022-07-08 18:32:11,204:INFO:Creating zones ...
2022-07-08 18:32:11,217:INFO:Environment created!
2022-07-08 18:32:12,242:INFO:Cumulated reward: 0
2022-07-08 18:32:23,291:INFO:Creating occupants based on data from data/dorn ...
2022-07-08 18:32:23,758:INFO:Creating zones ...
2022-07-08 18:32:23,769:INFO:Environment created!
2022-07-08 18:32:25,119:INFO:Cumulated reward: 0
2022-07-08 18:32:36,655:INFO:Creating occupants based on data from data/dorn ...
2022-07-08 18:32:37,135:INFO:Creating zones ...
2022-07-08 18:32:37,146:INFO:Environment created!
2022-07-08 18:32:38,326:INFO:Cumulated reward: 0
2022-07-08 18:32:50,027:INFO:Creating occupants based on data from data/dorn ...
2022-07-08 18:32:50,508:INFO:Creating zones ...
2022-07-08 18:32:50,519:INFO:Environment created!
2022-07-08 18:32:51,551:INFO:Cumulated reward: 0
2022-07-08 18:33:03,169:INFO:Creating occupants based on data from data/dorn ...
2022-07-08 18:33:03,665:INFO:Creating zones ...
2022-07-08 18:33:03,677:INFO:Environment created!
2022-07-08 18:33:04,899:INFO:Cumulated reward: 0
2022-07-08 18:33:16,843:INFO:Creating occupants based on data from data/dorn ...
2022-07-08 18:33:17,339:INFO:Creating zones ...
2022-07-08 18:33:17,350:INFO:Environment created!
2022-07-08 18:33:18,325:INFO:Cumulated reward: 0
2022-07-08 18:33:29,606:INFO:Creating occupants based on data from data/dorn ...
2022-07-08 18:33:30,093:INFO:Creating zones ...
2022-07-08 18:33:30,104:INFO:Environment created!
2022-07-08 18:33:31,306:INFO:Cumulated reward: 0
2022-07-08 18:33:42,428:INFO:Creating occupants based on data from data/dorn ...
2022-07-08 18:33:42,910:INFO:Creating zones ...
2022-07-08 18:33:42,921:INFO:Environment created!
2022-07-08 18:33:44,016:INFO:Cumulated reward: 0
2022-07-08 18:33:55,365:INFO:Creating occupants based on data from data/dorn ...
2022-07-08 18:33:55,842:INFO:Creating zones ...
2022-07-08 18:33:55,853:INFO:Environment created!
2022-07-08 18:33:57,060:INFO:Cumulated reward: 0
2022-07-08 18:34:08,414:INFO:Creating occupants based on data from data/dorn ...
2022-07-08 18:34:08,871:INFO:Creating zones ...
2022-07-08 18:34:08,882:INFO:Environment created!
2022-07-08 18:34:10,030:INFO:Cumulated reward: 0
2022-07-08 18:34:20,945:INFO:Creating occupants based on data from data/dorn ...
2022-07-08 18:34:21,418:INFO:Creating zones ...
2022-07-08 18:34:21,429:INFO:Environment created!
2022-07-08 18:34:22,537:INFO:Cumulated reward: 0
2022-07-08 18:34:34,092:INFO:Creating occupants based on data from data/dorn ...
2022-07-08 18:34:34,568:INFO:Creating zones ...
2022-07-08 18:34:34,580:INFO:Environment created!
2022-07-08 18:34:35,742:INFO:Cumulated reward: 0
2022-07-08 18:34:47,241:INFO:Creating occupants based on data from data/dorn ...
2022-07-08 18:34:47,738:INFO:Creating zones ...
2022-07-08 18:34:47,749:INFO:Environment created!
2022-07-08 18:34:48,776:INFO:Cumulated reward: 0
2022-07-08 18:35:00,278:INFO:Creating occupants based on data from data/dorn ...
2022-07-08 18:35:00,749:INFO:Creating zones ...
2022-07-08 18:35:00,760:INFO:Environment created!
2022-07-08 18:35:02,053:INFO:Cumulated reward: 0
2022-07-08 18:35:13,388:INFO:Creating occupants based on data from data/dorn ...
2022-07-08 18:35:13,865:INFO:Creating zones ...
2022-07-08 18:35:13,876:INFO:Environment created!
2022-07-08 18:35:14,854:INFO:Cumulated reward: 0
2022-07-08 18:35:25,716:INFO:Creating occupants based on data from data/dorn ...
2022-07-08 18:35:26,188:INFO:Creating zones ...
2022-07-08 18:35:26,200:INFO:Environment created!
2022-07-08 18:35:27,236:INFO:Cumulated reward: 0
2022-07-08 18:35:38,406:INFO:Creating occupants based on data from data/dorn ...
2022-07-08 18:35:38,877:INFO:Creating zones ...
2022-07-08 18:35:38,887:INFO:Environment created!
2022-07-08 18:35:40,003:INFO:Cumulated reward: 0
2022-07-09 00:25:57,269:INFO:Creating occupants based on data from data/dorn ...
2022-07-09 00:25:57,797:INFO:Creating zones ...
2022-07-09 00:25:57,810:INFO:Environment created!
2022-07-09 00:25:58,833:INFO:Cumulated reward: 0
2022-07-09 00:26:11,361:INFO:Creating occupants based on data from data/dorn ...
2022-07-09 00:26:11,879:INFO:Creating zones ...
2022-07-09 00:26:11,891:INFO:Environment created!
2022-07-09 00:26:13,268:INFO:Cumulated reward: 0
2022-07-09 00:26:25,709:INFO:Creating occupants based on data from data/dorn ...
2022-07-09 00:26:26,245:INFO:Creating zones ...
2022-07-09 00:26:26,259:INFO:Environment created!
2022-07-09 00:26:27,581:INFO:Cumulated reward: 0
2022-07-09 00:26:41,403:INFO:Creating occupants based on data from data/dorn ...
2022-07-09 00:26:42,101:INFO:Creating zones ...
2022-07-09 00:26:42,116:INFO:Environment created!
2022-07-09 00:26:43,638:INFO:Cumulated reward: 0
2022-07-09 00:26:59,390:INFO:Creating occupants based on data from data/dorn ...
2022-07-09 00:27:00,057:INFO:Creating zones ...
2022-07-09 00:27:00,072:INFO:Environment created!
2022-07-09 00:27:01,395:INFO:Cumulated reward: 0
2022-07-09 00:27:16,669:INFO:Creating occupants based on data from data/dorn ...
2022-07-09 00:27:17,288:INFO:Creating zones ...
2022-07-09 00:27:17,304:INFO:Environment created!
2022-07-09 00:27:18,668:INFO:Cumulated reward: 0
2022-07-09 00:27:33,056:INFO:Creating occupants based on data from data/dorn ...
2022-07-09 00:27:33,632:INFO:Creating zones ...
2022-07-09 00:27:33,647:INFO:Environment created!
2022-07-09 00:27:35,015:INFO:Cumulated reward: 0
2022-07-09 00:27:48,265:INFO:Creating occupants based on data from data/dorn ...
2022-07-09 00:27:48,802:INFO:Creating zones ...
2022-07-09 00:27:48,814:INFO:Environment created!
2022-07-09 00:27:50,203:INFO:Cumulated reward: 0
2022-07-09 00:28:03,003:INFO:Creating occupants based on data from data/dorn ...
2022-07-09 00:28:03,804:INFO:Creating zones ...
2022-07-09 00:28:03,817:INFO:Environment created!
2022-07-09 00:28:05,021:INFO:Cumulated reward: 0
2022-07-09 00:28:17,186:INFO:Creating occupants based on data from data/dorn ...
2022-07-09 00:28:17,669:INFO:Creating zones ...
2022-07-09 00:28:17,680:INFO:Environment created!
2022-07-09 00:28:18,888:INFO:Cumulated reward: 0
2022-07-09 00:28:30,122:INFO:Creating occupants based on data from data/dorn ...
2022-07-09 00:28:30,580:INFO:Creating zones ...
2022-07-09 00:28:30,591:INFO:Environment created!
2022-07-09 00:28:31,639:INFO:Cumulated reward: 0
2022-07-09 00:28:42,331:INFO:Creating occupants based on data from data/dorn ...
2022-07-09 00:28:42,795:INFO:Creating zones ...
2022-07-09 00:28:42,806:INFO:Environment created!
2022-07-09 00:28:43,959:INFO:Cumulated reward: 0
2022-07-09 00:28:54,982:INFO:Creating occupants based on data from data/dorn ...
2022-07-09 00:28:55,444:INFO:Creating zones ...
2022-07-09 00:28:55,455:INFO:Environment created!
2022-07-09 00:28:56,689:INFO:Cumulated reward: 0
2022-07-09 00:29:07,529:INFO:Creating occupants based on data from data/dorn ...
2022-07-09 00:29:07,991:INFO:Creating zones ...
2022-07-09 00:29:08,001:INFO:Environment created!
2022-07-09 00:29:09,075:INFO:Cumulated reward: 0
2022-07-09 00:29:19,887:INFO:Creating occupants based on data from data/dorn ...
2022-07-09 00:29:20,344:INFO:Creating zones ...
2022-07-09 00:29:20,354:INFO:Environment created!
2022-07-09 00:29:21,519:INFO:Cumulated reward: 0
2022-07-09 00:29:32,536:INFO:Creating occupants based on data from data/dorn ...
2022-07-09 00:29:34,183:INFO:Creating zones ...
2022-07-09 00:29:34,194:INFO:Environment created!
2022-07-09 00:29:35,464:INFO:Cumulated reward: 0
2022-07-09 00:29:46,027:INFO:Creating occupants based on data from data/dorn ...
2022-07-09 00:29:46,500:INFO:Creating zones ...
2022-07-09 00:29:46,512:INFO:Environment created!
2022-07-09 00:29:47,568:INFO:Cumulated reward: 0
2022-07-09 00:29:58,899:INFO:Creating occupants based on data from data/dorn ...
2022-07-09 00:29:59,373:INFO:Creating zones ...
2022-07-09 00:29:59,384:INFO:Environment created!
2022-07-09 00:30:00,417:INFO:Cumulated reward: 0
2022-07-09 00:30:11,851:INFO:Creating occupants based on data from data/dorn ...
2022-07-09 00:30:12,325:INFO:Creating zones ...
2022-07-09 00:30:12,336:INFO:Environment created!
2022-07-09 00:30:13,290:INFO:Cumulated reward: 0
2022-07-09 00:30:24,003:INFO:Creating occupants based on data from data/dorn ...
2022-07-09 00:30:24,456:INFO:Creating zones ...
2022-07-09 00:30:24,467:INFO:Environment created!
2022-07-09 00:30:25,605:INFO:Cumulated reward: 0
2022-07-09 00:30:36,381:INFO:Creating occupants based on data from data/dorn ...
2022-07-09 00:30:36,835:INFO:Creating zones ...
2022-07-09 00:30:36,846:INFO:Environment created!
2022-07-09 00:30:37,812:INFO:Cumulated reward: 0
2022-07-09 00:30:48,692:INFO:Creating occupants based on data from data/dorn ...
2022-07-09 00:30:49,139:INFO:Creating zones ...
2022-07-09 00:30:49,150:INFO:Environment created!
2022-07-09 00:30:50,227:INFO:Cumulated reward: 0
2022-07-09 00:31:00,805:INFO:Creating occupants based on data from data/dorn ...
2022-07-09 00:31:01,270:INFO:Creating zones ...
2022-07-09 00:31:01,280:INFO:Environment created!
2022-07-09 00:31:02,447:INFO:Cumulated reward: 0
2022-07-09 00:31:13,577:INFO:Creating occupants based on data from data/dorn ...
2022-07-09 00:31:14,028:INFO:Creating zones ...
2022-07-09 00:31:14,039:INFO:Environment created!
2022-07-09 00:31:15,083:INFO:Cumulated reward: 0
2022-07-09 00:31:25,818:INFO:Creating occupants based on data from data/dorn ...
2022-07-09 00:31:26,270:INFO:Creating zones ...
2022-07-09 00:31:26,281:INFO:Environment created!
2022-07-09 00:31:27,494:INFO:Cumulated reward: 0
2022-07-09 00:31:38,639:INFO:Creating occupants based on data from data/dorn ...
2022-07-09 00:31:39,108:INFO:Creating zones ...
2022-07-09 00:31:39,119:INFO:Environment created!
2022-07-09 00:31:40,464:INFO:Cumulated reward: 0
2022-07-09 00:31:51,161:INFO:Creating occupants based on data from data/dorn ...
2022-07-09 00:31:51,615:INFO:Creating zones ...
2022-07-09 00:31:51,626:INFO:Environment created!
2022-07-09 00:31:52,757:INFO:Cumulated reward: 0
2022-07-09 00:32:03,411:INFO:Creating occupants based on data from data/dorn ...
2022-07-09 00:32:03,859:INFO:Creating zones ...
2022-07-09 00:32:03,869:INFO:Environment created!
2022-07-09 00:32:04,980:INFO:Cumulated reward: 0
2022-07-09 00:32:15,851:INFO:Creating occupants based on data from data/dorn ...
2022-07-09 00:32:16,299:INFO:Creating zones ...
2022-07-09 00:32:16,310:INFO:Environment created!
2022-07-09 00:32:17,387:INFO:Cumulated reward: 0
2022-07-09 00:32:28,189:INFO:Creating occupants based on data from data/dorn ...
2022-07-09 00:32:28,638:INFO:Creating zones ...
2022-07-09 00:32:28,648:INFO:Environment created!
2022-07-09 00:32:29,882:INFO:Cumulated reward: 0
2022-07-12 10:11:21,528:INFO:Creating occupants based on data from data/dorn ...
2022-07-12 10:11:22,006:INFO:Creating zones ...
2022-07-12 10:11:22,017:INFO:Environment created!
2022-07-12 10:11:23,033:INFO:Cumulated reward: 0
2022-07-12 10:11:34,057:INFO:Creating occupants based on data from data/dorn ...
2022-07-12 10:11:34,520:INFO:Creating zones ...
2022-07-12 10:11:34,530:INFO:Environment created!
2022-07-12 10:11:35,504:INFO:Cumulated reward: 0
2022-07-12 10:11:46,667:INFO:Creating occupants based on data from data/dorn ...
2022-07-12 10:11:47,137:INFO:Creating zones ...
2022-07-12 10:11:47,148:INFO:Environment created!
2022-07-12 10:11:48,272:INFO:Cumulated reward: 0
2022-07-12 10:11:59,656:INFO:Creating occupants based on data from data/dorn ...
2022-07-12 10:12:00,123:INFO:Creating zones ...
2022-07-12 10:12:00,134:INFO:Environment created!
2022-07-12 10:12:01,498:INFO:Cumulated reward: 0
2022-07-12 10:12:12,435:INFO:Creating occupants based on data from data/dorn ...
2022-07-12 10:12:12,902:INFO:Creating zones ...
2022-07-12 10:12:12,914:INFO:Environment created!
2022-07-12 10:12:14,114:INFO:Cumulated reward: 0
2022-07-12 10:12:24,981:INFO:Creating occupants based on data from data/dorn ...
2022-07-12 10:12:25,448:INFO:Creating zones ...
2022-07-12 10:12:25,459:INFO:Environment created!
2022-07-12 10:12:26,912:INFO:Cumulated reward: 0
2022-07-12 10:12:37,734:INFO:Creating occupants based on data from data/dorn ...
2022-07-12 10:12:38,201:INFO:Creating zones ...
2022-07-12 10:12:38,213:INFO:Environment created!
2022-07-12 10:12:39,320:INFO:Cumulated reward: 0
2022-07-12 10:12:50,750:INFO:Creating occupants based on data from data/dorn ...
2022-07-12 10:12:51,232:INFO:Creating zones ...
2022-07-12 10:12:51,244:INFO:Environment created!
2022-07-12 10:12:52,369:INFO:Cumulated reward: 0
2022-07-12 10:13:03,615:INFO:Creating occupants based on data from data/dorn ...
2022-07-12 10:13:04,135:INFO:Creating zones ...
2022-07-12 10:13:04,147:INFO:Environment created!
2022-07-12 10:13:04,925:INFO:Cumulated reward: 0
2022-07-12 10:13:16,450:INFO:Creating occupants based on data from data/dorn ...
2022-07-12 10:13:16,926:INFO:Creating zones ...
2022-07-12 10:13:16,938:INFO:Environment created!
2022-07-12 10:13:17,953:INFO:Cumulated reward: 0
2022-07-12 10:13:29,466:INFO:Creating occupants based on data from data/dorn ...
2022-07-12 10:13:29,949:INFO:Creating zones ...
2022-07-12 10:13:29,961:INFO:Environment created!
2022-07-12 10:13:31,075:INFO:Cumulated reward: 0
2022-07-12 10:13:42,196:INFO:Creating occupants based on data from data/dorn ...
2022-07-12 10:13:42,664:INFO:Creating zones ...
2022-07-12 10:13:42,675:INFO:Environment created!
2022-07-12 10:13:43,741:INFO:Cumulated reward: 0
2022-07-12 10:13:55,097:INFO:Creating occupants based on data from data/dorn ...
2022-07-12 10:13:55,586:INFO:Creating zones ...
2022-07-12 10:13:55,597:INFO:Environment created!
2022-07-12 10:13:56,847:INFO:Cumulated reward: 0
2022-07-12 10:14:08,041:INFO:Creating occupants based on data from data/dorn ...
2022-07-12 10:14:08,514:INFO:Creating zones ...
2022-07-12 10:14:08,525:INFO:Environment created!
2022-07-12 10:14:09,879:INFO:Cumulated reward: 0
2022-07-12 10:14:20,952:INFO:Creating occupants based on data from data/dorn ...
2022-07-12 10:14:21,427:INFO:Creating zones ...
2022-07-12 10:14:21,438:INFO:Environment created!
2022-07-12 10:14:22,271:INFO:Cumulated reward: 0
2022-07-12 10:14:33,313:INFO:Creating occupants based on data from data/dorn ...
2022-07-12 10:14:33,778:INFO:Creating zones ...
2022-07-12 10:14:33,789:INFO:Environment created!
2022-07-12 10:14:34,960:INFO:Cumulated reward: 0
2022-07-12 10:14:45,743:INFO:Creating occupants based on data from data/dorn ...
2022-07-12 10:14:46,221:INFO:Creating zones ...
2022-07-12 10:14:46,233:INFO:Environment created!
2022-07-12 10:14:47,272:INFO:Cumulated reward: 0
2022-07-12 10:14:58,540:INFO:Creating occupants based on data from data/dorn ...
2022-07-12 10:14:59,012:INFO:Creating zones ...
2022-07-12 10:14:59,023:INFO:Environment created!
2022-07-12 10:15:00,381:INFO:Cumulated reward: 0
2022-07-12 10:15:11,906:INFO:Creating occupants based on data from data/dorn ...
2022-07-12 10:15:12,370:INFO:Creating zones ...
2022-07-12 10:15:12,381:INFO:Environment created!
2022-07-12 10:15:13,517:INFO:Cumulated reward: 0
2022-07-12 10:15:25,051:INFO:Creating occupants based on data from data/dorn ...
2022-07-12 10:15:25,548:INFO:Creating zones ...
2022-07-12 10:15:25,562:INFO:Environment created!
2022-07-12 10:15:26,771:INFO:Cumulated reward: 0
2022-07-12 10:15:38,286:INFO:Creating occupants based on data from data/dorn ...
2022-07-12 10:15:38,748:INFO:Creating zones ...
2022-07-12 10:15:38,759:INFO:Environment created!
2022-07-12 10:15:39,829:INFO:Cumulated reward: 0
2022-07-12 10:15:50,867:INFO:Creating occupants based on data from data/dorn ...
2022-07-12 10:15:51,333:INFO:Creating zones ...
2022-07-12 10:15:51,344:INFO:Environment created!
2022-07-12 10:15:52,420:INFO:Cumulated reward: 0
2022-07-12 10:16:03,554:INFO:Creating occupants based on data from data/dorn ...
2022-07-12 10:16:04,024:INFO:Creating zones ...
2022-07-12 10:16:04,035:INFO:Environment created!
2022-07-12 10:16:05,049:INFO:Cumulated reward: 0
2022-07-12 10:16:16,417:INFO:Creating occupants based on data from data/dorn ...
2022-07-12 10:16:16,898:INFO:Creating zones ...
2022-07-12 10:16:16,910:INFO:Environment created!
2022-07-12 10:16:17,937:INFO:Cumulated reward: 0
2022-07-12 10:16:29,349:INFO:Creating occupants based on data from data/dorn ...
2022-07-12 10:16:29,835:INFO:Creating zones ...
2022-07-12 10:16:29,847:INFO:Environment created!
2022-07-12 10:16:31,026:INFO:Cumulated reward: 0
2022-07-12 10:16:42,778:INFO:Creating occupants based on data from data/dorn ...
2022-07-12 10:16:43,287:INFO:Creating zones ...
2022-07-12 10:16:43,300:INFO:Environment created!
2022-07-12 10:16:44,453:INFO:Cumulated reward: 0
2022-07-12 10:16:55,907:INFO:Creating occupants based on data from data/dorn ...
2022-07-12 10:16:56,418:INFO:Creating zones ...
2022-07-12 10:16:56,430:INFO:Environment created!
2022-07-12 10:16:57,557:INFO:Cumulated reward: 0
2022-07-12 10:17:09,383:INFO:Creating occupants based on data from data/dorn ...
2022-07-12 10:17:09,877:INFO:Creating zones ...
2022-07-12 10:17:09,889:INFO:Environment created!
2022-07-12 10:17:10,923:INFO:Cumulated reward: 0
2022-07-12 10:17:22,157:INFO:Creating occupants based on data from data/dorn ...
2022-07-12 10:17:22,627:INFO:Creating zones ...
2022-07-12 10:17:22,638:INFO:Environment created!
2022-07-12 10:17:23,473:INFO:Cumulated reward: 0
2022-07-12 10:17:34,668:INFO:Creating occupants based on data from data/dorn ...
2022-07-12 10:17:35,146:INFO:Creating zones ...
2022-07-12 10:17:35,158:INFO:Environment created!
2022-07-12 10:17:36,416:INFO:Cumulated reward: 0
