2022-04-11 13:36:49,405:INFO:Creating occupants based on data from data/dorn ...
2022-04-11 13:36:49,614:INFO:Creating zones ...
2022-04-11 13:36:49,628:INFO:Environment created!
2022-04-11 13:36:53,955:INFO:Cumulated reward: 0
2022-04-11 13:43:28,773:INFO:Creating occupants based on data from data/dorn ...
2022-04-11 13:43:29,023:INFO:Creating zones ...
2022-04-11 13:43:29,034:INFO:Environment created!
2022-04-11 13:43:35,366:INFO:Cumulated reward: 0
2022-04-11 13:44:57,994:INFO:Creating occupants based on data from data/dorn ...
2022-04-11 13:44:58,239:INFO:Creating zones ...
2022-04-11 13:44:58,250:INFO:Environment created!
2022-04-11 13:45:04,711:INFO:Cumulated reward: 0
2022-04-11 16:41:57,675:INFO:Creating occupants based on data from data/dorn ...
2022-04-11 16:41:58,019:INFO:Creating zones ...
2022-04-11 16:41:58,037:INFO:Environment created!
2022-04-11 16:42:06,746:INFO:Cumulated reward: 0
2022-05-11 17:26:28,904:INFO:Creating occupants based on data from data/dorn ...
2022-05-11 17:26:29,662:INFO:Creating zones ...
2022-05-11 17:26:29,677:INFO:Environment created!
2022-05-11 17:27:01,336:INFO:Creating occupants based on data from data/dorn ...
2022-05-11 17:27:02,180:INFO:Creating zones ...
2022-05-11 17:27:02,199:INFO:Environment created!
2022-05-11 17:27:58,964:INFO:Creating occupants based on data from data/dorn ...
2022-05-11 17:27:59,744:INFO:Creating zones ...
2022-05-11 17:27:59,758:INFO:Environment created!
2022-05-11 17:28:46,729:INFO:Creating occupants based on data from data/dorn ...
2022-05-11 17:28:47,415:INFO:Creating zones ...
2022-05-11 17:28:47,433:INFO:Environment created!
2022-05-11 17:31:07,627:INFO:Creating occupants based on data from data/dorn ...
2022-05-11 17:31:08,307:INFO:Creating zones ...
2022-05-11 17:31:08,321:INFO:Environment created!
2022-05-11 17:34:39,810:INFO:Creating occupants based on data from data/dorn ...
2022-05-11 17:34:40,412:INFO:Creating zones ...
2022-05-11 17:34:40,425:INFO:Environment created!
2022-05-11 17:34:52,464:INFO:Creating occupants based on data from data/dorn ...
2022-05-11 17:34:53,051:INFO:Creating zones ...
2022-05-11 17:34:53,063:INFO:Environment created!
2022-05-11 17:35:05,951:INFO:Creating occupants based on data from data/dorn ...
2022-05-11 17:35:06,494:INFO:Creating zones ...
2022-05-11 17:35:06,505:INFO:Environment created!
2022-05-11 17:44:39,438:INFO:Creating occupants based on data from data/dorn ...
2022-05-11 17:44:40,093:INFO:Creating zones ...
2022-05-11 17:44:40,106:INFO:Environment created!
2022-05-11 17:44:41,158:INFO:Cumulated reward: 0
2022-06-07 13:16:39,815:INFO:Creating occupants based on data from data/dorn ...
2022-06-07 13:16:40,396:INFO:Creating zones ...
2022-06-07 13:16:40,407:INFO:Environment created!
2022-06-07 13:16:41,337:INFO:Cumulated reward: 0
2022-06-07 13:45:13,579:INFO:Creating occupants based on data from data/dorn ...
2022-06-07 13:45:14,188:INFO:Creating zones ...
2022-06-07 13:45:14,201:INFO:Environment created!
2022-06-07 13:47:35,679:INFO:Creating occupants based on data from data/dorn ...
2022-06-07 13:47:36,193:INFO:Creating zones ...
2022-06-07 13:47:36,203:INFO:Environment created!
2022-06-07 13:49:10,527:INFO:Creating occupants based on data from data/dorn ...
2022-06-07 13:49:11,104:INFO:Creating zones ...
2022-06-07 13:49:11,117:INFO:Environment created!
2022-06-07 13:49:28,445:INFO:Creating occupants based on data from data/dorn ...
2022-06-07 13:49:28,953:INFO:Creating zones ...
2022-06-07 13:49:28,965:INFO:Environment created!
2022-06-07 15:20:32,761:INFO:Creating occupants based on data from data/dorn ...
2022-06-07 15:20:33,412:INFO:Creating zones ...
2022-06-07 15:20:33,425:INFO:Environment created!
2022-06-07 15:39:23,282:INFO:Creating occupants based on data from data/dorn ...
2022-06-07 15:39:23,870:INFO:Creating zones ...
2022-06-07 15:39:23,882:INFO:Environment created!
2022-06-07 15:39:58,500:INFO:Creating occupants based on data from data/dorn ...
2022-06-07 15:39:58,995:INFO:Creating zones ...
2022-06-07 15:39:59,006:INFO:Environment created!
2022-06-07 15:39:59,930:INFO:Cumulated reward: 0
2022-06-07 16:03:17,229:INFO:Creating occupants based on data from data/dorn ...
2022-06-07 16:03:17,785:INFO:Creating zones ...
2022-06-07 16:03:17,799:INFO:Environment created!
2022-06-07 16:04:07,381:INFO:Creating occupants based on data from data/dorn ...
2022-06-07 16:04:07,997:INFO:Creating zones ...
2022-06-07 16:04:08,010:INFO:Environment created!
2022-06-07 16:04:17,080:INFO:Creating occupants based on data from data/dorn ...
2022-06-07 16:04:17,611:INFO:Creating zones ...
2022-06-07 16:04:17,625:INFO:Environment created!
2022-06-07 16:13:45,601:INFO:Creating occupants based on data from data/dorn ...
2022-06-07 16:13:46,183:INFO:Creating zones ...
2022-06-07 16:13:46,198:INFO:Environment created!
2022-06-07 16:13:47,154:INFO:Cumulated reward: 0
2022-06-07 19:27:09,254:INFO:Creating occupants based on data from data/dorn ...
2022-06-07 19:27:09,859:INFO:Creating zones ...
2022-06-07 19:27:09,873:INFO:Environment created!
2022-06-07 19:27:10,686:INFO:Cumulated reward: 0
2022-06-08 11:21:47,399:INFO:Creating occupants based on data from data/dorn ...
2022-06-08 11:21:47,964:INFO:Creating zones ...
2022-06-08 11:21:47,975:INFO:Environment created!
2022-06-08 11:21:49,006:INFO:Cumulated reward: 0
2022-06-08 13:18:52,027:INFO:Creating occupants based on data from data/dorn ...
2022-06-08 13:18:52,579:INFO:Creating zones ...
2022-06-08 13:18:52,592:INFO:Environment created!
2022-06-08 13:19:09,384:INFO:Creating occupants based on data from data/dorn ...
2022-06-08 13:19:09,925:INFO:Creating zones ...
2022-06-08 13:19:09,936:INFO:Environment created!
2022-06-08 13:20:13,480:INFO:Creating occupants based on data from data/dorn ...
2022-06-08 13:20:14,019:INFO:Creating zones ...
2022-06-08 13:20:14,032:INFO:Environment created!
2022-06-08 13:21:00,837:INFO:Creating occupants based on data from data/dorn ...
2022-06-08 13:21:01,339:INFO:Creating zones ...
2022-06-08 13:21:01,351:INFO:Environment created!
2022-06-08 13:21:51,524:INFO:Creating occupants based on data from data/dorn ...
2022-06-08 13:21:52,101:INFO:Creating zones ...
2022-06-08 13:21:52,112:INFO:Environment created!
2022-06-08 13:21:53,509:INFO:Cumulated reward: 0
2022-06-08 13:24:05,262:INFO:Creating occupants based on data from data/dorn ...
2022-06-08 13:24:05,813:INFO:Creating zones ...
2022-06-08 13:24:05,823:INFO:Environment created!
2022-06-08 13:24:06,899:INFO:Cumulated reward: 0
2022-06-08 13:24:18,557:INFO:Creating occupants based on data from data/dorn ...
2022-06-08 13:24:19,084:INFO:Creating zones ...
2022-06-08 13:24:19,095:INFO:Environment created!
2022-06-08 13:24:20,081:INFO:Cumulated reward: 0
2022-06-08 13:25:11,020:INFO:Creating occupants based on data from data/dorn ...
2022-06-08 13:25:11,584:INFO:Creating zones ...
2022-06-08 13:25:11,596:INFO:Environment created!
2022-06-08 13:25:12,459:INFO:Cumulated reward: 0
2022-06-09 10:12:53,821:INFO:Creating occupants based on data from data/dorn ...
2022-06-09 10:12:54,345:INFO:Creating zones ...
2022-06-09 10:12:54,358:INFO:Environment created!
2022-06-09 10:12:55,315:INFO:Cumulated reward: 0
2022-06-09 10:13:06,104:INFO:Creating occupants based on data from data/dorn ...
2022-06-09 10:13:06,617:INFO:Creating zones ...
2022-06-09 10:13:06,628:INFO:Environment created!
2022-06-09 10:13:07,490:INFO:Cumulated reward: 0
2022-06-10 08:47:22,638:INFO:Creating occupants based on data from data/dorn ...
2022-06-10 08:47:23,169:INFO:Creating zones ...
2022-06-10 08:47:23,190:INFO:Environment created!
2022-06-10 08:47:24,194:INFO:Cumulated reward: 0
2022-06-10 08:50:12,355:INFO:Creating occupants based on data from data/dorn ...
2022-06-10 08:50:12,871:INFO:Creating zones ...
2022-06-10 08:50:12,883:INFO:Environment created!
2022-06-10 08:50:13,579:INFO:Cumulated reward: 0
2022-06-29 11:16:19,019:INFO:Creating occupants based on data from data/dorn ...
2022-06-29 11:16:19,603:INFO:Creating zones ...
2022-06-29 11:16:19,615:INFO:Environment created!
2022-06-29 11:17:05,560:INFO:Creating occupants based on data from data/dorn ...
2022-06-29 11:17:06,067:INFO:Creating zones ...
2022-06-29 11:17:06,079:INFO:Environment created!
2022-06-29 11:31:08,687:INFO:Creating occupants based on data from data/dorn ...
2022-06-29 11:31:09,246:INFO:Creating zones ...
2022-06-29 11:31:09,260:INFO:Environment created!
2022-06-29 12:07:27,736:INFO:Creating occupants based on data from data/dorn ...
2022-06-29 12:07:28,267:INFO:Creating zones ...
2022-06-29 12:07:28,281:INFO:Environment created!
2022-06-29 12:10:49,017:INFO:Creating occupants based on data from data/dorn ...
2022-06-29 12:10:49,538:INFO:Creating zones ...
2022-06-29 12:10:49,554:INFO:Environment created!
2022-06-29 12:10:59,923:INFO:Creating occupants based on data from data/dorn ...
2022-06-29 12:11:00,367:INFO:Creating zones ...
2022-06-29 12:11:00,377:INFO:Environment created!
2022-06-29 12:11:10,690:INFO:Creating occupants based on data from data/dorn ...
2022-06-29 12:11:11,137:INFO:Creating zones ...
2022-06-29 12:11:11,148:INFO:Environment created!
2022-06-29 12:32:06,199:INFO:Creating occupants based on data from data/dorn ...
2022-06-29 12:32:06,731:INFO:Creating zones ...
2022-06-29 12:32:06,744:INFO:Environment created!
2022-06-29 12:44:26,413:INFO:Creating occupants based on data from data/dorn ...
2022-06-29 12:44:26,933:INFO:Creating zones ...
2022-06-29 12:44:26,945:INFO:Environment created!
2022-06-29 12:44:37,991:INFO:Creating occupants based on data from data/dorn ...
2022-06-29 12:44:38,432:INFO:Creating zones ...
2022-06-29 12:44:38,442:INFO:Environment created!
2022-06-29 13:20:59,901:INFO:Creating occupants based on data from data/dorn ...
2022-06-29 13:21:00,412:INFO:Creating zones ...
2022-06-29 13:21:00,424:INFO:Environment created!
2022-06-29 13:21:10,655:INFO:Creating occupants based on data from data/dorn ...
2022-06-29 13:21:11,072:INFO:Creating zones ...
2022-06-29 13:21:11,082:INFO:Environment created!
2022-06-29 13:22:07,014:INFO:Creating occupants based on data from data/dorn ...
2022-06-29 13:22:07,492:INFO:Creating zones ...
2022-06-29 13:22:07,504:INFO:Environment created!
2022-06-29 13:22:18,038:INFO:Creating occupants based on data from data/dorn ...
2022-06-29 13:22:18,460:INFO:Creating zones ...
2022-06-29 13:22:18,468:INFO:Environment created!
2022-06-29 13:22:38,234:INFO:Creating occupants based on data from data/dorn ...
2022-06-29 13:22:38,657:INFO:Creating zones ...
2022-06-29 13:22:38,668:INFO:Environment created!
2022-06-29 13:23:37,078:INFO:Creating occupants based on data from data/dorn ...
2022-06-29 13:23:37,503:INFO:Creating zones ...
2022-06-29 13:23:37,512:INFO:Environment created!
2022-06-29 13:23:47,874:INFO:Creating occupants based on data from data/dorn ...
2022-06-29 13:23:48,291:INFO:Creating zones ...
2022-06-29 13:23:48,300:INFO:Environment created!
2022-06-29 13:52:38,140:INFO:Creating occupants based on data from data/dorn ...
2022-06-29 13:52:38,693:INFO:Creating zones ...
2022-06-29 13:52:38,704:INFO:Environment created!
2022-06-29 13:54:54,521:INFO:Creating occupants based on data from data/dorn ...
2022-06-29 13:54:55,242:INFO:Creating zones ...
2022-06-29 13:54:55,257:INFO:Environment created!
2022-06-29 13:55:09,169:INFO:Creating occupants based on data from data/dorn ...
2022-06-29 13:55:09,671:INFO:Creating zones ...
2022-06-29 13:55:09,683:INFO:Environment created!
2022-06-29 13:55:22,491:INFO:Creating occupants based on data from data/dorn ...
2022-06-29 13:55:23,004:INFO:Creating zones ...
2022-06-29 13:55:23,014:INFO:Environment created!
2022-06-29 13:55:35,161:INFO:Creating occupants based on data from data/dorn ...
2022-06-29 13:55:35,626:INFO:Creating zones ...
2022-06-29 13:55:35,637:INFO:Environment created!
2022-06-29 13:55:46,950:INFO:Creating occupants based on data from data/dorn ...
2022-06-29 13:55:47,415:INFO:Creating zones ...
2022-06-29 13:55:47,424:INFO:Environment created!
2022-06-29 13:55:59,033:INFO:Creating occupants based on data from data/dorn ...
2022-06-29 13:55:59,590:INFO:Creating zones ...
2022-06-29 13:55:59,603:INFO:Environment created!
2022-06-29 13:56:12,249:INFO:Creating occupants based on data from data/dorn ...
2022-06-29 13:56:12,790:INFO:Creating zones ...
2022-06-29 13:56:12,806:INFO:Environment created!
2022-06-29 13:56:26,479:INFO:Creating occupants based on data from data/dorn ...
2022-06-29 13:56:27,060:INFO:Creating zones ...
2022-06-29 13:56:27,074:INFO:Environment created!
2022-06-29 13:56:42,345:INFO:Creating occupants based on data from data/dorn ...
2022-06-29 13:56:43,040:INFO:Creating zones ...
2022-06-29 13:56:43,055:INFO:Environment created!
2022-06-29 13:57:00,127:INFO:Creating occupants based on data from data/dorn ...
2022-06-29 13:57:00,764:INFO:Creating zones ...
2022-06-29 13:57:00,777:INFO:Environment created!
2022-06-29 13:57:14,756:INFO:Creating occupants based on data from data/dorn ...
2022-06-29 13:57:15,281:INFO:Creating zones ...
2022-06-29 13:57:15,293:INFO:Environment created!
2022-06-29 13:57:28,294:INFO:Creating occupants based on data from data/dorn ...
2022-06-29 13:57:28,844:INFO:Creating zones ...
2022-06-29 13:57:28,859:INFO:Environment created!
2022-06-29 13:57:43,358:INFO:Creating occupants based on data from data/dorn ...
2022-06-29 13:57:43,984:INFO:Creating zones ...
2022-06-29 13:57:43,998:INFO:Environment created!
2022-06-29 13:57:59,103:INFO:Creating occupants based on data from data/dorn ...
2022-06-29 13:57:59,690:INFO:Creating zones ...
2022-06-29 13:57:59,705:INFO:Environment created!
2022-06-29 13:58:12,020:INFO:Creating occupants based on data from data/dorn ...
2022-06-29 13:58:12,494:INFO:Creating zones ...
2022-06-29 13:58:12,506:INFO:Environment created!
2022-06-29 13:58:23,703:INFO:Creating occupants based on data from data/dorn ...
2022-06-29 13:58:24,145:INFO:Creating zones ...
2022-06-29 13:58:24,155:INFO:Environment created!
2022-06-29 13:58:34,727:INFO:Creating occupants based on data from data/dorn ...
2022-06-29 13:58:35,160:INFO:Creating zones ...
2022-06-29 13:58:35,172:INFO:Environment created!
2022-06-29 13:58:46,148:INFO:Creating occupants based on data from data/dorn ...
2022-06-29 13:58:46,584:INFO:Creating zones ...
2022-06-29 13:58:46,593:INFO:Environment created!
2022-06-29 13:58:57,262:INFO:Creating occupants based on data from data/dorn ...
2022-06-29 13:58:57,702:INFO:Creating zones ...
2022-06-29 13:58:57,713:INFO:Environment created!
2022-06-29 13:59:08,365:INFO:Creating occupants based on data from data/dorn ...
2022-06-29 13:59:08,815:INFO:Creating zones ...
2022-06-29 13:59:08,826:INFO:Environment created!
2022-06-29 13:59:20,041:INFO:Creating occupants based on data from data/dorn ...
2022-06-29 13:59:20,517:INFO:Creating zones ...
2022-06-29 13:59:20,529:INFO:Environment created!
2022-06-29 13:59:32,361:INFO:Creating occupants based on data from data/dorn ...
2022-06-29 13:59:32,861:INFO:Creating zones ...
2022-06-29 13:59:32,872:INFO:Environment created!
2022-06-29 13:59:46,842:INFO:Creating occupants based on data from data/dorn ...
2022-06-29 13:59:47,448:INFO:Creating zones ...
2022-06-29 13:59:47,461:INFO:Environment created!
2022-06-29 14:00:02,319:INFO:Creating occupants based on data from data/dorn ...
2022-06-29 14:00:02,944:INFO:Creating zones ...
2022-06-29 14:00:02,957:INFO:Environment created!
2022-06-29 14:00:17,603:INFO:Creating occupants based on data from data/dorn ...
2022-06-29 14:00:18,162:INFO:Creating zones ...
2022-06-29 14:00:18,175:INFO:Environment created!
2022-06-29 14:00:30,741:INFO:Creating occupants based on data from data/dorn ...
2022-06-29 14:00:31,249:INFO:Creating zones ...
2022-06-29 14:00:31,259:INFO:Environment created!
2022-06-29 14:00:43,400:INFO:Creating occupants based on data from data/dorn ...
2022-06-29 14:00:43,899:INFO:Creating zones ...
2022-06-29 14:00:43,911:INFO:Environment created!
2022-06-29 14:00:55,878:INFO:Creating occupants based on data from data/dorn ...
2022-06-29 14:00:56,361:INFO:Creating zones ...
2022-06-29 14:00:56,374:INFO:Environment created!
2022-06-29 14:01:08,240:INFO:Creating occupants based on data from data/dorn ...
2022-06-29 14:01:08,736:INFO:Creating zones ...
2022-06-29 14:01:08,747:INFO:Environment created!
2022-06-29 14:01:21,311:INFO:Creating occupants based on data from data/dorn ...
2022-06-29 14:01:21,821:INFO:Creating zones ...
2022-06-29 14:01:21,832:INFO:Environment created!
2022-07-04 17:39:59,294:INFO:Creating occupants based on data from data/dorn ...
2022-07-04 17:40:00,066:INFO:Creating zones ...
2022-07-04 17:40:00,077:INFO:Environment created!
2022-07-04 17:51:24,457:INFO:Creating occupants based on data from data/dorn ...
2022-07-04 17:51:25,054:INFO:Creating zones ...
2022-07-04 17:51:25,063:INFO:Environment created!
2022-07-04 17:52:16,825:INFO:Creating occupants based on data from data/dorn ...
2022-07-04 17:52:17,298:INFO:Creating zones ...
2022-07-04 17:52:17,305:INFO:Environment created!
2022-07-04 17:54:43,804:INFO:Creating occupants based on data from data/dorn ...
2022-07-04 17:54:44,323:INFO:Creating zones ...
2022-07-04 17:54:44,330:INFO:Environment created!
2022-07-04 17:55:23,500:INFO:Creating occupants based on data from data/dorn ...
2022-07-04 17:55:24,001:INFO:Creating zones ...
2022-07-04 17:55:24,008:INFO:Environment created!
2022-07-04 17:55:35,683:INFO:Creating occupants based on data from data/dorn ...
2022-07-04 17:55:36,197:INFO:Creating zones ...
2022-07-04 17:55:36,204:INFO:Environment created!
2022-07-04 17:55:48,278:INFO:Creating occupants based on data from data/dorn ...
2022-07-04 17:55:48,818:INFO:Creating zones ...
2022-07-04 17:55:48,826:INFO:Environment created!
2022-07-04 17:56:03,096:INFO:Creating occupants based on data from data/dorn ...
2022-07-04 17:56:03,680:INFO:Creating zones ...
2022-07-04 17:56:03,690:INFO:Environment created!
2022-07-04 17:56:18,395:INFO:Creating occupants based on data from data/dorn ...
2022-07-04 17:56:19,009:INFO:Creating zones ...
2022-07-04 17:56:19,017:INFO:Environment created!
2022-07-04 17:56:33,445:INFO:Creating occupants based on data from data/dorn ...
2022-07-04 17:56:34,060:INFO:Creating zones ...
2022-07-04 17:56:34,070:INFO:Environment created!
2022-07-04 17:56:49,488:INFO:Creating occupants based on data from data/dorn ...
2022-07-04 17:56:50,154:INFO:Creating zones ...
2022-07-04 17:56:50,164:INFO:Environment created!
2022-07-04 17:57:06,214:INFO:Creating occupants based on data from data/dorn ...
2022-07-04 17:57:06,950:INFO:Creating zones ...
2022-07-04 17:57:06,961:INFO:Environment created!
2022-07-04 17:57:24,642:INFO:Creating occupants based on data from data/dorn ...
2022-07-04 17:57:25,417:INFO:Creating zones ...
2022-07-04 17:57:25,429:INFO:Environment created!
2022-07-04 17:57:42,676:INFO:Creating occupants based on data from data/dorn ...
2022-07-04 17:57:43,441:INFO:Creating zones ...
2022-07-04 17:57:43,452:INFO:Environment created!
2022-07-04 17:58:02,273:INFO:Creating occupants based on data from data/dorn ...
2022-07-04 17:58:03,082:INFO:Creating zones ...
2022-07-04 17:58:03,095:INFO:Environment created!
2022-07-04 17:58:21,879:INFO:Creating occupants based on data from data/dorn ...
2022-07-04 17:58:22,681:INFO:Creating zones ...
2022-07-04 17:58:22,693:INFO:Environment created!
2022-07-04 17:58:40,591:INFO:Creating occupants based on data from data/dorn ...
2022-07-04 17:58:41,252:INFO:Creating zones ...
2022-07-04 17:58:41,262:INFO:Environment created!
2022-07-04 17:58:55,727:INFO:Creating occupants based on data from data/dorn ...
2022-07-04 17:58:56,311:INFO:Creating zones ...
2022-07-04 17:58:56,320:INFO:Environment created!
2022-07-04 17:59:09,766:INFO:Creating occupants based on data from data/dorn ...
2022-07-04 17:59:10,347:INFO:Creating zones ...
2022-07-04 17:59:10,356:INFO:Environment created!
2022-07-04 17:59:23,470:INFO:Creating occupants based on data from data/dorn ...
2022-07-04 17:59:24,046:INFO:Creating zones ...
2022-07-04 17:59:24,055:INFO:Environment created!
2022-07-04 17:59:37,153:INFO:Creating occupants based on data from data/dorn ...
2022-07-04 17:59:37,711:INFO:Creating zones ...
2022-07-04 17:59:37,719:INFO:Environment created!
2022-07-04 17:59:50,985:INFO:Creating occupants based on data from data/dorn ...
2022-07-04 17:59:51,543:INFO:Creating zones ...
2022-07-04 17:59:51,551:INFO:Environment created!
2022-07-04 18:00:05,079:INFO:Creating occupants based on data from data/dorn ...
2022-07-04 18:00:05,653:INFO:Creating zones ...
2022-07-04 18:00:05,662:INFO:Environment created!
2022-07-04 18:00:19,025:INFO:Creating occupants based on data from data/dorn ...
2022-07-04 18:00:19,585:INFO:Creating zones ...
2022-07-04 18:00:19,594:INFO:Environment created!
2022-07-04 18:00:32,517:INFO:Creating occupants based on data from data/dorn ...
2022-07-04 18:00:33,087:INFO:Creating zones ...
2022-07-04 18:00:33,095:INFO:Environment created!
2022-07-04 18:00:46,389:INFO:Creating occupants based on data from data/dorn ...
2022-07-04 18:00:46,961:INFO:Creating zones ...
2022-07-04 18:00:46,969:INFO:Environment created!
2022-07-04 18:00:59,943:INFO:Creating occupants based on data from data/dorn ...
2022-07-04 18:01:00,502:INFO:Creating zones ...
2022-07-04 18:01:00,510:INFO:Environment created!
2022-07-04 18:01:13,594:INFO:Creating occupants based on data from data/dorn ...
2022-07-04 18:01:14,136:INFO:Creating zones ...
2022-07-04 18:01:14,144:INFO:Environment created!
2022-07-04 18:01:26,590:INFO:Creating occupants based on data from data/dorn ...
2022-07-04 18:01:27,147:INFO:Creating zones ...
2022-07-04 18:01:27,155:INFO:Environment created!
2022-07-04 18:01:39,717:INFO:Creating occupants based on data from data/dorn ...
2022-07-04 18:01:40,292:INFO:Creating zones ...
2022-07-04 18:01:40,300:INFO:Environment created!
2022-07-04 18:01:53,873:INFO:Creating occupants based on data from data/dorn ...
2022-07-04 18:01:54,427:INFO:Creating zones ...
2022-07-04 18:01:54,435:INFO:Environment created!
2022-07-04 18:02:07,722:INFO:Creating occupants based on data from data/dorn ...
2022-07-04 18:02:08,300:INFO:Creating zones ...
2022-07-04 18:02:08,308:INFO:Environment created!
2022-07-04 18:02:21,498:INFO:Creating occupants based on data from data/dorn ...
2022-07-04 18:02:22,057:INFO:Creating zones ...
2022-07-04 18:02:22,066:INFO:Environment created!
2022-07-04 18:02:35,392:INFO:Creating occupants based on data from data/dorn ...
2022-07-04 18:02:35,944:INFO:Creating zones ...
2022-07-04 18:02:35,953:INFO:Environment created!
2022-07-04 19:00:57,796:INFO:Creating occupants based on data from data/dorn ...
2022-07-04 19:00:58,269:INFO:Creating zones ...
2022-07-04 19:00:58,276:INFO:Environment created!
2022-07-04 19:01:08,687:INFO:Creating occupants based on data from data/dorn ...
2022-07-04 19:01:09,152:INFO:Creating zones ...
2022-07-04 19:01:09,159:INFO:Environment created!
2022-07-04 19:01:20,900:INFO:Creating occupants based on data from data/dorn ...
2022-07-04 19:01:21,372:INFO:Creating zones ...
2022-07-04 19:01:21,378:INFO:Environment created!
2022-07-04 19:01:34,103:INFO:Creating occupants based on data from data/dorn ...
2022-07-04 19:01:34,679:INFO:Creating zones ...
2022-07-04 19:01:34,687:INFO:Environment created!
2022-07-04 19:01:48,232:INFO:Creating occupants based on data from data/dorn ...
2022-07-04 19:01:48,804:INFO:Creating zones ...
2022-07-04 19:01:48,813:INFO:Environment created!
2022-07-04 19:02:03,319:INFO:Creating occupants based on data from data/dorn ...
2022-07-04 19:02:03,996:INFO:Creating zones ...
2022-07-04 19:02:04,006:INFO:Environment created!
2022-07-04 19:02:20,155:INFO:Creating occupants based on data from data/dorn ...
2022-07-04 19:02:20,874:INFO:Creating zones ...
2022-07-04 19:02:20,883:INFO:Environment created!
2022-07-04 19:02:35,819:INFO:Creating occupants based on data from data/dorn ...
2022-07-04 19:02:36,379:INFO:Creating zones ...
2022-07-04 19:02:36,386:INFO:Environment created!
2022-07-04 19:02:48,636:INFO:Creating occupants based on data from data/dorn ...
2022-07-04 19:02:49,110:INFO:Creating zones ...
2022-07-04 19:02:49,117:INFO:Environment created!
2022-07-04 19:02:59,834:INFO:Creating occupants based on data from data/dorn ...
2022-07-04 19:03:00,282:INFO:Creating zones ...
2022-07-04 19:03:00,288:INFO:Environment created!
2022-07-04 19:03:10,786:INFO:Creating occupants based on data from data/dorn ...
2022-07-04 19:03:11,230:INFO:Creating zones ...
2022-07-04 19:03:11,237:INFO:Environment created!
2022-07-04 19:03:21,854:INFO:Creating occupants based on data from data/dorn ...
2022-07-04 19:03:22,300:INFO:Creating zones ...
2022-07-04 19:03:22,307:INFO:Environment created!
2022-07-04 19:03:33,247:INFO:Creating occupants based on data from data/dorn ...
2022-07-04 19:03:33,698:INFO:Creating zones ...
2022-07-04 19:03:33,705:INFO:Environment created!
2022-07-04 19:03:44,519:INFO:Creating occupants based on data from data/dorn ...
2022-07-04 19:03:44,964:INFO:Creating zones ...
2022-07-04 19:03:44,971:INFO:Environment created!
2022-07-04 19:03:56,381:INFO:Creating occupants based on data from data/dorn ...
2022-07-04 19:03:56,888:INFO:Creating zones ...
2022-07-04 19:03:56,895:INFO:Environment created!
2022-07-04 19:04:09,670:INFO:Creating occupants based on data from data/dorn ...
2022-07-04 19:04:10,306:INFO:Creating zones ...
2022-07-04 19:04:10,316:INFO:Environment created!
2022-07-04 19:04:24,684:INFO:Creating occupants based on data from data/dorn ...
2022-07-04 19:04:25,299:INFO:Creating zones ...
2022-07-04 19:04:25,308:INFO:Environment created!
2022-07-04 19:04:40,042:INFO:Creating occupants based on data from data/dorn ...
2022-07-04 19:04:40,671:INFO:Creating zones ...
2022-07-04 19:04:40,680:INFO:Environment created!
2022-07-04 19:04:55,849:INFO:Creating occupants based on data from data/dorn ...
2022-07-04 19:04:56,470:INFO:Creating zones ...
2022-07-04 19:04:56,479:INFO:Environment created!
2022-07-04 19:05:09,693:INFO:Creating occupants based on data from data/dorn ...
2022-07-04 19:05:10,224:INFO:Creating zones ...
2022-07-04 19:05:10,232:INFO:Environment created!
2022-07-04 19:05:22,527:INFO:Creating occupants based on data from data/dorn ...
2022-07-04 19:05:23,070:INFO:Creating zones ...
2022-07-04 19:05:23,077:INFO:Environment created!
2022-07-04 19:05:35,246:INFO:Creating occupants based on data from data/dorn ...
2022-07-04 19:05:35,765:INFO:Creating zones ...
2022-07-04 19:05:35,773:INFO:Environment created!
2022-07-04 19:05:46,275:INFO:Creating occupants based on data from data/dorn ...
2022-07-04 19:05:46,704:INFO:Creating zones ...
2022-07-04 19:05:46,711:INFO:Environment created!
2022-07-04 19:05:56,628:INFO:Creating occupants based on data from data/dorn ...
2022-07-04 19:05:57,072:INFO:Creating zones ...
2022-07-04 19:05:57,078:INFO:Environment created!
2022-07-04 19:06:06,968:INFO:Creating occupants based on data from data/dorn ...
2022-07-04 19:06:07,389:INFO:Creating zones ...
2022-07-04 19:06:07,396:INFO:Environment created!
2022-07-04 19:06:17,459:INFO:Creating occupants based on data from data/dorn ...
2022-07-04 19:06:17,916:INFO:Creating zones ...
2022-07-04 19:06:17,922:INFO:Environment created!
2022-07-04 19:06:27,940:INFO:Creating occupants based on data from data/dorn ...
2022-07-04 19:06:28,371:INFO:Creating zones ...
2022-07-04 19:06:28,376:INFO:Environment created!
2022-07-04 19:06:38,124:INFO:Creating occupants based on data from data/dorn ...
2022-07-04 19:06:38,537:INFO:Creating zones ...
2022-07-04 19:06:38,544:INFO:Environment created!
2022-07-04 19:06:48,338:INFO:Creating occupants based on data from data/dorn ...
2022-07-04 19:06:48,764:INFO:Creating zones ...
2022-07-04 19:06:48,771:INFO:Environment created!
2022-07-04 19:06:58,490:INFO:Creating occupants based on data from data/dorn ...
2022-07-04 19:06:58,933:INFO:Creating zones ...
2022-07-04 19:06:58,939:INFO:Environment created!
2022-07-05 13:52:38,495:INFO:Creating occupants based on data from data/dorn ...
2022-07-05 13:52:39,021:INFO:Creating zones ...
2022-07-05 13:52:39,029:INFO:Environment created!
2022-07-05 13:53:11,455:INFO:Creating occupants based on data from data/dorn ...
2022-07-05 13:53:11,862:INFO:Creating zones ...
2022-07-05 13:53:11,867:INFO:Environment created!
2022-07-05 13:54:13,962:INFO:Creating occupants based on data from data/dorn ...
2022-07-05 13:54:14,363:INFO:Creating zones ...
2022-07-05 13:54:14,370:INFO:Environment created!
2022-07-05 13:54:25,115:INFO:Creating occupants based on data from data/dorn ...
2022-07-05 13:54:25,548:INFO:Creating zones ...
2022-07-05 13:54:25,554:INFO:Environment created!
2022-07-05 13:54:35,720:INFO:Creating occupants based on data from data/dorn ...
2022-07-05 13:54:36,147:INFO:Creating zones ...
2022-07-05 13:54:36,154:INFO:Environment created!
2022-07-05 13:54:46,785:INFO:Creating occupants based on data from data/dorn ...
2022-07-05 13:54:47,225:INFO:Creating zones ...
2022-07-05 13:54:47,232:INFO:Environment created!
2022-07-05 13:54:57,690:INFO:Creating occupants based on data from data/dorn ...
2022-07-05 13:54:58,134:INFO:Creating zones ...
2022-07-05 13:54:58,145:INFO:Environment created!
2022-07-05 13:55:09,868:INFO:Creating occupants based on data from data/dorn ...
2022-07-05 13:55:10,313:INFO:Creating zones ...
2022-07-05 13:55:10,321:INFO:Environment created!
2022-07-05 13:55:21,466:INFO:Creating occupants based on data from data/dorn ...
2022-07-05 13:55:21,924:INFO:Creating zones ...
2022-07-05 13:55:21,931:INFO:Environment created!
2022-07-05 13:55:32,916:INFO:Creating occupants based on data from data/dorn ...
2022-07-05 13:55:33,378:INFO:Creating zones ...
2022-07-05 13:55:33,386:INFO:Environment created!
2022-07-05 13:55:44,488:INFO:Creating occupants based on data from data/dorn ...
2022-07-05 13:55:44,945:INFO:Creating zones ...
2022-07-05 13:55:44,952:INFO:Environment created!
2022-07-05 13:55:55,863:INFO:Creating occupants based on data from data/dorn ...
2022-07-05 13:55:56,312:INFO:Creating zones ...
2022-07-05 13:55:56,320:INFO:Environment created!
2022-07-05 13:56:07,493:INFO:Creating occupants based on data from data/dorn ...
2022-07-05 13:56:07,934:INFO:Creating zones ...
2022-07-05 13:56:07,941:INFO:Environment created!
2022-07-05 13:56:18,953:INFO:Creating occupants based on data from data/dorn ...
2022-07-05 13:56:19,408:INFO:Creating zones ...
2022-07-05 13:56:19,414:INFO:Environment created!
2022-07-05 13:56:30,271:INFO:Creating occupants based on data from data/dorn ...
2022-07-05 13:56:30,734:INFO:Creating zones ...
2022-07-05 13:56:30,741:INFO:Environment created!
2022-07-05 13:56:41,617:INFO:Creating occupants based on data from data/dorn ...
2022-07-05 13:56:42,079:INFO:Creating zones ...
2022-07-05 13:56:42,086:INFO:Environment created!
2022-07-05 13:56:53,074:INFO:Creating occupants based on data from data/dorn ...
2022-07-05 13:56:53,532:INFO:Creating zones ...
2022-07-05 13:56:53,540:INFO:Environment created!
2022-07-05 13:57:05,007:INFO:Creating occupants based on data from data/dorn ...
2022-07-05 13:57:05,460:INFO:Creating zones ...
2022-07-05 13:57:05,466:INFO:Environment created!
2022-07-05 13:57:16,299:INFO:Creating occupants based on data from data/dorn ...
2022-07-05 13:57:16,743:INFO:Creating zones ...
2022-07-05 13:57:16,750:INFO:Environment created!
2022-07-05 13:57:27,893:INFO:Creating occupants based on data from data/dorn ...
2022-07-05 13:57:28,349:INFO:Creating zones ...
2022-07-05 13:57:28,356:INFO:Environment created!
2022-07-05 13:57:39,249:INFO:Creating occupants based on data from data/dorn ...
2022-07-05 13:57:39,699:INFO:Creating zones ...
2022-07-05 13:57:39,706:INFO:Environment created!
2022-07-05 13:57:51,647:INFO:Creating occupants based on data from data/dorn ...
2022-07-05 13:57:52,158:INFO:Creating zones ...
2022-07-05 13:57:52,165:INFO:Environment created!
2022-07-05 13:58:04,036:INFO:Creating occupants based on data from data/dorn ...
2022-07-05 13:58:04,505:INFO:Creating zones ...
2022-07-05 13:58:04,512:INFO:Environment created!
2022-07-05 13:58:16,071:INFO:Creating occupants based on data from data/dorn ...
2022-07-05 13:58:16,521:INFO:Creating zones ...
2022-07-05 13:58:16,528:INFO:Environment created!
2022-07-05 13:58:27,610:INFO:Creating occupants based on data from data/dorn ...
2022-07-05 13:58:28,068:INFO:Creating zones ...
2022-07-05 13:58:28,075:INFO:Environment created!
2022-07-05 13:58:39,445:INFO:Creating occupants based on data from data/dorn ...
2022-07-05 13:58:39,910:INFO:Creating zones ...
2022-07-05 13:58:39,917:INFO:Environment created!
2022-07-05 13:58:51,281:INFO:Creating occupants based on data from data/dorn ...
2022-07-05 13:58:51,734:INFO:Creating zones ...
2022-07-05 13:58:51,741:INFO:Environment created!
2022-07-05 13:59:03,459:INFO:Creating occupants based on data from data/dorn ...
2022-07-05 13:59:03,929:INFO:Creating zones ...
2022-07-05 13:59:03,936:INFO:Environment created!
2022-07-05 13:59:15,876:INFO:Creating occupants based on data from data/dorn ...
2022-07-05 13:59:16,434:INFO:Creating zones ...
2022-07-05 13:59:16,443:INFO:Environment created!
2022-07-05 13:59:27,920:INFO:Creating occupants based on data from data/dorn ...
2022-07-05 13:59:28,374:INFO:Creating zones ...
2022-07-05 13:59:28,381:INFO:Environment created!
2022-07-05 13:59:39,886:INFO:Creating occupants based on data from data/dorn ...
2022-07-05 13:59:40,444:INFO:Creating zones ...
2022-07-05 13:59:40,451:INFO:Environment created!
2022-07-05 13:59:52,428:INFO:Creating occupants based on data from data/dorn ...
2022-07-05 13:59:52,913:INFO:Creating zones ...
2022-07-05 13:59:52,919:INFO:Environment created!
2022-07-05 14:20:09,817:INFO:Creating occupants based on data from data/dorn ...
2022-07-05 14:20:10,314:INFO:Creating zones ...
2022-07-05 14:20:10,323:INFO:Environment created!
2022-07-05 14:24:44,218:INFO:Creating occupants based on data from data/dorn ...
2022-07-05 14:24:44,699:INFO:Creating zones ...
2022-07-05 14:24:44,707:INFO:Environment created!
2022-07-05 14:24:56,503:INFO:Creating occupants based on data from data/dorn ...
2022-07-05 14:24:56,952:INFO:Creating zones ...
2022-07-05 14:24:56,959:INFO:Environment created!
2022-07-05 14:25:08,141:INFO:Creating occupants based on data from data/dorn ...
2022-07-05 14:25:08,588:INFO:Creating zones ...
2022-07-05 14:25:08,594:INFO:Environment created!
2022-07-05 14:25:19,469:INFO:Creating occupants based on data from data/dorn ...
2022-07-05 14:25:19,917:INFO:Creating zones ...
2022-07-05 14:25:19,924:INFO:Environment created!
2022-07-05 14:25:30,955:INFO:Creating occupants based on data from data/dorn ...
2022-07-05 14:25:31,403:INFO:Creating zones ...
2022-07-05 14:25:31,410:INFO:Environment created!
2022-07-05 14:25:42,401:INFO:Creating occupants based on data from data/dorn ...
2022-07-05 14:25:42,850:INFO:Creating zones ...
2022-07-05 14:25:42,857:INFO:Environment created!
2022-07-05 14:25:54,077:INFO:Creating occupants based on data from data/dorn ...
2022-07-05 14:25:54,532:INFO:Creating zones ...
2022-07-05 14:25:54,539:INFO:Environment created!
2022-07-05 14:26:05,725:INFO:Creating occupants based on data from data/dorn ...
2022-07-05 14:26:06,173:INFO:Creating zones ...
2022-07-05 14:26:06,179:INFO:Environment created!
2022-07-05 14:26:17,467:INFO:Creating occupants based on data from data/dorn ...
2022-07-05 14:26:17,943:INFO:Creating zones ...
2022-07-05 14:26:17,950:INFO:Environment created!
2022-07-05 14:26:29,075:INFO:Creating occupants based on data from data/dorn ...
2022-07-05 14:26:29,536:INFO:Creating zones ...
2022-07-05 14:26:29,543:INFO:Environment created!
2022-07-05 14:26:40,569:INFO:Creating occupants based on data from data/dorn ...
2022-07-05 14:26:41,026:INFO:Creating zones ...
2022-07-05 14:26:41,033:INFO:Environment created!
2022-07-05 14:26:52,090:INFO:Creating occupants based on data from data/dorn ...
2022-07-05 14:26:52,537:INFO:Creating zones ...
2022-07-05 14:26:52,545:INFO:Environment created!
2022-07-05 14:27:03,850:INFO:Creating occupants based on data from data/dorn ...
2022-07-05 14:27:04,306:INFO:Creating zones ...
2022-07-05 14:27:04,313:INFO:Environment created!
2022-07-05 14:27:15,892:INFO:Creating occupants based on data from data/dorn ...
2022-07-05 14:27:16,380:INFO:Creating zones ...
2022-07-05 14:27:16,387:INFO:Environment created!
2022-07-05 14:27:28,739:INFO:Creating occupants based on data from data/dorn ...
2022-07-05 14:27:29,209:INFO:Creating zones ...
2022-07-05 14:27:29,215:INFO:Environment created!
2022-07-05 14:27:41,476:INFO:Creating occupants based on data from data/dorn ...
2022-07-05 14:27:41,942:INFO:Creating zones ...
2022-07-05 14:27:41,949:INFO:Environment created!
2022-07-05 14:27:53,445:INFO:Creating occupants based on data from data/dorn ...
2022-07-05 14:27:53,909:INFO:Creating zones ...
2022-07-05 14:27:53,917:INFO:Environment created!
2022-07-05 14:28:05,046:INFO:Creating occupants based on data from data/dorn ...
2022-07-05 14:28:05,501:INFO:Creating zones ...
2022-07-05 14:28:05,508:INFO:Environment created!
2022-07-05 14:28:16,896:INFO:Creating occupants based on data from data/dorn ...
2022-07-05 14:28:17,348:INFO:Creating zones ...
2022-07-05 14:28:17,355:INFO:Environment created!
2022-07-05 14:28:28,361:INFO:Creating occupants based on data from data/dorn ...
2022-07-05 14:28:28,811:INFO:Creating zones ...
2022-07-05 14:28:28,817:INFO:Environment created!
2022-07-05 14:28:40,332:INFO:Creating occupants based on data from data/dorn ...
2022-07-05 14:28:40,791:INFO:Creating zones ...
2022-07-05 14:28:40,798:INFO:Environment created!
2022-07-05 14:28:51,973:INFO:Creating occupants based on data from data/dorn ...
2022-07-05 14:28:52,426:INFO:Creating zones ...
2022-07-05 14:28:52,433:INFO:Environment created!
2022-07-05 14:29:03,835:INFO:Creating occupants based on data from data/dorn ...
2022-07-05 14:29:04,286:INFO:Creating zones ...
2022-07-05 14:29:04,294:INFO:Environment created!
2022-07-05 14:29:15,425:INFO:Creating occupants based on data from data/dorn ...
2022-07-05 14:29:15,884:INFO:Creating zones ...
2022-07-05 14:29:15,891:INFO:Environment created!
2022-07-05 14:29:26,504:INFO:Creating occupants based on data from data/dorn ...
2022-07-05 14:29:26,953:INFO:Creating zones ...
2022-07-05 14:29:26,960:INFO:Environment created!
2022-07-05 14:29:38,187:INFO:Creating occupants based on data from data/dorn ...
2022-07-05 14:29:38,631:INFO:Creating zones ...
2022-07-05 14:29:38,638:INFO:Environment created!
2022-07-05 14:29:49,976:INFO:Creating occupants based on data from data/dorn ...
2022-07-05 14:29:50,442:INFO:Creating zones ...
2022-07-05 14:29:50,450:INFO:Environment created!
2022-07-05 14:30:01,497:INFO:Creating occupants based on data from data/dorn ...
2022-07-05 14:30:01,957:INFO:Creating zones ...
2022-07-05 14:30:01,964:INFO:Environment created!
2022-07-05 14:30:13,355:INFO:Creating occupants based on data from data/dorn ...
2022-07-05 14:30:13,835:INFO:Creating zones ...
2022-07-05 14:30:13,841:INFO:Environment created!
2022-07-05 14:30:25,026:INFO:Creating occupants based on data from data/dorn ...
2022-07-05 14:30:25,486:INFO:Creating zones ...
2022-07-05 14:30:25,493:INFO:Environment created!
2022-07-05 14:34:03,386:INFO:Creating occupants based on data from data/dorn ...
2022-07-05 14:34:03,927:INFO:Creating zones ...
2022-07-05 14:34:03,936:INFO:Environment created!
2022-07-05 14:34:15,128:INFO:Creating occupants based on data from data/dorn ...
2022-07-05 14:34:15,580:INFO:Creating zones ...
2022-07-05 14:34:15,588:INFO:Environment created!
2022-07-05 14:34:26,642:INFO:Creating occupants based on data from data/dorn ...
2022-07-05 14:34:27,099:INFO:Creating zones ...
2022-07-05 14:34:27,106:INFO:Environment created!
2022-07-05 14:34:38,737:INFO:Creating occupants based on data from data/dorn ...
2022-07-05 14:34:39,189:INFO:Creating zones ...
2022-07-05 14:34:39,196:INFO:Environment created!
2022-07-05 14:34:50,167:INFO:Creating occupants based on data from data/dorn ...
2022-07-05 14:34:50,653:INFO:Creating zones ...
2022-07-05 14:34:50,660:INFO:Environment created!
2022-07-05 14:35:02,072:INFO:Creating occupants based on data from data/dorn ...
2022-07-05 14:35:02,520:INFO:Creating zones ...
2022-07-05 14:35:02,526:INFO:Environment created!
2022-07-05 14:35:13,435:INFO:Creating occupants based on data from data/dorn ...
2022-07-05 14:35:13,882:INFO:Creating zones ...
2022-07-05 14:35:13,890:INFO:Environment created!
2022-07-05 14:35:24,896:INFO:Creating occupants based on data from data/dorn ...
2022-07-05 14:35:25,350:INFO:Creating zones ...
2022-07-05 14:35:25,357:INFO:Environment created!
2022-07-05 14:35:36,304:INFO:Creating occupants based on data from data/dorn ...
2022-07-05 14:35:36,751:INFO:Creating zones ...
2022-07-05 14:35:36,759:INFO:Environment created!
2022-07-05 14:35:48,096:INFO:Creating occupants based on data from data/dorn ...
2022-07-05 14:35:48,568:INFO:Creating zones ...
2022-07-05 14:35:48,576:INFO:Environment created!
2022-07-05 14:35:59,823:INFO:Creating occupants based on data from data/dorn ...
2022-07-05 14:36:00,273:INFO:Creating zones ...
2022-07-05 14:36:00,280:INFO:Environment created!
2022-07-05 14:36:11,674:INFO:Creating occupants based on data from data/dorn ...
2022-07-05 14:36:12,144:INFO:Creating zones ...
2022-07-05 14:36:12,150:INFO:Environment created!
2022-07-05 14:36:23,643:INFO:Creating occupants based on data from data/dorn ...
2022-07-05 14:36:24,108:INFO:Creating zones ...
2022-07-05 14:36:24,115:INFO:Environment created!
2022-07-05 14:36:35,448:INFO:Creating occupants based on data from data/dorn ...
2022-07-05 14:36:35,903:INFO:Creating zones ...
2022-07-05 14:36:35,910:INFO:Environment created!
2022-07-05 14:36:46,915:INFO:Creating occupants based on data from data/dorn ...
2022-07-05 14:36:47,389:INFO:Creating zones ...
2022-07-05 14:36:47,397:INFO:Environment created!
2022-07-05 14:36:58,523:INFO:Creating occupants based on data from data/dorn ...
2022-07-05 14:36:59,014:INFO:Creating zones ...
2022-07-05 14:36:59,021:INFO:Environment created!
2022-07-05 14:37:11,017:INFO:Creating occupants based on data from data/dorn ...
2022-07-05 14:37:11,540:INFO:Creating zones ...
2022-07-05 14:37:11,547:INFO:Environment created!
2022-07-05 14:37:23,112:INFO:Creating occupants based on data from data/dorn ...
2022-07-05 14:37:23,586:INFO:Creating zones ...
2022-07-05 14:37:23,594:INFO:Environment created!
2022-07-05 14:37:34,959:INFO:Creating occupants based on data from data/dorn ...
2022-07-05 14:37:35,484:INFO:Creating zones ...
2022-07-05 14:37:35,493:INFO:Environment created!
2022-07-05 14:37:47,612:INFO:Creating occupants based on data from data/dorn ...
2022-07-05 14:37:48,119:INFO:Creating zones ...
2022-07-05 14:37:48,128:INFO:Environment created!
2022-07-05 14:37:59,777:INFO:Creating occupants based on data from data/dorn ...
2022-07-05 14:38:00,261:INFO:Creating zones ...
2022-07-05 14:38:00,268:INFO:Environment created!
2022-07-05 14:38:11,819:INFO:Creating occupants based on data from data/dorn ...
2022-07-05 14:38:12,271:INFO:Creating zones ...
2022-07-05 14:38:12,278:INFO:Environment created!
2022-07-05 14:38:23,749:INFO:Creating occupants based on data from data/dorn ...
2022-07-05 14:38:24,204:INFO:Creating zones ...
2022-07-05 14:38:24,211:INFO:Environment created!
2022-07-05 14:38:35,749:INFO:Creating occupants based on data from data/dorn ...
2022-07-05 14:38:36,246:INFO:Creating zones ...
2022-07-05 14:38:36,253:INFO:Environment created!
2022-07-05 14:38:47,659:INFO:Creating occupants based on data from data/dorn ...
2022-07-05 14:38:48,132:INFO:Creating zones ...
2022-07-05 14:38:48,139:INFO:Environment created!
2022-07-05 14:38:59,497:INFO:Creating occupants based on data from data/dorn ...
2022-07-05 14:38:59,957:INFO:Creating zones ...
2022-07-05 14:38:59,964:INFO:Environment created!
2022-07-05 14:39:11,324:INFO:Creating occupants based on data from data/dorn ...
2022-07-05 14:39:11,771:INFO:Creating zones ...
2022-07-05 14:39:11,778:INFO:Environment created!
2022-07-05 14:39:22,680:INFO:Creating occupants based on data from data/dorn ...
2022-07-05 14:39:23,128:INFO:Creating zones ...
2022-07-05 14:39:23,135:INFO:Environment created!
2022-07-05 14:39:34,511:INFO:Creating occupants based on data from data/dorn ...
2022-07-05 14:39:34,982:INFO:Creating zones ...
2022-07-05 14:39:34,988:INFO:Environment created!
2022-07-05 14:39:46,174:INFO:Creating occupants based on data from data/dorn ...
2022-07-05 14:39:46,624:INFO:Creating zones ...
2022-07-05 14:39:46,631:INFO:Environment created!
2022-07-05 14:51:43,725:INFO:Creating occupants based on data from data/dorn ...
2022-07-05 14:51:44,210:INFO:Creating zones ...
2022-07-05 14:51:44,219:INFO:Environment created!
2022-07-05 14:51:55,102:INFO:Creating occupants based on data from data/dorn ...
2022-07-05 14:51:55,549:INFO:Creating zones ...
2022-07-05 14:51:55,556:INFO:Environment created!
2022-07-05 14:52:06,103:INFO:Creating occupants based on data from data/dorn ...
2022-07-05 14:52:06,560:INFO:Creating zones ...
2022-07-05 14:52:06,567:INFO:Environment created!
2022-07-05 14:52:17,594:INFO:Creating occupants based on data from data/dorn ...
2022-07-05 14:52:18,045:INFO:Creating zones ...
2022-07-05 14:52:18,052:INFO:Environment created!
2022-07-05 14:52:28,724:INFO:Creating occupants based on data from data/dorn ...
2022-07-05 14:52:29,157:INFO:Creating zones ...
2022-07-05 14:52:29,163:INFO:Environment created!
2022-07-05 14:52:39,966:INFO:Creating occupants based on data from data/dorn ...
2022-07-05 14:52:40,403:INFO:Creating zones ...
2022-07-05 14:52:40,409:INFO:Environment created!
2022-07-05 14:52:51,000:INFO:Creating occupants based on data from data/dorn ...
2022-07-05 14:52:51,430:INFO:Creating zones ...
2022-07-05 14:52:51,438:INFO:Environment created!
2022-07-05 14:53:02,583:INFO:Creating occupants based on data from data/dorn ...
2022-07-05 14:53:03,027:INFO:Creating zones ...
2022-07-05 14:53:03,034:INFO:Environment created!
2022-07-05 14:53:13,947:INFO:Creating occupants based on data from data/dorn ...
2022-07-05 14:53:14,393:INFO:Creating zones ...
2022-07-05 14:53:14,400:INFO:Environment created!
2022-07-05 14:53:25,135:INFO:Creating occupants based on data from data/dorn ...
2022-07-05 14:53:25,591:INFO:Creating zones ...
2022-07-05 14:53:25,598:INFO:Environment created!
2022-07-05 14:53:36,700:INFO:Creating occupants based on data from data/dorn ...
2022-07-05 14:53:37,142:INFO:Creating zones ...
2022-07-05 14:53:37,149:INFO:Environment created!
2022-07-05 14:53:47,767:INFO:Creating occupants based on data from data/dorn ...
2022-07-05 14:53:48,212:INFO:Creating zones ...
2022-07-05 14:53:48,219:INFO:Environment created!
2022-07-05 14:53:58,906:INFO:Creating occupants based on data from data/dorn ...
2022-07-05 14:53:59,346:INFO:Creating zones ...
2022-07-05 14:53:59,353:INFO:Environment created!
2022-07-05 14:54:10,240:INFO:Creating occupants based on data from data/dorn ...
2022-07-05 14:54:10,685:INFO:Creating zones ...
2022-07-05 14:54:10,692:INFO:Environment created!
2022-07-05 14:54:21,235:INFO:Creating occupants based on data from data/dorn ...
2022-07-05 14:54:21,668:INFO:Creating zones ...
2022-07-05 14:54:21,677:INFO:Environment created!
2022-07-05 14:54:32,096:INFO:Creating occupants based on data from data/dorn ...
2022-07-05 14:54:32,542:INFO:Creating zones ...
2022-07-05 14:54:32,549:INFO:Environment created!
2022-07-05 14:54:43,279:INFO:Creating occupants based on data from data/dorn ...
2022-07-05 14:54:43,716:INFO:Creating zones ...
2022-07-05 14:54:43,723:INFO:Environment created!
2022-07-05 14:54:54,639:INFO:Creating occupants based on data from data/dorn ...
2022-07-05 14:54:55,072:INFO:Creating zones ...
2022-07-05 14:54:55,079:INFO:Environment created!
2022-07-05 14:55:05,868:INFO:Creating occupants based on data from data/dorn ...
2022-07-05 14:55:06,316:INFO:Creating zones ...
2022-07-05 14:55:06,323:INFO:Environment created!
2022-07-05 14:55:17,192:INFO:Creating occupants based on data from data/dorn ...
2022-07-05 14:55:17,627:INFO:Creating zones ...
2022-07-05 14:55:17,634:INFO:Environment created!
2022-07-05 14:55:28,280:INFO:Creating occupants based on data from data/dorn ...
2022-07-05 14:55:28,712:INFO:Creating zones ...
2022-07-05 14:55:28,718:INFO:Environment created!
2022-07-05 14:55:39,642:INFO:Creating occupants based on data from data/dorn ...
2022-07-05 14:55:40,083:INFO:Creating zones ...
2022-07-05 14:55:40,091:INFO:Environment created!
2022-07-05 14:55:51,175:INFO:Creating occupants based on data from data/dorn ...
2022-07-05 14:55:51,639:INFO:Creating zones ...
2022-07-05 14:55:51,647:INFO:Environment created!
2022-07-05 14:56:02,854:INFO:Creating occupants based on data from data/dorn ...
2022-07-05 14:56:03,293:INFO:Creating zones ...
2022-07-05 14:56:03,299:INFO:Environment created!
2022-07-05 14:56:14,853:INFO:Creating occupants based on data from data/dorn ...
2022-07-05 14:56:15,321:INFO:Creating zones ...
2022-07-05 14:56:15,328:INFO:Environment created!
2022-07-05 14:56:26,744:INFO:Creating occupants based on data from data/dorn ...
2022-07-05 14:56:27,187:INFO:Creating zones ...
2022-07-05 14:56:27,194:INFO:Environment created!
2022-07-05 14:56:38,027:INFO:Creating occupants based on data from data/dorn ...
2022-07-05 14:56:38,459:INFO:Creating zones ...
2022-07-05 14:56:38,466:INFO:Environment created!
2022-07-05 14:56:49,309:INFO:Creating occupants based on data from data/dorn ...
2022-07-05 14:56:49,759:INFO:Creating zones ...
2022-07-05 14:56:49,766:INFO:Environment created!
2022-07-05 14:57:00,615:INFO:Creating occupants based on data from data/dorn ...
2022-07-05 14:57:01,061:INFO:Creating zones ...
2022-07-05 14:57:01,068:INFO:Environment created!
2022-07-05 14:57:12,049:INFO:Creating occupants based on data from data/dorn ...
2022-07-05 14:57:12,489:INFO:Creating zones ...
2022-07-05 14:57:12,496:INFO:Environment created!
2022-07-08 18:03:17,574:INFO:Creating occupants based on data from data/dorn ...
2022-07-08 18:03:18,081:INFO:Creating zones ...
2022-07-08 18:03:18,089:INFO:Environment created!
2022-07-08 18:03:29,487:INFO:Creating occupants based on data from data/dorn ...
2022-07-08 18:03:29,961:INFO:Creating zones ...
2022-07-08 18:03:29,970:INFO:Environment created!
2022-07-08 18:03:41,480:INFO:Creating occupants based on data from data/dorn ...
2022-07-08 18:03:41,923:INFO:Creating zones ...
2022-07-08 18:03:41,930:INFO:Environment created!
2022-07-08 18:03:53,092:INFO:Creating occupants based on data from data/dorn ...
2022-07-08 18:03:53,549:INFO:Creating zones ...
2022-07-08 18:03:53,555:INFO:Environment created!
2022-07-08 18:04:04,781:INFO:Creating occupants based on data from data/dorn ...
2022-07-08 18:04:05,258:INFO:Creating zones ...
2022-07-08 18:04:05,265:INFO:Environment created!
2022-07-08 18:04:15,583:INFO:Creating occupants based on data from data/dorn ...
2022-07-08 18:04:16,013:INFO:Creating zones ...
2022-07-08 18:04:16,020:INFO:Environment created!
2022-07-08 18:04:26,769:INFO:Creating occupants based on data from data/dorn ...
2022-07-08 18:04:27,211:INFO:Creating zones ...
2022-07-08 18:04:27,218:INFO:Environment created!
2022-07-08 18:04:37,594:INFO:Creating occupants based on data from data/dorn ...
2022-07-08 18:04:38,026:INFO:Creating zones ...
2022-07-08 18:04:38,033:INFO:Environment created!
2022-07-08 18:04:48,562:INFO:Creating occupants based on data from data/dorn ...
2022-07-08 18:04:48,999:INFO:Creating zones ...
2022-07-08 18:04:49,006:INFO:Environment created!
2022-07-08 18:04:59,936:INFO:Creating occupants based on data from data/dorn ...
2022-07-08 18:05:00,387:INFO:Creating zones ...
2022-07-08 18:05:00,395:INFO:Environment created!
2022-07-08 18:05:10,836:INFO:Creating occupants based on data from data/dorn ...
2022-07-08 18:05:11,264:INFO:Creating zones ...
2022-07-08 18:05:11,271:INFO:Environment created!
2022-07-08 18:05:22,181:INFO:Creating occupants based on data from data/dorn ...
2022-07-08 18:05:22,622:INFO:Creating zones ...
2022-07-08 18:05:22,629:INFO:Environment created!
2022-07-08 18:05:33,537:INFO:Creating occupants based on data from data/dorn ...
2022-07-08 18:05:33,984:INFO:Creating zones ...
2022-07-08 18:05:33,990:INFO:Environment created!
2022-07-08 18:05:44,998:INFO:Creating occupants based on data from data/dorn ...
2022-07-08 18:05:45,453:INFO:Creating zones ...
2022-07-08 18:05:45,460:INFO:Environment created!
2022-07-08 18:05:56,431:INFO:Creating occupants based on data from data/dorn ...
2022-07-08 18:05:56,918:INFO:Creating zones ...
2022-07-08 18:05:56,926:INFO:Environment created!
2022-07-08 18:06:08,772:INFO:Creating occupants based on data from data/dorn ...
2022-07-08 18:06:09,246:INFO:Creating zones ...
2022-07-08 18:06:09,253:INFO:Environment created!
2022-07-08 18:06:21,139:INFO:Creating occupants based on data from data/dorn ...
2022-07-08 18:06:21,622:INFO:Creating zones ...
2022-07-08 18:06:21,630:INFO:Environment created!
2022-07-08 18:06:33,689:INFO:Creating occupants based on data from data/dorn ...
2022-07-08 18:06:34,165:INFO:Creating zones ...
2022-07-08 18:06:34,173:INFO:Environment created!
2022-07-08 18:06:45,731:INFO:Creating occupants based on data from data/dorn ...
2022-07-08 18:06:46,195:INFO:Creating zones ...
2022-07-08 18:06:46,202:INFO:Environment created!
2022-07-08 18:06:57,058:INFO:Creating occupants based on data from data/dorn ...
2022-07-08 18:06:57,492:INFO:Creating zones ...
2022-07-08 18:06:57,498:INFO:Environment created!
2022-07-08 18:07:08,397:INFO:Creating occupants based on data from data/dorn ...
2022-07-08 18:07:08,833:INFO:Creating zones ...
2022-07-08 18:07:08,840:INFO:Environment created!
2022-07-08 18:07:19,682:INFO:Creating occupants based on data from data/dorn ...
2022-07-08 18:07:20,124:INFO:Creating zones ...
2022-07-08 18:07:20,131:INFO:Environment created!
2022-07-08 18:07:30,579:INFO:Creating occupants based on data from data/dorn ...
2022-07-08 18:07:31,010:INFO:Creating zones ...
2022-07-08 18:07:31,016:INFO:Environment created!
2022-07-08 18:07:41,868:INFO:Creating occupants based on data from data/dorn ...
2022-07-08 18:07:42,310:INFO:Creating zones ...
2022-07-08 18:07:42,317:INFO:Environment created!
2022-07-08 18:07:53,014:INFO:Creating occupants based on data from data/dorn ...
2022-07-08 18:07:53,464:INFO:Creating zones ...
2022-07-08 18:07:53,472:INFO:Environment created!
2022-07-08 18:08:04,793:INFO:Creating occupants based on data from data/dorn ...
2022-07-08 18:08:05,271:INFO:Creating zones ...
2022-07-08 18:08:05,280:INFO:Environment created!
2022-07-08 18:08:17,612:INFO:Creating occupants based on data from data/dorn ...
2022-07-08 18:08:18,126:INFO:Creating zones ...
2022-07-08 18:08:18,134:INFO:Environment created!
2022-07-08 18:08:30,042:INFO:Creating occupants based on data from data/dorn ...
2022-07-08 18:08:30,487:INFO:Creating zones ...
2022-07-08 18:08:30,493:INFO:Environment created!
2022-07-08 18:08:41,333:INFO:Creating occupants based on data from data/dorn ...
2022-07-08 18:08:41,778:INFO:Creating zones ...
2022-07-08 18:08:41,784:INFO:Environment created!
2022-07-08 18:08:52,430:INFO:Creating occupants based on data from data/dorn ...
2022-07-08 18:08:52,849:INFO:Creating zones ...
2022-07-08 18:08:52,856:INFO:Environment created!
2022-07-08 18:09:06,396:INFO:Creating occupants based on data from data/dorn ...
2022-07-08 18:09:06,839:INFO:Creating zones ...
2022-07-08 18:09:06,846:INFO:Environment created!
2022-07-08 18:09:17,727:INFO:Creating occupants based on data from data/dorn ...
2022-07-08 18:09:18,172:INFO:Creating zones ...
2022-07-08 18:09:18,180:INFO:Environment created!
2022-07-08 18:09:29,148:INFO:Creating occupants based on data from data/dorn ...
2022-07-08 18:09:29,609:INFO:Creating zones ...
2022-07-08 18:09:29,616:INFO:Environment created!
2022-07-08 18:09:40,249:INFO:Creating occupants based on data from data/dorn ...
2022-07-08 18:09:40,683:INFO:Creating zones ...
2022-07-08 18:09:40,690:INFO:Environment created!
2022-07-08 18:09:51,361:INFO:Creating occupants based on data from data/dorn ...
2022-07-08 18:09:51,819:INFO:Creating zones ...
2022-07-08 18:09:51,826:INFO:Environment created!
2022-07-08 18:10:02,567:INFO:Creating occupants based on data from data/dorn ...
2022-07-08 18:10:02,998:INFO:Creating zones ...
2022-07-08 18:10:03,005:INFO:Environment created!
2022-07-08 18:10:13,879:INFO:Creating occupants based on data from data/dorn ...
2022-07-08 18:10:14,318:INFO:Creating zones ...
2022-07-08 18:10:14,325:INFO:Environment created!
2022-07-08 18:10:25,447:INFO:Creating occupants based on data from data/dorn ...
2022-07-08 18:10:25,907:INFO:Creating zones ...
2022-07-08 18:10:25,914:INFO:Environment created!
2022-07-08 18:10:36,856:INFO:Creating occupants based on data from data/dorn ...
2022-07-08 18:10:37,306:INFO:Creating zones ...
2022-07-08 18:10:37,313:INFO:Environment created!
2022-07-08 18:10:47,967:INFO:Creating occupants based on data from data/dorn ...
2022-07-08 18:10:48,408:INFO:Creating zones ...
2022-07-08 18:10:48,415:INFO:Environment created!
2022-07-08 18:10:59,134:INFO:Creating occupants based on data from data/dorn ...
2022-07-08 18:10:59,593:INFO:Creating zones ...
2022-07-08 18:10:59,600:INFO:Environment created!
2022-07-08 18:11:10,231:INFO:Creating occupants based on data from data/dorn ...
2022-07-08 18:11:10,666:INFO:Creating zones ...
2022-07-08 18:11:10,673:INFO:Environment created!
2022-07-08 18:11:21,572:INFO:Creating occupants based on data from data/dorn ...
2022-07-08 18:11:22,025:INFO:Creating zones ...
2022-07-08 18:11:22,032:INFO:Environment created!
2022-07-08 18:11:32,838:INFO:Creating occupants based on data from data/dorn ...
2022-07-08 18:11:33,275:INFO:Creating zones ...
2022-07-08 18:11:33,282:INFO:Environment created!
2022-07-08 18:11:43,925:INFO:Creating occupants based on data from data/dorn ...
2022-07-08 18:11:44,372:INFO:Creating zones ...
2022-07-08 18:11:44,379:INFO:Environment created!
2022-07-08 18:11:55,215:INFO:Creating occupants based on data from data/dorn ...
2022-07-08 18:11:55,651:INFO:Creating zones ...
2022-07-08 18:11:55,658:INFO:Environment created!
2022-07-08 18:12:06,962:INFO:Creating occupants based on data from data/dorn ...
2022-07-08 18:12:07,409:INFO:Creating zones ...
2022-07-08 18:12:07,415:INFO:Environment created!
2022-07-08 18:12:18,710:INFO:Creating occupants based on data from data/dorn ...
2022-07-08 18:12:19,149:INFO:Creating zones ...
2022-07-08 18:12:19,156:INFO:Environment created!
2022-07-08 18:12:30,394:INFO:Creating occupants based on data from data/dorn ...
2022-07-08 18:12:30,845:INFO:Creating zones ...
2022-07-08 18:12:30,852:INFO:Environment created!
2022-07-08 18:12:42,315:INFO:Creating occupants based on data from data/dorn ...
2022-07-08 18:12:42,808:INFO:Creating zones ...
2022-07-08 18:12:42,815:INFO:Environment created!
2022-07-08 18:12:55,178:INFO:Creating occupants based on data from data/dorn ...
2022-07-08 18:12:55,638:INFO:Creating zones ...
2022-07-08 18:12:55,645:INFO:Environment created!
2022-07-08 18:13:06,912:INFO:Creating occupants based on data from data/dorn ...
2022-07-08 18:13:07,348:INFO:Creating zones ...
2022-07-08 18:13:07,355:INFO:Environment created!
2022-07-08 18:13:18,594:INFO:Creating occupants based on data from data/dorn ...
2022-07-08 18:13:19,053:INFO:Creating zones ...
2022-07-08 18:13:19,060:INFO:Environment created!
2022-07-08 18:13:30,193:INFO:Creating occupants based on data from data/dorn ...
2022-07-08 18:13:30,635:INFO:Creating zones ...
2022-07-08 18:13:30,642:INFO:Environment created!
2022-07-08 18:13:41,557:INFO:Creating occupants based on data from data/dorn ...
2022-07-08 18:13:42,028:INFO:Creating zones ...
2022-07-08 18:13:42,035:INFO:Environment created!
2022-07-08 18:13:53,302:INFO:Creating occupants based on data from data/dorn ...
2022-07-08 18:13:53,738:INFO:Creating zones ...
2022-07-08 18:13:53,744:INFO:Environment created!
2022-07-08 18:14:05,767:INFO:Creating occupants based on data from data/dorn ...
2022-07-08 18:14:06,263:INFO:Creating zones ...
2022-07-08 18:14:06,271:INFO:Environment created!
2022-07-08 18:14:18,761:INFO:Creating occupants based on data from data/dorn ...
2022-07-08 18:14:19,253:INFO:Creating zones ...
2022-07-08 18:14:19,261:INFO:Environment created!
2022-07-08 18:14:31,730:INFO:Creating occupants based on data from data/dorn ...
2022-07-08 18:14:32,245:INFO:Creating zones ...
2022-07-08 18:14:32,253:INFO:Environment created!
2022-07-08 18:14:44,362:INFO:Creating occupants based on data from data/dorn ...
2022-07-08 18:14:44,823:INFO:Creating zones ...
2022-07-08 18:14:44,830:INFO:Environment created!
2022-07-08 23:52:06,177:INFO:Creating occupants based on data from data/dorn ...
2022-07-08 23:52:06,868:INFO:Creating zones ...
2022-07-08 23:52:06,878:INFO:Environment created!
2022-07-08 23:52:20,685:INFO:Creating occupants based on data from data/dorn ...
2022-07-08 23:52:21,254:INFO:Creating zones ...
2022-07-08 23:52:21,265:INFO:Environment created!
2022-07-08 23:52:35,154:INFO:Creating occupants based on data from data/dorn ...
2022-07-08 23:52:35,714:INFO:Creating zones ...
2022-07-08 23:52:35,723:INFO:Environment created!
2022-07-08 23:52:49,109:INFO:Creating occupants based on data from data/dorn ...
2022-07-08 23:52:49,636:INFO:Creating zones ...
2022-07-08 23:52:49,645:INFO:Environment created!
2022-07-08 23:53:02,972:INFO:Creating occupants based on data from data/dorn ...
2022-07-08 23:53:03,516:INFO:Creating zones ...
2022-07-08 23:53:03,524:INFO:Environment created!
2022-07-08 23:53:17,206:INFO:Creating occupants based on data from data/dorn ...
2022-07-08 23:53:17,771:INFO:Creating zones ...
2022-07-08 23:53:17,779:INFO:Environment created!
2022-07-08 23:53:32,175:INFO:Creating occupants based on data from data/dorn ...
2022-07-08 23:53:32,796:INFO:Creating zones ...
2022-07-08 23:53:32,806:INFO:Environment created!
2022-07-08 23:53:50,407:INFO:Creating occupants based on data from data/dorn ...
2022-07-08 23:53:51,120:INFO:Creating zones ...
2022-07-08 23:53:51,130:INFO:Environment created!
2022-07-08 23:54:07,694:INFO:Creating occupants based on data from data/dorn ...
2022-07-08 23:54:08,314:INFO:Creating zones ...
2022-07-08 23:54:08,323:INFO:Environment created!
2022-07-08 23:54:22,889:INFO:Creating occupants based on data from data/dorn ...
2022-07-08 23:54:23,426:INFO:Creating zones ...
2022-07-08 23:54:23,434:INFO:Environment created!
2022-07-08 23:54:35,675:INFO:Creating occupants based on data from data/dorn ...
2022-07-08 23:54:36,170:INFO:Creating zones ...
2022-07-08 23:54:36,177:INFO:Environment created!
2022-07-08 23:54:48,376:INFO:Creating occupants based on data from data/dorn ...
2022-07-08 23:54:48,879:INFO:Creating zones ...
2022-07-08 23:54:48,888:INFO:Environment created!
2022-07-08 23:55:05,610:INFO:Creating occupants based on data from data/dorn ...
2022-07-08 23:55:06,340:INFO:Creating zones ...
2022-07-08 23:55:06,351:INFO:Environment created!
2022-07-08 23:55:25,170:INFO:Creating occupants based on data from data/dorn ...
2022-07-08 23:55:25,926:INFO:Creating zones ...
2022-07-08 23:55:25,937:INFO:Environment created!
2022-07-08 23:55:44,346:INFO:Creating occupants based on data from data/dorn ...
2022-07-08 23:55:45,281:INFO:Creating zones ...
2022-07-08 23:55:45,292:INFO:Environment created!
2022-07-08 23:56:03,815:INFO:Creating occupants based on data from data/dorn ...
2022-07-08 23:56:04,559:INFO:Creating zones ...
2022-07-08 23:56:04,569:INFO:Environment created!
2022-07-08 23:56:21,840:INFO:Creating occupants based on data from data/dorn ...
2022-07-08 23:56:22,519:INFO:Creating zones ...
2022-07-08 23:56:22,529:INFO:Environment created!
2022-07-08 23:56:39,067:INFO:Creating occupants based on data from data/dorn ...
2022-07-08 23:56:39,918:INFO:Creating zones ...
2022-07-08 23:56:39,931:INFO:Environment created!
2022-07-08 23:56:57,965:INFO:Creating occupants based on data from data/dorn ...
2022-07-08 23:56:58,643:INFO:Creating zones ...
2022-07-08 23:56:58,653:INFO:Environment created!
2022-07-08 23:57:17,221:INFO:Creating occupants based on data from data/dorn ...
2022-07-08 23:57:18,135:INFO:Creating zones ...
2022-07-08 23:57:18,148:INFO:Environment created!
2022-07-08 23:57:39,685:INFO:Creating occupants based on data from data/dorn ...
2022-07-08 23:57:40,544:INFO:Creating zones ...
2022-07-08 23:57:40,557:INFO:Environment created!
2022-07-08 23:57:59,965:INFO:Creating occupants based on data from data/dorn ...
2022-07-08 23:58:00,684:INFO:Creating zones ...
2022-07-08 23:58:00,695:INFO:Environment created!
2022-07-08 23:58:17,399:INFO:Creating occupants based on data from data/dorn ...
2022-07-08 23:58:18,035:INFO:Creating zones ...
2022-07-08 23:58:18,046:INFO:Environment created!
2022-07-08 23:58:33,681:INFO:Creating occupants based on data from data/dorn ...
2022-07-08 23:58:34,290:INFO:Creating zones ...
2022-07-08 23:58:34,299:INFO:Environment created!
2022-07-08 23:58:50,578:INFO:Creating occupants based on data from data/dorn ...
2022-07-08 23:58:51,275:INFO:Creating zones ...
2022-07-08 23:58:51,286:INFO:Environment created!
2022-07-08 23:59:08,437:INFO:Creating occupants based on data from data/dorn ...
2022-07-08 23:59:09,179:INFO:Creating zones ...
2022-07-08 23:59:09,191:INFO:Environment created!
2022-07-08 23:59:27,224:INFO:Creating occupants based on data from data/dorn ...
2022-07-08 23:59:27,963:INFO:Creating zones ...
2022-07-08 23:59:27,974:INFO:Environment created!
2022-07-08 23:59:46,238:INFO:Creating occupants based on data from data/dorn ...
2022-07-08 23:59:47,004:INFO:Creating zones ...
2022-07-08 23:59:47,016:INFO:Environment created!
2022-07-09 00:00:09,580:INFO:Creating occupants based on data from data/dorn ...
2022-07-09 00:00:10,562:INFO:Creating zones ...
2022-07-09 00:00:10,577:INFO:Environment created!
2022-07-09 00:00:36,229:INFO:Creating occupants based on data from data/dorn ...
2022-07-09 00:00:37,291:INFO:Creating zones ...
2022-07-09 00:00:37,307:INFO:Environment created!
2022-07-12 09:52:44,772:INFO:Creating occupants based on data from data/dorn ...
2022-07-12 09:52:45,237:INFO:Creating zones ...
2022-07-12 09:52:45,244:INFO:Environment created!
2022-07-12 09:52:56,818:INFO:Creating occupants based on data from data/dorn ...
2022-07-12 09:52:57,256:INFO:Creating zones ...
2022-07-12 09:52:57,262:INFO:Environment created!
2022-07-12 09:53:08,270:INFO:Creating occupants based on data from data/dorn ...
2022-07-12 09:53:08,775:INFO:Creating zones ...
2022-07-12 09:53:08,782:INFO:Environment created!
2022-07-12 09:53:19,940:INFO:Creating occupants based on data from data/dorn ...
2022-07-12 09:53:20,379:INFO:Creating zones ...
2022-07-12 09:53:20,386:INFO:Environment created!
2022-07-12 09:53:31,500:INFO:Creating occupants based on data from data/dorn ...
2022-07-12 09:53:31,940:INFO:Creating zones ...
2022-07-12 09:53:31,947:INFO:Environment created!
2022-07-12 09:53:42,950:INFO:Creating occupants based on data from data/dorn ...
2022-07-12 09:53:43,392:INFO:Creating zones ...
2022-07-12 09:53:43,398:INFO:Environment created!
2022-07-12 09:53:54,543:INFO:Creating occupants based on data from data/dorn ...
2022-07-12 09:53:55,002:INFO:Creating zones ...
2022-07-12 09:53:55,008:INFO:Environment created!
2022-07-12 09:54:05,981:INFO:Creating occupants based on data from data/dorn ...
2022-07-12 09:54:06,413:INFO:Creating zones ...
2022-07-12 09:54:06,420:INFO:Environment created!
2022-07-12 09:54:17,211:INFO:Creating occupants based on data from data/dorn ...
2022-07-12 09:54:17,659:INFO:Creating zones ...
2022-07-12 09:54:17,666:INFO:Environment created!
2022-07-12 09:54:28,888:INFO:Creating occupants based on data from data/dorn ...
2022-07-12 09:54:29,332:INFO:Creating zones ...
2022-07-12 09:54:29,339:INFO:Environment created!
2022-07-12 09:54:40,150:INFO:Creating occupants based on data from data/dorn ...
2022-07-12 09:54:40,580:INFO:Creating zones ...
2022-07-12 09:54:40,586:INFO:Environment created!
2022-07-12 09:54:51,630:INFO:Creating occupants based on data from data/dorn ...
2022-07-12 09:54:52,070:INFO:Creating zones ...
2022-07-12 09:54:52,077:INFO:Environment created!
2022-07-12 09:55:02,901:INFO:Creating occupants based on data from data/dorn ...
2022-07-12 09:55:03,336:INFO:Creating zones ...
2022-07-12 09:55:03,343:INFO:Environment created!
2022-07-12 09:55:14,564:INFO:Creating occupants based on data from data/dorn ...
2022-07-12 09:55:15,000:INFO:Creating zones ...
2022-07-12 09:55:15,006:INFO:Environment created!
2022-07-12 09:55:25,963:INFO:Creating occupants based on data from data/dorn ...
2022-07-12 09:55:26,393:INFO:Creating zones ...
2022-07-12 09:55:26,399:INFO:Environment created!
2022-07-12 09:55:37,093:INFO:Creating occupants based on data from data/dorn ...
2022-07-12 09:55:37,539:INFO:Creating zones ...
2022-07-12 09:55:37,546:INFO:Environment created!
2022-07-12 09:55:48,820:INFO:Creating occupants based on data from data/dorn ...
2022-07-12 09:55:49,277:INFO:Creating zones ...
2022-07-12 09:55:49,283:INFO:Environment created!
2022-07-12 09:56:00,425:INFO:Creating occupants based on data from data/dorn ...
2022-07-12 09:56:00,856:INFO:Creating zones ...
2022-07-12 09:56:00,863:INFO:Environment created!
2022-07-12 09:56:11,819:INFO:Creating occupants based on data from data/dorn ...
2022-07-12 09:56:12,263:INFO:Creating zones ...
2022-07-12 09:56:12,269:INFO:Environment created!
2022-07-12 09:56:23,121:INFO:Creating occupants based on data from data/dorn ...
2022-07-12 09:56:23,555:INFO:Creating zones ...
2022-07-12 09:56:23,561:INFO:Environment created!
2022-07-12 09:56:34,819:INFO:Creating occupants based on data from data/dorn ...
2022-07-12 09:56:35,328:INFO:Creating zones ...
2022-07-12 09:56:35,335:INFO:Environment created!
2022-07-12 09:56:46,981:INFO:Creating occupants based on data from data/dorn ...
2022-07-12 09:56:47,421:INFO:Creating zones ...
2022-07-12 09:56:47,427:INFO:Environment created!
2022-07-12 09:56:58,317:INFO:Creating occupants based on data from data/dorn ...
2022-07-12 09:56:58,750:INFO:Creating zones ...
2022-07-12 09:56:58,757:INFO:Environment created!
2022-07-12 09:57:09,578:INFO:Creating occupants based on data from data/dorn ...
2022-07-12 09:57:10,021:INFO:Creating zones ...
2022-07-12 09:57:10,027:INFO:Environment created!
2022-07-12 09:57:21,042:INFO:Creating occupants based on data from data/dorn ...
2022-07-12 09:57:21,487:INFO:Creating zones ...
2022-07-12 09:57:21,493:INFO:Environment created!
2022-07-12 09:57:32,349:INFO:Creating occupants based on data from data/dorn ...
2022-07-12 09:57:32,798:INFO:Creating zones ...
2022-07-12 09:57:32,804:INFO:Environment created!
2022-07-12 09:57:43,926:INFO:Creating occupants based on data from data/dorn ...
2022-07-12 09:57:44,416:INFO:Creating zones ...
2022-07-12 09:57:44,423:INFO:Environment created!
2022-07-12 09:57:56,117:INFO:Creating occupants based on data from data/dorn ...
2022-07-12 09:57:56,639:INFO:Creating zones ...
2022-07-12 09:57:56,646:INFO:Environment created!
2022-07-12 09:58:07,413:INFO:Creating occupants based on data from data/dorn ...
2022-07-12 09:58:07,832:INFO:Creating zones ...
2022-07-12 09:58:07,838:INFO:Environment created!
2022-07-12 09:58:17,949:INFO:Creating occupants based on data from data/dorn ...
2022-07-12 09:58:18,374:INFO:Creating zones ...
2022-07-12 09:58:18,380:INFO:Environment created!
