2022-04-11 16:45:03,339:INFO:Creating occupants based on data from data/dorn ...
2022-04-11 16:45:03,663:INFO:Creating zones ...
2022-04-11 16:45:03,675:INFO:Environment created!
2022-04-11 16:45:09,595:INFO:Cumulated reward: 0
2022-05-11 17:49:51,249:INFO:Creating occupants based on data from data/dorn ...
2022-05-11 17:49:51,906:INFO:Creating zones ...
2022-05-11 17:49:51,919:INFO:Environment created!
2022-05-11 17:49:52,938:INFO:Cumulated reward: 0
2022-06-07 15:46:43,110:INFO:Creating occupants based on data from data/dorn ...
2022-06-07 15:46:43,663:INFO:Creating zones ...
2022-06-07 15:46:43,670:INFO:Environment created!
2022-06-07 15:46:44,615:INFO:Cumulated reward: 0
2022-06-07 19:28:35,942:INFO:Creating occupants based on data from data/dorn ...
2022-06-07 19:28:36,462:INFO:Creating zones ...
2022-06-07 19:28:36,471:INFO:Environment created!
2022-06-07 19:28:37,438:INFO:Cumulated reward: 0
2022-06-09 10:17:51,545:INFO:Creating occupants based on data from data/dorn ...
2022-06-09 10:17:52,149:INFO:Creating zones ...
2022-06-09 10:17:52,160:INFO:Environment created!
2022-06-09 10:17:53,295:INFO:Cumulated reward: 0
2022-06-29 22:06:59,083:INFO:Creating occupants based on data from data/dorn ...
2022-06-29 22:06:59,576:INFO:Creating zones ...
2022-06-29 22:06:59,589:INFO:Environment created!
2022-06-29 22:07:00,344:INFO:Cumulated reward: 0
2022-06-29 22:07:11,946:INFO:Creating occupants based on data from data/dorn ...
2022-06-29 22:07:12,457:INFO:Creating zones ...
2022-06-29 22:07:12,470:INFO:Environment created!
2022-06-29 22:07:13,421:INFO:Cumulated reward: 0
2022-06-29 22:07:24,477:INFO:Creating occupants based on data from data/dorn ...
2022-06-29 22:07:24,983:INFO:Creating zones ...
2022-06-29 22:07:24,995:INFO:Environment created!
2022-06-29 22:07:25,933:INFO:Cumulated reward: 0
2022-06-29 22:07:36,860:INFO:Creating occupants based on data from data/dorn ...
2022-06-29 22:07:37,352:INFO:Creating zones ...
2022-06-29 22:07:37,362:INFO:Environment created!
2022-06-29 22:07:38,488:INFO:Cumulated reward: 0
2022-06-29 22:07:49,763:INFO:Creating occupants based on data from data/dorn ...
2022-06-29 22:07:50,256:INFO:Creating zones ...
2022-06-29 22:07:50,267:INFO:Environment created!
2022-06-29 22:07:51,286:INFO:Cumulated reward: 0
2022-06-29 22:08:02,560:INFO:Creating occupants based on data from data/dorn ...
2022-06-29 22:08:03,051:INFO:Creating zones ...
2022-06-29 22:08:03,062:INFO:Environment created!
2022-06-29 22:08:04,176:INFO:Cumulated reward: 0
2022-06-29 22:08:15,544:INFO:Creating occupants based on data from data/dorn ...
2022-06-29 22:08:16,035:INFO:Creating zones ...
2022-06-29 22:08:16,045:INFO:Environment created!
2022-06-29 22:08:16,964:INFO:Cumulated reward: 0
2022-06-29 22:08:27,894:INFO:Creating occupants based on data from data/dorn ...
2022-06-29 22:08:28,392:INFO:Creating zones ...
2022-06-29 22:08:28,405:INFO:Environment created!
2022-06-29 22:08:29,422:INFO:Cumulated reward: 0
2022-06-29 22:08:40,799:INFO:Creating occupants based on data from data/dorn ...
2022-06-29 22:08:41,303:INFO:Creating zones ...
2022-06-29 22:08:41,313:INFO:Environment created!
2022-06-29 22:08:42,239:INFO:Cumulated reward: 0
2022-06-29 22:08:53,646:INFO:Creating occupants based on data from data/dorn ...
2022-06-29 22:08:54,149:INFO:Creating zones ...
2022-06-29 22:08:54,158:INFO:Environment created!
2022-06-29 22:08:55,336:INFO:Cumulated reward: 0
2022-06-29 22:09:06,827:INFO:Creating occupants based on data from data/dorn ...
2022-06-29 22:09:07,342:INFO:Creating zones ...
2022-06-29 22:09:07,353:INFO:Environment created!
2022-06-29 22:09:08,385:INFO:Cumulated reward: 0
2022-06-29 22:09:20,518:INFO:Creating occupants based on data from data/dorn ...
2022-06-29 22:09:21,057:INFO:Creating zones ...
2022-06-29 22:09:21,068:INFO:Environment created!
2022-06-29 22:09:22,115:INFO:Cumulated reward: 0
2022-06-29 22:09:34,728:INFO:Creating occupants based on data from data/dorn ...
2022-06-29 22:09:35,278:INFO:Creating zones ...
2022-06-29 22:09:35,289:INFO:Environment created!
2022-06-29 22:09:36,270:INFO:Cumulated reward: 0
2022-06-29 22:09:48,466:INFO:Creating occupants based on data from data/dorn ...
2022-06-29 22:09:48,979:INFO:Creating zones ...
2022-06-29 22:09:48,990:INFO:Environment created!
2022-06-29 22:09:50,068:INFO:Cumulated reward: 0
2022-06-29 22:10:01,932:INFO:Creating occupants based on data from data/dorn ...
2022-06-29 22:10:02,442:INFO:Creating zones ...
2022-06-29 22:10:02,452:INFO:Environment created!
2022-06-29 22:10:03,755:INFO:Cumulated reward: 0
2022-06-29 22:10:16,139:INFO:Creating occupants based on data from data/dorn ...
2022-06-29 22:10:16,654:INFO:Creating zones ...
2022-06-29 22:10:16,663:INFO:Environment created!
2022-06-29 22:10:17,701:INFO:Cumulated reward: 0
2022-06-29 22:10:29,349:INFO:Creating occupants based on data from data/dorn ...
2022-06-29 22:10:29,864:INFO:Creating zones ...
2022-06-29 22:10:29,875:INFO:Environment created!
2022-06-29 22:10:30,578:INFO:Cumulated reward: 0
2022-06-29 22:10:43,665:INFO:Creating occupants based on data from data/dorn ...
2022-06-29 22:10:44,338:INFO:Creating zones ...
2022-06-29 22:10:44,354:INFO:Environment created!
2022-06-29 22:10:45,754:INFO:Cumulated reward: 0
2022-06-29 22:11:00,945:INFO:Creating occupants based on data from data/dorn ...
2022-06-29 22:11:01,645:INFO:Creating zones ...
2022-06-29 22:11:01,659:INFO:Environment created!
2022-06-29 22:11:03,173:INFO:Cumulated reward: 0
2022-06-29 22:11:17,326:INFO:Creating occupants based on data from data/dorn ...
2022-06-29 22:11:17,879:INFO:Creating zones ...
2022-06-29 22:11:17,890:INFO:Environment created!
2022-06-29 22:11:18,698:INFO:Cumulated reward: 0
2022-06-29 22:11:30,372:INFO:Creating occupants based on data from data/dorn ...
2022-06-29 22:11:30,860:INFO:Creating zones ...
2022-06-29 22:11:30,870:INFO:Environment created!
2022-06-29 22:11:31,691:INFO:Cumulated reward: 0
2022-06-29 22:11:42,742:INFO:Creating occupants based on data from data/dorn ...
2022-06-29 22:11:43,231:INFO:Creating zones ...
2022-06-29 22:11:43,241:INFO:Environment created!
2022-06-29 22:11:44,061:INFO:Cumulated reward: 0
2022-06-29 22:11:55,567:INFO:Creating occupants based on data from data/dorn ...
2022-06-29 22:11:56,053:INFO:Creating zones ...
2022-06-29 22:11:56,063:INFO:Environment created!
2022-06-29 22:11:57,066:INFO:Cumulated reward: 0
2022-06-29 22:12:08,523:INFO:Creating occupants based on data from data/dorn ...
2022-06-29 22:12:09,006:INFO:Creating zones ...
2022-06-29 22:12:09,016:INFO:Environment created!
2022-06-29 22:12:10,038:INFO:Cumulated reward: 0
2022-06-29 22:12:21,173:INFO:Creating occupants based on data from data/dorn ...
2022-06-29 22:12:21,665:INFO:Creating zones ...
2022-06-29 22:12:21,673:INFO:Environment created!
2022-06-29 22:12:22,420:INFO:Cumulated reward: 0
2022-06-29 22:12:33,242:INFO:Creating occupants based on data from data/dorn ...
2022-06-29 22:12:33,729:INFO:Creating zones ...
2022-06-29 22:12:33,740:INFO:Environment created!
2022-06-29 22:12:34,414:INFO:Cumulated reward: 0
2022-06-29 22:12:45,782:INFO:Creating occupants based on data from data/dorn ...
2022-06-29 22:12:46,267:INFO:Creating zones ...
2022-06-29 22:12:46,276:INFO:Environment created!
2022-06-29 22:12:47,359:INFO:Cumulated reward: 0
2022-06-29 22:12:58,745:INFO:Creating occupants based on data from data/dorn ...
2022-06-29 22:12:59,268:INFO:Creating zones ...
2022-06-29 22:12:59,279:INFO:Environment created!
2022-06-29 22:13:00,059:INFO:Cumulated reward: 0
2022-06-29 22:13:11,823:INFO:Creating occupants based on data from data/dorn ...
2022-06-29 22:13:12,338:INFO:Creating zones ...
2022-06-29 22:13:12,348:INFO:Environment created!
2022-06-29 22:13:13,405:INFO:Cumulated reward: 0
2022-06-29 22:13:25,040:INFO:Creating occupants based on data from data/dorn ...
2022-06-29 22:13:25,784:INFO:Creating zones ...
2022-06-29 22:13:25,811:INFO:Environment created!
2022-06-29 22:13:26,845:INFO:Cumulated reward: 0
2022-07-04 18:30:08,712:INFO:Creating occupants based on data from data/dorn ...
2022-07-04 18:30:09,210:INFO:Creating zones ...
2022-07-04 18:30:09,216:INFO:Environment created!
2022-07-04 18:30:10,054:INFO:Cumulated reward: 0
2022-07-04 18:30:21,428:INFO:Creating occupants based on data from data/dorn ...
2022-07-04 18:30:21,945:INFO:Creating zones ...
2022-07-04 18:30:21,951:INFO:Environment created!
2022-07-04 18:30:22,775:INFO:Cumulated reward: 0
2022-07-04 18:30:35,657:INFO:Creating occupants based on data from data/dorn ...
2022-07-04 18:30:36,256:INFO:Creating zones ...
2022-07-04 18:30:36,266:INFO:Environment created!
2022-07-04 18:30:37,520:INFO:Cumulated reward: 0
2022-07-04 18:30:51,923:INFO:Creating occupants based on data from data/dorn ...
2022-07-04 18:30:52,574:INFO:Creating zones ...
2022-07-04 18:30:52,581:INFO:Environment created!
2022-07-04 18:30:54,043:INFO:Cumulated reward: 0
2022-07-04 18:31:08,903:INFO:Creating occupants based on data from data/dorn ...
2022-07-04 18:31:09,562:INFO:Creating zones ...
2022-07-04 18:31:09,568:INFO:Environment created!
2022-07-04 18:31:10,793:INFO:Cumulated reward: 0
2022-07-04 18:31:25,889:INFO:Creating occupants based on data from data/dorn ...
2022-07-04 18:31:26,552:INFO:Creating zones ...
2022-07-04 18:31:26,560:INFO:Environment created!
2022-07-04 18:31:28,040:INFO:Cumulated reward: 0
2022-07-04 18:31:42,473:INFO:Creating occupants based on data from data/dorn ...
2022-07-04 18:31:43,084:INFO:Creating zones ...
2022-07-04 18:31:43,091:INFO:Environment created!
2022-07-04 18:31:44,425:INFO:Cumulated reward: 0
2022-07-04 18:31:58,180:INFO:Creating occupants based on data from data/dorn ...
2022-07-04 18:31:58,784:INFO:Creating zones ...
2022-07-04 18:31:58,792:INFO:Environment created!
2022-07-04 18:31:59,793:INFO:Cumulated reward: 0
2022-07-04 18:32:13,659:INFO:Creating occupants based on data from data/dorn ...
2022-07-04 18:32:14,277:INFO:Creating zones ...
2022-07-04 18:32:14,285:INFO:Environment created!
2022-07-04 18:32:15,173:INFO:Cumulated reward: 0
2022-07-04 18:32:29,799:INFO:Creating occupants based on data from data/dorn ...
2022-07-04 18:32:30,442:INFO:Creating zones ...
2022-07-04 18:32:30,450:INFO:Environment created!
2022-07-04 18:32:31,529:INFO:Cumulated reward: 0
2022-07-04 18:32:46,945:INFO:Creating occupants based on data from data/dorn ...
2022-07-04 18:32:47,640:INFO:Creating zones ...
2022-07-04 18:32:47,649:INFO:Environment created!
2022-07-04 18:32:49,022:INFO:Cumulated reward: 0
2022-07-04 18:33:04,761:INFO:Creating occupants based on data from data/dorn ...
2022-07-04 18:33:05,490:INFO:Creating zones ...
2022-07-04 18:33:05,499:INFO:Environment created!
2022-07-04 18:33:07,050:INFO:Cumulated reward: 0
2022-07-04 18:33:23,103:INFO:Creating occupants based on data from data/dorn ...
2022-07-04 18:33:23,813:INFO:Creating zones ...
2022-07-04 18:33:23,821:INFO:Environment created!
2022-07-04 18:33:25,020:INFO:Cumulated reward: 0
2022-07-04 18:33:41,519:INFO:Creating occupants based on data from data/dorn ...
2022-07-04 18:33:42,237:INFO:Creating zones ...
2022-07-04 18:33:42,244:INFO:Environment created!
2022-07-04 18:33:43,406:INFO:Cumulated reward: 0
2022-07-04 18:34:00,510:INFO:Creating occupants based on data from data/dorn ...
2022-07-04 18:34:01,297:INFO:Creating zones ...
2022-07-04 18:34:01,306:INFO:Environment created!
2022-07-04 18:34:02,841:INFO:Cumulated reward: 0
2022-07-04 18:34:21,195:INFO:Creating occupants based on data from data/dorn ...
2022-07-04 18:34:21,986:INFO:Creating zones ...
2022-07-04 18:34:21,995:INFO:Environment created!
2022-07-04 18:34:23,459:INFO:Cumulated reward: 0
2022-07-04 18:34:41,191:INFO:Creating occupants based on data from data/dorn ...
2022-07-04 18:34:41,987:INFO:Creating zones ...
2022-07-04 18:34:41,997:INFO:Environment created!
2022-07-04 18:34:43,471:INFO:Cumulated reward: 0
2022-07-04 18:35:01,407:INFO:Creating occupants based on data from data/dorn ...
2022-07-04 18:35:02,193:INFO:Creating zones ...
2022-07-04 18:35:02,202:INFO:Environment created!
2022-07-04 18:35:03,264:INFO:Cumulated reward: 0
2022-07-04 18:35:21,305:INFO:Creating occupants based on data from data/dorn ...
2022-07-04 18:35:22,122:INFO:Creating zones ...
2022-07-04 18:35:22,133:INFO:Environment created!
2022-07-04 18:35:23,574:INFO:Cumulated reward: 0
2022-07-04 18:35:39,297:INFO:Creating occupants based on data from data/dorn ...
2022-07-04 18:35:39,913:INFO:Creating zones ...
2022-07-04 18:35:39,920:INFO:Environment created!
2022-07-04 18:35:41,191:INFO:Cumulated reward: 0
2022-07-04 18:35:55,470:INFO:Creating occupants based on data from data/dorn ...
2022-07-04 18:35:56,061:INFO:Creating zones ...
2022-07-04 18:35:56,068:INFO:Environment created!
2022-07-04 18:35:57,020:INFO:Cumulated reward: 0
2022-07-04 18:36:10,370:INFO:Creating occupants based on data from data/dorn ...
2022-07-04 18:36:10,954:INFO:Creating zones ...
2022-07-04 18:36:10,961:INFO:Environment created!
2022-07-04 18:36:12,079:INFO:Cumulated reward: 0
2022-07-04 18:36:26,228:INFO:Creating occupants based on data from data/dorn ...
2022-07-04 18:36:26,922:INFO:Creating zones ...
2022-07-04 18:36:26,929:INFO:Environment created!
2022-07-04 18:36:28,010:INFO:Cumulated reward: 0
2022-07-04 18:36:43,005:INFO:Creating occupants based on data from data/dorn ...
2022-07-04 18:36:43,644:INFO:Creating zones ...
2022-07-04 18:36:43,651:INFO:Environment created!
2022-07-04 18:36:45,015:INFO:Cumulated reward: 0
2022-07-04 18:36:59,283:INFO:Creating occupants based on data from data/dorn ...
2022-07-04 18:36:59,921:INFO:Creating zones ...
2022-07-04 18:36:59,928:INFO:Environment created!
2022-07-04 18:37:01,157:INFO:Cumulated reward: 0
2022-07-04 18:37:15,089:INFO:Creating occupants based on data from data/dorn ...
2022-07-04 18:37:15,701:INFO:Creating zones ...
2022-07-04 18:37:15,707:INFO:Environment created!
2022-07-04 18:37:16,677:INFO:Cumulated reward: 0
2022-07-04 18:37:30,107:INFO:Creating occupants based on data from data/dorn ...
2022-07-04 18:37:30,667:INFO:Creating zones ...
2022-07-04 18:37:30,674:INFO:Environment created!
2022-07-04 18:37:32,075:INFO:Cumulated reward: 0
2022-07-04 18:37:44,928:INFO:Creating occupants based on data from data/dorn ...
2022-07-04 18:37:45,455:INFO:Creating zones ...
2022-07-04 18:37:45,461:INFO:Environment created!
2022-07-04 18:37:46,549:INFO:Cumulated reward: 0
2022-07-04 18:37:58,786:INFO:Creating occupants based on data from data/dorn ...
2022-07-04 18:37:59,298:INFO:Creating zones ...
2022-07-04 18:37:59,304:INFO:Environment created!
2022-07-04 18:38:00,266:INFO:Cumulated reward: 0
2022-07-04 18:38:12,044:INFO:Creating occupants based on data from data/dorn ...
2022-07-04 18:38:12,546:INFO:Creating zones ...
2022-07-04 18:38:12,553:INFO:Environment created!
2022-07-04 18:38:13,333:INFO:Cumulated reward: 0
2022-07-04 19:19:04,387:INFO:Creating occupants based on data from data/dorn ...
2022-07-04 19:19:04,834:INFO:Creating zones ...
2022-07-04 19:19:04,841:INFO:Environment created!
2022-07-04 19:19:05,741:INFO:Cumulated reward: 0
2022-07-04 19:19:16,078:INFO:Creating occupants based on data from data/dorn ...
2022-07-04 19:19:16,526:INFO:Creating zones ...
2022-07-04 19:19:16,533:INFO:Environment created!
2022-07-04 19:19:17,564:INFO:Cumulated reward: 0
2022-07-04 19:19:27,491:INFO:Creating occupants based on data from data/dorn ...
2022-07-04 19:19:27,938:INFO:Creating zones ...
2022-07-04 19:19:27,945:INFO:Environment created!
2022-07-04 19:19:28,717:INFO:Cumulated reward: 0
2022-07-04 19:19:38,890:INFO:Creating occupants based on data from data/dorn ...
2022-07-04 19:19:39,333:INFO:Creating zones ...
2022-07-04 19:19:39,339:INFO:Environment created!
2022-07-04 19:19:40,108:INFO:Cumulated reward: 0
2022-07-04 19:19:50,206:INFO:Creating occupants based on data from data/dorn ...
2022-07-04 19:19:50,655:INFO:Creating zones ...
2022-07-04 19:19:50,662:INFO:Environment created!
2022-07-04 19:19:51,780:INFO:Cumulated reward: 0
2022-07-04 19:20:02,165:INFO:Creating occupants based on data from data/dorn ...
2022-07-04 19:20:02,606:INFO:Creating zones ...
2022-07-04 19:20:02,613:INFO:Environment created!
2022-07-04 19:20:03,849:INFO:Cumulated reward: 0
2022-07-04 19:20:13,767:INFO:Creating occupants based on data from data/dorn ...
2022-07-04 19:20:14,210:INFO:Creating zones ...
2022-07-04 19:20:14,216:INFO:Environment created!
2022-07-04 19:20:15,082:INFO:Cumulated reward: 0
2022-07-04 19:20:25,485:INFO:Creating occupants based on data from data/dorn ...
2022-07-04 19:20:25,933:INFO:Creating zones ...
2022-07-04 19:20:25,938:INFO:Environment created!
2022-07-04 19:20:26,867:INFO:Cumulated reward: 0
2022-07-04 19:20:36,784:INFO:Creating occupants based on data from data/dorn ...
2022-07-04 19:20:37,241:INFO:Creating zones ...
2022-07-04 19:20:37,247:INFO:Environment created!
2022-07-04 19:20:37,934:INFO:Cumulated reward: 0
2022-07-04 19:20:47,837:INFO:Creating occupants based on data from data/dorn ...
2022-07-04 19:20:48,278:INFO:Creating zones ...
2022-07-04 19:20:48,284:INFO:Environment created!
2022-07-04 19:20:49,218:INFO:Cumulated reward: 0
2022-07-04 19:20:59,518:INFO:Creating occupants based on data from data/dorn ...
2022-07-04 19:20:59,958:INFO:Creating zones ...
2022-07-04 19:20:59,965:INFO:Environment created!
2022-07-04 19:21:00,746:INFO:Cumulated reward: 0
2022-07-04 19:21:11,035:INFO:Creating occupants based on data from data/dorn ...
2022-07-04 19:21:11,488:INFO:Creating zones ...
2022-07-04 19:21:11,494:INFO:Environment created!
2022-07-04 19:21:12,351:INFO:Cumulated reward: 0
2022-07-04 19:21:22,317:INFO:Creating occupants based on data from data/dorn ...
2022-07-04 19:21:22,757:INFO:Creating zones ...
2022-07-04 19:21:22,764:INFO:Environment created!
2022-07-04 19:21:23,527:INFO:Cumulated reward: 0
2022-07-04 19:21:33,946:INFO:Creating occupants based on data from data/dorn ...
2022-07-04 19:21:34,389:INFO:Creating zones ...
2022-07-04 19:21:34,395:INFO:Environment created!
2022-07-04 19:21:35,553:INFO:Cumulated reward: 0
2022-07-04 19:21:45,690:INFO:Creating occupants based on data from data/dorn ...
2022-07-04 19:21:46,129:INFO:Creating zones ...
2022-07-04 19:21:46,135:INFO:Environment created!
2022-07-04 19:21:47,073:INFO:Cumulated reward: 0
2022-07-04 19:21:57,298:INFO:Creating occupants based on data from data/dorn ...
2022-07-04 19:21:57,747:INFO:Creating zones ...
2022-07-04 19:21:57,753:INFO:Environment created!
2022-07-04 19:21:58,635:INFO:Cumulated reward: 0
2022-07-04 19:22:08,872:INFO:Creating occupants based on data from data/dorn ...
2022-07-04 19:22:09,321:INFO:Creating zones ...
2022-07-04 19:22:09,326:INFO:Environment created!
2022-07-04 19:22:10,573:INFO:Cumulated reward: 0
2022-07-04 19:22:20,608:INFO:Creating occupants based on data from data/dorn ...
2022-07-04 19:22:21,057:INFO:Creating zones ...
2022-07-04 19:22:21,064:INFO:Environment created!
2022-07-04 19:22:22,056:INFO:Cumulated reward: 0
2022-07-04 19:22:32,576:INFO:Creating occupants based on data from data/dorn ...
2022-07-04 19:22:33,023:INFO:Creating zones ...
2022-07-04 19:22:33,030:INFO:Environment created!
2022-07-04 19:22:33,716:INFO:Cumulated reward: 0
2022-07-04 19:22:44,076:INFO:Creating occupants based on data from data/dorn ...
2022-07-04 19:22:44,524:INFO:Creating zones ...
2022-07-04 19:22:44,531:INFO:Environment created!
2022-07-04 19:22:45,623:INFO:Cumulated reward: 0
2022-07-04 19:22:55,249:INFO:Creating occupants based on data from data/dorn ...
2022-07-04 19:22:55,685:INFO:Creating zones ...
2022-07-04 19:22:55,691:INFO:Environment created!
2022-07-04 19:22:56,438:INFO:Cumulated reward: 0
2022-07-04 19:23:06,593:INFO:Creating occupants based on data from data/dorn ...
2022-07-04 19:23:07,036:INFO:Creating zones ...
2022-07-04 19:23:07,041:INFO:Environment created!
2022-07-04 19:23:07,764:INFO:Cumulated reward: 0
2022-07-04 19:23:17,914:INFO:Creating occupants based on data from data/dorn ...
2022-07-04 19:23:18,360:INFO:Creating zones ...
2022-07-04 19:23:18,367:INFO:Environment created!
2022-07-04 19:23:19,167:INFO:Cumulated reward: 0
2022-07-04 19:23:29,183:INFO:Creating occupants based on data from data/dorn ...
2022-07-04 19:23:29,626:INFO:Creating zones ...
2022-07-04 19:23:29,633:INFO:Environment created!
2022-07-04 19:23:30,583:INFO:Cumulated reward: 0
2022-07-04 19:23:40,571:INFO:Creating occupants based on data from data/dorn ...
2022-07-04 19:23:41,020:INFO:Creating zones ...
2022-07-04 19:23:41,026:INFO:Environment created!
2022-07-04 19:23:42,012:INFO:Cumulated reward: 0
2022-07-04 19:23:52,111:INFO:Creating occupants based on data from data/dorn ...
2022-07-04 19:23:52,557:INFO:Creating zones ...
2022-07-04 19:23:52,563:INFO:Environment created!
2022-07-04 19:23:53,510:INFO:Cumulated reward: 0
2022-07-04 19:24:03,549:INFO:Creating occupants based on data from data/dorn ...
2022-07-04 19:24:04,014:INFO:Creating zones ...
2022-07-04 19:24:04,020:INFO:Environment created!
2022-07-04 19:24:04,872:INFO:Cumulated reward: 0
2022-07-04 19:24:14,561:INFO:Creating occupants based on data from data/dorn ...
2022-07-04 19:24:15,007:INFO:Creating zones ...
2022-07-04 19:24:15,013:INFO:Environment created!
2022-07-04 19:24:16,029:INFO:Cumulated reward: 0
2022-07-04 19:24:26,598:INFO:Creating occupants based on data from data/dorn ...
2022-07-04 19:24:27,037:INFO:Creating zones ...
2022-07-04 19:24:27,044:INFO:Environment created!
2022-07-04 19:24:28,084:INFO:Cumulated reward: 0
2022-07-04 19:24:37,965:INFO:Creating occupants based on data from data/dorn ...
2022-07-04 19:24:38,416:INFO:Creating zones ...
2022-07-04 19:24:38,422:INFO:Environment created!
2022-07-04 19:24:39,508:INFO:Cumulated reward: 0
2022-07-05 15:09:55,053:INFO:Creating occupants based on data from data/dorn ...
2022-07-05 15:09:55,512:INFO:Creating zones ...
2022-07-05 15:09:55,517:INFO:Environment created!
2022-07-05 15:09:56,478:INFO:Cumulated reward: 0
2022-07-05 15:10:07,038:INFO:Creating occupants based on data from data/dorn ...
2022-07-05 15:10:07,475:INFO:Creating zones ...
2022-07-05 15:10:07,481:INFO:Environment created!
2022-07-05 15:10:08,426:INFO:Cumulated reward: 0
2022-07-05 15:10:18,978:INFO:Creating occupants based on data from data/dorn ...
2022-07-05 15:10:19,445:INFO:Creating zones ...
2022-07-05 15:10:19,451:INFO:Environment created!
2022-07-05 15:10:20,372:INFO:Cumulated reward: 0
2022-07-05 15:10:31,648:INFO:Creating occupants based on data from data/dorn ...
2022-07-05 15:10:32,121:INFO:Creating zones ...
2022-07-05 15:10:32,128:INFO:Environment created!
2022-07-05 15:10:33,008:INFO:Cumulated reward: 0
2022-07-05 15:10:44,280:INFO:Creating occupants based on data from data/dorn ...
2022-07-05 15:10:44,741:INFO:Creating zones ...
2022-07-05 15:10:44,748:INFO:Environment created!
2022-07-05 15:10:45,771:INFO:Cumulated reward: 0
2022-07-05 15:10:56,850:INFO:Creating occupants based on data from data/dorn ...
2022-07-05 15:10:57,314:INFO:Creating zones ...
2022-07-05 15:10:57,320:INFO:Environment created!
2022-07-05 15:10:58,008:INFO:Cumulated reward: 0
2022-07-05 15:11:09,240:INFO:Creating occupants based on data from data/dorn ...
2022-07-05 15:11:09,694:INFO:Creating zones ...
2022-07-05 15:11:09,700:INFO:Environment created!
2022-07-05 15:11:10,518:INFO:Cumulated reward: 0
2022-07-05 15:11:21,480:INFO:Creating occupants based on data from data/dorn ...
2022-07-05 15:11:21,935:INFO:Creating zones ...
2022-07-05 15:11:21,942:INFO:Environment created!
2022-07-05 15:11:22,893:INFO:Cumulated reward: 0
2022-07-05 15:11:34,041:INFO:Creating occupants based on data from data/dorn ...
2022-07-05 15:11:34,505:INFO:Creating zones ...
2022-07-05 15:11:34,510:INFO:Environment created!
2022-07-05 15:11:35,574:INFO:Cumulated reward: 0
2022-07-05 15:11:47,072:INFO:Creating occupants based on data from data/dorn ...
2022-07-05 15:11:47,524:INFO:Creating zones ...
2022-07-05 15:11:47,530:INFO:Environment created!
2022-07-05 15:11:48,710:INFO:Cumulated reward: 0
2022-07-05 15:11:59,908:INFO:Creating occupants based on data from data/dorn ...
2022-07-05 15:12:00,363:INFO:Creating zones ...
2022-07-05 15:12:00,369:INFO:Environment created!
2022-07-05 15:12:01,602:INFO:Cumulated reward: 0
2022-07-05 15:12:12,112:INFO:Creating occupants based on data from data/dorn ...
2022-07-05 15:12:12,553:INFO:Creating zones ...
2022-07-05 15:12:12,559:INFO:Environment created!
2022-07-05 15:12:13,719:INFO:Cumulated reward: 0
2022-07-05 15:12:24,001:INFO:Creating occupants based on data from data/dorn ...
2022-07-05 15:12:24,458:INFO:Creating zones ...
2022-07-05 15:12:24,467:INFO:Environment created!
2022-07-05 15:12:25,268:INFO:Cumulated reward: 0
2022-07-05 15:12:35,847:INFO:Creating occupants based on data from data/dorn ...
2022-07-05 15:12:36,306:INFO:Creating zones ...
2022-07-05 15:12:36,312:INFO:Environment created!
2022-07-05 15:12:37,303:INFO:Cumulated reward: 0
2022-07-05 15:12:47,868:INFO:Creating occupants based on data from data/dorn ...
2022-07-05 15:12:48,326:INFO:Creating zones ...
2022-07-05 15:12:48,332:INFO:Environment created!
2022-07-05 15:12:49,252:INFO:Cumulated reward: 0
2022-07-05 15:12:59,767:INFO:Creating occupants based on data from data/dorn ...
2022-07-05 15:13:00,205:INFO:Creating zones ...
2022-07-05 15:13:00,212:INFO:Environment created!
2022-07-05 15:13:01,146:INFO:Cumulated reward: 0
2022-07-05 15:13:11,513:INFO:Creating occupants based on data from data/dorn ...
2022-07-05 15:13:11,968:INFO:Creating zones ...
2022-07-05 15:13:11,974:INFO:Environment created!
2022-07-05 15:13:12,855:INFO:Cumulated reward: 0
2022-07-05 15:13:23,853:INFO:Creating occupants based on data from data/dorn ...
2022-07-05 15:13:24,313:INFO:Creating zones ...
2022-07-05 15:13:24,319:INFO:Environment created!
2022-07-05 15:13:25,546:INFO:Cumulated reward: 0
2022-07-05 15:13:36,110:INFO:Creating occupants based on data from data/dorn ...
2022-07-05 15:13:36,553:INFO:Creating zones ...
2022-07-05 15:13:36,559:INFO:Environment created!
2022-07-05 15:13:37,501:INFO:Cumulated reward: 0
2022-07-05 15:13:47,906:INFO:Creating occupants based on data from data/dorn ...
2022-07-05 15:13:48,373:INFO:Creating zones ...
2022-07-05 15:13:48,379:INFO:Environment created!
2022-07-05 15:13:49,251:INFO:Cumulated reward: 0
2022-07-05 15:14:00,087:INFO:Creating occupants based on data from data/dorn ...
2022-07-05 15:14:00,529:INFO:Creating zones ...
2022-07-05 15:14:00,534:INFO:Environment created!
2022-07-05 15:14:01,157:INFO:Cumulated reward: 0
2022-07-05 15:14:11,842:INFO:Creating occupants based on data from data/dorn ...
2022-07-05 15:14:12,289:INFO:Creating zones ...
2022-07-05 15:14:12,295:INFO:Environment created!
2022-07-05 15:14:13,038:INFO:Cumulated reward: 0
2022-07-05 15:14:23,620:INFO:Creating occupants based on data from data/dorn ...
2022-07-05 15:14:24,070:INFO:Creating zones ...
2022-07-05 15:14:24,076:INFO:Environment created!
2022-07-05 15:14:24,927:INFO:Cumulated reward: 0
2022-07-05 15:14:35,853:INFO:Creating occupants based on data from data/dorn ...
2022-07-05 15:14:36,301:INFO:Creating zones ...
2022-07-05 15:14:36,307:INFO:Environment created!
2022-07-05 15:14:37,421:INFO:Cumulated reward: 0
2022-07-05 15:14:48,378:INFO:Creating occupants based on data from data/dorn ...
2022-07-05 15:14:48,826:INFO:Creating zones ...
2022-07-05 15:14:48,832:INFO:Environment created!
2022-07-05 15:14:49,750:INFO:Cumulated reward: 0
2022-07-05 15:15:00,190:INFO:Creating occupants based on data from data/dorn ...
2022-07-05 15:15:00,641:INFO:Creating zones ...
2022-07-05 15:15:00,647:INFO:Environment created!
2022-07-05 15:15:01,535:INFO:Cumulated reward: 0
2022-07-05 15:15:12,211:INFO:Creating occupants based on data from data/dorn ...
2022-07-05 15:15:12,681:INFO:Creating zones ...
2022-07-05 15:15:12,687:INFO:Environment created!
2022-07-05 15:15:13,588:INFO:Cumulated reward: 0
2022-07-05 15:15:24,411:INFO:Creating occupants based on data from data/dorn ...
2022-07-05 15:15:24,862:INFO:Creating zones ...
2022-07-05 15:15:24,869:INFO:Environment created!
2022-07-05 15:15:25,942:INFO:Cumulated reward: 0
2022-07-05 15:15:36,709:INFO:Creating occupants based on data from data/dorn ...
2022-07-05 15:15:37,191:INFO:Creating zones ...
2022-07-05 15:15:37,197:INFO:Environment created!
2022-07-05 15:15:38,061:INFO:Cumulated reward: 0
2022-07-05 15:15:49,090:INFO:Creating occupants based on data from data/dorn ...
2022-07-05 15:15:49,549:INFO:Creating zones ...
2022-07-05 15:15:49,555:INFO:Environment created!
2022-07-05 15:15:50,437:INFO:Cumulated reward: 0
2022-07-08 18:29:05,875:INFO:Creating occupants based on data from data/dorn ...
2022-07-08 18:29:06,409:INFO:Creating zones ...
2022-07-08 18:29:06,415:INFO:Environment created!
2022-07-08 18:29:07,660:INFO:Cumulated reward: 0
2022-07-08 18:29:21,000:INFO:Creating occupants based on data from data/dorn ...
2022-07-08 18:29:21,547:INFO:Creating zones ...
2022-07-08 18:29:21,555:INFO:Environment created!
2022-07-08 18:29:22,581:INFO:Cumulated reward: 0
2022-07-08 18:29:34,954:INFO:Creating occupants based on data from data/dorn ...
2022-07-08 18:29:35,454:INFO:Creating zones ...
2022-07-08 18:29:35,461:INFO:Environment created!
2022-07-08 18:29:36,882:INFO:Cumulated reward: 0
2022-07-08 18:29:48,972:INFO:Creating occupants based on data from data/dorn ...
2022-07-08 18:29:49,515:INFO:Creating zones ...
2022-07-08 18:29:49,521:INFO:Environment created!
2022-07-08 18:29:50,531:INFO:Cumulated reward: 0
2022-07-08 18:30:02,717:INFO:Creating occupants based on data from data/dorn ...
2022-07-08 18:30:03,220:INFO:Creating zones ...
2022-07-08 18:30:03,226:INFO:Environment created!
2022-07-08 18:30:04,283:INFO:Cumulated reward: 0
2022-07-08 18:30:16,447:INFO:Creating occupants based on data from data/dorn ...
2022-07-08 18:30:16,977:INFO:Creating zones ...
2022-07-08 18:30:16,984:INFO:Environment created!
2022-07-08 18:30:18,022:INFO:Cumulated reward: 0
2022-07-08 18:30:30,520:INFO:Creating occupants based on data from data/dorn ...
2022-07-08 18:30:31,040:INFO:Creating zones ...
2022-07-08 18:30:31,047:INFO:Environment created!
2022-07-08 18:30:32,222:INFO:Cumulated reward: 0
2022-07-08 18:30:44,632:INFO:Creating occupants based on data from data/dorn ...
2022-07-08 18:30:45,171:INFO:Creating zones ...
2022-07-08 18:30:45,178:INFO:Environment created!
2022-07-08 18:30:46,367:INFO:Cumulated reward: 0
2022-07-08 18:30:59,132:INFO:Creating occupants based on data from data/dorn ...
2022-07-08 18:30:59,646:INFO:Creating zones ...
2022-07-08 18:30:59,652:INFO:Environment created!
2022-07-08 18:31:00,942:INFO:Cumulated reward: 0
2022-07-08 18:31:13,388:INFO:Creating occupants based on data from data/dorn ...
2022-07-08 18:31:13,901:INFO:Creating zones ...
2022-07-08 18:31:13,908:INFO:Environment created!
2022-07-08 18:31:15,294:INFO:Cumulated reward: 0
2022-07-08 18:31:27,387:INFO:Creating occupants based on data from data/dorn ...
2022-07-08 18:31:27,871:INFO:Creating zones ...
2022-07-08 18:31:27,876:INFO:Environment created!
2022-07-08 18:31:29,085:INFO:Cumulated reward: 0
2022-07-08 18:31:40,958:INFO:Creating occupants based on data from data/dorn ...
2022-07-08 18:31:41,438:INFO:Creating zones ...
2022-07-08 18:31:41,443:INFO:Environment created!
2022-07-08 18:31:42,669:INFO:Cumulated reward: 0
2022-07-08 18:31:53,986:INFO:Creating occupants based on data from data/dorn ...
2022-07-08 18:31:54,459:INFO:Creating zones ...
2022-07-08 18:31:54,465:INFO:Environment created!
2022-07-08 18:31:55,338:INFO:Cumulated reward: 0
2022-07-08 18:32:06,459:INFO:Creating occupants based on data from data/dorn ...
2022-07-08 18:32:06,930:INFO:Creating zones ...
2022-07-08 18:32:06,934:INFO:Environment created!
2022-07-08 18:32:07,993:INFO:Cumulated reward: 0
2022-07-08 18:32:19,165:INFO:Creating occupants based on data from data/dorn ...
2022-07-08 18:32:19,626:INFO:Creating zones ...
2022-07-08 18:32:19,630:INFO:Environment created!
2022-07-08 18:32:20,581:INFO:Cumulated reward: 0
2022-07-08 18:32:32,329:INFO:Creating occupants based on data from data/dorn ...
2022-07-08 18:32:32,817:INFO:Creating zones ...
2022-07-08 18:32:32,823:INFO:Environment created!
2022-07-08 18:32:33,846:INFO:Cumulated reward: 0
2022-07-08 18:32:45,736:INFO:Creating occupants based on data from data/dorn ...
2022-07-08 18:32:46,218:INFO:Creating zones ...
2022-07-08 18:32:46,226:INFO:Environment created!
2022-07-08 18:32:47,196:INFO:Cumulated reward: 0
2022-07-08 18:32:58,959:INFO:Creating occupants based on data from data/dorn ...
2022-07-08 18:32:59,467:INFO:Creating zones ...
2022-07-08 18:32:59,473:INFO:Environment created!
2022-07-08 18:33:00,288:INFO:Cumulated reward: 0
2022-07-08 18:33:12,205:INFO:Creating occupants based on data from data/dorn ...
2022-07-08 18:33:12,693:INFO:Creating zones ...
2022-07-08 18:33:12,698:INFO:Environment created!
2022-07-08 18:33:13,989:INFO:Cumulated reward: 0
2022-07-08 18:33:25,174:INFO:Creating occupants based on data from data/dorn ...
2022-07-08 18:33:25,650:INFO:Creating zones ...
2022-07-08 18:33:25,655:INFO:Environment created!
2022-07-08 18:33:26,832:INFO:Cumulated reward: 0
2022-07-08 18:33:38,256:INFO:Creating occupants based on data from data/dorn ...
2022-07-08 18:33:38,755:INFO:Creating zones ...
2022-07-08 18:33:38,761:INFO:Environment created!
2022-07-08 18:33:39,650:INFO:Cumulated reward: 0
2022-07-08 18:33:51,024:INFO:Creating occupants based on data from data/dorn ...
2022-07-08 18:33:51,482:INFO:Creating zones ...
2022-07-08 18:33:51,488:INFO:Environment created!
2022-07-08 18:33:52,649:INFO:Cumulated reward: 0
2022-07-08 18:34:04,161:INFO:Creating occupants based on data from data/dorn ...
2022-07-08 18:34:04,631:INFO:Creating zones ...
2022-07-08 18:34:04,637:INFO:Environment created!
2022-07-08 18:34:05,688:INFO:Cumulated reward: 0
2022-07-08 18:34:16,886:INFO:Creating occupants based on data from data/dorn ...
2022-07-08 18:34:17,354:INFO:Creating zones ...
2022-07-08 18:34:17,360:INFO:Environment created!
2022-07-08 18:34:18,226:INFO:Cumulated reward: 0
2022-07-08 18:34:29,725:INFO:Creating occupants based on data from data/dorn ...
2022-07-08 18:34:30,211:INFO:Creating zones ...
2022-07-08 18:34:30,216:INFO:Environment created!
2022-07-08 18:34:31,279:INFO:Cumulated reward: 0
2022-07-08 18:34:42,852:INFO:Creating occupants based on data from data/dorn ...
2022-07-08 18:34:43,323:INFO:Creating zones ...
2022-07-08 18:34:43,328:INFO:Environment created!
2022-07-08 18:34:44,433:INFO:Cumulated reward: 0
2022-07-08 18:34:56,093:INFO:Creating occupants based on data from data/dorn ...
2022-07-08 18:34:56,579:INFO:Creating zones ...
2022-07-08 18:34:56,586:INFO:Environment created!
2022-07-08 18:34:57,503:INFO:Cumulated reward: 0
2022-07-08 18:35:09,171:INFO:Creating occupants based on data from data/dorn ...
2022-07-08 18:35:09,645:INFO:Creating zones ...
2022-07-08 18:35:09,650:INFO:Environment created!
2022-07-08 18:35:10,611:INFO:Cumulated reward: 0
2022-07-08 18:35:21,604:INFO:Creating occupants based on data from data/dorn ...
2022-07-08 18:35:22,078:INFO:Creating zones ...
2022-07-08 18:35:22,084:INFO:Environment created!
2022-07-08 18:35:23,027:INFO:Cumulated reward: 0
2022-07-08 18:35:34,162:INFO:Creating occupants based on data from data/dorn ...
2022-07-08 18:35:34,625:INFO:Creating zones ...
2022-07-08 18:35:34,631:INFO:Environment created!
2022-07-08 18:35:35,719:INFO:Cumulated reward: 0
2022-07-09 00:25:52,391:INFO:Creating occupants based on data from data/dorn ...
2022-07-09 00:25:52,919:INFO:Creating zones ...
2022-07-09 00:25:52,925:INFO:Environment created!
2022-07-09 00:25:54,177:INFO:Cumulated reward: 0
2022-07-09 00:26:06,625:INFO:Creating occupants based on data from data/dorn ...
2022-07-09 00:26:07,152:INFO:Creating zones ...
2022-07-09 00:26:07,157:INFO:Environment created!
2022-07-09 00:26:08,350:INFO:Cumulated reward: 0
2022-07-09 00:26:20,863:INFO:Creating occupants based on data from data/dorn ...
2022-07-09 00:26:21,375:INFO:Creating zones ...
2022-07-09 00:26:21,381:INFO:Environment created!
2022-07-09 00:26:22,671:INFO:Cumulated reward: 0
2022-07-09 00:26:36,003:INFO:Creating occupants based on data from data/dorn ...
2022-07-09 00:26:36,573:INFO:Creating zones ...
2022-07-09 00:26:36,580:INFO:Environment created!
2022-07-09 00:26:37,909:INFO:Cumulated reward: 0
2022-07-09 00:26:53,458:INFO:Creating occupants based on data from data/dorn ...
2022-07-09 00:26:54,111:INFO:Creating zones ...
2022-07-09 00:26:54,119:INFO:Environment created!
2022-07-09 00:26:55,600:INFO:Cumulated reward: 0
2022-07-09 00:27:11,388:INFO:Creating occupants based on data from data/dorn ...
2022-07-09 00:27:12,054:INFO:Creating zones ...
2022-07-09 00:27:12,061:INFO:Environment created!
2022-07-09 00:27:13,106:INFO:Cumulated reward: 0
2022-07-09 00:27:27,410:INFO:Creating occupants based on data from data/dorn ...
2022-07-09 00:27:28,026:INFO:Creating zones ...
2022-07-09 00:27:28,033:INFO:Environment created!
2022-07-09 00:27:29,627:INFO:Cumulated reward: 0
2022-07-09 00:27:43,421:INFO:Creating occupants based on data from data/dorn ...
2022-07-09 00:27:43,969:INFO:Creating zones ...
2022-07-09 00:27:43,975:INFO:Environment created!
2022-07-09 00:27:45,145:INFO:Cumulated reward: 0
2022-07-09 00:27:58,253:INFO:Creating occupants based on data from data/dorn ...
2022-07-09 00:27:58,776:INFO:Creating zones ...
2022-07-09 00:27:58,783:INFO:Environment created!
2022-07-09 00:28:00,030:INFO:Cumulated reward: 0
2022-07-09 00:28:12,669:INFO:Creating occupants based on data from data/dorn ...
2022-07-09 00:28:13,179:INFO:Creating zones ...
2022-07-09 00:28:13,185:INFO:Environment created!
2022-07-09 00:28:14,336:INFO:Cumulated reward: 0
2022-07-09 00:28:26,000:INFO:Creating occupants based on data from data/dorn ...
2022-07-09 00:28:26,468:INFO:Creating zones ...
2022-07-09 00:28:26,474:INFO:Environment created!
2022-07-09 00:28:27,455:INFO:Cumulated reward: 0
2022-07-09 00:28:38,242:INFO:Creating occupants based on data from data/dorn ...
2022-07-09 00:28:38,704:INFO:Creating zones ...
2022-07-09 00:28:38,710:INFO:Environment created!
2022-07-09 00:28:39,644:INFO:Cumulated reward: 0
2022-07-09 00:28:50,946:INFO:Creating occupants based on data from data/dorn ...
2022-07-09 00:28:51,423:INFO:Creating zones ...
2022-07-09 00:28:51,429:INFO:Environment created!
2022-07-09 00:28:52,303:INFO:Cumulated reward: 0
2022-07-09 00:29:03,501:INFO:Creating occupants based on data from data/dorn ...
2022-07-09 00:29:03,951:INFO:Creating zones ...
2022-07-09 00:29:03,957:INFO:Environment created!
2022-07-09 00:29:04,900:INFO:Cumulated reward: 0
2022-07-09 00:29:15,862:INFO:Creating occupants based on data from data/dorn ...
2022-07-09 00:29:16,316:INFO:Creating zones ...
2022-07-09 00:29:16,322:INFO:Environment created!
2022-07-09 00:29:17,294:INFO:Cumulated reward: 0
2022-07-09 00:29:28,303:INFO:Creating occupants based on data from data/dorn ...
2022-07-09 00:29:28,748:INFO:Creating zones ...
2022-07-09 00:29:28,752:INFO:Environment created!
2022-07-09 00:29:29,784:INFO:Cumulated reward: 0
2022-07-09 00:29:41,979:INFO:Creating occupants based on data from data/dorn ...
2022-07-09 00:29:42,435:INFO:Creating zones ...
2022-07-09 00:29:42,440:INFO:Environment created!
2022-07-09 00:29:43,341:INFO:Cumulated reward: 0
2022-07-09 00:29:54,619:INFO:Creating occupants based on data from data/dorn ...
2022-07-09 00:29:55,089:INFO:Creating zones ...
2022-07-09 00:29:55,096:INFO:Environment created!
2022-07-09 00:29:56,212:INFO:Cumulated reward: 0
2022-07-09 00:30:07,302:INFO:Creating occupants based on data from data/dorn ...
2022-07-09 00:30:07,768:INFO:Creating zones ...
2022-07-09 00:30:07,774:INFO:Environment created!
2022-07-09 00:30:09,140:INFO:Cumulated reward: 0
2022-07-09 00:30:20,088:INFO:Creating occupants based on data from data/dorn ...
2022-07-09 00:30:20,542:INFO:Creating zones ...
2022-07-09 00:30:20,547:INFO:Environment created!
2022-07-09 00:30:21,418:INFO:Cumulated reward: 0
2022-07-09 00:30:32,215:INFO:Creating occupants based on data from data/dorn ...
2022-07-09 00:30:32,669:INFO:Creating zones ...
2022-07-09 00:30:32,675:INFO:Environment created!
2022-07-09 00:30:33,743:INFO:Cumulated reward: 0
2022-07-09 00:30:44,423:INFO:Creating occupants based on data from data/dorn ...
2022-07-09 00:30:44,873:INFO:Creating zones ...
2022-07-09 00:30:44,879:INFO:Environment created!
2022-07-09 00:30:46,144:INFO:Cumulated reward: 0
2022-07-09 00:30:56,770:INFO:Creating occupants based on data from data/dorn ...
2022-07-09 00:30:57,230:INFO:Creating zones ...
2022-07-09 00:30:57,236:INFO:Environment created!
2022-07-09 00:30:58,163:INFO:Cumulated reward: 0
2022-07-09 00:31:09,385:INFO:Creating occupants based on data from data/dorn ...
2022-07-09 00:31:09,850:INFO:Creating zones ...
2022-07-09 00:31:09,855:INFO:Environment created!
2022-07-09 00:31:10,953:INFO:Cumulated reward: 0
2022-07-09 00:31:21,496:INFO:Creating occupants based on data from data/dorn ...
2022-07-09 00:31:21,958:INFO:Creating zones ...
2022-07-09 00:31:21,964:INFO:Environment created!
2022-07-09 00:31:23,208:INFO:Cumulated reward: 0
2022-07-09 00:31:34,445:INFO:Creating occupants based on data from data/dorn ...
2022-07-09 00:31:34,910:INFO:Creating zones ...
2022-07-09 00:31:34,916:INFO:Environment created!
2022-07-09 00:31:35,976:INFO:Cumulated reward: 0
2022-07-09 00:31:47,089:INFO:Creating occupants based on data from data/dorn ...
2022-07-09 00:31:47,538:INFO:Creating zones ...
2022-07-09 00:31:47,544:INFO:Environment created!
2022-07-09 00:31:48,548:INFO:Cumulated reward: 0
2022-07-09 00:31:59,204:INFO:Creating occupants based on data from data/dorn ...
2022-07-09 00:31:59,650:INFO:Creating zones ...
2022-07-09 00:31:59,655:INFO:Environment created!
2022-07-09 00:32:00,831:INFO:Cumulated reward: 0
2022-07-09 00:32:11,668:INFO:Creating occupants based on data from data/dorn ...
2022-07-09 00:32:12,116:INFO:Creating zones ...
2022-07-09 00:32:12,122:INFO:Environment created!
2022-07-09 00:32:13,206:INFO:Cumulated reward: 0
2022-07-09 00:32:24,093:INFO:Creating occupants based on data from data/dorn ...
2022-07-09 00:32:24,551:INFO:Creating zones ...
2022-07-09 00:32:24,556:INFO:Environment created!
2022-07-09 00:32:25,566:INFO:Cumulated reward: 0
2022-07-12 10:11:17,415:INFO:Creating occupants based on data from data/dorn ...
2022-07-12 10:11:17,892:INFO:Creating zones ...
2022-07-12 10:11:17,897:INFO:Environment created!
2022-07-12 10:11:18,800:INFO:Cumulated reward: 0
2022-07-12 10:11:29,934:INFO:Creating occupants based on data from data/dorn ...
2022-07-12 10:11:30,405:INFO:Creating zones ...
2022-07-12 10:11:30,411:INFO:Environment created!
2022-07-12 10:11:31,385:INFO:Cumulated reward: 0
2022-07-12 10:11:42,324:INFO:Creating occupants based on data from data/dorn ...
2022-07-12 10:11:42,791:INFO:Creating zones ...
2022-07-12 10:11:42,797:INFO:Environment created!
2022-07-12 10:11:43,981:INFO:Cumulated reward: 0
2022-07-12 10:11:55,309:INFO:Creating occupants based on data from data/dorn ...
2022-07-12 10:11:55,768:INFO:Creating zones ...
2022-07-12 10:11:55,774:INFO:Environment created!
2022-07-12 10:11:56,902:INFO:Cumulated reward: 0
2022-07-12 10:12:08,339:INFO:Creating occupants based on data from data/dorn ...
2022-07-12 10:12:08,821:INFO:Creating zones ...
2022-07-12 10:12:08,828:INFO:Environment created!
2022-07-12 10:12:09,705:INFO:Cumulated reward: 0
2022-07-12 10:12:20,928:INFO:Creating occupants based on data from data/dorn ...
2022-07-12 10:12:21,398:INFO:Creating zones ...
2022-07-12 10:12:21,404:INFO:Environment created!
2022-07-12 10:12:22,276:INFO:Cumulated reward: 0
2022-07-12 10:12:33,823:INFO:Creating occupants based on data from data/dorn ...
2022-07-12 10:12:34,299:INFO:Creating zones ...
2022-07-12 10:12:34,305:INFO:Environment created!
2022-07-12 10:12:34,982:INFO:Cumulated reward: 0
2022-07-12 10:12:46,321:INFO:Creating occupants based on data from data/dorn ...
2022-07-12 10:12:46,802:INFO:Creating zones ...
2022-07-12 10:12:46,809:INFO:Environment created!
2022-07-12 10:12:47,952:INFO:Cumulated reward: 0
2022-07-12 10:12:59,439:INFO:Creating occupants based on data from data/dorn ...
2022-07-12 10:12:59,910:INFO:Creating zones ...
2022-07-12 10:12:59,916:INFO:Environment created!
2022-07-12 10:13:00,829:INFO:Cumulated reward: 0
2022-07-12 10:13:12,132:INFO:Creating occupants based on data from data/dorn ...
2022-07-12 10:13:12,622:INFO:Creating zones ...
2022-07-12 10:13:12,629:INFO:Environment created!
2022-07-12 10:13:13,592:INFO:Cumulated reward: 0
2022-07-12 10:13:25,144:INFO:Creating occupants based on data from data/dorn ...
2022-07-12 10:13:25,621:INFO:Creating zones ...
2022-07-12 10:13:25,628:INFO:Environment created!
2022-07-12 10:13:26,659:INFO:Cumulated reward: 0
2022-07-12 10:13:37,945:INFO:Creating occupants based on data from data/dorn ...
2022-07-12 10:13:38,415:INFO:Creating zones ...
2022-07-12 10:13:38,421:INFO:Environment created!
2022-07-12 10:13:39,495:INFO:Cumulated reward: 0
2022-07-12 10:13:50,820:INFO:Creating occupants based on data from data/dorn ...
2022-07-12 10:13:51,305:INFO:Creating zones ...
2022-07-12 10:13:51,311:INFO:Environment created!
2022-07-12 10:13:52,281:INFO:Cumulated reward: 0
2022-07-12 10:14:03,882:INFO:Creating occupants based on data from data/dorn ...
2022-07-12 10:14:04,344:INFO:Creating zones ...
2022-07-12 10:14:04,350:INFO:Environment created!
2022-07-12 10:14:05,327:INFO:Cumulated reward: 0
2022-07-12 10:14:16,868:INFO:Creating occupants based on data from data/dorn ...
2022-07-12 10:14:17,331:INFO:Creating zones ...
2022-07-12 10:14:17,336:INFO:Environment created!
2022-07-12 10:14:18,240:INFO:Cumulated reward: 0
2022-07-12 10:14:29,173:INFO:Creating occupants based on data from data/dorn ...
2022-07-12 10:14:29,640:INFO:Creating zones ...
2022-07-12 10:14:29,645:INFO:Environment created!
2022-07-12 10:14:30,540:INFO:Cumulated reward: 0
2022-07-12 10:14:41,804:INFO:Creating occupants based on data from data/dorn ...
2022-07-12 10:14:42,274:INFO:Creating zones ...
2022-07-12 10:14:42,280:INFO:Environment created!
2022-07-12 10:14:42,984:INFO:Cumulated reward: 0
2022-07-12 10:14:54,084:INFO:Creating occupants based on data from data/dorn ...
2022-07-12 10:14:54,555:INFO:Creating zones ...
2022-07-12 10:14:54,560:INFO:Environment created!
2022-07-12 10:14:55,707:INFO:Cumulated reward: 0
2022-07-12 10:15:07,693:INFO:Creating occupants based on data from data/dorn ...
2022-07-12 10:15:08,156:INFO:Creating zones ...
2022-07-12 10:15:08,161:INFO:Environment created!
2022-07-12 10:15:09,138:INFO:Cumulated reward: 0
2022-07-12 10:15:20,627:INFO:Creating occupants based on data from data/dorn ...
2022-07-12 10:15:21,101:INFO:Creating zones ...
2022-07-12 10:15:21,107:INFO:Environment created!
2022-07-12 10:15:22,080:INFO:Cumulated reward: 0
2022-07-12 10:15:33,896:INFO:Creating occupants based on data from data/dorn ...
2022-07-12 10:15:34,353:INFO:Creating zones ...
2022-07-12 10:15:34,358:INFO:Environment created!
2022-07-12 10:15:35,579:INFO:Cumulated reward: 0
2022-07-12 10:15:46,836:INFO:Creating occupants based on data from data/dorn ...
2022-07-12 10:15:47,304:INFO:Creating zones ...
2022-07-12 10:15:47,310:INFO:Environment created!
2022-07-12 10:15:48,112:INFO:Cumulated reward: 0
2022-07-12 10:15:59,381:INFO:Creating occupants based on data from data/dorn ...
2022-07-12 10:15:59,856:INFO:Creating zones ...
2022-07-12 10:15:59,861:INFO:Environment created!
2022-07-12 10:16:00,832:INFO:Cumulated reward: 0
2022-07-12 10:16:11,994:INFO:Creating occupants based on data from data/dorn ...
2022-07-12 10:16:12,470:INFO:Creating zones ...
2022-07-12 10:16:12,475:INFO:Environment created!
2022-07-12 10:16:13,549:INFO:Cumulated reward: 0
2022-07-12 10:16:25,048:INFO:Creating occupants based on data from data/dorn ...
2022-07-12 10:16:25,517:INFO:Creating zones ...
2022-07-12 10:16:25,522:INFO:Environment created!
2022-07-12 10:16:26,541:INFO:Cumulated reward: 0
2022-07-12 10:16:38,214:INFO:Creating occupants based on data from data/dorn ...
2022-07-12 10:16:38,733:INFO:Creating zones ...
2022-07-12 10:16:38,740:INFO:Environment created!
2022-07-12 10:16:39,930:INFO:Cumulated reward: 0
2022-07-12 10:16:51,513:INFO:Creating occupants based on data from data/dorn ...
2022-07-12 10:16:52,040:INFO:Creating zones ...
2022-07-12 10:16:52,045:INFO:Environment created!
2022-07-12 10:16:52,925:INFO:Cumulated reward: 0
2022-07-12 10:17:05,058:INFO:Creating occupants based on data from data/dorn ...
2022-07-12 10:17:05,551:INFO:Creating zones ...
2022-07-12 10:17:05,557:INFO:Environment created!
2022-07-12 10:17:06,502:INFO:Cumulated reward: 0
2022-07-12 10:17:17,879:INFO:Creating occupants based on data from data/dorn ...
2022-07-12 10:17:18,337:INFO:Creating zones ...
2022-07-12 10:17:18,343:INFO:Environment created!
2022-07-12 10:17:19,467:INFO:Cumulated reward: 0
2022-07-12 10:17:30,382:INFO:Creating occupants based on data from data/dorn ...
2022-07-12 10:17:30,849:INFO:Creating zones ...
2022-07-12 10:17:30,855:INFO:Environment created!
2022-07-12 10:17:31,886:INFO:Cumulated reward: 0
