2022-04-11 16:42:10,861:INFO:Creating occupants based on data from data/dorn ...
2022-04-11 16:42:11,192:INFO:Creating zones ...
2022-04-11 16:42:11,204:INFO:Environment created!
2022-04-11 16:42:19,597:INFO:Cumulated reward: 0
2022-05-11 17:26:33,253:INFO:Creating occupants based on data from data/dorn ...
2022-05-11 17:26:33,896:INFO:Creating zones ...
2022-05-11 17:26:33,909:INFO:Environment created!
2022-05-11 17:44:44,358:INFO:Creating occupants based on data from data/dorn ...
2022-05-11 17:44:44,966:INFO:Creating zones ...
2022-05-11 17:44:44,976:INFO:Environment created!
2022-05-11 17:44:45,883:INFO:Cumulated reward: 0
2022-06-07 13:16:44,153:INFO:Creating occupants based on data from data/dorn ...
2022-06-07 13:16:44,673:INFO:Creating zones ...
2022-06-07 13:16:44,684:INFO:Environment created!
2022-06-07 13:16:45,458:INFO:Cumulated reward: 0
2022-06-07 13:45:17,216:INFO:Creating occupants based on data from data/dorn ...
2022-06-07 13:45:17,731:INFO:Creating zones ...
2022-06-07 13:45:17,744:INFO:Environment created!
2022-06-07 15:40:02,593:INFO:Creating occupants based on data from data/dorn ...
2022-06-07 15:40:03,095:INFO:Creating zones ...
2022-06-07 15:40:03,103:INFO:Environment created!
2022-06-07 15:40:04,025:INFO:Cumulated reward: 0
2022-06-07 16:04:11,122:INFO:Creating occupants based on data from data/dorn ...
2022-06-07 16:04:11,695:INFO:Creating zones ...
2022-06-07 16:04:11,706:INFO:Environment created!
2022-06-07 16:13:50,226:INFO:Creating occupants based on data from data/dorn ...
2022-06-07 16:13:50,744:INFO:Creating zones ...
2022-06-07 16:13:50,753:INFO:Environment created!
2022-06-07 16:13:51,536:INFO:Cumulated reward: 0
2022-06-07 19:27:13,201:INFO:Creating occupants based on data from data/dorn ...
2022-06-07 19:27:13,672:INFO:Creating zones ...
2022-06-07 19:27:13,682:INFO:Environment created!
2022-06-07 19:27:14,646:INFO:Cumulated reward: 0
2022-06-08 11:21:51,814:INFO:Creating occupants based on data from data/dorn ...
2022-06-08 11:21:52,346:INFO:Creating zones ...
2022-06-08 11:21:52,355:INFO:Environment created!
2022-06-08 11:21:53,352:INFO:Cumulated reward: 0
2022-06-08 13:21:56,760:INFO:Creating occupants based on data from data/dorn ...
2022-06-08 13:21:57,483:INFO:Creating zones ...
2022-06-08 13:21:57,498:INFO:Environment created!
2022-06-08 13:21:58,659:INFO:Cumulated reward: 0
2022-06-08 13:24:22,855:INFO:Creating occupants based on data from data/dorn ...
2022-06-08 13:24:23,374:INFO:Creating zones ...
2022-06-08 13:24:23,383:INFO:Environment created!
2022-06-08 13:24:24,043:INFO:Cumulated reward: 0
2022-06-09 10:13:10,136:INFO:Creating occupants based on data from data/dorn ...
2022-06-09 10:13:10,632:INFO:Creating zones ...
2022-06-09 10:13:10,642:INFO:Environment created!
2022-06-09 10:13:11,498:INFO:Cumulated reward: 0
2022-06-10 08:47:27,209:INFO:Creating occupants based on data from data/dorn ...
2022-06-10 08:47:27,704:INFO:Creating zones ...
2022-06-10 08:47:27,716:INFO:Environment created!
2022-06-10 08:47:28,517:INFO:Cumulated reward: 0
2022-06-10 08:50:16,531:INFO:Creating occupants based on data from data/dorn ...
2022-06-10 08:50:17,084:INFO:Creating zones ...
2022-06-10 08:50:17,097:INFO:Environment created!
2022-06-10 08:50:18,001:INFO:Cumulated reward: 0
2022-06-29 11:16:22,760:INFO:Creating occupants based on data from data/dorn ...
2022-06-29 11:16:23,217:INFO:Creating zones ...
2022-06-29 11:16:23,227:INFO:Environment created!
2022-06-29 11:17:09,046:INFO:Creating occupants based on data from data/dorn ...
2022-06-29 11:17:09,557:INFO:Creating zones ...
2022-06-29 11:17:09,572:INFO:Environment created!
2022-06-29 11:31:13,046:INFO:Creating occupants based on data from data/dorn ...
2022-06-29 11:31:13,553:INFO:Creating zones ...
2022-06-29 11:31:13,564:INFO:Environment created!
2022-06-29 12:07:31,632:INFO:Creating occupants based on data from data/dorn ...
2022-06-29 12:07:32,079:INFO:Creating zones ...
2022-06-29 12:07:32,089:INFO:Environment created!
2022-06-29 12:10:52,793:INFO:Creating occupants based on data from data/dorn ...
2022-06-29 12:10:53,232:INFO:Creating zones ...
2022-06-29 12:10:53,242:INFO:Environment created!
2022-06-29 12:11:03,734:INFO:Creating occupants based on data from data/dorn ...
2022-06-29 12:11:04,177:INFO:Creating zones ...
2022-06-29 12:11:04,188:INFO:Environment created!
2022-06-29 12:32:10,052:INFO:Creating occupants based on data from data/dorn ...
2022-06-29 12:32:10,491:INFO:Creating zones ...
2022-06-29 12:32:10,500:INFO:Environment created!
2022-06-29 12:44:30,231:INFO:Creating occupants based on data from data/dorn ...
2022-06-29 12:44:30,680:INFO:Creating zones ...
2022-06-29 12:44:30,689:INFO:Environment created!
2022-06-29 13:21:03,514:INFO:Creating occupants based on data from data/dorn ...
2022-06-29 13:21:03,941:INFO:Creating zones ...
2022-06-29 13:21:03,950:INFO:Environment created!
2022-06-29 13:22:10,835:INFO:Creating occupants based on data from data/dorn ...
2022-06-29 13:22:11,250:INFO:Creating zones ...
2022-06-29 13:22:11,260:INFO:Environment created!
2022-06-29 13:23:40,624:INFO:Creating occupants based on data from data/dorn ...
2022-06-29 13:23:41,036:INFO:Creating zones ...
2022-06-29 13:23:41,044:INFO:Environment created!
2022-06-29 13:54:59,928:INFO:Creating occupants based on data from data/dorn ...
2022-06-29 13:55:00,522:INFO:Creating zones ...
2022-06-29 13:55:00,536:INFO:Environment created!
2022-06-29 13:55:13,653:INFO:Creating occupants based on data from data/dorn ...
2022-06-29 13:55:14,185:INFO:Creating zones ...
2022-06-29 13:55:14,196:INFO:Environment created!
2022-06-29 13:55:26,839:INFO:Creating occupants based on data from data/dorn ...
2022-06-29 13:55:27,345:INFO:Creating zones ...
2022-06-29 13:55:27,355:INFO:Environment created!
2022-06-29 13:55:39,182:INFO:Creating occupants based on data from data/dorn ...
2022-06-29 13:55:39,655:INFO:Creating zones ...
2022-06-29 13:55:39,664:INFO:Environment created!
2022-06-29 13:55:50,726:INFO:Creating occupants based on data from data/dorn ...
2022-06-29 13:55:51,186:INFO:Creating zones ...
2022-06-29 13:55:51,196:INFO:Environment created!
2022-06-29 13:56:03,269:INFO:Creating occupants based on data from data/dorn ...
2022-06-29 13:56:03,792:INFO:Creating zones ...
2022-06-29 13:56:03,804:INFO:Environment created!
2022-06-29 13:56:17,059:INFO:Creating occupants based on data from data/dorn ...
2022-06-29 13:56:17,604:INFO:Creating zones ...
2022-06-29 13:56:17,616:INFO:Environment created!
2022-06-29 13:56:31,404:INFO:Creating occupants based on data from data/dorn ...
2022-06-29 13:56:32,025:INFO:Creating zones ...
2022-06-29 13:56:32,040:INFO:Environment created!
2022-06-29 13:56:48,188:INFO:Creating occupants based on data from data/dorn ...
2022-06-29 13:56:49,010:INFO:Creating zones ...
2022-06-29 13:56:49,025:INFO:Environment created!
2022-06-29 13:57:05,312:INFO:Creating occupants based on data from data/dorn ...
2022-06-29 13:57:05,888:INFO:Creating zones ...
2022-06-29 13:57:05,899:INFO:Environment created!
2022-06-29 13:57:19,248:INFO:Creating occupants based on data from data/dorn ...
2022-06-29 13:57:19,803:INFO:Creating zones ...
2022-06-29 13:57:19,814:INFO:Environment created!
2022-06-29 13:57:33,004:INFO:Creating occupants based on data from data/dorn ...
2022-06-29 13:57:33,594:INFO:Creating zones ...
2022-06-29 13:57:33,607:INFO:Environment created!
2022-06-29 13:57:48,634:INFO:Creating occupants based on data from data/dorn ...
2022-06-29 13:57:49,266:INFO:Creating zones ...
2022-06-29 13:57:49,278:INFO:Environment created!
2022-06-29 13:58:03,700:INFO:Creating occupants based on data from data/dorn ...
2022-06-29 13:58:04,243:INFO:Creating zones ...
2022-06-29 13:58:04,254:INFO:Environment created!
2022-06-29 13:58:16,013:INFO:Creating occupants based on data from data/dorn ...
2022-06-29 13:58:16,474:INFO:Creating zones ...
2022-06-29 13:58:16,483:INFO:Environment created!
2022-06-29 13:58:27,515:INFO:Creating occupants based on data from data/dorn ...
2022-06-29 13:58:27,957:INFO:Creating zones ...
2022-06-29 13:58:27,966:INFO:Environment created!
2022-06-29 13:58:38,644:INFO:Creating occupants based on data from data/dorn ...
2022-06-29 13:58:39,078:INFO:Creating zones ...
2022-06-29 13:58:39,087:INFO:Environment created!
2022-06-29 13:58:49,832:INFO:Creating occupants based on data from data/dorn ...
2022-06-29 13:58:50,281:INFO:Creating zones ...
2022-06-29 13:58:50,289:INFO:Environment created!
2022-06-29 13:59:00,927:INFO:Creating occupants based on data from data/dorn ...
2022-06-29 13:59:01,368:INFO:Creating zones ...
2022-06-29 13:59:01,378:INFO:Environment created!
2022-06-29 13:59:12,193:INFO:Creating occupants based on data from data/dorn ...
2022-06-29 13:59:12,648:INFO:Creating zones ...
2022-06-29 13:59:12,657:INFO:Environment created!
2022-06-29 13:59:24,103:INFO:Creating occupants based on data from data/dorn ...
2022-06-29 13:59:24,567:INFO:Creating zones ...
2022-06-29 13:59:24,577:INFO:Environment created!
2022-06-29 13:59:36,985:INFO:Creating occupants based on data from data/dorn ...
2022-06-29 13:59:37,540:INFO:Creating zones ...
2022-06-29 13:59:37,552:INFO:Environment created!
2022-06-29 13:59:51,911:INFO:Creating occupants based on data from data/dorn ...
2022-06-29 13:59:52,516:INFO:Creating zones ...
2022-06-29 13:59:52,529:INFO:Environment created!
2022-06-29 14:00:07,821:INFO:Creating occupants based on data from data/dorn ...
2022-06-29 14:00:08,437:INFO:Creating zones ...
2022-06-29 14:00:08,449:INFO:Environment created!
2022-06-29 14:00:22,432:INFO:Creating occupants based on data from data/dorn ...
2022-06-29 14:00:22,957:INFO:Creating zones ...
2022-06-29 14:00:22,967:INFO:Environment created!
2022-06-29 14:00:35,088:INFO:Creating occupants based on data from data/dorn ...
2022-06-29 14:00:35,575:INFO:Creating zones ...
2022-06-29 14:00:35,584:INFO:Environment created!
2022-06-29 14:00:47,745:INFO:Creating occupants based on data from data/dorn ...
2022-06-29 14:00:48,234:INFO:Creating zones ...
2022-06-29 14:00:48,244:INFO:Environment created!
2022-06-29 14:00:59,944:INFO:Creating occupants based on data from data/dorn ...
2022-06-29 14:01:00,438:INFO:Creating zones ...
2022-06-29 14:01:00,449:INFO:Environment created!
2022-06-29 14:01:12,399:INFO:Creating occupants based on data from data/dorn ...
2022-06-29 14:01:12,898:INFO:Creating zones ...
2022-06-29 14:01:12,908:INFO:Environment created!
2022-06-29 14:01:25,565:INFO:Creating occupants based on data from data/dorn ...
2022-06-29 14:01:26,109:INFO:Creating zones ...
2022-06-29 14:01:26,120:INFO:Environment created!
2022-07-04 17:54:48,138:INFO:Creating occupants based on data from data/dorn ...
2022-07-04 17:54:48,693:INFO:Creating zones ...
2022-07-04 17:54:48,699:INFO:Environment created!
2022-07-04 17:55:27,657:INFO:Creating occupants based on data from data/dorn ...
2022-07-04 17:55:28,166:INFO:Creating zones ...
2022-07-04 17:55:28,171:INFO:Environment created!
2022-07-04 17:55:39,859:INFO:Creating occupants based on data from data/dorn ...
2022-07-04 17:55:40,363:INFO:Creating zones ...
2022-07-04 17:55:40,368:INFO:Environment created!
2022-07-04 17:55:53,077:INFO:Creating occupants based on data from data/dorn ...
2022-07-04 17:55:53,668:INFO:Creating zones ...
2022-07-04 17:55:53,674:INFO:Environment created!
2022-07-04 17:56:08,309:INFO:Creating occupants based on data from data/dorn ...
2022-07-04 17:56:08,953:INFO:Creating zones ...
2022-07-04 17:56:08,959:INFO:Environment created!
2022-07-04 17:56:23,407:INFO:Creating occupants based on data from data/dorn ...
2022-07-04 17:56:24,065:INFO:Creating zones ...
2022-07-04 17:56:24,072:INFO:Environment created!
2022-07-04 17:56:38,592:INFO:Creating occupants based on data from data/dorn ...
2022-07-04 17:56:39,258:INFO:Creating zones ...
2022-07-04 17:56:39,264:INFO:Environment created!
2022-07-04 17:56:54,675:INFO:Creating occupants based on data from data/dorn ...
2022-07-04 17:56:55,320:INFO:Creating zones ...
2022-07-04 17:56:55,327:INFO:Environment created!
2022-07-04 17:57:12,285:INFO:Creating occupants based on data from data/dorn ...
2022-07-04 17:57:13,018:INFO:Creating zones ...
2022-07-04 17:57:13,026:INFO:Environment created!
2022-07-04 17:57:30,824:INFO:Creating occupants based on data from data/dorn ...
2022-07-04 17:57:31,586:INFO:Creating zones ...
2022-07-04 17:57:31,594:INFO:Environment created!
2022-07-04 17:57:48,860:INFO:Creating occupants based on data from data/dorn ...
2022-07-04 17:57:49,651:INFO:Creating zones ...
2022-07-04 17:57:49,660:INFO:Environment created!
2022-07-04 17:58:09,023:INFO:Creating occupants based on data from data/dorn ...
2022-07-04 17:58:09,951:INFO:Creating zones ...
2022-07-04 17:58:09,961:INFO:Environment created!
2022-07-04 17:58:28,302:INFO:Creating occupants based on data from data/dorn ...
2022-07-04 17:58:29,053:INFO:Creating zones ...
2022-07-04 17:58:29,061:INFO:Environment created!
2022-07-04 17:58:45,771:INFO:Creating occupants based on data from data/dorn ...
2022-07-04 17:58:46,410:INFO:Creating zones ...
2022-07-04 17:58:46,416:INFO:Environment created!
2022-07-04 17:59:00,594:INFO:Creating occupants based on data from data/dorn ...
2022-07-04 17:59:01,163:INFO:Creating zones ...
2022-07-04 17:59:01,169:INFO:Environment created!
2022-07-04 17:59:14,439:INFO:Creating occupants based on data from data/dorn ...
2022-07-04 17:59:15,002:INFO:Creating zones ...
2022-07-04 17:59:15,008:INFO:Environment created!
2022-07-04 17:59:28,211:INFO:Creating occupants based on data from data/dorn ...
2022-07-04 17:59:28,772:INFO:Creating zones ...
2022-07-04 17:59:28,778:INFO:Environment created!
2022-07-04 17:59:41,831:INFO:Creating occupants based on data from data/dorn ...
2022-07-04 17:59:42,395:INFO:Creating zones ...
2022-07-04 17:59:42,400:INFO:Environment created!
2022-07-04 17:59:55,787:INFO:Creating occupants based on data from data/dorn ...
2022-07-04 17:59:56,353:INFO:Creating zones ...
2022-07-04 17:59:56,359:INFO:Environment created!
2022-07-04 18:00:09,712:INFO:Creating occupants based on data from data/dorn ...
2022-07-04 18:00:10,275:INFO:Creating zones ...
2022-07-04 18:00:10,281:INFO:Environment created!
2022-07-04 18:00:23,692:INFO:Creating occupants based on data from data/dorn ...
2022-07-04 18:00:24,264:INFO:Creating zones ...
2022-07-04 18:00:24,270:INFO:Environment created!
2022-07-04 18:00:36,967:INFO:Creating occupants based on data from data/dorn ...
2022-07-04 18:00:37,525:INFO:Creating zones ...
2022-07-04 18:00:37,531:INFO:Environment created!
2022-07-04 18:00:50,935:INFO:Creating occupants based on data from data/dorn ...
2022-07-04 18:00:51,503:INFO:Creating zones ...
2022-07-04 18:00:51,509:INFO:Environment created!
2022-07-04 18:01:04,381:INFO:Creating occupants based on data from data/dorn ...
2022-07-04 18:01:04,926:INFO:Creating zones ...
2022-07-04 18:01:04,932:INFO:Environment created!
2022-07-04 18:01:17,917:INFO:Creating occupants based on data from data/dorn ...
2022-07-04 18:01:18,454:INFO:Creating zones ...
2022-07-04 18:01:18,460:INFO:Environment created!
2022-07-04 18:01:30,811:INFO:Creating occupants based on data from data/dorn ...
2022-07-04 18:01:31,360:INFO:Creating zones ...
2022-07-04 18:01:31,366:INFO:Environment created!
2022-07-04 18:01:44,264:INFO:Creating occupants based on data from data/dorn ...
2022-07-04 18:01:44,833:INFO:Creating zones ...
2022-07-04 18:01:44,839:INFO:Environment created!
2022-07-04 18:01:58,564:INFO:Creating occupants based on data from data/dorn ...
2022-07-04 18:01:59,122:INFO:Creating zones ...
2022-07-04 18:01:59,128:INFO:Environment created!
2022-07-04 18:02:12,255:INFO:Creating occupants based on data from data/dorn ...
2022-07-04 18:02:12,831:INFO:Creating zones ...
2022-07-04 18:02:12,837:INFO:Environment created!
2022-07-04 18:02:26,190:INFO:Creating occupants based on data from data/dorn ...
2022-07-04 18:02:26,755:INFO:Creating zones ...
2022-07-04 18:02:26,761:INFO:Environment created!
2022-07-04 18:02:39,722:INFO:Creating occupants based on data from data/dorn ...
2022-07-04 18:02:40,260:INFO:Creating zones ...
2022-07-04 18:02:40,266:INFO:Environment created!
2022-07-04 19:01:01,552:INFO:Creating occupants based on data from data/dorn ...
2022-07-04 19:01:02,010:INFO:Creating zones ...
2022-07-04 19:01:02,015:INFO:Environment created!
2022-07-04 19:01:12,695:INFO:Creating occupants based on data from data/dorn ...
2022-07-04 19:01:13,151:INFO:Creating zones ...
2022-07-04 19:01:13,155:INFO:Environment created!
2022-07-04 19:01:25,109:INFO:Creating occupants based on data from data/dorn ...
2022-07-04 19:01:25,591:INFO:Creating zones ...
2022-07-04 19:01:25,596:INFO:Environment created!
2022-07-04 19:01:38,807:INFO:Creating occupants based on data from data/dorn ...
2022-07-04 19:01:39,396:INFO:Creating zones ...
2022-07-04 19:01:39,402:INFO:Environment created!
2022-07-04 19:01:53,216:INFO:Creating occupants based on data from data/dorn ...
2022-07-04 19:01:53,801:INFO:Creating zones ...
2022-07-04 19:01:53,806:INFO:Environment created!
2022-07-04 19:02:08,745:INFO:Creating occupants based on data from data/dorn ...
2022-07-04 19:02:09,400:INFO:Creating zones ...
2022-07-04 19:02:09,407:INFO:Environment created!
2022-07-04 19:02:25,757:INFO:Creating occupants based on data from data/dorn ...
2022-07-04 19:02:26,440:INFO:Creating zones ...
2022-07-04 19:02:26,447:INFO:Environment created!
2022-07-04 19:02:40,322:INFO:Creating occupants based on data from data/dorn ...
2022-07-04 19:02:40,835:INFO:Creating zones ...
2022-07-04 19:02:40,841:INFO:Environment created!
2022-07-04 19:02:52,462:INFO:Creating occupants based on data from data/dorn ...
2022-07-04 19:02:52,919:INFO:Creating zones ...
2022-07-04 19:02:52,924:INFO:Environment created!
2022-07-04 19:03:03,537:INFO:Creating occupants based on data from data/dorn ...
2022-07-04 19:03:03,981:INFO:Creating zones ...
2022-07-04 19:03:03,985:INFO:Environment created!
2022-07-04 19:03:14,562:INFO:Creating occupants based on data from data/dorn ...
2022-07-04 19:03:15,009:INFO:Creating zones ...
2022-07-04 19:03:15,014:INFO:Environment created!
2022-07-04 19:03:25,830:INFO:Creating occupants based on data from data/dorn ...
2022-07-04 19:03:26,279:INFO:Creating zones ...
2022-07-04 19:03:26,284:INFO:Environment created!
2022-07-04 19:03:37,198:INFO:Creating occupants based on data from data/dorn ...
2022-07-04 19:03:37,652:INFO:Creating zones ...
2022-07-04 19:03:37,657:INFO:Environment created!
2022-07-04 19:03:48,268:INFO:Creating occupants based on data from data/dorn ...
2022-07-04 19:03:48,718:INFO:Creating zones ...
2022-07-04 19:03:48,723:INFO:Environment created!
2022-07-04 19:04:00,372:INFO:Creating occupants based on data from data/dorn ...
2022-07-04 19:04:00,866:INFO:Creating zones ...
2022-07-04 19:04:00,871:INFO:Environment created!
2022-07-04 19:04:14,683:INFO:Creating occupants based on data from data/dorn ...
2022-07-04 19:04:15,283:INFO:Creating zones ...
2022-07-04 19:04:15,289:INFO:Environment created!
2022-07-04 19:04:29,936:INFO:Creating occupants based on data from data/dorn ...
2022-07-04 19:04:30,564:INFO:Creating zones ...
2022-07-04 19:04:30,570:INFO:Environment created!
2022-07-04 19:04:45,242:INFO:Creating occupants based on data from data/dorn ...
2022-07-04 19:04:45,925:INFO:Creating zones ...
2022-07-04 19:04:45,932:INFO:Environment created!
2022-07-04 19:05:00,730:INFO:Creating occupants based on data from data/dorn ...
2022-07-04 19:05:01,293:INFO:Creating zones ...
2022-07-04 19:05:01,299:INFO:Environment created!
2022-07-04 19:05:13,834:INFO:Creating occupants based on data from data/dorn ...
2022-07-04 19:05:14,356:INFO:Creating zones ...
2022-07-04 19:05:14,362:INFO:Environment created!
2022-07-04 19:05:26,899:INFO:Creating occupants based on data from data/dorn ...
2022-07-04 19:05:27,427:INFO:Creating zones ...
2022-07-04 19:05:27,433:INFO:Environment created!
2022-07-04 19:05:39,139:INFO:Creating occupants based on data from data/dorn ...
2022-07-04 19:05:39,601:INFO:Creating zones ...
2022-07-04 19:05:39,606:INFO:Environment created!
2022-07-04 19:05:50,009:INFO:Creating occupants based on data from data/dorn ...
2022-07-04 19:05:50,438:INFO:Creating zones ...
2022-07-04 19:05:50,442:INFO:Environment created!
2022-07-04 19:06:00,060:INFO:Creating occupants based on data from data/dorn ...
2022-07-04 19:06:00,498:INFO:Creating zones ...
2022-07-04 19:06:00,503:INFO:Environment created!
2022-07-04 19:06:10,492:INFO:Creating occupants based on data from data/dorn ...
2022-07-04 19:06:10,915:INFO:Creating zones ...
2022-07-04 19:06:10,920:INFO:Environment created!
2022-07-04 19:06:21,087:INFO:Creating occupants based on data from data/dorn ...
2022-07-04 19:06:21,510:INFO:Creating zones ...
2022-07-04 19:06:21,514:INFO:Environment created!
2022-07-04 19:06:31,302:INFO:Creating occupants based on data from data/dorn ...
2022-07-04 19:06:31,724:INFO:Creating zones ...
2022-07-04 19:06:31,729:INFO:Environment created!
2022-07-04 19:06:41,634:INFO:Creating occupants based on data from data/dorn ...
2022-07-04 19:06:42,052:INFO:Creating zones ...
2022-07-04 19:06:42,056:INFO:Environment created!
2022-07-04 19:06:51,685:INFO:Creating occupants based on data from data/dorn ...
2022-07-04 19:06:52,101:INFO:Creating zones ...
2022-07-04 19:06:52,105:INFO:Environment created!
2022-07-04 19:07:02,108:INFO:Creating occupants based on data from data/dorn ...
2022-07-04 19:07:02,535:INFO:Creating zones ...
2022-07-04 19:07:02,540:INFO:Environment created!
2022-07-05 13:54:17,533:INFO:Creating occupants based on data from data/dorn ...
2022-07-05 13:54:17,940:INFO:Creating zones ...
2022-07-05 13:54:17,946:INFO:Environment created!
2022-07-05 13:54:28,705:INFO:Creating occupants based on data from data/dorn ...
2022-07-05 13:54:29,122:INFO:Creating zones ...
2022-07-05 13:54:29,127:INFO:Environment created!
2022-07-05 13:54:39,434:INFO:Creating occupants based on data from data/dorn ...
2022-07-05 13:54:39,863:INFO:Creating zones ...
2022-07-05 13:54:39,888:INFO:Environment created!
2022-07-05 13:54:50,623:INFO:Creating occupants based on data from data/dorn ...
2022-07-05 13:54:51,059:INFO:Creating zones ...
2022-07-05 13:54:51,063:INFO:Environment created!
2022-07-05 13:55:01,737:INFO:Creating occupants based on data from data/dorn ...
2022-07-05 13:55:02,203:INFO:Creating zones ...
2022-07-05 13:55:02,208:INFO:Environment created!
2022-07-05 13:55:13,674:INFO:Creating occupants based on data from data/dorn ...
2022-07-05 13:55:14,124:INFO:Creating zones ...
2022-07-05 13:55:14,128:INFO:Environment created!
2022-07-05 13:55:25,312:INFO:Creating occupants based on data from data/dorn ...
2022-07-05 13:55:25,757:INFO:Creating zones ...
2022-07-05 13:55:25,762:INFO:Environment created!
2022-07-05 13:55:36,591:INFO:Creating occupants based on data from data/dorn ...
2022-07-05 13:55:37,046:INFO:Creating zones ...
2022-07-05 13:55:37,051:INFO:Environment created!
2022-07-05 13:55:48,165:INFO:Creating occupants based on data from data/dorn ...
2022-07-05 13:55:48,616:INFO:Creating zones ...
2022-07-05 13:55:48,621:INFO:Environment created!
2022-07-05 13:55:59,965:INFO:Creating occupants based on data from data/dorn ...
2022-07-05 13:56:00,411:INFO:Creating zones ...
2022-07-05 13:56:00,416:INFO:Environment created!
2022-07-05 13:56:11,279:INFO:Creating occupants based on data from data/dorn ...
2022-07-05 13:56:11,726:INFO:Creating zones ...
2022-07-05 13:56:11,730:INFO:Environment created!
2022-07-05 13:56:22,684:INFO:Creating occupants based on data from data/dorn ...
2022-07-05 13:56:23,138:INFO:Creating zones ...
2022-07-05 13:56:23,143:INFO:Environment created!
2022-07-05 13:56:33,949:INFO:Creating occupants based on data from data/dorn ...
2022-07-05 13:56:34,399:INFO:Creating zones ...
2022-07-05 13:56:34,404:INFO:Environment created!
2022-07-05 13:56:45,458:INFO:Creating occupants based on data from data/dorn ...
2022-07-05 13:56:45,911:INFO:Creating zones ...
2022-07-05 13:56:45,916:INFO:Environment created!
2022-07-05 13:56:57,062:INFO:Creating occupants based on data from data/dorn ...
2022-07-05 13:56:57,516:INFO:Creating zones ...
2022-07-05 13:56:57,521:INFO:Environment created!
2022-07-05 13:57:08,781:INFO:Creating occupants based on data from data/dorn ...
2022-07-05 13:57:09,230:INFO:Creating zones ...
2022-07-05 13:57:09,234:INFO:Environment created!
2022-07-05 13:57:20,105:INFO:Creating occupants based on data from data/dorn ...
2022-07-05 13:57:20,548:INFO:Creating zones ...
2022-07-05 13:57:20,553:INFO:Environment created!
2022-07-05 13:57:31,851:INFO:Creating occupants based on data from data/dorn ...
2022-07-05 13:57:32,306:INFO:Creating zones ...
2022-07-05 13:57:32,311:INFO:Environment created!
2022-07-05 13:57:43,489:INFO:Creating occupants based on data from data/dorn ...
2022-07-05 13:57:43,958:INFO:Creating zones ...
2022-07-05 13:57:43,963:INFO:Environment created!
2022-07-05 13:57:55,985:INFO:Creating occupants based on data from data/dorn ...
2022-07-05 13:57:56,455:INFO:Creating zones ...
2022-07-05 13:57:56,460:INFO:Environment created!
2022-07-05 13:58:08,000:INFO:Creating occupants based on data from data/dorn ...
2022-07-05 13:58:08,455:INFO:Creating zones ...
2022-07-05 13:58:08,460:INFO:Environment created!
2022-07-05 13:58:19,779:INFO:Creating occupants based on data from data/dorn ...
2022-07-05 13:58:20,243:INFO:Creating zones ...
2022-07-05 13:58:20,247:INFO:Environment created!
2022-07-05 13:58:31,403:INFO:Creating occupants based on data from data/dorn ...
2022-07-05 13:58:31,860:INFO:Creating zones ...
2022-07-05 13:58:31,864:INFO:Environment created!
2022-07-05 13:58:43,410:INFO:Creating occupants based on data from data/dorn ...
2022-07-05 13:58:43,874:INFO:Creating zones ...
2022-07-05 13:58:43,878:INFO:Environment created!
2022-07-05 13:58:55,125:INFO:Creating occupants based on data from data/dorn ...
2022-07-05 13:58:55,597:INFO:Creating zones ...
2022-07-05 13:58:55,602:INFO:Environment created!
2022-07-05 13:59:07,604:INFO:Creating occupants based on data from data/dorn ...
2022-07-05 13:59:08,077:INFO:Creating zones ...
2022-07-05 13:59:08,082:INFO:Environment created!
2022-07-05 13:59:20,100:INFO:Creating occupants based on data from data/dorn ...
2022-07-05 13:59:20,558:INFO:Creating zones ...
2022-07-05 13:59:20,563:INFO:Environment created!
2022-07-05 13:59:31,853:INFO:Creating occupants based on data from data/dorn ...
2022-07-05 13:59:32,311:INFO:Creating zones ...
2022-07-05 13:59:32,317:INFO:Environment created!
2022-07-05 13:59:44,168:INFO:Creating occupants based on data from data/dorn ...
2022-07-05 13:59:44,691:INFO:Creating zones ...
2022-07-05 13:59:44,697:INFO:Environment created!
2022-07-05 13:59:56,614:INFO:Creating occupants based on data from data/dorn ...
2022-07-05 13:59:57,069:INFO:Creating zones ...
2022-07-05 13:59:57,074:INFO:Environment created!
2022-07-05 14:24:48,512:INFO:Creating occupants based on data from data/dorn ...
2022-07-05 14:24:48,997:INFO:Creating zones ...
2022-07-05 14:24:49,002:INFO:Environment created!
2022-07-05 14:25:00,443:INFO:Creating occupants based on data from data/dorn ...
2022-07-05 14:25:00,905:INFO:Creating zones ...
2022-07-05 14:25:00,910:INFO:Environment created!
2022-07-05 14:25:11,931:INFO:Creating occupants based on data from data/dorn ...
2022-07-05 14:25:12,383:INFO:Creating zones ...
2022-07-05 14:25:12,388:INFO:Environment created!
2022-07-05 14:25:23,392:INFO:Creating occupants based on data from data/dorn ...
2022-07-05 14:25:23,834:INFO:Creating zones ...
2022-07-05 14:25:23,839:INFO:Environment created!
2022-07-05 14:25:34,822:INFO:Creating occupants based on data from data/dorn ...
2022-07-05 14:25:35,275:INFO:Creating zones ...
2022-07-05 14:25:35,280:INFO:Environment created!
2022-07-05 14:25:46,288:INFO:Creating occupants based on data from data/dorn ...
2022-07-05 14:25:46,740:INFO:Creating zones ...
2022-07-05 14:25:46,745:INFO:Environment created!
2022-07-05 14:25:58,067:INFO:Creating occupants based on data from data/dorn ...
2022-07-05 14:25:58,519:INFO:Creating zones ...
2022-07-05 14:25:58,524:INFO:Environment created!
2022-07-05 14:26:09,853:INFO:Creating occupants based on data from data/dorn ...
2022-07-05 14:26:10,310:INFO:Creating zones ...
2022-07-05 14:26:10,314:INFO:Environment created!
2022-07-05 14:26:21,496:INFO:Creating occupants based on data from data/dorn ...
2022-07-05 14:26:21,952:INFO:Creating zones ...
2022-07-05 14:26:21,957:INFO:Environment created!
2022-07-05 14:26:32,808:INFO:Creating occupants based on data from data/dorn ...
2022-07-05 14:26:33,265:INFO:Creating zones ...
2022-07-05 14:26:33,270:INFO:Environment created!
2022-07-05 14:26:44,408:INFO:Creating occupants based on data from data/dorn ...
2022-07-05 14:26:44,863:INFO:Creating zones ...
2022-07-05 14:26:44,868:INFO:Environment created!
2022-07-05 14:26:55,786:INFO:Creating occupants based on data from data/dorn ...
2022-07-05 14:26:56,243:INFO:Creating zones ...
2022-07-05 14:26:56,248:INFO:Environment created!
2022-07-05 14:27:07,603:INFO:Creating occupants based on data from data/dorn ...
2022-07-05 14:27:08,073:INFO:Creating zones ...
2022-07-05 14:27:08,079:INFO:Environment created!
2022-07-05 14:27:20,261:INFO:Creating occupants based on data from data/dorn ...
2022-07-05 14:27:20,758:INFO:Creating zones ...
2022-07-05 14:27:20,763:INFO:Environment created!
2022-07-05 14:27:32,805:INFO:Creating occupants based on data from data/dorn ...
2022-07-05 14:27:33,284:INFO:Creating zones ...
2022-07-05 14:27:33,289:INFO:Environment created!
2022-07-05 14:27:45,537:INFO:Creating occupants based on data from data/dorn ...
2022-07-05 14:27:45,996:INFO:Creating zones ...
2022-07-05 14:27:46,001:INFO:Environment created!
2022-07-05 14:27:57,241:INFO:Creating occupants based on data from data/dorn ...
2022-07-05 14:27:57,689:INFO:Creating zones ...
2022-07-05 14:27:57,694:INFO:Environment created!
2022-07-05 14:28:09,002:INFO:Creating occupants based on data from data/dorn ...
2022-07-05 14:28:09,463:INFO:Creating zones ...
2022-07-05 14:28:09,469:INFO:Environment created!
2022-07-05 14:28:20,927:INFO:Creating occupants based on data from data/dorn ...
2022-07-05 14:28:21,373:INFO:Creating zones ...
2022-07-05 14:28:21,379:INFO:Environment created!
2022-07-05 14:28:32,334:INFO:Creating occupants based on data from data/dorn ...
2022-07-05 14:28:32,814:INFO:Creating zones ...
2022-07-05 14:28:32,819:INFO:Environment created!
2022-07-05 14:28:44,270:INFO:Creating occupants based on data from data/dorn ...
2022-07-05 14:28:44,747:INFO:Creating zones ...
2022-07-05 14:28:44,752:INFO:Environment created!
2022-07-05 14:28:55,828:INFO:Creating occupants based on data from data/dorn ...
2022-07-05 14:28:56,292:INFO:Creating zones ...
2022-07-05 14:28:56,297:INFO:Environment created!
2022-07-05 14:29:07,858:INFO:Creating occupants based on data from data/dorn ...
2022-07-05 14:29:08,314:INFO:Creating zones ...
2022-07-05 14:29:08,319:INFO:Environment created!
2022-07-05 14:29:19,155:INFO:Creating occupants based on data from data/dorn ...
2022-07-05 14:29:19,605:INFO:Creating zones ...
2022-07-05 14:29:19,610:INFO:Environment created!
2022-07-05 14:29:30,255:INFO:Creating occupants based on data from data/dorn ...
2022-07-05 14:29:30,707:INFO:Creating zones ...
2022-07-05 14:29:30,712:INFO:Environment created!
2022-07-05 14:29:42,045:INFO:Creating occupants based on data from data/dorn ...
2022-07-05 14:29:42,497:INFO:Creating zones ...
2022-07-05 14:29:42,501:INFO:Environment created!
2022-07-05 14:29:53,743:INFO:Creating occupants based on data from data/dorn ...
2022-07-05 14:29:54,199:INFO:Creating zones ...
2022-07-05 14:29:54,203:INFO:Environment created!
2022-07-05 14:30:05,474:INFO:Creating occupants based on data from data/dorn ...
2022-07-05 14:30:05,928:INFO:Creating zones ...
2022-07-05 14:30:05,933:INFO:Environment created!
2022-07-05 14:30:17,341:INFO:Creating occupants based on data from data/dorn ...
2022-07-05 14:30:17,800:INFO:Creating zones ...
2022-07-05 14:30:17,806:INFO:Environment created!
2022-07-05 14:30:28,890:INFO:Creating occupants based on data from data/dorn ...
2022-07-05 14:30:29,342:INFO:Creating zones ...
2022-07-05 14:30:29,348:INFO:Environment created!
2022-07-05 14:34:07,308:INFO:Creating occupants based on data from data/dorn ...
2022-07-05 14:34:07,765:INFO:Creating zones ...
2022-07-05 14:34:07,770:INFO:Environment created!
2022-07-05 14:34:18,953:INFO:Creating occupants based on data from data/dorn ...
2022-07-05 14:34:19,404:INFO:Creating zones ...
2022-07-05 14:34:19,410:INFO:Environment created!
2022-07-05 14:34:30,598:INFO:Creating occupants based on data from data/dorn ...
2022-07-05 14:34:31,056:INFO:Creating zones ...
2022-07-05 14:34:31,060:INFO:Environment created!
2022-07-05 14:34:42,516:INFO:Creating occupants based on data from data/dorn ...
2022-07-05 14:34:42,966:INFO:Creating zones ...
2022-07-05 14:34:42,972:INFO:Environment created!
2022-07-05 14:34:54,358:INFO:Creating occupants based on data from data/dorn ...
2022-07-05 14:34:54,835:INFO:Creating zones ...
2022-07-05 14:34:54,840:INFO:Environment created!
2022-07-05 14:35:05,824:INFO:Creating occupants based on data from data/dorn ...
2022-07-05 14:35:06,272:INFO:Creating zones ...
2022-07-05 14:35:06,276:INFO:Environment created!
2022-07-05 14:35:17,247:INFO:Creating occupants based on data from data/dorn ...
2022-07-05 14:35:17,690:INFO:Creating zones ...
2022-07-05 14:35:17,695:INFO:Environment created!
2022-07-05 14:35:28,875:INFO:Creating occupants based on data from data/dorn ...
2022-07-05 14:35:29,317:INFO:Creating zones ...
2022-07-05 14:35:29,322:INFO:Environment created!
2022-07-05 14:35:40,194:INFO:Creating occupants based on data from data/dorn ...
2022-07-05 14:35:40,651:INFO:Creating zones ...
2022-07-05 14:35:40,656:INFO:Environment created!
2022-07-05 14:35:51,901:INFO:Creating occupants based on data from data/dorn ...
2022-07-05 14:35:52,358:INFO:Creating zones ...
2022-07-05 14:35:52,362:INFO:Environment created!
2022-07-05 14:36:03,734:INFO:Creating occupants based on data from data/dorn ...
2022-07-05 14:36:04,189:INFO:Creating zones ...
2022-07-05 14:36:04,194:INFO:Environment created!
2022-07-05 14:36:15,822:INFO:Creating occupants based on data from data/dorn ...
2022-07-05 14:36:16,279:INFO:Creating zones ...
2022-07-05 14:36:16,284:INFO:Environment created!
2022-07-05 14:36:27,487:INFO:Creating occupants based on data from data/dorn ...
2022-07-05 14:36:27,951:INFO:Creating zones ...
2022-07-05 14:36:27,956:INFO:Environment created!
2022-07-05 14:36:39,305:INFO:Creating occupants based on data from data/dorn ...
2022-07-05 14:36:39,779:INFO:Creating zones ...
2022-07-05 14:36:39,785:INFO:Environment created!
2022-07-05 14:36:50,824:INFO:Creating occupants based on data from data/dorn ...
2022-07-05 14:36:51,280:INFO:Creating zones ...
2022-07-05 14:36:51,285:INFO:Environment created!
2022-07-05 14:37:02,591:INFO:Creating occupants based on data from data/dorn ...
2022-07-05 14:37:03,057:INFO:Creating zones ...
2022-07-05 14:37:03,062:INFO:Environment created!
2022-07-05 14:37:14,994:INFO:Creating occupants based on data from data/dorn ...
2022-07-05 14:37:15,446:INFO:Creating zones ...
2022-07-05 14:37:15,451:INFO:Environment created!
2022-07-05 14:37:27,057:INFO:Creating occupants based on data from data/dorn ...
2022-07-05 14:37:27,511:INFO:Creating zones ...
2022-07-05 14:37:27,516:INFO:Environment created!
2022-07-05 14:37:39,166:INFO:Creating occupants based on data from data/dorn ...
2022-07-05 14:37:39,636:INFO:Creating zones ...
2022-07-05 14:37:39,641:INFO:Environment created!
2022-07-05 14:37:51,537:INFO:Creating occupants based on data from data/dorn ...
2022-07-05 14:37:52,027:INFO:Creating zones ...
2022-07-05 14:37:52,033:INFO:Environment created!
2022-07-05 14:38:04,180:INFO:Creating occupants based on data from data/dorn ...
2022-07-05 14:38:04,660:INFO:Creating zones ...
2022-07-05 14:38:04,665:INFO:Environment created!
2022-07-05 14:38:15,838:INFO:Creating occupants based on data from data/dorn ...
2022-07-05 14:38:16,291:INFO:Creating zones ...
2022-07-05 14:38:16,296:INFO:Environment created!
2022-07-05 14:38:27,876:INFO:Creating occupants based on data from data/dorn ...
2022-07-05 14:38:28,361:INFO:Creating zones ...
2022-07-05 14:38:28,366:INFO:Environment created!
2022-07-05 14:38:39,846:INFO:Creating occupants based on data from data/dorn ...
2022-07-05 14:38:40,320:INFO:Creating zones ...
2022-07-05 14:38:40,325:INFO:Environment created!
2022-07-05 14:38:51,678:INFO:Creating occupants based on data from data/dorn ...
2022-07-05 14:38:52,129:INFO:Creating zones ...
2022-07-05 14:38:52,134:INFO:Environment created!
2022-07-05 14:39:03,355:INFO:Creating occupants based on data from data/dorn ...
2022-07-05 14:39:03,813:INFO:Creating zones ...
2022-07-05 14:39:03,818:INFO:Environment created!
2022-07-05 14:39:15,290:INFO:Creating occupants based on data from data/dorn ...
2022-07-05 14:39:15,747:INFO:Creating zones ...
2022-07-05 14:39:15,752:INFO:Environment created!
2022-07-05 14:39:26,657:INFO:Creating occupants based on data from data/dorn ...
2022-07-05 14:39:27,107:INFO:Creating zones ...
2022-07-05 14:39:27,112:INFO:Environment created!
2022-07-05 14:39:38,365:INFO:Creating occupants based on data from data/dorn ...
2022-07-05 14:39:38,824:INFO:Creating zones ...
2022-07-05 14:39:38,830:INFO:Environment created!
2022-07-05 14:39:50,195:INFO:Creating occupants based on data from data/dorn ...
2022-07-05 14:39:50,644:INFO:Creating zones ...
2022-07-05 14:39:50,649:INFO:Environment created!
2022-07-05 14:51:47,640:INFO:Creating occupants based on data from data/dorn ...
2022-07-05 14:51:48,077:INFO:Creating zones ...
2022-07-05 14:51:48,082:INFO:Environment created!
2022-07-05 14:51:58,830:INFO:Creating occupants based on data from data/dorn ...
2022-07-05 14:51:59,264:INFO:Creating zones ...
2022-07-05 14:51:59,268:INFO:Environment created!
2022-07-05 14:52:09,940:INFO:Creating occupants based on data from data/dorn ...
2022-07-05 14:52:10,423:INFO:Creating zones ...
2022-07-05 14:52:10,429:INFO:Environment created!
2022-07-05 14:52:21,349:INFO:Creating occupants based on data from data/dorn ...
2022-07-05 14:52:21,776:INFO:Creating zones ...
2022-07-05 14:52:21,781:INFO:Environment created!
2022-07-05 14:52:32,505:INFO:Creating occupants based on data from data/dorn ...
2022-07-05 14:52:32,940:INFO:Creating zones ...
2022-07-05 14:52:32,944:INFO:Environment created!
2022-07-05 14:52:43,621:INFO:Creating occupants based on data from data/dorn ...
2022-07-05 14:52:44,071:INFO:Creating zones ...
2022-07-05 14:52:44,075:INFO:Environment created!
2022-07-05 14:52:54,977:INFO:Creating occupants based on data from data/dorn ...
2022-07-05 14:52:55,460:INFO:Creating zones ...
2022-07-05 14:52:55,464:INFO:Environment created!
2022-07-05 14:53:06,384:INFO:Creating occupants based on data from data/dorn ...
2022-07-05 14:53:06,820:INFO:Creating zones ...
2022-07-05 14:53:06,824:INFO:Environment created!
2022-07-05 14:53:17,707:INFO:Creating occupants based on data from data/dorn ...
2022-07-05 14:53:18,163:INFO:Creating zones ...
2022-07-05 14:53:18,168:INFO:Environment created!
2022-07-05 14:53:29,100:INFO:Creating occupants based on data from data/dorn ...
2022-07-05 14:53:29,560:INFO:Creating zones ...
2022-07-05 14:53:29,564:INFO:Environment created!
2022-07-05 14:53:40,630:INFO:Creating occupants based on data from data/dorn ...
2022-07-05 14:53:41,064:INFO:Creating zones ...
2022-07-05 14:53:41,069:INFO:Environment created!
2022-07-05 14:53:51,459:INFO:Creating occupants based on data from data/dorn ...
2022-07-05 14:53:51,894:INFO:Creating zones ...
2022-07-05 14:53:51,900:INFO:Environment created!
2022-07-05 14:54:02,690:INFO:Creating occupants based on data from data/dorn ...
2022-07-05 14:54:03,130:INFO:Creating zones ...
2022-07-05 14:54:03,134:INFO:Environment created!
2022-07-05 14:54:13,964:INFO:Creating occupants based on data from data/dorn ...
2022-07-05 14:54:14,407:INFO:Creating zones ...
2022-07-05 14:54:14,411:INFO:Environment created!
2022-07-05 14:54:24,723:INFO:Creating occupants based on data from data/dorn ...
2022-07-05 14:54:25,166:INFO:Creating zones ...
2022-07-05 14:54:25,170:INFO:Environment created!
2022-07-05 14:54:35,702:INFO:Creating occupants based on data from data/dorn ...
2022-07-05 14:54:36,163:INFO:Creating zones ...
2022-07-05 14:54:36,169:INFO:Environment created!
2022-07-05 14:54:47,134:INFO:Creating occupants based on data from data/dorn ...
2022-07-05 14:54:47,577:INFO:Creating zones ...
2022-07-05 14:54:47,581:INFO:Environment created!
2022-07-05 14:54:58,308:INFO:Creating occupants based on data from data/dorn ...
2022-07-05 14:54:58,750:INFO:Creating zones ...
2022-07-05 14:54:58,755:INFO:Environment created!
2022-07-05 14:55:09,572:INFO:Creating occupants based on data from data/dorn ...
2022-07-05 14:55:10,012:INFO:Creating zones ...
2022-07-05 14:55:10,017:INFO:Environment created!
2022-07-05 14:55:20,900:INFO:Creating occupants based on data from data/dorn ...
2022-07-05 14:55:21,349:INFO:Creating zones ...
2022-07-05 14:55:21,354:INFO:Environment created!
2022-07-05 14:55:32,133:INFO:Creating occupants based on data from data/dorn ...
2022-07-05 14:55:32,564:INFO:Creating zones ...
2022-07-05 14:55:32,569:INFO:Environment created!
2022-07-05 14:55:43,563:INFO:Creating occupants based on data from data/dorn ...
2022-07-05 14:55:44,009:INFO:Creating zones ...
2022-07-05 14:55:44,014:INFO:Environment created!
2022-07-05 14:55:54,957:INFO:Creating occupants based on data from data/dorn ...
2022-07-05 14:55:55,429:INFO:Creating zones ...
2022-07-05 14:55:55,434:INFO:Environment created!
2022-07-05 14:56:06,608:INFO:Creating occupants based on data from data/dorn ...
2022-07-05 14:56:07,058:INFO:Creating zones ...
2022-07-05 14:56:07,063:INFO:Environment created!
2022-07-05 14:56:19,039:INFO:Creating occupants based on data from data/dorn ...
2022-07-05 14:56:19,536:INFO:Creating zones ...
2022-07-05 14:56:19,540:INFO:Environment created!
2022-07-05 14:56:30,546:INFO:Creating occupants based on data from data/dorn ...
2022-07-05 14:56:30,987:INFO:Creating zones ...
2022-07-05 14:56:30,992:INFO:Environment created!
2022-07-05 14:56:41,873:INFO:Creating occupants based on data from data/dorn ...
2022-07-05 14:56:42,348:INFO:Creating zones ...
2022-07-05 14:56:42,355:INFO:Environment created!
2022-07-05 14:56:53,106:INFO:Creating occupants based on data from data/dorn ...
2022-07-05 14:56:53,546:INFO:Creating zones ...
2022-07-05 14:56:53,550:INFO:Environment created!
2022-07-05 14:57:04,530:INFO:Creating occupants based on data from data/dorn ...
2022-07-05 14:57:04,985:INFO:Creating zones ...
2022-07-05 14:57:04,990:INFO:Environment created!
2022-07-05 14:57:15,735:INFO:Creating occupants based on data from data/dorn ...
2022-07-05 14:57:16,193:INFO:Creating zones ...
2022-07-05 14:57:16,198:INFO:Environment created!
2022-07-08 18:03:21,519:INFO:Creating occupants based on data from data/dorn ...
2022-07-08 18:03:21,962:INFO:Creating zones ...
2022-07-08 18:03:21,967:INFO:Environment created!
2022-07-08 18:03:33,560:INFO:Creating occupants based on data from data/dorn ...
2022-07-08 18:03:34,031:INFO:Creating zones ...
2022-07-08 18:03:34,036:INFO:Environment created!
2022-07-08 18:03:45,337:INFO:Creating occupants based on data from data/dorn ...
2022-07-08 18:03:45,798:INFO:Creating zones ...
2022-07-08 18:03:45,802:INFO:Environment created!
2022-07-08 18:03:56,919:INFO:Creating occupants based on data from data/dorn ...
2022-07-08 18:03:57,384:INFO:Creating zones ...
2022-07-08 18:03:57,389:INFO:Environment created!
2022-07-08 18:04:08,273:INFO:Creating occupants based on data from data/dorn ...
2022-07-08 18:04:08,732:INFO:Creating zones ...
2022-07-08 18:04:08,736:INFO:Environment created!
2022-07-08 18:04:19,354:INFO:Creating occupants based on data from data/dorn ...
2022-07-08 18:04:19,808:INFO:Creating zones ...
2022-07-08 18:04:19,813:INFO:Environment created!
2022-07-08 18:04:30,275:INFO:Creating occupants based on data from data/dorn ...
2022-07-08 18:04:30,711:INFO:Creating zones ...
2022-07-08 18:04:30,716:INFO:Environment created!
2022-07-08 18:04:41,333:INFO:Creating occupants based on data from data/dorn ...
2022-07-08 18:04:41,776:INFO:Creating zones ...
2022-07-08 18:04:41,781:INFO:Environment created!
2022-07-08 18:04:52,242:INFO:Creating occupants based on data from data/dorn ...
2022-07-08 18:04:52,678:INFO:Creating zones ...
2022-07-08 18:04:52,683:INFO:Environment created!
2022-07-08 18:05:03,636:INFO:Creating occupants based on data from data/dorn ...
2022-07-08 18:05:04,064:INFO:Creating zones ...
2022-07-08 18:05:04,069:INFO:Environment created!
2022-07-08 18:05:14,535:INFO:Creating occupants based on data from data/dorn ...
2022-07-08 18:05:14,982:INFO:Creating zones ...
2022-07-08 18:05:14,987:INFO:Environment created!
2022-07-08 18:05:25,998:INFO:Creating occupants based on data from data/dorn ...
2022-07-08 18:05:26,437:INFO:Creating zones ...
2022-07-08 18:05:26,442:INFO:Environment created!
2022-07-08 18:05:37,324:INFO:Creating occupants based on data from data/dorn ...
2022-07-08 18:05:37,766:INFO:Creating zones ...
2022-07-08 18:05:37,771:INFO:Environment created!
2022-07-08 18:05:48,972:INFO:Creating occupants based on data from data/dorn ...
2022-07-08 18:05:49,417:INFO:Creating zones ...
2022-07-08 18:05:49,421:INFO:Environment created!
2022-07-08 18:06:00,377:INFO:Creating occupants based on data from data/dorn ...
2022-07-08 18:06:00,861:INFO:Creating zones ...
2022-07-08 18:06:00,866:INFO:Environment created!
2022-07-08 18:06:12,781:INFO:Creating occupants based on data from data/dorn ...
2022-07-08 18:06:13,287:INFO:Creating zones ...
2022-07-08 18:06:13,292:INFO:Environment created!
2022-07-08 18:06:25,295:INFO:Creating occupants based on data from data/dorn ...
2022-07-08 18:06:25,771:INFO:Creating zones ...
2022-07-08 18:06:25,776:INFO:Environment created!
2022-07-08 18:06:37,692:INFO:Creating occupants based on data from data/dorn ...
2022-07-08 18:06:38,158:INFO:Creating zones ...
2022-07-08 18:06:38,163:INFO:Environment created!
2022-07-08 18:06:49,561:INFO:Creating occupants based on data from data/dorn ...
2022-07-08 18:06:50,006:INFO:Creating zones ...
2022-07-08 18:06:50,010:INFO:Environment created!
2022-07-08 18:07:00,841:INFO:Creating occupants based on data from data/dorn ...
2022-07-08 18:07:01,283:INFO:Creating zones ...
2022-07-08 18:07:01,288:INFO:Environment created!
2022-07-08 18:07:12,132:INFO:Creating occupants based on data from data/dorn ...
2022-07-08 18:07:12,577:INFO:Creating zones ...
2022-07-08 18:07:12,582:INFO:Environment created!
2022-07-08 18:07:23,452:INFO:Creating occupants based on data from data/dorn ...
2022-07-08 18:07:23,881:INFO:Creating zones ...
2022-07-08 18:07:23,885:INFO:Environment created!
2022-07-08 18:07:34,137:INFO:Creating occupants based on data from data/dorn ...
2022-07-08 18:07:34,585:INFO:Creating zones ...
2022-07-08 18:07:34,590:INFO:Environment created!
2022-07-08 18:07:45,540:INFO:Creating occupants based on data from data/dorn ...
2022-07-08 18:07:45,990:INFO:Creating zones ...
2022-07-08 18:07:45,995:INFO:Environment created!
2022-07-08 18:07:57,028:INFO:Creating occupants based on data from data/dorn ...
2022-07-08 18:07:57,541:INFO:Creating zones ...
2022-07-08 18:07:57,546:INFO:Environment created!
2022-07-08 18:08:08,990:INFO:Creating occupants based on data from data/dorn ...
2022-07-08 18:08:09,471:INFO:Creating zones ...
2022-07-08 18:08:09,476:INFO:Environment created!
2022-07-08 18:08:21,953:INFO:Creating occupants based on data from data/dorn ...
2022-07-08 18:08:22,440:INFO:Creating zones ...
2022-07-08 18:08:22,446:INFO:Environment created!
2022-07-08 18:08:33,882:INFO:Creating occupants based on data from data/dorn ...
2022-07-08 18:08:34,322:INFO:Creating zones ...
2022-07-08 18:08:34,327:INFO:Environment created!
2022-07-08 18:08:45,128:INFO:Creating occupants based on data from data/dorn ...
2022-07-08 18:08:45,544:INFO:Creating zones ...
2022-07-08 18:08:45,548:INFO:Environment created!
2022-07-08 18:08:56,042:INFO:Creating occupants based on data from data/dorn ...
2022-07-08 18:08:56,489:INFO:Creating zones ...
2022-07-08 18:08:56,495:INFO:Environment created!
2022-07-08 18:09:10,225:INFO:Creating occupants based on data from data/dorn ...
2022-07-08 18:09:10,668:INFO:Creating zones ...
2022-07-08 18:09:10,674:INFO:Environment created!
2022-07-08 18:09:21,661:INFO:Creating occupants based on data from data/dorn ...
2022-07-08 18:09:22,099:INFO:Creating zones ...
2022-07-08 18:09:22,103:INFO:Environment created!
2022-07-08 18:09:32,837:INFO:Creating occupants based on data from data/dorn ...
2022-07-08 18:09:33,265:INFO:Creating zones ...
2022-07-08 18:09:33,269:INFO:Environment created!
2022-07-08 18:09:43,960:INFO:Creating occupants based on data from data/dorn ...
2022-07-08 18:09:44,410:INFO:Creating zones ...
2022-07-08 18:09:44,414:INFO:Environment created!
2022-07-08 18:09:55,148:INFO:Creating occupants based on data from data/dorn ...
2022-07-08 18:09:55,581:INFO:Creating zones ...
2022-07-08 18:09:55,586:INFO:Environment created!
2022-07-08 18:10:06,404:INFO:Creating occupants based on data from data/dorn ...
2022-07-08 18:10:06,867:INFO:Creating zones ...
2022-07-08 18:10:06,872:INFO:Environment created!
2022-07-08 18:10:17,651:INFO:Creating occupants based on data from data/dorn ...
2022-07-08 18:10:18,109:INFO:Creating zones ...
2022-07-08 18:10:18,114:INFO:Environment created!
2022-07-08 18:10:29,342:INFO:Creating occupants based on data from data/dorn ...
2022-07-08 18:10:29,787:INFO:Creating zones ...
2022-07-08 18:10:29,792:INFO:Environment created!
2022-07-08 18:10:40,586:INFO:Creating occupants based on data from data/dorn ...
2022-07-08 18:10:41,036:INFO:Creating zones ...
2022-07-08 18:10:41,041:INFO:Environment created!
2022-07-08 18:10:51,745:INFO:Creating occupants based on data from data/dorn ...
2022-07-08 18:10:52,199:INFO:Creating zones ...
2022-07-08 18:10:52,203:INFO:Environment created!
2022-07-08 18:11:02,992:INFO:Creating occupants based on data from data/dorn ...
2022-07-08 18:11:03,421:INFO:Creating zones ...
2022-07-08 18:11:03,425:INFO:Environment created!
2022-07-08 18:11:13,931:INFO:Creating occupants based on data from data/dorn ...
2022-07-08 18:11:14,386:INFO:Creating zones ...
2022-07-08 18:11:14,391:INFO:Environment created!
2022-07-08 18:11:25,414:INFO:Creating occupants based on data from data/dorn ...
2022-07-08 18:11:25,843:INFO:Creating zones ...
2022-07-08 18:11:25,848:INFO:Environment created!
2022-07-08 18:11:36,542:INFO:Creating occupants based on data from data/dorn ...
2022-07-08 18:11:36,988:INFO:Creating zones ...
2022-07-08 18:11:36,992:INFO:Environment created!
2022-07-08 18:11:47,823:INFO:Creating occupants based on data from data/dorn ...
2022-07-08 18:11:48,276:INFO:Creating zones ...
2022-07-08 18:11:48,281:INFO:Environment created!
2022-07-08 18:11:59,185:INFO:Creating occupants based on data from data/dorn ...
2022-07-08 18:11:59,633:INFO:Creating zones ...
2022-07-08 18:11:59,638:INFO:Environment created!
2022-07-08 18:12:10,984:INFO:Creating occupants based on data from data/dorn ...
2022-07-08 18:12:11,428:INFO:Creating zones ...
2022-07-08 18:12:11,433:INFO:Environment created!
2022-07-08 18:12:22,558:INFO:Creating occupants based on data from data/dorn ...
2022-07-08 18:12:23,000:INFO:Creating zones ...
2022-07-08 18:12:23,005:INFO:Environment created!
2022-07-08 18:12:34,264:INFO:Creating occupants based on data from data/dorn ...
2022-07-08 18:12:34,716:INFO:Creating zones ...
2022-07-08 18:12:34,721:INFO:Environment created!
2022-07-08 18:12:46,654:INFO:Creating occupants based on data from data/dorn ...
2022-07-08 18:12:47,144:INFO:Creating zones ...
2022-07-08 18:12:47,150:INFO:Environment created!
2022-07-08 18:12:59,348:INFO:Creating occupants based on data from data/dorn ...
2022-07-08 18:12:59,813:INFO:Creating zones ...
2022-07-08 18:12:59,817:INFO:Environment created!
2022-07-08 18:13:10,746:INFO:Creating occupants based on data from data/dorn ...
2022-07-08 18:13:11,196:INFO:Creating zones ...
2022-07-08 18:13:11,201:INFO:Environment created!
2022-07-08 18:13:22,564:INFO:Creating occupants based on data from data/dorn ...
2022-07-08 18:13:23,016:INFO:Creating zones ...
2022-07-08 18:13:23,020:INFO:Environment created!
2022-07-08 18:13:33,995:INFO:Creating occupants based on data from data/dorn ...
2022-07-08 18:13:34,436:INFO:Creating zones ...
2022-07-08 18:13:34,441:INFO:Environment created!
2022-07-08 18:13:45,574:INFO:Creating occupants based on data from data/dorn ...
2022-07-08 18:13:46,020:INFO:Creating zones ...
2022-07-08 18:13:46,025:INFO:Environment created!
2022-07-08 18:13:57,373:INFO:Creating occupants based on data from data/dorn ...
2022-07-08 18:13:57,799:INFO:Creating zones ...
2022-07-08 18:13:57,803:INFO:Environment created!
2022-07-08 18:14:09,993:INFO:Creating occupants based on data from data/dorn ...
2022-07-08 18:14:10,489:INFO:Creating zones ...
2022-07-08 18:14:10,494:INFO:Environment created!
2022-07-08 18:14:23,113:INFO:Creating occupants based on data from data/dorn ...
2022-07-08 18:14:23,613:INFO:Creating zones ...
2022-07-08 18:14:23,619:INFO:Environment created!
2022-07-08 18:14:36,093:INFO:Creating occupants based on data from data/dorn ...
2022-07-08 18:14:36,597:INFO:Creating zones ...
2022-07-08 18:14:36,602:INFO:Environment created!
2022-07-08 18:14:48,127:INFO:Creating occupants based on data from data/dorn ...
2022-07-08 18:14:48,562:INFO:Creating zones ...
2022-07-08 18:14:48,567:INFO:Environment created!
2022-07-08 23:52:11,078:INFO:Creating occupants based on data from data/dorn ...
2022-07-08 23:52:11,649:INFO:Creating zones ...
2022-07-08 23:52:11,655:INFO:Environment created!
2022-07-08 23:52:25,562:INFO:Creating occupants based on data from data/dorn ...
2022-07-08 23:52:26,130:INFO:Creating zones ...
2022-07-08 23:52:26,136:INFO:Environment created!
2022-07-08 23:52:39,803:INFO:Creating occupants based on data from data/dorn ...
2022-07-08 23:52:40,365:INFO:Creating zones ...
2022-07-08 23:52:40,371:INFO:Environment created!
2022-07-08 23:52:53,591:INFO:Creating occupants based on data from data/dorn ...
2022-07-08 23:52:54,113:INFO:Creating zones ...
2022-07-08 23:52:54,119:INFO:Environment created!
2022-07-08 23:53:07,686:INFO:Creating occupants based on data from data/dorn ...
2022-07-08 23:53:08,247:INFO:Creating zones ...
2022-07-08 23:53:08,252:INFO:Environment created!
2022-07-08 23:53:22,086:INFO:Creating occupants based on data from data/dorn ...
2022-07-08 23:53:22,637:INFO:Creating zones ...
2022-07-08 23:53:22,643:INFO:Environment created!
2022-07-08 23:53:38,050:INFO:Creating occupants based on data from data/dorn ...
2022-07-08 23:53:38,778:INFO:Creating zones ...
2022-07-08 23:53:38,785:INFO:Environment created!
2022-07-08 23:53:56,015:INFO:Creating occupants based on data from data/dorn ...
2022-07-08 23:53:56,721:INFO:Creating zones ...
2022-07-08 23:53:56,729:INFO:Environment created!
2022-07-08 23:54:12,868:INFO:Creating occupants based on data from data/dorn ...
2022-07-08 23:54:13,464:INFO:Creating zones ...
2022-07-08 23:54:13,470:INFO:Environment created!
2022-07-08 23:54:27,365:INFO:Creating occupants based on data from data/dorn ...
2022-07-08 23:54:27,866:INFO:Creating zones ...
2022-07-08 23:54:27,872:INFO:Environment created!
2022-07-08 23:54:39,761:INFO:Creating occupants based on data from data/dorn ...
2022-07-08 23:54:40,256:INFO:Creating zones ...
2022-07-08 23:54:40,261:INFO:Environment created!
2022-07-08 23:54:53,535:INFO:Creating occupants based on data from data/dorn ...
2022-07-08 23:54:54,240:INFO:Creating zones ...
2022-07-08 23:54:54,247:INFO:Environment created!
2022-07-08 23:55:12,246:INFO:Creating occupants based on data from data/dorn ...
2022-07-08 23:55:12,973:INFO:Creating zones ...
2022-07-08 23:55:12,981:INFO:Environment created!
2022-07-08 23:55:31,455:INFO:Creating occupants based on data from data/dorn ...
2022-07-08 23:55:32,213:INFO:Creating zones ...
2022-07-08 23:55:32,221:INFO:Environment created!
2022-07-08 23:55:51,105:INFO:Creating occupants based on data from data/dorn ...
2022-07-08 23:55:51,866:INFO:Creating zones ...
2022-07-08 23:55:51,874:INFO:Environment created!
2022-07-08 23:56:09,960:INFO:Creating occupants based on data from data/dorn ...
2022-07-08 23:56:10,680:INFO:Creating zones ...
2022-07-08 23:56:10,688:INFO:Environment created!
2022-07-08 23:56:27,580:INFO:Creating occupants based on data from data/dorn ...
2022-07-08 23:56:28,235:INFO:Creating zones ...
2022-07-08 23:56:28,243:INFO:Environment created!
2022-07-08 23:56:45,511:INFO:Creating occupants based on data from data/dorn ...
2022-07-08 23:56:46,259:INFO:Creating zones ...
2022-07-08 23:56:46,268:INFO:Environment created!
2022-07-08 23:57:04,081:INFO:Creating occupants based on data from data/dorn ...
2022-07-08 23:57:04,831:INFO:Creating zones ...
2022-07-08 23:57:04,839:INFO:Environment created!
2022-07-08 23:57:24,544:INFO:Creating occupants based on data from data/dorn ...
2022-07-08 23:57:25,437:INFO:Creating zones ...
2022-07-08 23:57:25,446:INFO:Environment created!
2022-07-08 23:57:47,062:INFO:Creating occupants based on data from data/dorn ...
2022-07-08 23:57:47,916:INFO:Creating zones ...
2022-07-08 23:57:47,925:INFO:Environment created!
2022-07-08 23:58:06,066:INFO:Creating occupants based on data from data/dorn ...
2022-07-08 23:58:06,749:INFO:Creating zones ...
2022-07-08 23:58:06,756:INFO:Environment created!
2022-07-08 23:58:22,795:INFO:Creating occupants based on data from data/dorn ...
2022-07-08 23:58:23,405:INFO:Creating zones ...
2022-07-08 23:58:23,412:INFO:Environment created!
2022-07-08 23:58:39,115:INFO:Creating occupants based on data from data/dorn ...
2022-07-08 23:58:39,760:INFO:Creating zones ...
2022-07-08 23:58:39,767:INFO:Environment created!
2022-07-08 23:58:56,370:INFO:Creating occupants based on data from data/dorn ...
2022-07-08 23:58:57,063:INFO:Creating zones ...
2022-07-08 23:58:57,070:INFO:Environment created!
2022-07-08 23:59:14,865:INFO:Creating occupants based on data from data/dorn ...
2022-07-08 23:59:15,594:INFO:Creating zones ...
2022-07-08 23:59:15,602:INFO:Environment created!
2022-07-08 23:59:33,469:INFO:Creating occupants based on data from data/dorn ...
2022-07-08 23:59:34,204:INFO:Creating zones ...
2022-07-08 23:59:34,212:INFO:Environment created!
2022-07-08 23:59:52,931:INFO:Creating occupants based on data from data/dorn ...
2022-07-08 23:59:53,844:INFO:Creating zones ...
2022-07-08 23:59:53,855:INFO:Environment created!
2022-07-09 00:00:18,276:INFO:Creating occupants based on data from data/dorn ...
2022-07-09 00:00:19,434:INFO:Creating zones ...
2022-07-09 00:00:19,445:INFO:Environment created!
2022-07-09 00:00:46,635:INFO:Creating occupants based on data from data/dorn ...
2022-07-09 00:00:47,857:INFO:Creating zones ...
2022-07-09 00:00:47,868:INFO:Environment created!
2022-07-12 09:52:49,015:INFO:Creating occupants based on data from data/dorn ...
2022-07-12 09:52:49,479:INFO:Creating zones ...
2022-07-12 09:52:49,484:INFO:Environment created!
2022-07-12 09:53:00,643:INFO:Creating occupants based on data from data/dorn ...
2022-07-12 09:53:01,070:INFO:Creating zones ...
2022-07-12 09:53:01,075:INFO:Environment created!
2022-07-12 09:53:12,082:INFO:Creating occupants based on data from data/dorn ...
2022-07-12 09:53:12,544:INFO:Creating zones ...
2022-07-12 09:53:12,548:INFO:Environment created!
2022-07-12 09:53:23,967:INFO:Creating occupants based on data from data/dorn ...
2022-07-12 09:53:24,411:INFO:Creating zones ...
2022-07-12 09:53:24,416:INFO:Environment created!
2022-07-12 09:53:35,406:INFO:Creating occupants based on data from data/dorn ...
2022-07-12 09:53:35,863:INFO:Creating zones ...
2022-07-12 09:53:35,869:INFO:Environment created!
2022-07-12 09:53:47,039:INFO:Creating occupants based on data from data/dorn ...
2022-07-12 09:53:47,489:INFO:Creating zones ...
2022-07-12 09:53:47,494:INFO:Environment created!
2022-07-12 09:53:58,365:INFO:Creating occupants based on data from data/dorn ...
2022-07-12 09:53:58,805:INFO:Creating zones ...
2022-07-12 09:53:58,810:INFO:Environment created!
2022-07-12 09:54:09,641:INFO:Creating occupants based on data from data/dorn ...
2022-07-12 09:54:10,076:INFO:Creating zones ...
2022-07-12 09:54:10,080:INFO:Environment created!
2022-07-12 09:54:21,118:INFO:Creating occupants based on data from data/dorn ...
2022-07-12 09:54:21,554:INFO:Creating zones ...
2022-07-12 09:54:21,559:INFO:Environment created!
2022-07-12 09:54:32,591:INFO:Creating occupants based on data from data/dorn ...
2022-07-12 09:54:33,035:INFO:Creating zones ...
2022-07-12 09:54:33,040:INFO:Environment created!
2022-07-12 09:54:44,011:INFO:Creating occupants based on data from data/dorn ...
2022-07-12 09:54:44,464:INFO:Creating zones ...
2022-07-12 09:54:44,468:INFO:Environment created!
2022-07-12 09:54:55,412:INFO:Creating occupants based on data from data/dorn ...
2022-07-12 09:54:55,841:INFO:Creating zones ...
2022-07-12 09:54:55,845:INFO:Environment created!
2022-07-12 09:55:06,749:INFO:Creating occupants based on data from data/dorn ...
2022-07-12 09:55:07,185:INFO:Creating zones ...
2022-07-12 09:55:07,190:INFO:Environment created!
2022-07-12 09:55:18,521:INFO:Creating occupants based on data from data/dorn ...
2022-07-12 09:55:18,955:INFO:Creating zones ...
2022-07-12 09:55:18,959:INFO:Environment created!
2022-07-12 09:55:29,693:INFO:Creating occupants based on data from data/dorn ...
2022-07-12 09:55:30,124:INFO:Creating zones ...
2022-07-12 09:55:30,130:INFO:Environment created!
2022-07-12 09:55:40,908:INFO:Creating occupants based on data from data/dorn ...
2022-07-12 09:55:41,365:INFO:Creating zones ...
2022-07-12 09:55:41,371:INFO:Environment created!
2022-07-12 09:55:52,854:INFO:Creating occupants based on data from data/dorn ...
2022-07-12 09:55:53,304:INFO:Creating zones ...
2022-07-12 09:55:53,308:INFO:Environment created!
2022-07-12 09:56:04,222:INFO:Creating occupants based on data from data/dorn ...
2022-07-12 09:56:04,660:INFO:Creating zones ...
2022-07-12 09:56:04,665:INFO:Environment created!
2022-07-12 09:56:15,608:INFO:Creating occupants based on data from data/dorn ...
2022-07-12 09:56:16,042:INFO:Creating zones ...
2022-07-12 09:56:16,048:INFO:Environment created!
2022-07-12 09:56:27,099:INFO:Creating occupants based on data from data/dorn ...
2022-07-12 09:56:27,526:INFO:Creating zones ...
2022-07-12 09:56:27,531:INFO:Environment created!
2022-07-12 09:56:38,954:INFO:Creating occupants based on data from data/dorn ...
2022-07-12 09:56:39,414:INFO:Creating zones ...
2022-07-12 09:56:39,419:INFO:Environment created!
2022-07-12 09:56:50,910:INFO:Creating occupants based on data from data/dorn ...
2022-07-12 09:56:51,343:INFO:Creating zones ...
2022-07-12 09:56:51,348:INFO:Environment created!
2022-07-12 09:57:02,075:INFO:Creating occupants based on data from data/dorn ...
2022-07-12 09:57:02,521:INFO:Creating zones ...
2022-07-12 09:57:02,526:INFO:Environment created!
2022-07-12 09:57:13,531:INFO:Creating occupants based on data from data/dorn ...
2022-07-12 09:57:13,976:INFO:Creating zones ...
2022-07-12 09:57:13,981:INFO:Environment created!
2022-07-12 09:57:24,786:INFO:Creating occupants based on data from data/dorn ...
2022-07-12 09:57:25,240:INFO:Creating zones ...
2022-07-12 09:57:25,244:INFO:Environment created!
2022-07-12 09:57:36,300:INFO:Creating occupants based on data from data/dorn ...
2022-07-12 09:57:36,737:INFO:Creating zones ...
2022-07-12 09:57:36,741:INFO:Environment created!
2022-07-12 09:57:47,929:INFO:Creating occupants based on data from data/dorn ...
2022-07-12 09:57:48,397:INFO:Creating zones ...
2022-07-12 09:57:48,402:INFO:Environment created!
2022-07-12 09:58:00,179:INFO:Creating occupants based on data from data/dorn ...
2022-07-12 09:58:00,715:INFO:Creating zones ...
2022-07-12 09:58:00,719:INFO:Environment created!
2022-07-12 09:58:10,740:INFO:Creating occupants based on data from data/dorn ...
2022-07-12 09:58:11,144:INFO:Creating zones ...
2022-07-12 09:58:11,148:INFO:Environment created!
2022-07-12 09:58:21,539:INFO:Creating occupants based on data from data/dorn ...
2022-07-12 09:58:22,179:INFO:Creating zones ...
2022-07-12 09:58:22,184:INFO:Environment created!
